<?xml version="1.0" encoding="UTF-8"?>
<coverage generated="1561050217802" clover="3.2.0">
  <project timestamp="1561050217803" name="All files">
    <metrics statements="1002" coveredstatements="160" conditionals="494" coveredconditionals="73" methods="321" coveredmethods="44" elements="1817" coveredelements="277" complexity="0" loc="1002" ncloc="1002" packages="40" files="78" classes="78">
      <package name="src">
        <metrics statements="336" coveredstatements="33" conditionals="96" coveredconditionals="0" methods="104" coveredmethods="2"/>
        <file name="App.js" path="/Users/mabelhernandez/repos/learning-together/src/App.js">
          <metrics statements="11" coveredstatements="0" conditionals="0" coveredconditionals="0" methods="2" coveredmethods="0"/>
          <line num="1" count="0" type="stmt"/>
          <line num="2" count="0" type="stmt"/>
          <line num="3" count="0" type="stmt"/>
          <line num="4" count="0" type="stmt"/>
          <line num="5" count="0" type="stmt"/>
          <line num="6" count="0" type="stmt"/>
          <line num="7" count="0" type="stmt"/>
          <line num="9" count="0" type="stmt"/>
          <line num="12" count="0" type="stmt"/>
          <line num="13" count="0" type="stmt"/>
          <line num="16" count="0" type="stmt"/>
        </file>
        <file name="UserProvider.js" path="/Users/mabelhernandez/repos/learning-together/src/UserProvider.js">
          <metrics statements="6" coveredstatements="2" conditionals="0" coveredconditionals="0" methods="3" coveredmethods="0"/>
          <line num="3" count="3" type="stmt"/>
          <line num="5" count="3" type="stmt"/>
          <line num="9" count="0" type="stmt"/>
          <line num="10" count="0" type="stmt"/>
          <line num="13" count="0" type="stmt"/>
          <line num="19" count="0" type="stmt"/>
        </file>
        <file name="api.js" path="/Users/mabelhernandez/repos/learning-together/src/api.js">
          <metrics statements="268" coveredstatements="30" conditionals="60" coveredconditionals="0" methods="83" coveredmethods="2"/>
          <line num="6" count="14" type="stmt"/>
          <line num="8" count="14" type="stmt"/>
          <line num="9" count="0" type="stmt"/>
          <line num="15" count="1" type="stmt"/>
          <line num="18" count="0" type="cond" truecount="0" falsecount="2"/>
          <line num="19" count="0" type="stmt"/>
          <line num="23" count="0" type="stmt"/>
          <line num="24" count="0" type="stmt"/>
          <line num="29" count="0" type="stmt"/>
          <line num="30" count="0" type="stmt"/>
          <line num="31" count="0" type="stmt"/>
          <line num="32" count="0" type="stmt"/>
          <line num="33" count="0" type="stmt"/>
          <line num="41" count="0" type="stmt"/>
          <line num="44" count="0" type="stmt"/>
          <line num="50" count="0" type="stmt"/>
          <line num="51" count="0" type="stmt"/>
          <line num="52" count="0" type="stmt"/>
          <line num="53" count="0" type="stmt"/>
          <line num="56" count="0" type="stmt"/>
          <line num="59" count="0" type="stmt"/>
          <line num="65" count="1" type="stmt"/>
          <line num="66" count="0" type="stmt"/>
          <line num="67" count="0" type="stmt"/>
          <line num="70" count="0" type="stmt"/>
          <line num="73" count="0" type="cond" truecount="0" falsecount="2"/>
          <line num="74" count="0" type="stmt"/>
          <line num="75" count="0" type="stmt"/>
          <line num="76" count="0" type="stmt"/>
          <line num="78" count="0" type="stmt"/>
          <line num="82" count="14" type="stmt"/>
          <line num="83" count="0" type="stmt"/>
          <line num="84" count="0" type="cond" truecount="0" falsecount="2"/>
          <line num="85" count="0" type="stmt"/>
          <line num="92" count="0" type="stmt"/>
          <line num="95" count="0" type="stmt"/>
          <line num="99" count="14" type="stmt"/>
          <line num="100" count="0" type="stmt"/>
          <line num="101" count="0" type="cond" truecount="0" falsecount="2"/>
          <line num="104" count="0" type="stmt"/>
          <line num="105" count="0" type="stmt"/>
          <line num="112" count="0" type="stmt"/>
          <line num="115" count="0" type="cond" truecount="0" falsecount="2"/>
          <line num="116" count="0" type="stmt"/>
          <line num="117" count="0" type="stmt"/>
          <line num="118" count="0" type="stmt"/>
          <line num="123" count="14" type="stmt"/>
          <line num="124" count="0" type="stmt"/>
          <line num="125" count="0" type="stmt"/>
          <line num="126" count="0" type="stmt"/>
          <line num="133" count="0" type="stmt"/>
          <line num="136" count="0" type="stmt"/>
          <line num="140" count="14" type="stmt"/>
          <line num="141" count="0" type="stmt"/>
          <line num="142" count="0" type="stmt"/>
          <line num="143" count="0" type="stmt"/>
          <line num="146" count="0" type="stmt"/>
          <line num="149" count="0" type="cond" truecount="0" falsecount="2"/>
          <line num="150" count="0" type="stmt"/>
          <line num="151" count="0" type="stmt"/>
          <line num="152" count="0" type="stmt"/>
          <line num="154" count="0" type="stmt"/>
          <line num="158" count="14" type="stmt"/>
          <line num="159" count="0" type="stmt"/>
          <line num="160" count="0" type="stmt"/>
          <line num="161" count="0" type="stmt"/>
          <line num="168" count="0" type="stmt"/>
          <line num="171" count="0" type="cond" truecount="0" falsecount="2"/>
          <line num="172" count="0" type="stmt"/>
          <line num="173" count="0" type="stmt"/>
          <line num="174" count="0" type="stmt"/>
          <line num="176" count="0" type="stmt"/>
          <line num="180" count="14" type="stmt"/>
          <line num="181" count="0" type="stmt"/>
          <line num="182" count="0" type="stmt"/>
          <line num="183" count="0" type="stmt"/>
          <line num="190" count="0" type="stmt"/>
          <line num="193" count="0" type="cond" truecount="0" falsecount="2"/>
          <line num="194" count="0" type="stmt"/>
          <line num="195" count="0" type="stmt"/>
          <line num="196" count="0" type="stmt"/>
          <line num="198" count="0" type="stmt"/>
          <line num="202" count="14" type="stmt"/>
          <line num="203" count="0" type="stmt"/>
          <line num="204" count="0" type="stmt"/>
          <line num="205" count="0" type="stmt"/>
          <line num="206" count="0" type="stmt"/>
          <line num="213" count="0" type="stmt"/>
          <line num="216" count="0" type="cond" truecount="0" falsecount="2"/>
          <line num="217" count="0" type="stmt"/>
          <line num="218" count="0" type="stmt"/>
          <line num="219" count="0" type="stmt"/>
          <line num="221" count="0" type="stmt"/>
          <line num="226" count="14" type="stmt"/>
          <line num="240" count="0" type="stmt"/>
          <line num="241" count="0" type="stmt"/>
          <line num="251" count="0" type="stmt"/>
          <line num="260" count="0" type="stmt"/>
          <line num="264" count="0" type="cond" truecount="0" falsecount="2"/>
          <line num="265" count="0" type="stmt"/>
          <line num="266" count="0" type="stmt"/>
          <line num="267" count="0" type="stmt"/>
          <line num="269" count="0" type="stmt"/>
          <line num="273" count="14" type="stmt"/>
          <line num="274" count="0" type="stmt"/>
          <line num="275" count="0" type="stmt"/>
          <line num="276" count="0" type="stmt"/>
          <line num="285" count="0" type="stmt"/>
          <line num="289" count="0" type="cond" truecount="0" falsecount="2"/>
          <line num="290" count="0" type="stmt"/>
          <line num="291" count="0" type="stmt"/>
          <line num="292" count="0" type="stmt"/>
          <line num="294" count="0" type="stmt"/>
          <line num="298" count="0" type="stmt"/>
          <line num="299" count="0" type="stmt"/>
          <line num="303" count="14" type="stmt"/>
          <line num="304" count="0" type="stmt"/>
          <line num="308" count="0" type="stmt"/>
          <line num="309" count="0" type="stmt"/>
          <line num="310" count="0" type="stmt"/>
          <line num="313" count="0" type="stmt"/>
          <line num="316" count="0" type="cond" truecount="0" falsecount="2"/>
          <line num="317" count="0" type="stmt"/>
          <line num="318" count="0" type="stmt"/>
          <line num="319" count="0" type="stmt"/>
          <line num="321" count="0" type="stmt"/>
          <line num="325" count="14" type="stmt"/>
          <line num="326" count="0" type="stmt"/>
          <line num="327" count="0" type="stmt"/>
          <line num="334" count="0" type="stmt"/>
          <line num="337" count="0" type="cond" truecount="0" falsecount="2"/>
          <line num="338" count="0" type="stmt"/>
          <line num="339" count="0" type="stmt"/>
          <line num="340" count="0" type="stmt"/>
          <line num="342" count="0" type="stmt"/>
          <line num="346" count="14" type="stmt"/>
          <line num="347" count="0" type="stmt"/>
          <line num="348" count="0" type="stmt"/>
          <line num="355" count="0" type="stmt"/>
          <line num="358" count="0" type="stmt"/>
          <line num="362" count="14" type="stmt"/>
          <line num="363" count="0" type="stmt"/>
          <line num="364" count="0" type="stmt"/>
          <line num="365" count="0" type="stmt"/>
          <line num="368" count="0" type="stmt"/>
          <line num="371" count="0" type="cond" truecount="0" falsecount="2"/>
          <line num="372" count="0" type="stmt"/>
          <line num="373" count="0" type="stmt"/>
          <line num="374" count="0" type="stmt"/>
          <line num="376" count="0" type="stmt"/>
          <line num="380" count="14" type="stmt"/>
          <line num="381" count="0" type="stmt"/>
          <line num="382" count="0" type="stmt"/>
          <line num="383" count="0" type="stmt"/>
          <line num="386" count="0" type="stmt"/>
          <line num="389" count="0" type="cond" truecount="0" falsecount="2"/>
          <line num="390" count="0" type="stmt"/>
          <line num="391" count="0" type="stmt"/>
          <line num="392" count="0" type="stmt"/>
          <line num="394" count="0" type="stmt"/>
          <line num="398" count="14" type="stmt"/>
          <line num="399" count="0" type="stmt"/>
          <line num="400" count="0" type="stmt"/>
          <line num="401" count="0" type="stmt"/>
          <line num="404" count="0" type="stmt"/>
          <line num="407" count="0" type="cond" truecount="0" falsecount="2"/>
          <line num="408" count="0" type="stmt"/>
          <line num="409" count="0" type="stmt"/>
          <line num="410" count="0" type="stmt"/>
          <line num="412" count="0" type="stmt"/>
          <line num="416" count="14" type="stmt"/>
          <line num="417" count="0" type="stmt"/>
          <line num="418" count="0" type="stmt"/>
          <line num="419" count="0" type="stmt"/>
          <line num="428" count="0" type="stmt"/>
          <line num="432" count="0" type="stmt"/>
          <line num="435" count="0" type="stmt"/>
          <line num="436" count="0" type="cond" truecount="0" falsecount="2"/>
          <line num="437" count="0" type="stmt"/>
          <line num="438" count="0" type="stmt"/>
          <line num="439" count="0" type="stmt"/>
          <line num="444" count="14" type="stmt"/>
          <line num="445" count="0" type="stmt"/>
          <line num="446" count="0" type="stmt"/>
          <line num="454" count="0" type="cond" truecount="0" falsecount="4"/>
          <line num="455" count="0" type="stmt"/>
          <line num="460" count="0" type="cond" truecount="0" falsecount="2"/>
          <line num="461" count="0" type="stmt"/>
          <line num="462" count="0" type="stmt"/>
          <line num="463" count="0" type="stmt"/>
          <line num="465" count="0" type="stmt"/>
          <line num="469" count="14" type="stmt"/>
          <line num="470" count="0" type="stmt"/>
          <line num="471" count="0" type="stmt"/>
          <line num="478" count="0" type="stmt"/>
          <line num="481" count="0" type="cond" truecount="0" falsecount="2"/>
          <line num="482" count="0" type="stmt"/>
          <line num="483" count="0" type="stmt"/>
          <line num="484" count="0" type="stmt"/>
          <line num="486" count="0" type="stmt"/>
          <line num="490" count="14" type="stmt"/>
          <line num="491" count="0" type="stmt"/>
          <line num="500" count="14" type="stmt"/>
          <line num="502" count="0" type="stmt"/>
          <line num="509" count="0" type="stmt"/>
          <line num="514" count="0" type="stmt"/>
          <line num="523" count="14" type="stmt"/>
          <line num="524" count="0" type="stmt"/>
          <line num="525" count="0" type="stmt"/>
          <line num="533" count="0" type="stmt"/>
          <line num="537" count="14" type="stmt"/>
          <line num="538" count="0" type="stmt"/>
          <line num="539" count="0" type="stmt"/>
          <line num="540" count="0" type="stmt"/>
          <line num="542" count="0" type="stmt"/>
          <line num="562" count="0" type="stmt"/>
          <line num="563" count="0" type="stmt"/>
          <line num="568" count="14" type="stmt"/>
          <line num="570" count="0" type="stmt"/>
          <line num="576" count="0" type="stmt"/>
          <line num="580" count="0" type="stmt"/>
          <line num="581" count="0" type="stmt"/>
          <line num="601" count="0" type="stmt"/>
          <line num="602" count="0" type="stmt"/>
          <line num="606" count="14" type="stmt"/>
          <line num="608" count="0" type="stmt"/>
          <line num="615" count="0" type="stmt"/>
          <line num="620" count="0" type="stmt"/>
          <line num="621" count="0" type="stmt"/>
          <line num="623" count="0" type="stmt"/>
          <line num="624" count="0" type="cond" truecount="0" falsecount="2"/>
          <line num="625" count="0" type="stmt"/>
          <line num="630" count="0" type="stmt"/>
          <line num="632" count="0" type="stmt"/>
          <line num="634" count="0" type="stmt"/>
          <line num="640" count="0" type="stmt"/>
          <line num="646" count="0" type="cond" truecount="0" falsecount="2"/>
          <line num="650" count="0" type="stmt"/>
          <line num="651" count="0" type="stmt"/>
          <line num="652" count="0" type="cond" truecount="0" falsecount="2"/>
          <line num="656" count="0" type="stmt"/>
          <line num="657" count="0" type="stmt"/>
          <line num="658" count="0" type="cond" truecount="0" falsecount="2"/>
          <line num="662" count="0" type="stmt"/>
          <line num="663" count="0" type="stmt"/>
          <line num="665" count="0" type="stmt"/>
          <line num="667" count="0" type="cond" truecount="0" falsecount="2"/>
          <line num="668" count="0" type="stmt"/>
          <line num="671" count="0" type="stmt"/>
          <line num="673" count="0" type="stmt"/>
          <line num="675" count="0" type="stmt"/>
          <line num="676" count="0" type="stmt"/>
          <line num="680" count="14" type="stmt"/>
          <line num="681" count="0" type="stmt"/>
          <line num="682" count="0" type="stmt"/>
          <line num="683" count="0" type="stmt"/>
          <line num="684" count="0" type="stmt"/>
          <line num="686" count="0" type="stmt"/>
          <line num="687" count="0" type="stmt"/>
          <line num="691" count="14" type="stmt"/>
          <line num="692" count="0" type="stmt"/>
          <line num="693" count="0" type="stmt"/>
          <line num="701" count="0" type="stmt"/>
          <line num="704" count="0" type="cond" truecount="0" falsecount="2"/>
          <line num="705" count="0" type="stmt"/>
          <line num="706" count="0" type="stmt"/>
          <line num="707" count="0" type="stmt"/>
          <line num="709" count="0" type="stmt"/>
        </file>
        <file name="index.js" path="/Users/mabelhernandez/repos/learning-together/src/index.js">
          <metrics statements="6" coveredstatements="0" conditionals="0" coveredconditionals="0" methods="0" coveredmethods="0"/>
          <line num="1" count="0" type="stmt"/>
          <line num="2" count="0" type="stmt"/>
          <line num="3" count="0" type="stmt"/>
          <line num="4" count="0" type="stmt"/>
          <line num="6" count="0" type="stmt"/>
          <line num="9" count="0" type="stmt"/>
        </file>
        <file name="selectors.js" path="/Users/mabelhernandez/repos/learning-together/src/selectors.js">
          <metrics statements="6" coveredstatements="0" conditionals="4" coveredconditionals="0" methods="1" coveredmethods="0"/>
          <line num="2" count="0" type="stmt"/>
          <line num="3" count="0" type="cond" truecount="0" falsecount="2"/>
          <line num="4" count="0" type="stmt"/>
          <line num="5" count="0" type="cond" truecount="0" falsecount="2"/>
          <line num="6" count="0" type="stmt"/>
          <line num="9" count="0" type="stmt"/>
        </file>
        <file name="serviceWorker.js" path="/Users/mabelhernandez/repos/learning-together/src/serviceWorker.js">
          <metrics statements="38" coveredstatements="0" conditionals="32" coveredconditionals="0" methods="15" coveredmethods="0"/>
          <line num="13" count="0" type="stmt"/>
          <line num="24" count="0" type="cond" truecount="0" falsecount="4"/>
          <line num="26" count="0" type="stmt"/>
          <line num="27" count="0" type="cond" truecount="0" falsecount="2"/>
          <line num="31" count="0" type="stmt"/>
          <line num="34" count="0" type="stmt"/>
          <line num="35" count="0" type="stmt"/>
          <line num="37" count="0" type="cond" truecount="0" falsecount="2"/>
          <line num="39" count="0" type="stmt"/>
          <line num="43" count="0" type="stmt"/>
          <line num="44" count="0" type="stmt"/>
          <line num="51" count="0" type="stmt"/>
          <line num="58" count="0" type="stmt"/>
          <line num="61" count="0" type="stmt"/>
          <line num="62" count="0" type="stmt"/>
          <line num="63" count="0" type="cond" truecount="0" falsecount="2"/>
          <line num="64" count="0" type="stmt"/>
          <line num="66" count="0" type="stmt"/>
          <line num="67" count="0" type="cond" truecount="0" falsecount="2"/>
          <line num="68" count="0" type="cond" truecount="0" falsecount="2"/>
          <line num="72" count="0" type="stmt"/>
          <line num="78" count="0" type="cond" truecount="0" falsecount="4"/>
          <line num="79" count="0" type="stmt"/>
          <line num="85" count="0" type="stmt"/>
          <line num="88" count="0" type="cond" truecount="0" falsecount="4"/>
          <line num="89" count="0" type="stmt"/>
          <line num="97" count="0" type="stmt"/>
          <line num="103" count="0" type="stmt"/>
          <line num="106" count="0" type="stmt"/>
          <line num="107" count="0" type="cond" truecount="0" falsecount="2"/>
          <line num="112" count="0" type="stmt"/>
          <line num="113" count="0" type="stmt"/>
          <line num="114" count="0" type="stmt"/>
          <line num="119" count="0" type="stmt"/>
          <line num="123" count="0" type="stmt"/>
          <line num="130" count="0" type="cond" truecount="0" falsecount="2"/>
          <line num="131" count="0" type="stmt"/>
          <line num="132" count="0" type="stmt"/>
        </file>
        <file name="setupTests.js" path="/Users/mabelhernandez/repos/learning-together/src/setupTests.js">
          <metrics statements="1" coveredstatements="1" conditionals="0" coveredconditionals="0" methods="0" coveredmethods="0"/>
          <line num="4" count="15" type="stmt"/>
        </file>
      </package>
      <package name="src.components">
        <metrics statements="0" coveredstatements="0" conditionals="0" coveredconditionals="0" methods="0" coveredmethods="0"/>
        <file name="index.js" path="/Users/mabelhernandez/repos/learning-together/src/components/index.js">
          <metrics statements="0" coveredstatements="0" conditionals="0" coveredconditionals="0" methods="0" coveredmethods="0"/>
        </file>
      </package>
      <package name="src.components.authModule">
        <metrics statements="0" coveredstatements="0" conditionals="0" coveredconditionals="0" methods="0" coveredmethods="0"/>
        <file name="index.js" path="/Users/mabelhernandez/repos/learning-together/src/components/authModule/index.js">
          <metrics statements="0" coveredstatements="0" conditionals="0" coveredconditionals="0" methods="0" coveredmethods="0"/>
        </file>
      </package>
      <package name="src.components.authModule.login">
        <metrics statements="11" coveredstatements="10" conditionals="4" coveredconditionals="3" methods="3" coveredmethods="3"/>
        <file name="index.js" path="/Users/mabelhernandez/repos/learning-together/src/components/authModule/login/index.js">
          <metrics statements="0" coveredstatements="0" conditionals="0" coveredconditionals="0" methods="0" coveredmethods="0"/>
        </file>
        <file name="login.js" path="/Users/mabelhernandez/repos/learning-together/src/components/authModule/login/login.js">
          <metrics statements="11" coveredstatements="10" conditionals="4" coveredconditionals="3" methods="3" coveredmethods="3"/>
          <line num="7" count="3" type="stmt"/>
          <line num="10" count="1" type="stmt"/>
          <line num="11" count="1" type="stmt"/>
          <line num="21" count="1" type="stmt"/>
          <line num="22" count="1" type="stmt"/>
          <line num="27" count="2" type="stmt"/>
          <line num="28" count="2" type="stmt"/>
          <line num="31" count="2" type="stmt"/>
          <line num="32" count="2" type="cond" truecount="1" falsecount="1"/>
          <line num="33" count="0" type="stmt"/>
          <line num="35" count="2" type="stmt"/>
        </file>
      </package>
      <package name="src.components.authModule.unauthenticatedUserRoute">
        <metrics statements="5" coveredstatements="1" conditionals="2" coveredconditionals="0" methods="3" coveredmethods="0"/>
        <file name="index.js" path="/Users/mabelhernandez/repos/learning-together/src/components/authModule/unauthenticatedUserRoute/index.js">
          <metrics statements="0" coveredstatements="0" conditionals="0" coveredconditionals="0" methods="0" coveredmethods="0"/>
        </file>
        <file name="unauthenticatedUserRoute.js" path="/Users/mabelhernandez/repos/learning-together/src/components/authModule/unauthenticatedUserRoute/unauthenticatedUserRoute.js">
          <metrics statements="5" coveredstatements="1" conditionals="2" coveredconditionals="0" methods="3" coveredmethods="0"/>
          <line num="4" count="2" type="stmt"/>
          <line num="5" count="0" type="cond" truecount="0" falsecount="2"/>
          <line num="6" count="0" type="stmt"/>
          <line num="7" count="0" type="stmt"/>
          <line num="10" count="0" type="stmt"/>
        </file>
      </package>
      <package name="src.components.authModule.userRoute">
        <metrics statements="5" coveredstatements="1" conditionals="2" coveredconditionals="0" methods="3" coveredmethods="0"/>
        <file name="index.js" path="/Users/mabelhernandez/repos/learning-together/src/components/authModule/userRoute/index.js">
          <metrics statements="0" coveredstatements="0" conditionals="0" coveredconditionals="0" methods="0" coveredmethods="0"/>
        </file>
        <file name="userRoute.js" path="/Users/mabelhernandez/repos/learning-together/src/components/authModule/userRoute/userRoute.js">
          <metrics statements="5" coveredstatements="1" conditionals="2" coveredconditionals="0" methods="3" coveredmethods="0"/>
          <line num="4" count="2" type="stmt"/>
          <line num="5" count="0" type="cond" truecount="0" falsecount="2"/>
          <line num="6" count="0" type="stmt"/>
          <line num="7" count="0" type="stmt"/>
          <line num="10" count="0" type="stmt"/>
        </file>
      </package>
      <package name="src.components.categoryModule">
        <metrics statements="0" coveredstatements="0" conditionals="0" coveredconditionals="0" methods="0" coveredmethods="0"/>
        <file name="index.js" path="/Users/mabelhernandez/repos/learning-together/src/components/categoryModule/index.js">
          <metrics statements="0" coveredstatements="0" conditionals="0" coveredconditionals="0" methods="0" coveredmethods="0"/>
        </file>
      </package>
      <package name="src.components.categoryModule.categoryList">
        <metrics statements="4" coveredstatements="4" conditionals="0" coveredconditionals="0" methods="2" coveredmethods="2"/>
        <file name="categoryList.js" path="/Users/mabelhernandez/repos/learning-together/src/components/categoryModule/categoryList/categoryList.js">
          <metrics statements="4" coveredstatements="4" conditionals="0" coveredconditionals="0" methods="2" coveredmethods="2"/>
          <line num="7" count="1" type="stmt"/>
          <line num="8" count="2" type="stmt"/>
          <line num="24" count="1" type="stmt"/>
          <line num="34" count="11" type="stmt"/>
        </file>
        <file name="index.js" path="/Users/mabelhernandez/repos/learning-together/src/components/categoryModule/categoryList/index.js">
          <metrics statements="0" coveredstatements="0" conditionals="0" coveredconditionals="0" methods="0" coveredmethods="0"/>
        </file>
      </package>
      <package name="src.components.landingModule">
        <metrics statements="0" coveredstatements="0" conditionals="0" coveredconditionals="0" methods="0" coveredmethods="0"/>
        <file name="index.js" path="/Users/mabelhernandez/repos/learning-together/src/components/landingModule/index.js">
          <metrics statements="0" coveredstatements="0" conditionals="0" coveredconditionals="0" methods="0" coveredmethods="0"/>
        </file>
      </package>
      <package name="src.components.landingModule.hero">
        <metrics statements="4" coveredstatements="1" conditionals="2" coveredconditionals="0" methods="1" coveredmethods="0"/>
        <file name="hero.js" path="/Users/mabelhernandez/repos/learning-together/src/components/landingModule/hero/hero.js">
          <metrics statements="4" coveredstatements="1" conditionals="2" coveredconditionals="0" methods="1" coveredmethods="0"/>
          <line num="5" count="3" type="stmt"/>
          <line num="6" count="0" type="cond" truecount="0" falsecount="2"/>
          <line num="7" count="0" type="stmt"/>
          <line num="10" count="0" type="stmt"/>
        </file>
        <file name="index.js" path="/Users/mabelhernandez/repos/learning-together/src/components/landingModule/hero/index.js">
          <metrics statements="0" coveredstatements="0" conditionals="0" coveredconditionals="0" methods="0" coveredmethods="0"/>
        </file>
      </package>
      <package name="src.components.landingModule.jumbotron">
        <metrics statements="4" coveredstatements="1" conditionals="4" coveredconditionals="0" methods="1" coveredmethods="0"/>
        <file name="index.js" path="/Users/mabelhernandez/repos/learning-together/src/components/landingModule/jumbotron/index.js">
          <metrics statements="0" coveredstatements="0" conditionals="0" coveredconditionals="0" methods="0" coveredmethods="0"/>
        </file>
        <file name="jumbotron.js" path="/Users/mabelhernandez/repos/learning-together/src/components/landingModule/jumbotron/jumbotron.js">
          <metrics statements="4" coveredstatements="1" conditionals="4" coveredconditionals="0" methods="1" coveredmethods="0"/>
          <line num="4" count="3" type="stmt"/>
          <line num="6" count="0" type="cond" truecount="0" falsecount="2"/>
          <line num="8" count="0" type="stmt"/>
          <line num="12" count="0" type="stmt"/>
        </file>
      </package>
      <package name="src.components.landingModule.landing">
        <metrics statements="30" coveredstatements="0" conditionals="15" coveredconditionals="0" methods="9" coveredmethods="0"/>
        <file name="index.js" path="/Users/mabelhernandez/repos/learning-together/src/components/landingModule/landing/index.js">
          <metrics statements="0" coveredstatements="0" conditionals="0" coveredconditionals="0" methods="0" coveredmethods="0"/>
        </file>
        <file name="landing.js" path="/Users/mabelhernandez/repos/learning-together/src/components/landingModule/landing/landing.js">
          <metrics statements="30" coveredstatements="0" conditionals="15" coveredconditionals="0" methods="9" coveredmethods="0"/>
          <line num="11" count="0" type="stmt"/>
          <line num="12" count="0" type="stmt"/>
          <line num="21" count="0" type="stmt"/>
          <line num="22" count="0" type="stmt"/>
          <line num="26" count="0" type="stmt"/>
          <line num="27" count="0" type="stmt"/>
          <line num="28" count="0" type="stmt"/>
          <line num="29" count="0" type="stmt"/>
          <line num="33" count="0" type="stmt"/>
          <line num="34" count="0" type="cond" truecount="0" falsecount="2"/>
          <line num="35" count="0" type="stmt"/>
          <line num="39" count="0" type="stmt"/>
          <line num="44" count="0" type="stmt"/>
          <line num="45" count="0" type="cond" truecount="0" falsecount="2"/>
          <line num="46" count="0" type="stmt"/>
          <line num="47" count="0" type="stmt"/>
          <line num="48" count="0" type="stmt"/>
          <line num="51" count="0" type="stmt"/>
          <line num="56" count="0" type="stmt"/>
          <line num="60" count="0" type="stmt"/>
          <line num="61" count="0" type="stmt"/>
          <line num="66" count="0" type="cond" truecount="0" falsecount="2"/>
          <line num="67" count="0" type="stmt"/>
          <line num="68" count="0" type="cond" truecount="0" falsecount="2"/>
          <line num="69" count="0" type="stmt"/>
          <line num="71" count="0" type="stmt"/>
          <line num="76" count="0" type="stmt"/>
          <line num="77" count="0" type="stmt"/>
          <line num="78" count="0" type="cond" truecount="0" falsecount="2"/>
          <line num="79" count="0" type="stmt"/>
        </file>
      </package>
      <package name="src.components.landingModule.onboarding">
        <metrics statements="5" coveredstatements="2" conditionals="4" coveredconditionals="0" methods="2" coveredmethods="0"/>
        <file name="index.js" path="/Users/mabelhernandez/repos/learning-together/src/components/landingModule/onboarding/index.js">
          <metrics statements="0" coveredstatements="0" conditionals="0" coveredconditionals="0" methods="0" coveredmethods="0"/>
        </file>
        <file name="onboarding.js" path="/Users/mabelhernandez/repos/learning-together/src/components/landingModule/onboarding/onboarding.js">
          <metrics statements="5" coveredstatements="2" conditionals="4" coveredconditionals="0" methods="2" coveredmethods="0"/>
          <line num="5" count="3" type="stmt"/>
          <line num="7" count="0" type="stmt"/>
          <line num="8" count="0" type="stmt"/>
          <line num="34" count="0" type="stmt"/>
          <line num="47" count="3" type="stmt"/>
        </file>
      </package>
      <package name="src.components.messageModule">
        <metrics statements="0" coveredstatements="0" conditionals="0" coveredconditionals="0" methods="0" coveredmethods="0"/>
        <file name="index.js" path="/Users/mabelhernandez/repos/learning-together/src/components/messageModule/index.js">
          <metrics statements="0" coveredstatements="0" conditionals="0" coveredconditionals="0" methods="0" coveredmethods="0"/>
        </file>
      </package>
      <package name="src.components.messageModule.loading">
        <metrics statements="2" coveredstatements="2" conditionals="0" coveredconditionals="0" methods="1" coveredmethods="1"/>
        <file name="index.js" path="/Users/mabelhernandez/repos/learning-together/src/components/messageModule/loading/index.js">
          <metrics statements="0" coveredstatements="0" conditionals="0" coveredconditionals="0" methods="0" coveredmethods="0"/>
        </file>
        <file name="loading.js" path="/Users/mabelhernandez/repos/learning-together/src/components/messageModule/loading/loading.js">
          <metrics statements="2" coveredstatements="2" conditionals="0" coveredconditionals="0" methods="1" coveredmethods="1"/>
          <line num="5" count="9" type="stmt"/>
          <line num="6" count="1" type="stmt"/>
        </file>
      </package>
      <package name="src.components.messageModule.message">
        <metrics statements="2" coveredstatements="2" conditionals="0" coveredconditionals="0" methods="2" coveredmethods="2"/>
        <file name="index.js" path="/Users/mabelhernandez/repos/learning-together/src/components/messageModule/message/index.js">
          <metrics statements="0" coveredstatements="0" conditionals="0" coveredconditionals="0" methods="0" coveredmethods="0"/>
        </file>
        <file name="message.js" path="/Users/mabelhernandez/repos/learning-together/src/components/messageModule/message/message.js">
          <metrics statements="2" coveredstatements="2" conditionals="0" coveredconditionals="0" methods="2" coveredmethods="2"/>
          <line num="8" count="1" type="stmt"/>
          <line num="12" count="1" type="stmt"/>
        </file>
      </package>
      <package name="src.components.messageModule.messageConfirm">
        <metrics statements="3" coveredstatements="3" conditionals="0" coveredconditionals="0" methods="3" coveredmethods="3"/>
        <file name="index.js" path="/Users/mabelhernandez/repos/learning-together/src/components/messageModule/messageConfirm/index.js">
          <metrics statements="0" coveredstatements="0" conditionals="0" coveredconditionals="0" methods="0" coveredmethods="0"/>
        </file>
        <file name="messageConfirm.js" path="/Users/mabelhernandez/repos/learning-together/src/components/messageModule/messageConfirm/messageConfirm.js">
          <metrics statements="3" coveredstatements="3" conditionals="0" coveredconditionals="0" methods="3" coveredmethods="3"/>
          <line num="8" count="1" type="stmt"/>
          <line num="12" count="1" type="stmt"/>
          <line num="16" count="2" type="stmt"/>
        </file>
      </package>
      <package name="src.components.navbarModule">
        <metrics statements="0" coveredstatements="0" conditionals="0" coveredconditionals="0" methods="0" coveredmethods="0"/>
        <file name="index.js" path="/Users/mabelhernandez/repos/learning-together/src/components/navbarModule/index.js">
          <metrics statements="0" coveredstatements="0" conditionals="0" coveredconditionals="0" methods="0" coveredmethods="0"/>
        </file>
      </package>
      <package name="src.components.navbarModule.browse">
        <metrics statements="13" coveredstatements="7" conditionals="6" coveredconditionals="3" methods="6" coveredmethods="3"/>
        <file name="browse.js" path="/Users/mabelhernandez/repos/learning-together/src/components/navbarModule/browse/browse.js">
          <metrics statements="13" coveredstatements="7" conditionals="6" coveredconditionals="3" methods="6" coveredmethods="3"/>
          <line num="10" count="1" type="stmt"/>
          <line num="11" count="1" type="stmt"/>
          <line num="17" count="1" type="stmt"/>
          <line num="18" count="1" type="stmt"/>
          <line num="22" count="1" type="stmt"/>
          <line num="23" count="1" type="stmt"/>
          <line num="27" count="0" type="stmt"/>
          <line num="28" count="0" type="cond" truecount="0" falsecount="2"/>
          <line num="29" count="0" type="stmt"/>
          <line num="34" count="0" type="stmt"/>
          <line num="39" count="0" type="stmt"/>
          <line num="42" count="0" type="stmt"/>
          <line num="46" count="2" type="stmt"/>
        </file>
        <file name="index.js" path="/Users/mabelhernandez/repos/learning-together/src/components/navbarModule/browse/index.js">
          <metrics statements="0" coveredstatements="0" conditionals="0" coveredconditionals="0" methods="0" coveredmethods="0"/>
        </file>
      </package>
      <package name="src.components.navbarModule.navbar">
        <metrics statements="15" coveredstatements="0" conditionals="8" coveredconditionals="0" methods="7" coveredmethods="0"/>
        <file name="index.js" path="/Users/mabelhernandez/repos/learning-together/src/components/navbarModule/navbar/index.js">
          <metrics statements="0" coveredstatements="0" conditionals="0" coveredconditionals="0" methods="0" coveredmethods="0"/>
        </file>
        <file name="navbar.js" path="/Users/mabelhernandez/repos/learning-together/src/components/navbarModule/navbar/navbar.js">
          <metrics statements="15" coveredstatements="0" conditionals="8" coveredconditionals="0" methods="7" coveredmethods="0"/>
          <line num="12" count="0" type="stmt"/>
          <line num="13" count="0" type="stmt"/>
          <line num="19" count="0" type="stmt"/>
          <line num="20" count="0" type="stmt"/>
          <line num="21" count="0" type="stmt"/>
          <line num="24" count="0" type="cond" truecount="0" falsecount="2"/>
          <line num="25" count="0" type="stmt"/>
          <line num="29" count="0" type="stmt"/>
          <line num="32" count="0" type="stmt"/>
          <line num="35" count="0" type="stmt"/>
          <line num="36" count="0" type="stmt"/>
          <line num="41" count="0" type="stmt"/>
          <line num="45" count="0" type="stmt"/>
          <line num="47" count="0" type="stmt"/>
          <line num="63" count="0" type="stmt"/>
        </file>
      </package>
      <package name="src.components.navbarModule.search">
        <metrics statements="28" coveredstatements="24" conditionals="24" coveredconditionals="16" methods="9" coveredmethods="8"/>
        <file name="index.js" path="/Users/mabelhernandez/repos/learning-together/src/components/navbarModule/search/index.js">
          <metrics statements="0" coveredstatements="0" conditionals="0" coveredconditionals="0" methods="0" coveredmethods="0"/>
        </file>
        <file name="search.js" path="/Users/mabelhernandez/repos/learning-together/src/components/navbarModule/search/search.js">
          <metrics statements="28" coveredstatements="24" conditionals="24" coveredconditionals="16" methods="9" coveredmethods="8"/>
          <line num="9" count="3" type="stmt"/>
          <line num="10" count="3" type="stmt"/>
          <line num="19" count="3" type="stmt"/>
          <line num="23" count="0" type="stmt"/>
          <line num="26" count="1" type="stmt"/>
          <line num="27" count="1" type="stmt"/>
          <line num="35" count="1" type="cond" truecount="1" falsecount="1"/>
          <line num="36" count="0" type="stmt"/>
          <line num="37" count="0" type="stmt"/>
          <line num="39" count="1" type="stmt"/>
          <line num="42" count="1" type="stmt"/>
          <line num="43" count="1" type="cond" truecount="1" falsecount="1"/>
          <line num="44" count="1" type="stmt"/>
          <line num="46" count="0" type="stmt"/>
          <line num="55" count="2" type="stmt"/>
          <line num="56" count="2" type="cond" truecount="1" falsecount="1"/>
          <line num="57" count="2" type="stmt"/>
          <line num="59" count="2" type="cond" truecount="1" falsecount="1"/>
          <line num="60" count="2" type="stmt"/>
          <line num="62" count="2" type="cond" truecount="1" falsecount="1"/>
          <line num="63" count="2" type="stmt"/>
          <line num="65" count="2" type="cond" truecount="1" falsecount="1"/>
          <line num="66" count="2" type="stmt"/>
          <line num="76" count="13" type="stmt"/>
          <line num="77" count="13" type="stmt"/>
          <line num="93" count="4" type="stmt"/>
          <line num="110" count="8" type="stmt"/>
          <line num="127" count="2" type="stmt"/>
        </file>
      </package>
      <package name="src.components.routesModule">
        <metrics statements="0" coveredstatements="0" conditionals="0" coveredconditionals="0" methods="0" coveredmethods="0"/>
        <file name="index.js" path="/Users/mabelhernandez/repos/learning-together/src/components/routesModule/index.js">
          <metrics statements="0" coveredstatements="0" conditionals="0" coveredconditionals="0" methods="0" coveredmethods="0"/>
        </file>
      </package>
      <package name="src.components.routesModule.page404">
        <metrics statements="1" coveredstatements="1" conditionals="0" coveredconditionals="0" methods="1" coveredmethods="1"/>
        <file name="index.js" path="/Users/mabelhernandez/repos/learning-together/src/components/routesModule/page404/index.js">
          <metrics statements="0" coveredstatements="0" conditionals="0" coveredconditionals="0" methods="0" coveredmethods="0"/>
        </file>
        <file name="page404.js" path="/Users/mabelhernandez/repos/learning-together/src/components/routesModule/page404/page404.js">
          <metrics statements="1" coveredstatements="1" conditionals="0" coveredconditionals="0" methods="1" coveredmethods="1"/>
          <line num="7" count="1" type="stmt"/>
        </file>
      </package>
      <package name="src.components.routesModule.routes">
        <metrics statements="1" coveredstatements="1" conditionals="0" coveredconditionals="0" methods="1" coveredmethods="1"/>
        <file name="index.js" path="/Users/mabelhernandez/repos/learning-together/src/components/routesModule/routes/index.js">
          <metrics statements="0" coveredstatements="0" conditionals="0" coveredconditionals="0" methods="0" coveredmethods="0"/>
        </file>
        <file name="routes.js" path="/Users/mabelhernandez/repos/learning-together/src/components/routesModule/routes/routes.js">
          <metrics statements="1" coveredstatements="1" conditionals="0" coveredconditionals="0" methods="1" coveredmethods="1"/>
          <line num="14" count="1" type="stmt"/>
        </file>
      </package>
      <package name="src.components.userModule">
        <metrics statements="0" coveredstatements="0" conditionals="0" coveredconditionals="0" methods="0" coveredmethods="0"/>
        <file name="index.js" path="/Users/mabelhernandez/repos/learning-together/src/components/userModule/index.js">
          <metrics statements="0" coveredstatements="0" conditionals="0" coveredconditionals="0" methods="0" coveredmethods="0"/>
        </file>
      </package>
      <package name="src.components.userModule.editUserProfile">
        <metrics statements="78" coveredstatements="0" conditionals="47" coveredconditionals="0" methods="27" coveredmethods="0"/>
        <file name="editUserProfile.js" path="/Users/mabelhernandez/repos/learning-together/src/components/userModule/editUserProfile/editUserProfile.js">
          <metrics statements="78" coveredstatements="0" conditionals="47" coveredconditionals="0" methods="27" coveredmethods="0"/>
          <line num="13" count="0" type="stmt"/>
          <line num="14" count="0" type="stmt"/>
          <line num="34" count="0" type="stmt"/>
          <line num="35" count="0" type="stmt"/>
          <line num="36" count="0" type="stmt"/>
          <line num="37" count="0" type="stmt"/>
          <line num="38" count="0" type="stmt"/>
          <line num="39" count="0" type="stmt"/>
          <line num="40" count="0" type="stmt"/>
          <line num="44" count="0" type="stmt"/>
          <line num="45" count="0" type="stmt"/>
          <line num="46" count="0" type="stmt"/>
          <line num="47" count="0" type="stmt"/>
          <line num="51" count="0" type="cond" truecount="0" falsecount="2"/>
          <line num="54" count="0" type="stmt"/>
          <line num="58" count="0" type="cond" truecount="0" falsecount="2"/>
          <line num="59" count="0" type="stmt"/>
          <line num="64" count="0" type="stmt"/>
          <line num="68" count="0" type="cond" truecount="0" falsecount="2"/>
          <line num="69" count="0" type="stmt"/>
          <line num="70" count="0" type="stmt"/>
          <line num="71" count="0" type="stmt"/>
          <line num="73" count="0" type="stmt"/>
          <line num="76" count="0" type="stmt"/>
          <line num="77" count="0" type="stmt"/>
          <line num="81" count="0" type="cond" truecount="0" falsecount="2"/>
          <line num="82" count="0" type="stmt"/>
          <line num="83" count="0" type="stmt"/>
          <line num="84" count="0" type="stmt"/>
          <line num="86" count="0" type="stmt"/>
          <line num="88" count="0" type="stmt"/>
          <line num="97" count="0" type="stmt"/>
          <line num="101" count="0" type="cond" truecount="0" falsecount="2"/>
          <line num="102" count="0" type="stmt"/>
          <line num="103" count="0" type="stmt"/>
          <line num="104" count="0" type="stmt"/>
          <line num="106" count="0" type="stmt"/>
          <line num="108" count="0" type="stmt"/>
          <line num="119" count="0" type="stmt"/>
          <line num="123" count="0" type="stmt"/>
          <line num="126" count="0" type="stmt"/>
          <line num="129" count="0" type="stmt"/>
          <line num="132" count="0" type="stmt"/>
          <line num="135" count="0" type="cond" truecount="0" falsecount="2"/>
          <line num="136" count="0" type="stmt"/>
          <line num="138" count="0" type="stmt"/>
          <line num="141" count="0" type="cond" truecount="0" falsecount="2"/>
          <line num="142" count="0" type="stmt"/>
          <line num="144" count="0" type="stmt"/>
          <line num="148" count="0" type="stmt"/>
          <line num="152" count="0" type="cond" truecount="0" falsecount="2"/>
          <line num="153" count="0" type="stmt"/>
          <line num="155" count="0" type="stmt"/>
          <line num="160" count="0" type="stmt"/>
          <line num="163" count="0" type="stmt"/>
          <line num="166" count="0" type="stmt"/>
          <line num="169" count="0" type="stmt"/>
          <line num="172" count="0" type="stmt"/>
          <line num="175" count="0" type="stmt"/>
          <line num="176" count="0" type="stmt"/>
          <line num="177" count="0" type="stmt"/>
          <line num="179" count="0" type="stmt"/>
          <line num="182" count="0" type="stmt"/>
          <line num="183" count="0" type="stmt"/>
          <line num="184" count="0" type="stmt"/>
          <line num="185" count="0" type="stmt"/>
          <line num="186" count="0" type="stmt"/>
          <line num="187" count="0" type="stmt"/>
          <line num="188" count="0" type="stmt"/>
          <line num="189" count="0" type="cond" truecount="0" falsecount="7"/>
          <line num="190" count="0" type="stmt"/>
          <line num="191" count="0" type="stmt"/>
          <line num="193" count="0" type="stmt"/>
          <line num="194" count="0" type="stmt"/>
          <line num="208" count="0" type="stmt"/>
          <line num="209" count="0" type="stmt"/>
          <line num="210" count="0" type="cond" truecount="0" falsecount="2"/>
          <line num="211" count="0" type="stmt"/>
        </file>
        <file name="index.js" path="/Users/mabelhernandez/repos/learning-together/src/components/userModule/editUserProfile/index.js">
          <metrics statements="0" coveredstatements="0" conditionals="0" coveredconditionals="0" methods="0" coveredmethods="0"/>
        </file>
      </package>
      <package name="src.components.userModule.imageUploader">
        <metrics statements="16" coveredstatements="10" conditionals="10" coveredconditionals="9" methods="5" coveredmethods="4"/>
        <file name="imageUploader.js" path="/Users/mabelhernandez/repos/learning-together/src/components/userModule/imageUploader/imageUploader.js">
          <metrics statements="16" coveredstatements="10" conditionals="10" coveredconditionals="9" methods="5" coveredmethods="4"/>
          <line num="8" count="2" type="stmt"/>
          <line num="9" count="2" type="stmt"/>
          <line num="10" count="2" type="stmt"/>
          <line num="13" count="2" type="cond" truecount="1" falsecount="1"/>
          <line num="14" count="0" type="stmt"/>
          <line num="18" count="0" type="stmt"/>
          <line num="19" count="0" type="stmt"/>
          <line num="20" count="0" type="stmt"/>
          <line num="21" count="0" type="stmt"/>
          <line num="22" count="0" type="stmt"/>
          <line num="26" count="2" type="cond" truecount="2" falsecount="0"/>
          <line num="27" count="1" type="stmt"/>
          <line num="28" count="1" type="stmt"/>
          <line num="30" count="1" type="stmt"/>
          <line num="34" count="4" type="stmt"/>
          <line num="35" count="4" type="stmt"/>
        </file>
        <file name="index.js" path="/Users/mabelhernandez/repos/learning-together/src/components/userModule/imageUploader/index.js">
          <metrics statements="0" coveredstatements="0" conditionals="0" coveredconditionals="0" methods="0" coveredmethods="0"/>
        </file>
      </package>
      <package name="src.components.userModule.schedule">
        <metrics statements="39" coveredstatements="0" conditionals="12" coveredconditionals="0" methods="20" coveredmethods="0"/>
        <file name="index.js" path="/Users/mabelhernandez/repos/learning-together/src/components/userModule/schedule/index.js">
          <metrics statements="0" coveredstatements="0" conditionals="0" coveredconditionals="0" methods="0" coveredmethods="0"/>
        </file>
        <file name="schedule.js" path="/Users/mabelhernandez/repos/learning-together/src/components/userModule/schedule/schedule.js">
          <metrics statements="39" coveredstatements="0" conditionals="12" coveredconditionals="0" methods="20" coveredmethods="0"/>
          <line num="10" count="0" type="stmt"/>
          <line num="11" count="0" type="stmt"/>
          <line num="18" count="0" type="stmt"/>
          <line num="19" count="0" type="stmt"/>
          <line num="20" count="0" type="stmt"/>
          <line num="21" count="0" type="stmt"/>
          <line num="29" count="0" type="stmt"/>
          <line num="30" count="0" type="stmt"/>
          <line num="31" count="0" type="cond" truecount="0" falsecount="2"/>
          <line num="32" count="0" type="stmt"/>
          <line num="35" count="0" type="stmt"/>
          <line num="36" count="0" type="stmt"/>
          <line num="37" count="0" type="stmt"/>
          <line num="39" count="0" type="stmt"/>
          <line num="42" count="0" type="stmt"/>
          <line num="46" count="0" type="stmt"/>
          <line num="53" count="0" type="stmt"/>
          <line num="54" count="0" type="stmt"/>
          <line num="57" count="0" type="stmt"/>
          <line num="66" count="0" type="stmt"/>
          <line num="67" count="0" type="stmt"/>
          <line num="74" count="0" type="stmt"/>
          <line num="75" count="0" type="stmt"/>
          <line num="78" count="0" type="stmt"/>
          <line num="87" count="0" type="stmt"/>
          <line num="88" count="0" type="stmt"/>
          <line num="95" count="0" type="stmt"/>
          <line num="96" count="0" type="stmt"/>
          <line num="99" count="0" type="stmt"/>
          <line num="108" count="0" type="stmt"/>
          <line num="109" count="0" type="stmt"/>
          <line num="117" count="0" type="cond" truecount="0" falsecount="2"/>
          <line num="118" count="0" type="stmt"/>
          <line num="126" count="0" type="stmt"/>
          <line num="127" count="0" type="stmt"/>
          <line num="128" count="0" type="stmt"/>
          <line num="138" count="0" type="stmt"/>
          <line num="142" count="0" type="stmt"/>
          <line num="147" count="0" type="stmt"/>
        </file>
      </package>
      <package name="src.components.userModule.user-profile">
        <metrics statements="46" coveredstatements="1" conditionals="20" coveredconditionals="0" methods="22" coveredmethods="0"/>
        <file name="index.js" path="/Users/mabelhernandez/repos/learning-together/src/components/userModule/user-profile/index.js">
          <metrics statements="0" coveredstatements="0" conditionals="0" coveredconditionals="0" methods="0" coveredmethods="0"/>
        </file>
        <file name="userProfile.js" path="/Users/mabelhernandez/repos/learning-together/src/components/userModule/user-profile/userProfile.js">
          <metrics statements="46" coveredstatements="1" conditionals="20" coveredconditionals="0" methods="22" coveredmethods="0"/>
          <line num="13" count="0" type="stmt"/>
          <line num="14" count="0" type="stmt"/>
          <line num="21" count="0" type="stmt"/>
          <line num="22" count="0" type="stmt"/>
          <line num="23" count="0" type="stmt"/>
          <line num="28" count="0" type="stmt"/>
          <line num="32" count="0" type="cond" truecount="0" falsecount="2"/>
          <line num="35" count="0" type="stmt"/>
          <line num="40" count="0" type="stmt"/>
          <line num="41" count="0" type="stmt"/>
          <line num="42" count="0" type="cond" truecount="0" falsecount="2"/>
          <line num="43" count="0" type="stmt"/>
          <line num="46" count="0" type="stmt"/>
          <line num="47" count="0" type="stmt"/>
          <line num="48" count="0" type="stmt"/>
          <line num="50" count="0" type="stmt"/>
          <line num="53" count="0" type="stmt"/>
          <line num="57" count="0" type="stmt"/>
          <line num="60" count="0" type="stmt"/>
          <line num="64" count="0" type="cond" truecount="0" falsecount="2"/>
          <line num="65" count="0" type="stmt"/>
          <line num="66" count="0" type="stmt"/>
          <line num="67" count="0" type="stmt"/>
          <line num="69" count="0" type="stmt"/>
          <line num="76" count="0" type="stmt"/>
          <line num="77" count="0" type="stmt"/>
          <line num="79" count="0" type="stmt"/>
          <line num="86" count="0" type="stmt"/>
          <line num="92" count="0" type="stmt"/>
          <line num="97" count="0" type="cond" truecount="0" falsecount="2"/>
          <line num="101" count="0" type="stmt"/>
          <line num="102" count="0" type="stmt"/>
          <line num="105" count="0" type="stmt"/>
          <line num="109" count="0" type="stmt"/>
          <line num="116" count="0" type="stmt"/>
          <line num="117" count="0" type="stmt"/>
          <line num="119" count="0" type="stmt"/>
          <line num="140" count="0" type="cond" truecount="0" falsecount="2"/>
          <line num="141" count="0" type="stmt"/>
          <line num="170" count="0" type="stmt"/>
          <line num="174" count="0" type="stmt"/>
          <line num="179" count="0" type="stmt"/>
          <line num="199" count="0" type="stmt"/>
          <line num="203" count="0" type="stmt"/>
          <line num="208" count="0" type="stmt"/>
          <line num="230" count="3" type="stmt"/>
        </file>
      </package>
      <package name="src.components.userModule.userpreview">
        <metrics statements="7" coveredstatements="1" conditionals="4" coveredconditionals="0" methods="2" coveredmethods="0"/>
        <file name="index.js" path="/Users/mabelhernandez/repos/learning-together/src/components/userModule/userpreview/index.js">
          <metrics statements="0" coveredstatements="0" conditionals="0" coveredconditionals="0" methods="0" coveredmethods="0"/>
        </file>
        <file name="userPreview.js" path="/Users/mabelhernandez/repos/learning-together/src/components/userModule/userpreview/userPreview.js">
          <metrics statements="7" coveredstatements="1" conditionals="4" coveredconditionals="0" methods="2" coveredmethods="0"/>
          <line num="5" count="3" type="stmt"/>
          <line num="6" count="0" type="stmt"/>
          <line num="7" count="0" type="stmt"/>
          <line num="8" count="0" type="cond" truecount="0" falsecount="2"/>
          <line num="10" count="0" type="cond" truecount="0" falsecount="2"/>
          <line num="11" count="0" type="stmt"/>
          <line num="13" count="0" type="stmt"/>
        </file>
      </package>
      <package name="src.components.workshopModule">
        <metrics statements="0" coveredstatements="0" conditionals="0" coveredconditionals="0" methods="0" coveredmethods="0"/>
        <file name="index.js" path="/Users/mabelhernandez/repos/learning-together/src/components/workshopModule/index.js">
          <metrics statements="0" coveredstatements="0" conditionals="0" coveredconditionals="0" methods="0" coveredmethods="0"/>
        </file>
      </package>
      <package name="src.components.workshopModule.preview">
        <metrics statements="7" coveredstatements="2" conditionals="8" coveredconditionals="0" methods="1" coveredmethods="0"/>
        <file name="index.js" path="/Users/mabelhernandez/repos/learning-together/src/components/workshopModule/preview/index.js">
          <metrics statements="0" coveredstatements="0" conditionals="0" coveredconditionals="0" methods="0" coveredmethods="0"/>
        </file>
        <file name="preview.js" path="/Users/mabelhernandez/repos/learning-together/src/components/workshopModule/preview/preview.js">
          <metrics statements="7" coveredstatements="2" conditionals="8" coveredconditionals="0" methods="1" coveredmethods="0"/>
          <line num="8" count="3" type="stmt"/>
          <line num="9" count="0" type="cond" truecount="0" falsecount="2"/>
          <line num="14" count="0" type="stmt"/>
          <line num="15" count="0" type="stmt"/>
          <line num="16" count="0" type="cond" truecount="0" falsecount="2"/>
          <line num="18" count="0" type="stmt"/>
          <line num="42" count="3" type="stmt"/>
        </file>
      </package>
      <package name="src.components.workshopModule.sort">
        <metrics statements="4" coveredstatements="4" conditionals="0" coveredconditionals="0" methods="2" coveredmethods="2"/>
        <file name="index.js" path="/Users/mabelhernandez/repos/learning-together/src/components/workshopModule/sort/index.js">
          <metrics statements="0" coveredstatements="0" conditionals="0" coveredconditionals="0" methods="0" coveredmethods="0"/>
        </file>
        <file name="sort.js" path="/Users/mabelhernandez/repos/learning-together/src/components/workshopModule/sort/sort.js">
          <metrics statements="4" coveredstatements="4" conditionals="0" coveredconditionals="0" methods="2" coveredmethods="2"/>
          <line num="10" count="1" type="stmt"/>
          <line num="11" count="1" type="stmt"/>
          <line num="12" count="1" type="stmt"/>
          <line num="16" count="2" type="stmt"/>
        </file>
      </package>
      <package name="src.components.workshopModule.workshop">
        <metrics statements="70" coveredstatements="1" conditionals="54" coveredconditionals="0" methods="19" coveredmethods="0"/>
        <file name="index.js" path="/Users/mabelhernandez/repos/learning-together/src/components/workshopModule/workshop/index.js">
          <metrics statements="0" coveredstatements="0" conditionals="0" coveredconditionals="0" methods="0" coveredmethods="0"/>
        </file>
        <file name="workshop.js" path="/Users/mabelhernandez/repos/learning-together/src/components/workshopModule/workshop/workshop.js">
          <metrics statements="70" coveredstatements="1" conditionals="54" coveredconditionals="0" methods="19" coveredmethods="0"/>
          <line num="26" count="0" type="stmt"/>
          <line num="27" count="0" type="stmt"/>
          <line num="39" count="0" type="stmt"/>
          <line num="40" count="0" type="stmt"/>
          <line num="41" count="0" type="stmt"/>
          <line num="42" count="0" type="stmt"/>
          <line num="43" count="0" type="stmt"/>
          <line num="48" count="0" type="stmt"/>
          <line num="49" count="0" type="stmt"/>
          <line num="50" count="0" type="stmt"/>
          <line num="53" count="0" type="stmt"/>
          <line num="57" count="0" type="cond" truecount="0" falsecount="2"/>
          <line num="60" count="0" type="stmt"/>
          <line num="64" count="0" type="stmt"/>
          <line num="65" count="0" type="cond" truecount="0" falsecount="2"/>
          <line num="66" count="0" type="stmt"/>
          <line num="79" count="0" type="stmt"/>
          <line num="83" count="0" type="stmt"/>
          <line num="84" count="0" type="cond" truecount="0" falsecount="2"/>
          <line num="85" count="0" type="stmt"/>
          <line num="86" count="0" type="stmt"/>
          <line num="87" count="0" type="stmt"/>
          <line num="88" count="0" type="stmt"/>
          <line num="89" count="0" type="stmt"/>
          <line num="90" count="0" type="stmt"/>
          <line num="95" count="0" type="stmt"/>
          <line num="98" count="0" type="stmt"/>
          <line num="105" count="0" type="cond" truecount="0" falsecount="2"/>
          <line num="106" count="0" type="stmt"/>
          <line num="110" count="0" type="stmt"/>
          <line num="113" count="0" type="stmt"/>
          <line num="120" count="0" type="stmt"/>
          <line num="128" count="0" type="cond" truecount="0" falsecount="2"/>
          <line num="129" count="0" type="stmt"/>
          <line num="134" count="0" type="stmt"/>
          <line num="135" count="0" type="stmt"/>
          <line num="136" count="0" type="stmt"/>
          <line num="137" count="0" type="stmt"/>
          <line num="140" count="0" type="stmt"/>
          <line num="149" count="0" type="cond" truecount="0" falsecount="2"/>
          <line num="150" count="0" type="stmt"/>
          <line num="155" count="0" type="stmt"/>
          <line num="156" count="0" type="stmt"/>
          <line num="159" count="0" type="stmt"/>
          <line num="160" count="0" type="stmt"/>
          <line num="164" count="0" type="stmt"/>
          <line num="166" count="0" type="cond" truecount="0" falsecount="2"/>
          <line num="171" count="0" type="stmt"/>
          <line num="178" count="0" type="cond" truecount="0" falsecount="2"/>
          <line num="179" count="0" type="stmt"/>
          <line num="181" count="0" type="stmt"/>
          <line num="182" count="0" type="stmt"/>
          <line num="188" count="0" type="stmt"/>
          <line num="194" count="0" type="stmt"/>
          <line num="195" count="0" type="stmt"/>
          <line num="196" count="0" type="stmt"/>
          <line num="200" count="0" type="stmt"/>
          <line num="203" count="0" type="stmt"/>
          <line num="207" count="0" type="stmt"/>
          <line num="208" count="0" type="cond" truecount="0" falsecount="2"/>
          <line num="211" count="0" type="stmt"/>
          <line num="212" count="0" type="cond" truecount="0" falsecount="2"/>
          <line num="215" count="0" type="cond" truecount="0" falsecount="2"/>
          <line num="216" count="0" type="cond" truecount="0" falsecount="2"/>
          <line num="219" count="0" type="stmt"/>
          <line num="220" count="0" type="cond" truecount="0" falsecount="2"/>
          <line num="221" count="0" type="cond" truecount="0" falsecount="2"/>
          <line num="223" count="0" type="stmt"/>
          <line num="328" count="0" type="stmt"/>
          <line num="382" count="3" type="stmt"/>
        </file>
      </package>
      <package name="src.components.workshopModule.workshopCreate">
        <metrics statements="29" coveredstatements="0" conditionals="12" coveredconditionals="0" methods="6" coveredmethods="0"/>
        <file name="index.js" path="/Users/mabelhernandez/repos/learning-together/src/components/workshopModule/workshopCreate/index.js">
          <metrics statements="0" coveredstatements="0" conditionals="0" coveredconditionals="0" methods="0" coveredmethods="0"/>
        </file>
        <file name="workshopCreate.js" path="/Users/mabelhernandez/repos/learning-together/src/components/workshopModule/workshopCreate/workshopCreate.js">
          <metrics statements="29" coveredstatements="0" conditionals="12" coveredconditionals="0" methods="6" coveredmethods="0"/>
          <line num="9" count="0" type="stmt"/>
          <line num="11" count="0" type="stmt"/>
          <line num="17" count="0" type="stmt"/>
          <line num="18" count="0" type="stmt"/>
          <line num="19" count="0" type="stmt"/>
          <line num="20" count="0" type="stmt"/>
          <line num="24" count="0" type="stmt"/>
          <line num="28" count="0" type="stmt"/>
          <line num="29" count="0" type="stmt"/>
          <line num="30" count="0" type="cond" truecount="0" falsecount="2"/>
          <line num="31" count="0" type="stmt"/>
          <line num="34" count="0" type="stmt"/>
          <line num="39" count="0" type="stmt"/>
          <line num="40" count="0" type="cond" truecount="0" falsecount="2"/>
          <line num="41" count="0" type="stmt"/>
          <line num="42" count="0" type="stmt"/>
          <line num="45" count="0" type="stmt"/>
          <line num="50" count="0" type="cond" truecount="0" falsecount="4"/>
          <line num="51" count="0" type="stmt"/>
          <line num="52" count="0" type="stmt"/>
          <line num="53" count="0" type="stmt"/>
          <line num="54" count="0" type="stmt"/>
          <line num="55" count="0" type="stmt"/>
          <line num="58" count="0" type="stmt"/>
          <line num="61" count="0" type="stmt"/>
          <line num="62" count="0" type="stmt"/>
          <line num="63" count="0" type="stmt"/>
          <line num="66" count="0" type="stmt"/>
          <line num="72" count="0" type="stmt"/>
        </file>
      </package>
      <package name="src.components.workshopModule.workshopEdit">
        <metrics statements="50" coveredstatements="0" conditionals="18" coveredconditionals="0" methods="10" coveredmethods="0"/>
        <file name="index.js" path="/Users/mabelhernandez/repos/learning-together/src/components/workshopModule/workshopEdit/index.js">
          <metrics statements="0" coveredstatements="0" conditionals="0" coveredconditionals="0" methods="0" coveredmethods="0"/>
        </file>
        <file name="workshopEdit.js" path="/Users/mabelhernandez/repos/learning-together/src/components/workshopModule/workshopEdit/workshopEdit.js">
          <metrics statements="50" coveredstatements="0" conditionals="18" coveredconditionals="0" methods="10" coveredmethods="0"/>
          <line num="14" count="0" type="stmt"/>
          <line num="16" count="0" type="stmt"/>
          <line num="24" count="0" type="stmt"/>
          <line num="25" count="0" type="stmt"/>
          <line num="26" count="0" type="stmt"/>
          <line num="27" count="0" type="stmt"/>
          <line num="28" count="0" type="stmt"/>
          <line num="29" count="0" type="stmt"/>
          <line num="33" count="0" type="stmt"/>
          <line num="48" count="0" type="stmt"/>
          <line num="50" count="0" type="cond" truecount="0" falsecount="2"/>
          <line num="51" count="0" type="stmt"/>
          <line num="66" count="0" type="stmt"/>
          <line num="73" count="0" type="stmt"/>
          <line num="75" count="0" type="stmt"/>
          <line num="82" count="0" type="stmt"/>
          <line num="86" count="0" type="stmt"/>
          <line num="87" count="0" type="stmt"/>
          <line num="88" count="0" type="cond" truecount="0" falsecount="2"/>
          <line num="89" count="0" type="stmt"/>
          <line num="92" count="0" type="stmt"/>
          <line num="93" count="0" type="stmt"/>
          <line num="96" count="0" type="stmt"/>
          <line num="100" count="0" type="stmt"/>
          <line num="101" count="0" type="stmt"/>
          <line num="102" count="0" type="cond" truecount="0" falsecount="2"/>
          <line num="103" count="0" type="stmt"/>
          <line num="106" count="0" type="stmt"/>
          <line num="107" count="0" type="stmt"/>
          <line num="112" count="0" type="stmt"/>
          <line num="113" count="0" type="stmt"/>
          <line num="114" count="0" type="cond" truecount="0" falsecount="2"/>
          <line num="115" count="0" type="stmt"/>
          <line num="116" count="0" type="stmt"/>
          <line num="119" count="0" type="stmt"/>
          <line num="120" count="0" type="stmt"/>
          <line num="125" count="0" type="stmt"/>
          <line num="126" count="0" type="cond" truecount="0" falsecount="4"/>
          <line num="127" count="0" type="stmt"/>
          <line num="128" count="0" type="stmt"/>
          <line num="129" count="0" type="stmt"/>
          <line num="130" count="0" type="stmt"/>
          <line num="131" count="0" type="stmt"/>
          <line num="137" count="0" type="stmt"/>
          <line num="138" count="0" type="stmt"/>
          <line num="141" count="0" type="stmt"/>
          <line num="144" count="0" type="stmt"/>
          <line num="145" count="0" type="stmt"/>
          <line num="151" count="0" type="stmt"/>
          <line num="152" count="0" type="stmt"/>
        </file>
      </package>
      <package name="src.components.workshopModule.workshopForm">
        <metrics statements="99" coveredstatements="22" conditionals="122" coveredconditionals="37" methods="19" coveredmethods="4"/>
        <file name="index.js" path="/Users/mabelhernandez/repos/learning-together/src/components/workshopModule/workshopForm/index.js">
          <metrics statements="0" coveredstatements="0" conditionals="0" coveredconditionals="0" methods="0" coveredmethods="0"/>
        </file>
        <file name="workshopForm.js" path="/Users/mabelhernandez/repos/learning-together/src/components/workshopModule/workshopForm/workshopForm.js">
          <metrics statements="99" coveredstatements="22" conditionals="122" coveredconditionals="37" methods="19" coveredmethods="4"/>
          <line num="16" count="1" type="stmt"/>
          <line num="17" count="1" type="stmt"/>
          <line num="39" count="1" type="stmt"/>
          <line num="40" count="1" type="stmt"/>
          <line num="41" count="1" type="stmt"/>
          <line num="42" count="1" type="stmt"/>
          <line num="43" count="1" type="stmt"/>
          <line num="44" count="1" type="stmt"/>
          <line num="45" count="1" type="stmt"/>
          <line num="46" count="1" type="stmt"/>
          <line num="47" count="1" type="stmt"/>
          <line num="52" count="1" type="stmt"/>
          <line num="53" count="1" type="stmt"/>
          <line num="57" count="0" type="cond" truecount="0" falsecount="2"/>
          <line num="58" count="0" type="cond" truecount="0" falsecount="2"/>
          <line num="59" count="0" type="stmt"/>
          <line num="62" count="0" type="cond" truecount="0" falsecount="2"/>
          <line num="63" count="0" type="stmt"/>
          <line num="68" count="0" type="cond" truecount="0" falsecount="2"/>
          <line num="69" count="0" type="stmt"/>
          <line num="74" count="0" type="cond" truecount="0" falsecount="2"/>
          <line num="75" count="0" type="stmt"/>
          <line num="82" count="0" type="cond" truecount="0" falsecount="2"/>
          <line num="83" count="0" type="stmt"/>
          <line num="88" count="0" type="cond" truecount="0" falsecount="2"/>
          <line num="89" count="0" type="stmt"/>
          <line num="94" count="0" type="cond" truecount="0" falsecount="2"/>
          <line num="95" count="0" type="stmt"/>
          <line num="98" count="0" type="cond" truecount="0" falsecount="2"/>
          <line num="99" count="0" type="stmt"/>
          <line num="102" count="0" type="cond" truecount="0" falsecount="2"/>
          <line num="103" count="0" type="stmt"/>
          <line num="106" count="0" type="cond" truecount="0" falsecount="2"/>
          <line num="107" count="0" type="stmt"/>
          <line num="110" count="0" type="cond" truecount="0" falsecount="2"/>
          <line num="111" count="0" type="stmt"/>
          <line num="117" count="6" type="cond" truecount="2" falsecount="3"/>
          <line num="118" count="0" type="stmt"/>
          <line num="119" count="0" type="stmt"/>
          <line num="120" count="0" type="stmt"/>
          <line num="121" count="0" type="stmt"/>
          <line num="125" count="0" type="stmt"/>
          <line num="126" count="6" type="cond" truecount="1" falsecount="1"/>
          <line num="127" count="0" type="stmt"/>
          <line num="128" count="0" type="stmt"/>
          <line num="129" count="0" type="stmt"/>
          <line num="131" count="6" type="stmt"/>
          <line num="136" count="0" type="cond" truecount="0" falsecount="2"/>
          <line num="137" count="0" type="stmt"/>
          <line num="141" count="0" type="cond" truecount="0" falsecount="2"/>
          <line num="142" count="0" type="stmt"/>
          <line num="144" count="0" type="stmt"/>
          <line num="149" count="0" type="stmt"/>
          <line num="150" count="0" type="stmt"/>
          <line num="151" count="0" type="stmt"/>
          <line num="152" count="0" type="stmt"/>
          <line num="157" count="0" type="cond" truecount="0" falsecount="2"/>
          <line num="158" count="0" type="stmt"/>
          <line num="162" count="0" type="stmt"/>
          <line num="167" count="0" type="cond" truecount="0" falsecount="2"/>
          <line num="168" count="0" type="stmt"/>
          <line num="172" count="0" type="stmt"/>
          <line num="177" count="0" type="stmt"/>
          <line num="181" count="0" type="stmt"/>
          <line num="182" count="0" type="stmt"/>
          <line num="184" count="0" type="cond" truecount="0" falsecount="2"/>
          <line num="185" count="0" type="stmt"/>
          <line num="186" count="0" type="stmt"/>
          <line num="189" count="0" type="cond" truecount="0" falsecount="2"/>
          <line num="190" count="0" type="stmt"/>
          <line num="191" count="0" type="stmt"/>
          <line num="194" count="0" type="cond" truecount="0" falsecount="2"/>
          <line num="199" count="0" type="stmt"/>
          <line num="200" count="0" type="stmt"/>
          <line num="203" count="0" type="stmt"/>
          <line num="204" count="0" type="stmt"/>
          <line num="208" count="0" type="stmt"/>
          <line num="210" count="0" type="stmt"/>
          <line num="212" count="0" type="cond" truecount="0" falsecount="2"/>
          <line num="213" count="0" type="stmt"/>
          <line num="215" count="0" type="stmt"/>
          <line num="229" count="0" type="stmt"/>
          <line num="234" count="0" type="stmt"/>
          <line num="238" count="0" type="stmt"/>
          <line num="249" count="7" type="stmt"/>
          <line num="251" count="7" type="stmt"/>
          <line num="252" count="0" type="stmt"/>
          <line num="259" count="7" type="stmt"/>
          <line num="260" count="0" type="stmt"/>
          <line num="267" count="7" type="stmt"/>
          <line num="268" count="0" type="stmt"/>
          <line num="279" count="7" type="cond" truecount="1" falsecount="1"/>
          <line num="285" count="0" type="stmt"/>
          <line num="286" count="0" type="cond" truecount="0" falsecount="2"/>
          <line num="287" count="0" type="stmt"/>
          <line num="289" count="0" type="stmt"/>
          <line num="294" count="7" type="stmt"/>
          <line num="352" count="0" type="stmt"/>
          <line num="372" count="0" type="stmt"/>
        </file>
      </package>
      <package name="src.components.workshopModule.workshopList">
        <metrics statements="35" coveredstatements="23" conditionals="10" coveredconditionals="5" methods="13" coveredmethods="8"/>
        <file name="index.js" path="/Users/mabelhernandez/repos/learning-together/src/components/workshopModule/workshopList/index.js">
          <metrics statements="0" coveredstatements="0" conditionals="0" coveredconditionals="0" methods="0" coveredmethods="0"/>
        </file>
        <file name="workshopList.js" path="/Users/mabelhernandez/repos/learning-together/src/components/workshopModule/workshopList/workshopList.js">
          <metrics statements="35" coveredstatements="23" conditionals="10" coveredconditionals="5" methods="13" coveredmethods="8"/>
          <line num="14" count="3" type="stmt"/>
          <line num="15" count="3" type="stmt"/>
          <line num="23" count="3" type="stmt"/>
          <line num="24" count="3" type="stmt"/>
          <line num="30" count="3" type="stmt"/>
          <line num="34" count="3" type="stmt"/>
          <line num="38" count="3" type="stmt"/>
          <line num="44" count="9" type="cond" truecount="1" falsecount="1"/>
          <line num="47" count="0" type="stmt"/>
          <line num="48" count="0" type="stmt"/>
          <line num="52" count="0" type="stmt"/>
          <line num="60" count="2" type="stmt"/>
          <line num="61" count="2" type="cond" truecount="2" falsecount="0"/>
          <line num="62" count="1" type="stmt"/>
          <line num="67" count="1" type="stmt"/>
          <line num="75" count="1" type="stmt"/>
          <line num="76" count="1" type="cond" truecount="1" falsecount="1"/>
          <line num="77" count="1" type="stmt"/>
          <line num="81" count="0" type="stmt"/>
          <line num="88" count="1" type="stmt"/>
          <line num="89" count="1" type="stmt"/>
          <line num="90" count="0" type="cond" truecount="0" falsecount="2"/>
          <line num="91" count="0" type="stmt"/>
          <line num="94" count="1" type="stmt"/>
          <line num="95" count="0" type="stmt"/>
          <line num="96" count="0" type="stmt"/>
          <line num="98" count="0" type="stmt"/>
          <line num="101" count="1" type="stmt"/>
          <line num="105" count="12" type="stmt"/>
          <line num="106" count="12" type="stmt"/>
          <line num="125" count="0" type="stmt"/>
          <line num="126" count="0" type="stmt"/>
          <line num="131" count="0" type="stmt"/>
          <line num="146" count="1" type="cond" truecount="1" falsecount="1"/>
          <line num="156" count="1" type="stmt"/>
        </file>
      </package>
      <package name="src.components.workshopModule.workshopPreview">
        <metrics statements="5" coveredstatements="1" conditionals="8" coveredconditionals="0" methods="1" coveredmethods="0"/>
        <file name="index.js" path="/Users/mabelhernandez/repos/learning-together/src/components/workshopModule/workshopPreview/index.js">
          <metrics statements="0" coveredstatements="0" conditionals="0" coveredconditionals="0" methods="0" coveredmethods="0"/>
        </file>
        <file name="workshopPreview.js" path="/Users/mabelhernandez/repos/learning-together/src/components/workshopModule/workshopPreview/workshopPreview.js">
          <metrics statements="5" coveredstatements="1" conditionals="8" coveredconditionals="0" methods="1" coveredmethods="0"/>
          <line num="6" count="4" type="stmt"/>
          <line num="7" count="0" type="cond" truecount="0" falsecount="2"/>
          <line num="8" count="0" type="cond" truecount="0" falsecount="2"/>
          <line num="9" count="0" type="cond" truecount="0" falsecount="2"/>
          <line num="11" count="0" type="stmt"/>
        </file>
      </package>
      <package name="src.services">
        <metrics statements="48" coveredstatements="2" conditionals="2" coveredconditionals="0" methods="16" coveredmethods="0"/>
        <file name="config.js" path="/Users/mabelhernandez/repos/learning-together/src/services/config.js">
          <metrics statements="1" coveredstatements="1" conditionals="0" coveredconditionals="0" methods="0" coveredmethods="0"/>
          <line num="1" count="16" type="stmt"/>
        </file>
        <file name="graph.service.js" path="/Users/mabelhernandez/repos/learning-together/src/services/graph.service.js">
          <metrics statements="16" coveredstatements="1" conditionals="0" coveredconditionals="0" methods="6" coveredmethods="0"/>
          <line num="2" count="3" type="stmt"/>
          <line num="6" count="0" type="stmt"/>
          <line num="9" count="0" type="stmt"/>
          <line num="12" count="0" type="stmt"/>
          <line num="16" count="0" type="stmt"/>
          <line num="17" count="0" type="stmt"/>
          <line num="18" count="0" type="stmt"/>
          <line num="22" count="0" type="stmt"/>
          <line num="23" count="0" type="stmt"/>
          <line num="29" count="0" type="stmt"/>
          <line num="33" count="0" type="stmt"/>
          <line num="34" count="0" type="stmt"/>
          <line num="38" count="0" type="stmt"/>
          <line num="42" count="0" type="stmt"/>
          <line num="43" count="0" type="stmt"/>
          <line num="46" count="0" type="stmt"/>
        </file>
        <file name="msalUtils.js" path="/Users/mabelhernandez/repos/learning-together/src/services/msalUtils.js">
          <metrics statements="11" coveredstatements="0" conditionals="2" coveredconditionals="0" methods="6" coveredmethods="0"/>
          <line num="5" count="0" type="stmt"/>
          <line num="7" count="0" type="stmt"/>
          <line num="10" count="0" type="stmt"/>
          <line num="15" count="0" type="stmt"/>
          <line num="16" count="0" type="stmt"/>
          <line num="20" count="0" type="stmt"/>
          <line num="24" count="0" type="cond" truecount="0" falsecount="2"/>
          <line num="25" count="0" type="stmt"/>
          <line num="26" count="0" type="stmt"/>
          <line num="27" count="0" type="stmt"/>
          <line num="30" count="0" type="stmt"/>
        </file>
        <file name="outlookUtils.js" path="/Users/mabelhernandez/repos/learning-together/src/services/outlookUtils.js">
          <metrics statements="20" coveredstatements="0" conditionals="0" coveredconditionals="0" methods="4" coveredmethods="0"/>
          <line num="6" count="0" type="stmt"/>
          <line num="10" count="0" type="stmt"/>
          <line num="11" count="0" type="stmt"/>
          <line num="12" count="0" type="stmt"/>
          <line num="31" count="0" type="stmt"/>
          <line num="34" count="0" type="stmt"/>
          <line num="39" count="0" type="stmt"/>
          <line num="40" count="0" type="stmt"/>
          <line num="41" count="0" type="stmt"/>
          <line num="42" count="0" type="stmt"/>
          <line num="43" count="0" type="stmt"/>
          <line num="44" count="0" type="stmt"/>
          <line num="48" count="0" type="stmt"/>
          <line num="49" count="0" type="stmt"/>
          <line num="50" count="0" type="stmt"/>
          <line num="52" count="0" type="stmt"/>
          <line num="53" count="0" type="stmt"/>
          <line num="60" count="0" type="stmt"/>
          <line num="61" count="0" type="stmt"/>
          <line num="64" count="0" type="stmt"/>
        </file>
      </package>
    </metrics>
  </project>
</coverage>
