{"/Users/mabelhernandez/repos/learning-together/src/App.js": {"path":"/Users/mabelhernandez/repos/learning-together/src/App.js","statementMap":{"0":{"start":{"line":7,"column":0},"end":{"line":7,"column":121}},"1":{"start":{"line":10,"column":4},"end":{"line":12,"column":5}}},"fnMap":{"0":{"name":"(anonymous_0)","decl":{"start":{"line":9,"column":2},"end":{"line":9,"column":3}},"loc":{"start":{"line":9,"column":11},"end":{"line":13,"column":3}},"line":9}},"branchMap":{},"s":{"0":1,"1":1},"f":{"0":1},"b":{},"_coverageSchema":"332fd63041d2c1bcb487cc26dd0d5f7d97098a6c","hash":"88b0bcbf9a9e34b4b96677ad2c74b946c425d41d"}
,"/Users/mabelhernandez/repos/learning-together/src/UserProvider.js": {"path":"/Users/mabelhernandez/repos/learning-together/src/UserProvider.js","statementMap":{"0":{"start":{"line":3,"column":27},"end":{"line":3,"column":48}},"1":{"start":{"line":5,"column":28},"end":{"line":5,"column":48}},"2":{"start":{"line":9,"column":4},"end":{"line":9,"column":11}},"3":{"start":{"line":10,"column":4},"end":{"line":15,"column":5}},"4":{"start":{"line":13,"column":8},"end":{"line":13,"column":37}},"5":{"start":{"line":19,"column":4},"end":{"line":24,"column":5}}},"fnMap":{"0":{"name":"(anonymous_0)","decl":{"start":{"line":8,"column":2},"end":{"line":8,"column":3}},"loc":{"start":{"line":8,"column":16},"end":{"line":16,"column":3}},"line":8},"1":{"name":"(anonymous_1)","decl":{"start":{"line":12,"column":18},"end":{"line":12,"column":19}},"loc":{"start":{"line":12,"column":24},"end":{"line":14,"column":7}},"line":12},"2":{"name":"(anonymous_2)","decl":{"start":{"line":18,"column":2},"end":{"line":18,"column":3}},"loc":{"start":{"line":18,"column":11},"end":{"line":25,"column":3}},"line":18}},"branchMap":{},"s":{"0":2,"1":2,"2":1,"3":1,"4":0,"5":1},"f":{"0":1,"1":0,"2":1},"b":{},"_coverageSchema":"332fd63041d2c1bcb487cc26dd0d5f7d97098a6c","hash":"2a251d596c58ad735f71f9a7a6d6958bb59df23a"}
,"/Users/mabelhernandez/repos/learning-together/src/api.js": {"path":"/Users/mabelhernandez/repos/learning-together/src/api.js","statementMap":{"0":{"start":{"line":4,"column":4},"end":{"line":4,"column":84}},"1":{"start":{"line":5,"column":2},"end":{"line":14,"column":5}},"2":{"start":{"line":6,"column":4},"end":{"line":13,"column":9}},"3":{"start":{"line":9,"column":8},"end":{"line":9,"column":27}},"4":{"start":{"line":12,"column":8},"end":{"line":12,"column":24}},"5":{"start":{"line":19,"column":4},"end":{"line":19,"column":80}},"6":{"start":{"line":20,"column":2},"end":{"line":29,"column":5}},"7":{"start":{"line":21,"column":4},"end":{"line":28,"column":9}},"8":{"start":{"line":24,"column":8},"end":{"line":24,"column":27}},"9":{"start":{"line":27,"column":8},"end":{"line":27,"column":24}},"10":{"start":{"line":34,"column":4},"end":{"line":34,"column":88}},"11":{"start":{"line":35,"column":2},"end":{"line":42,"column":7}},"12":{"start":{"line":38,"column":6},"end":{"line":38,"column":27}},"13":{"start":{"line":41,"column":6},"end":{"line":41,"column":19}},"14":{"start":{"line":44,"column":31},"end":{"line":50,"column":1}},"15":{"start":{"line":45,"column":19},"end":{"line":45,"column":54}},"16":{"start":{"line":46,"column":2},"end":{"line":49,"column":4}},"17":{"start":{"line":52,"column":27},"end":{"line":62,"column":1}},"18":{"start":{"line":53,"column":14},"end":{"line":53,"column":91}},"19":{"start":{"line":54,"column":2},"end":{"line":61,"column":7}},"20":{"start":{"line":57,"column":6},"end":{"line":57,"column":25}},"21":{"start":{"line":60,"column":6},"end":{"line":60,"column":22}},"22":{"start":{"line":64,"column":30},"end":{"line":81,"column":1}},"23":{"start":{"line":65,"column":16},"end":{"line":65,"column":47}},"24":{"start":{"line":66,"column":14},"end":{"line":66,"column":98}},"25":{"start":{"line":67,"column":2},"end":{"line":80,"column":7}},"26":{"start":{"line":76,"column":6},"end":{"line":76,"column":25}},"27":{"start":{"line":79,"column":6},"end":{"line":79,"column":22}},"28":{"start":{"line":83,"column":32},"end":{"line":100,"column":1}},"29":{"start":{"line":84,"column":16},"end":{"line":84,"column":47}},"30":{"start":{"line":85,"column":14},"end":{"line":85,"column":98}},"31":{"start":{"line":86,"column":2},"end":{"line":99,"column":7}},"32":{"start":{"line":95,"column":6},"end":{"line":95,"column":25}},"33":{"start":{"line":98,"column":6},"end":{"line":98,"column":22}},"34":{"start":{"line":102,"column":23},"end":{"line":107,"column":1}},"35":{"start":{"line":103,"column":2},"end":{"line":106,"column":4}},"36":{"start":{"line":110,"column":30},"end":{"line":131,"column":1}},"37":{"start":{"line":111,"column":16},"end":{"line":111,"column":47}},"38":{"start":{"line":112,"column":2},"end":{"line":130,"column":7}},"39":{"start":{"line":124,"column":6},"end":{"line":124,"column":28}},"40":{"start":{"line":125,"column":6},"end":{"line":125,"column":22}},"41":{"start":{"line":129,"column":6},"end":{"line":129,"column":25}},"42":{"start":{"line":133,"column":30},"end":{"line":135,"column":1}},"43":{"start":{"line":134,"column":2},"end":{"line":134,"column":66}},"44":{"start":{"line":138,"column":4},"end":{"line":138,"column":78}},"45":{"start":{"line":139,"column":2},"end":{"line":146,"column":7}},"46":{"start":{"line":142,"column":6},"end":{"line":142,"column":25}},"47":{"start":{"line":145,"column":6},"end":{"line":145,"column":22}},"48":{"start":{"line":149,"column":31},"end":{"line":154,"column":1}},"49":{"start":{"line":150,"column":2},"end":{"line":153,"column":4}},"50":{"start":{"line":156,"column":31},"end":{"line":165,"column":1}},"51":{"start":{"line":157,"column":14},"end":{"line":157,"column":85}},"52":{"start":{"line":158,"column":2},"end":{"line":164,"column":6}},"53":{"start":{"line":160,"column":6},"end":{"line":160,"column":24}},"54":{"start":{"line":163,"column":6},"end":{"line":163,"column":21}},"55":{"start":{"line":167,"column":28},"end":{"line":176,"column":1}},"56":{"start":{"line":168,"column":14},"end":{"line":168,"column":81}},"57":{"start":{"line":169,"column":2},"end":{"line":175,"column":6}},"58":{"start":{"line":171,"column":6},"end":{"line":171,"column":24}},"59":{"start":{"line":174,"column":6},"end":{"line":174,"column":21}}},"fnMap":{"0":{"name":"signIn","decl":{"start":{"line":2,"column":22},"end":{"line":2,"column":28}},"loc":{"start":{"line":2,"column":45},"end":{"line":15,"column":1}},"line":2},"1":{"name":"(anonymous_1)","decl":{"start":{"line":5,"column":21},"end":{"line":5,"column":22}},"loc":{"start":{"line":5,"column":42},"end":{"line":14,"column":3}},"line":5},"2":{"name":"(anonymous_2)","decl":{"start":{"line":8,"column":12},"end":{"line":8,"column":13}},"loc":{"start":{"line":8,"column":24},"end":{"line":10,"column":7}},"line":8},"3":{"name":"(anonymous_3)","decl":{"start":{"line":11,"column":13},"end":{"line":11,"column":14}},"loc":{"start":{"line":11,"column":22},"end":{"line":13,"column":7}},"line":11},"4":{"name":"signUp","decl":{"start":{"line":17,"column":16},"end":{"line":17,"column":22}},"loc":{"start":{"line":17,"column":39},"end":{"line":30,"column":1}},"line":17},"5":{"name":"(anonymous_5)","decl":{"start":{"line":20,"column":21},"end":{"line":20,"column":22}},"loc":{"start":{"line":20,"column":42},"end":{"line":29,"column":3}},"line":20},"6":{"name":"(anonymous_6)","decl":{"start":{"line":23,"column":12},"end":{"line":23,"column":13}},"loc":{"start":{"line":23,"column":24},"end":{"line":25,"column":7}},"line":23},"7":{"name":"(anonymous_7)","decl":{"start":{"line":26,"column":13},"end":{"line":26,"column":14}},"loc":{"start":{"line":26,"column":22},"end":{"line":28,"column":7}},"line":26},"8":{"name":"loadCategories","decl":{"start":{"line":32,"column":22},"end":{"line":32,"column":36}},"loc":{"start":{"line":32,"column":39},"end":{"line":43,"column":1}},"line":32},"9":{"name":"(anonymous_9)","decl":{"start":{"line":37,"column":10},"end":{"line":37,"column":11}},"loc":{"start":{"line":37,"column":22},"end":{"line":39,"column":5}},"line":37},"10":{"name":"(anonymous_10)","decl":{"start":{"line":40,"column":11},"end":{"line":40,"column":12}},"loc":{"start":{"line":40,"column":20},"end":{"line":42,"column":5}},"line":40},"11":{"name":"(anonymous_11)","decl":{"start":{"line":44,"column":31},"end":{"line":44,"column":32}},"loc":{"start":{"line":44,"column":39},"end":{"line":50,"column":1}},"line":44},"12":{"name":"(anonymous_12)","decl":{"start":{"line":52,"column":27},"end":{"line":52,"column":28}},"loc":{"start":{"line":52,"column":45},"end":{"line":62,"column":1}},"line":52},"13":{"name":"(anonymous_13)","decl":{"start":{"line":56,"column":10},"end":{"line":56,"column":11}},"loc":{"start":{"line":56,"column":22},"end":{"line":58,"column":5}},"line":56},"14":{"name":"(anonymous_14)","decl":{"start":{"line":59,"column":11},"end":{"line":59,"column":12}},"loc":{"start":{"line":59,"column":20},"end":{"line":61,"column":5}},"line":59},"15":{"name":"(anonymous_15)","decl":{"start":{"line":64,"column":30},"end":{"line":64,"column":31}},"loc":{"start":{"line":64,"column":48},"end":{"line":81,"column":1}},"line":64},"16":{"name":"(anonymous_16)","decl":{"start":{"line":75,"column":10},"end":{"line":75,"column":11}},"loc":{"start":{"line":75,"column":22},"end":{"line":77,"column":5}},"line":75},"17":{"name":"(anonymous_17)","decl":{"start":{"line":78,"column":11},"end":{"line":78,"column":12}},"loc":{"start":{"line":78,"column":20},"end":{"line":80,"column":5}},"line":78},"18":{"name":"(anonymous_18)","decl":{"start":{"line":83,"column":32},"end":{"line":83,"column":33}},"loc":{"start":{"line":83,"column":50},"end":{"line":100,"column":1}},"line":83},"19":{"name":"(anonymous_19)","decl":{"start":{"line":94,"column":10},"end":{"line":94,"column":11}},"loc":{"start":{"line":94,"column":22},"end":{"line":96,"column":5}},"line":94},"20":{"name":"(anonymous_20)","decl":{"start":{"line":97,"column":11},"end":{"line":97,"column":12}},"loc":{"start":{"line":97,"column":20},"end":{"line":99,"column":5}},"line":97},"21":{"name":"(anonymous_21)","decl":{"start":{"line":102,"column":23},"end":{"line":102,"column":24}},"loc":{"start":{"line":102,"column":31},"end":{"line":107,"column":1}},"line":102},"22":{"name":"(anonymous_22)","decl":{"start":{"line":110,"column":30},"end":{"line":110,"column":31}},"loc":{"start":{"line":110,"column":38},"end":{"line":131,"column":1}},"line":110},"23":{"name":"(anonymous_23)","decl":{"start":{"line":122,"column":10},"end":{"line":122,"column":11}},"loc":{"start":{"line":122,"column":30},"end":{"line":126,"column":5}},"line":122},"24":{"name":"(anonymous_24)","decl":{"start":{"line":127,"column":11},"end":{"line":127,"column":12}},"loc":{"start":{"line":127,"column":28},"end":{"line":130,"column":5}},"line":127},"25":{"name":"(anonymous_25)","decl":{"start":{"line":133,"column":30},"end":{"line":133,"column":31}},"loc":{"start":{"line":133,"column":36},"end":{"line":135,"column":1}},"line":133},"26":{"name":"uploadImage","decl":{"start":{"line":136,"column":16},"end":{"line":136,"column":27}},"loc":{"start":{"line":136,"column":44},"end":{"line":147,"column":1}},"line":136},"27":{"name":"(anonymous_27)","decl":{"start":{"line":141,"column":10},"end":{"line":141,"column":11}},"loc":{"start":{"line":141,"column":22},"end":{"line":143,"column":5}},"line":141},"28":{"name":"(anonymous_28)","decl":{"start":{"line":144,"column":11},"end":{"line":144,"column":12}},"loc":{"start":{"line":144,"column":20},"end":{"line":146,"column":5}},"line":144},"29":{"name":"(anonymous_29)","decl":{"start":{"line":149,"column":31},"end":{"line":149,"column":32}},"loc":{"start":{"line":149,"column":37},"end":{"line":154,"column":1}},"line":149},"30":{"name":"(anonymous_30)","decl":{"start":{"line":156,"column":31},"end":{"line":156,"column":32}},"loc":{"start":{"line":156,"column":45},"end":{"line":165,"column":1}},"line":156},"31":{"name":"(anonymous_31)","decl":{"start":{"line":159,"column":10},"end":{"line":159,"column":11}},"loc":{"start":{"line":159,"column":22},"end":{"line":161,"column":5}},"line":159},"32":{"name":"(anonymous_32)","decl":{"start":{"line":162,"column":11},"end":{"line":162,"column":12}},"loc":{"start":{"line":162,"column":20},"end":{"line":164,"column":5}},"line":162},"33":{"name":"(anonymous_33)","decl":{"start":{"line":167,"column":28},"end":{"line":167,"column":29}},"loc":{"start":{"line":167,"column":42},"end":{"line":176,"column":1}},"line":167},"34":{"name":"(anonymous_34)","decl":{"start":{"line":170,"column":10},"end":{"line":170,"column":11}},"loc":{"start":{"line":170,"column":22},"end":{"line":172,"column":5}},"line":170},"35":{"name":"(anonymous_35)","decl":{"start":{"line":173,"column":11},"end":{"line":173,"column":12}},"loc":{"start":{"line":173,"column":20},"end":{"line":175,"column":5}},"line":173}},"branchMap":{"0":{"loc":{"start":{"line":45,"column":19},"end":{"line":45,"column":54}},"type":"cond-expr","locations":[{"start":{"line":45,"column":24},"end":{"line":45,"column":49}},{"start":{"line":45,"column":52},"end":{"line":45,"column":54}}],"line":45}},"s":{"0":0,"1":0,"2":0,"3":0,"4":0,"5":0,"6":0,"7":0,"8":0,"9":0,"10":1,"11":1,"12":0,"13":0,"14":4,"15":1,"16":1,"17":4,"18":0,"19":0,"20":0,"21":0,"22":4,"23":0,"24":0,"25":0,"26":0,"27":0,"28":4,"29":0,"30":0,"31":0,"32":0,"33":0,"34":4,"35":0,"36":4,"37":0,"38":0,"39":0,"40":0,"41":0,"42":4,"43":0,"44":0,"45":0,"46":0,"47":0,"48":4,"49":1,"50":4,"51":5,"52":5,"53":0,"54":0,"55":4,"56":4,"57":4,"58":0,"59":0},"f":{"0":0,"1":0,"2":0,"3":0,"4":0,"5":0,"6":0,"7":0,"8":1,"9":0,"10":0,"11":1,"12":0,"13":0,"14":0,"15":0,"16":0,"17":0,"18":0,"19":0,"20":0,"21":0,"22":0,"23":0,"24":0,"25":0,"26":0,"27":0,"28":0,"29":1,"30":5,"31":0,"32":0,"33":4,"34":0,"35":0},"b":{"0":[0,1]},"_coverageSchema":"332fd63041d2c1bcb487cc26dd0d5f7d97098a6c","hash":"174c32ce46aac54cde2d15766e9ca118434fa53a"}
,"/Users/mabelhernandez/repos/learning-together/src/index.js": {"path":"/Users/mabelhernandez/repos/learning-together/src/index.js","statementMap":{"0":{"start":{"line":1,"column":0},"end":{"line":null,"column":-1}},"1":{"start":{"line":2,"column":0},"end":{"line":null,"column":-1}},"2":{"start":{"line":3,"column":0},"end":{"line":null,"column":-1}},"3":{"start":{"line":4,"column":0},"end":{"line":null,"column":-1}},"4":{"start":{"line":6,"column":0},"end":{"line":null,"column":-1}},"5":{"start":{"line":9,"column":0},"end":{"line":null,"column":-1}}},"fnMap":{},"branchMap":{},"s":{"0":0,"1":0,"2":0,"3":0,"4":0,"5":0},"f":{},"b":{}}
,"/Users/mabelhernandez/repos/learning-together/src/selectors.js": {"path":"/Users/mabelhernandez/repos/learning-together/src/selectors.js","statementMap":{"0":{"start":{"line":2,"column":20},"end":{"line":2,"column":25}},"1":{"start":{"line":3,"column":18},"end":{"line":3,"column":50}},"2":{"start":{"line":4,"column":2},"end":{"line":8,"column":3}},"3":{"start":{"line":5,"column":4},"end":{"line":7,"column":5}},"4":{"start":{"line":6,"column":6},"end":{"line":6,"column":24}},"5":{"start":{"line":9,"column":2},"end":{"line":9,"column":20}}},"fnMap":{"0":{"name":"filterAttendees","decl":{"start":{"line":1,"column":16},"end":{"line":1,"column":31}},"loc":{"start":{"line":1,"column":50},"end":{"line":10,"column":1}},"line":1}},"branchMap":{"0":{"loc":{"start":{"line":3,"column":18},"end":{"line":3,"column":50}},"type":"binary-expr","locations":[{"start":{"line":3,"column":18},"end":{"line":3,"column":44}},{"start":{"line":3,"column":48},"end":{"line":3,"column":50}}],"line":3},"1":{"loc":{"start":{"line":5,"column":4},"end":{"line":7,"column":5}},"type":"if","locations":[{"start":{"line":5,"column":4},"end":{"line":7,"column":5}},{"start":{"line":5,"column":4},"end":{"line":7,"column":5}}],"line":5}},"s":{"0":0,"1":0,"2":0,"3":0,"4":0,"5":0},"f":{"0":0},"b":{"0":[0,0],"1":[0,0]},"_coverageSchema":"332fd63041d2c1bcb487cc26dd0d5f7d97098a6c","hash":"acdc035fdad86d4038d72eb0c4310718bf6e4600"}
,"/Users/mabelhernandez/repos/learning-together/src/serviceWorker.js": {"path":"/Users/mabelhernandez/repos/learning-together/src/serviceWorker.js","statementMap":{"0":{"start":{"line":13,"column":20},"end":{"line":13,"column":0}},"1":{"start":{"line":24,"column":2},"end":{"line":54,"column":3}},"2":{"start":{"line":26,"column":22},"end":{"line":26,"column":4}},"3":{"start":{"line":27,"column":4},"end":{"line":32,"column":5}},"4":{"start":{"line":31,"column":6},"end":{"line":null,"column":-1}},"5":{"start":{"line":34,"column":4},"end":{"line":null,"column":-1}},"6":{"start":{"line":35,"column":21},"end":{"line":35,"column":6}},"7":{"start":{"line":37,"column":6},"end":{"line":52,"column":7}},"8":{"start":{"line":39,"column":8},"end":{"line":37,"column":23}},"9":{"start":{"line":43,"column":8},"end":{"line":null,"column":-1}},"10":{"start":{"line":44,"column":10},"end":{"line":null,"column":-1}},"11":{"start":{"line":51,"column":8},"end":{"line":null,"column":-1}},"12":{"start":{"line":58,"column":2},"end":{"line":null,"column":-1}},"13":{"start":{"line":61,"column":6},"end":{"line":null,"column":-1}},"14":{"start":{"line":62,"column":33},"end":{"line":62,"column":8}},"15":{"start":{"line":63,"column":8},"end":{"line":65,"column":9}},"16":{"start":{"line":64,"column":10},"end":{"line":null,"column":-1}},"17":{"start":{"line":66,"column":8},"end":{"line":null,"column":-1}},"18":{"start":{"line":67,"column":10},"end":{"line":92,"column":11}},"19":{"start":{"line":68,"column":12},"end":{"line":91,"column":13}},"20":{"start":{"line":72,"column":14},"end":{"line":68,"column":52}},"21":{"start":{"line":78,"column":14},"end":{"line":80,"column":15}},"22":{"start":{"line":79,"column":16},"end":{"line":null,"column":-1}},"23":{"start":{"line":85,"column":14},"end":{"line":81,"column":19}},"24":{"start":{"line":88,"column":14},"end":{"line":90,"column":15}},"25":{"start":{"line":89,"column":16},"end":{"line":null,"column":-1}},"26":{"start":{"line":97,"column":6},"end":{"line":null,"column":-1}},"27":{"start":{"line":103,"column":2},"end":{"line":null,"column":-1}},"28":{"start":{"line":106,"column":26},"end":{"line":106,"column":6}},"29":{"start":{"line":107,"column":6},"end":{"line":120,"column":7}},"30":{"start":{"line":112,"column":8},"end":{"line":null,"column":-1}},"31":{"start":{"line":113,"column":10},"end":{"line":null,"column":-1}},"32":{"start":{"line":114,"column":12},"end":{"line":null,"column":-1}},"33":{"start":{"line":119,"column":8},"end":{"line":null,"column":-1}},"34":{"start":{"line":123,"column":6},"end":{"line":null,"column":-1}},"35":{"start":{"line":130,"column":2},"end":{"line":134,"column":3}},"36":{"start":{"line":131,"column":4},"end":{"line":null,"column":-1}},"37":{"start":{"line":132,"column":6},"end":{"line":null,"column":-1}}},"fnMap":{"0":{"name":"register","decl":{"start":{"line":23,"column":16},"end":{"line":23,"column":7}},"loc":{"start":{"line":23,"column":33},"end":{"line":55,"column":1}}},"1":{"name":"(anonymous_1)","decl":{"start":{"line":34,"column":36},"end":{"line":34,"column":41}},"loc":{"start":{"line":34,"column":42},"end":{"line":34,"column":4}}},"2":{"name":"(anonymous_2)","decl":{"start":{"line":43,"column":43},"end":{"line":43,"column":48}},"loc":{"start":{"line":43,"column":49},"end":{"line":43,"column":8}}},"3":{"name":"registerValidSW","decl":{"start":{"line":57,"column":9},"end":{"line":57,"column":0}},"loc":{"start":{"line":57,"column":40},"end":{"line":99,"column":1}}},"4":{"name":"(anonymous_4)","decl":{"start":{"line":60,"column":10},"end":{"line":60,"column":21}},"loc":{"start":{"line":60,"column":26},"end":{"line":58,"column":2}}},"5":{"name":"(anonymous_5)","decl":{"start":{"line":61,"column":35},"end":{"line":61,"column":40}},"loc":{"start":{"line":61,"column":41},"end":{"line":61,"column":6}}},"6":{"name":"(anonymous_6)","decl":{"start":{"line":66,"column":41},"end":{"line":66,"column":46}},"loc":{"start":{"line":66,"column":47},"end":{"line":66,"column":8}}},"7":{"name":"(anonymous_7)","decl":{"start":{"line":96,"column":11},"end":{"line":96,"column":15}},"loc":{"start":{"line":96,"column":20},"end":{"line":58,"column":2}}},"8":{"name":"checkValidServiceWorker","decl":{"start":{"line":101,"column":9},"end":{"line":101,"column":0}},"loc":{"start":{"line":101,"column":48},"end":{"line":127,"column":1}}},"9":{"name":"(anonymous_9)","decl":{"start":{"line":104,"column":10},"end":{"line":104,"column":17}},"loc":{"start":{"line":104,"column":22},"end":{"line":103,"column":2}}},"10":{"name":"(anonymous_10)","decl":{"start":{"line":112,"column":43},"end":{"line":112,"column":54}},"loc":{"start":{"line":112,"column":59},"end":{"line":112,"column":8}}},"11":{"name":"(anonymous_11)","decl":{"start":{"line":113,"column":41},"end":{"line":113,"column":46}},"loc":{"start":{"line":113,"column":47},"end":{"line":113,"column":10}}},"12":{"name":"(anonymous_12)","decl":{"start":{"line":122,"column":11},"end":{"line":122,"column":16}},"loc":{"start":{"line":122,"column":17},"end":{"line":103,"column":2}}},"13":{"name":"unregister","decl":{"start":{"line":129,"column":16},"end":{"line":129,"column":7}},"loc":{"start":{"line":129,"column":29},"end":{"line":135,"column":1}}},"14":{"name":"(anonymous_14)","decl":{"start":{"line":131,"column":39},"end":{"line":131,"column":50}},"loc":{"start":{"line":131,"column":55},"end":{"line":131,"column":4}}}},"branchMap":{"0":{"loc":{"start":{"line":14,"column":2},"end":{"line":14,"column":1}},"type":"binary-expr","locations":[{"start":{"line":14,"column":2},"end":{"line":14,"column":1}},{"start":{"line":16,"column":4},"end":{"line":14,"column":2}},{"start":{"line":18,"column":4},"end":{"line":13,"column":27}}]},"1":{"loc":{"start":{"line":24,"column":2},"end":{"line":54,"column":3}},"type":"if","locations":[{"start":{"line":24,"column":2},"end":{"line":54,"column":3}},{"start":{"line":24,"column":2},"end":{"line":54,"column":3}}]},"2":{"loc":{"start":{"line":24,"column":6},"end":{"line":24,"column":5}},"type":"binary-expr","locations":[{"start":{"line":24,"column":6},"end":{"line":24,"column":5}},{"start":{"line":24,"column":47},"end":{"line":24,"column":2}}]},"3":{"loc":{"start":{"line":27,"column":4},"end":{"line":32,"column":5}},"type":"if","locations":[{"start":{"line":27,"column":4},"end":{"line":32,"column":5}},{"start":{"line":27,"column":4},"end":{"line":32,"column":5}}]},"4":{"loc":{"start":{"line":37,"column":6},"end":{"line":52,"column":7}},"type":"if","locations":[{"start":{"line":37,"column":6},"end":{"line":52,"column":7}},{"start":{"line":37,"column":6},"end":{"line":52,"column":7}}]},"5":{"loc":{"start":{"line":63,"column":8},"end":{"line":65,"column":9}},"type":"if","locations":[{"start":{"line":63,"column":8},"end":{"line":65,"column":9}},{"start":{"line":63,"column":8},"end":{"line":65,"column":9}}]},"6":{"loc":{"start":{"line":67,"column":10},"end":{"line":92,"column":11}},"type":"if","locations":[{"start":{"line":67,"column":10},"end":{"line":92,"column":11}},{"start":{"line":67,"column":10},"end":{"line":92,"column":11}}]},"7":{"loc":{"start":{"line":68,"column":12},"end":{"line":91,"column":13}},"type":"if","locations":[{"start":{"line":68,"column":12},"end":{"line":91,"column":13}},{"start":{"line":68,"column":12},"end":{"line":91,"column":13}}]},"8":{"loc":{"start":{"line":78,"column":14},"end":{"line":80,"column":15}},"type":"if","locations":[{"start":{"line":78,"column":14},"end":{"line":80,"column":15}},{"start":{"line":78,"column":14},"end":{"line":80,"column":15}}]},"9":{"loc":{"start":{"line":78,"column":18},"end":{"line":78,"column":24}},"type":"binary-expr","locations":[{"start":{"line":78,"column":18},"end":{"line":78,"column":24}},{"start":{"line":78,"column":28},"end":{"line":78,"column":14}}]},"10":{"loc":{"start":{"line":88,"column":14},"end":{"line":90,"column":15}},"type":"if","locations":[{"start":{"line":88,"column":14},"end":{"line":90,"column":15}},{"start":{"line":88,"column":14},"end":{"line":90,"column":15}}]},"11":{"loc":{"start":{"line":88,"column":18},"end":{"line":88,"column":24}},"type":"binary-expr","locations":[{"start":{"line":88,"column":18},"end":{"line":88,"column":24}},{"start":{"line":88,"column":28},"end":{"line":88,"column":14}}]},"12":{"loc":{"start":{"line":107,"column":6},"end":{"line":120,"column":7}},"type":"if","locations":[{"start":{"line":107,"column":6},"end":{"line":120,"column":7}},{"start":{"line":107,"column":6},"end":{"line":120,"column":7}}]},"13":{"loc":{"start":{"line":108,"column":8},"end":{"line":108,"column":7}},"type":"binary-expr","locations":[{"start":{"line":108,"column":8},"end":{"line":108,"column":7}},{"start":{"line":109,"column":9},"end":{"line":109,"column":8}},{"start":{"line":109,"column":32},"end":{"line":107,"column":6}}]},"14":{"loc":{"start":{"line":130,"column":2},"end":{"line":134,"column":3}},"type":"if","locations":[{"start":{"line":130,"column":2},"end":{"line":134,"column":3}},{"start":{"line":130,"column":2},"end":{"line":134,"column":3}}]}},"s":{"0":0,"1":0,"2":0,"3":0,"4":0,"5":0,"6":0,"7":0,"8":0,"9":0,"10":0,"11":0,"12":0,"13":0,"14":0,"15":0,"16":0,"17":0,"18":0,"19":0,"20":0,"21":0,"22":0,"23":0,"24":0,"25":0,"26":0,"27":0,"28":0,"29":0,"30":0,"31":0,"32":0,"33":0,"34":0,"35":0,"36":0,"37":0},"f":{"0":0,"1":0,"2":0,"3":0,"4":0,"5":0,"6":0,"7":0,"8":0,"9":0,"10":0,"11":0,"12":0,"13":0,"14":0},"b":{"0":[0,0,0],"1":[0,0],"2":[0,0],"3":[0,0],"4":[0,0],"5":[0,0],"6":[0,0],"7":[0,0],"8":[0,0],"9":[0,0],"10":[0,0],"11":[0,0],"12":[0,0],"13":[0,0,0],"14":[0,0]}}
,"/Users/mabelhernandez/repos/learning-together/src/setupTests.js": {"path":"/Users/mabelhernandez/repos/learning-together/src/setupTests.js","statementMap":{"0":{"start":{"line":4,"column":0},"end":{"line":4,"column":45}}},"fnMap":{},"branchMap":{},"s":{"0":4},"f":{},"b":{},"_coverageSchema":"332fd63041d2c1bcb487cc26dd0d5f7d97098a6c","hash":"507377b553473f74a292f4a740f6fd364d4b462b"}
,"/Users/mabelhernandez/repos/learning-together/src/components/index.js": {"path":"/Users/mabelhernandez/repos/learning-together/src/components/index.js","statementMap":{},"fnMap":{},"branchMap":{},"s":{},"f":{},"b":{},"_coverageSchema":"332fd63041d2c1bcb487cc26dd0d5f7d97098a6c","hash":"cf0931cd1001bc3cfba7fe0047ab2fa11c92d7bd"}
,"/Users/mabelhernandez/repos/learning-together/src/components/auth/index.js": {"path":"/Users/mabelhernandez/repos/learning-together/src/components/auth/index.js","statementMap":{},"fnMap":{},"branchMap":{},"s":{},"f":{},"b":{},"_coverageSchema":"332fd63041d2c1bcb487cc26dd0d5f7d97098a6c","hash":"7451fe3d53c73844755f908fc1f4d6d96f941b22"}
,"/Users/mabelhernandez/repos/learning-together/src/components/auth/unauthenticatedUserRoute/index.js": {"path":"/Users/mabelhernandez/repos/learning-together/src/components/auth/unauthenticatedUserRoute/index.js","statementMap":{},"fnMap":{},"branchMap":{},"s":{},"f":{},"b":{},"_coverageSchema":"332fd63041d2c1bcb487cc26dd0d5f7d97098a6c","hash":"bceffa3817bb5a0f845013ae0a64f74d4b492edd"}
,"/Users/mabelhernandez/repos/learning-together/src/components/auth/unauthenticatedUserRoute/unauthenticatedUserRoute.js": {"path":"/Users/mabelhernandez/repos/learning-together/src/components/auth/unauthenticatedUserRoute/unauthenticatedUserRoute.js","statementMap":{"0":{"start":{"line":4,"column":33},"end":{"line":15,"column":1}},"1":{"start":{"line":6,"column":16},"end":{"line":6,"column":47}},"2":{"start":{"line":7,"column":15},"end":{"line":7,"column":20}},"3":{"start":{"line":8,"column":2},"end":{"line":10,"column":3}},"4":{"start":{"line":9,"column":4},"end":{"line":9,"column":18}},"5":{"start":{"line":11,"column":2},"end":{"line":14,"column":3}},"6":{"start":{"line":13,"column":6},"end":{"line":13,"column":65}}},"fnMap":{"0":{"name":"(anonymous_0)","decl":{"start":{"line":4,"column":33},"end":{"line":4,"column":34}},"loc":{"start":{"line":4,"column":73},"end":{"line":15,"column":1}},"line":4},"1":{"name":"(anonymous_1)","decl":{"start":{"line":12,"column":31},"end":{"line":12,"column":32}},"loc":{"start":{"line":13,"column":6},"end":{"line":13,"column":65}},"line":13}},"branchMap":{"0":{"loc":{"start":{"line":8,"column":2},"end":{"line":10,"column":3}},"type":"if","locations":[{"start":{"line":8,"column":2},"end":{"line":10,"column":3}},{"start":{"line":8,"column":2},"end":{"line":10,"column":3}}],"line":8},"1":{"loc":{"start":{"line":13,"column":6},"end":{"line":13,"column":65}},"type":"cond-expr","locations":[{"start":{"line":13,"column":14},"end":{"line":13,"column":33}},{"start":{"line":13,"column":36},"end":{"line":13,"column":65}}],"line":13}},"s":{"0":1,"1":0,"2":0,"3":0,"4":0,"5":0,"6":0},"f":{"0":0,"1":0},"b":{"0":[0,0],"1":[0,0]},"_coverageSchema":"332fd63041d2c1bcb487cc26dd0d5f7d97098a6c","hash":"656eab9a2d93aa26e95a2a4bee9382415059ea1a"}
,"/Users/mabelhernandez/repos/learning-together/src/components/auth/userRoute/index.js": {"path":"/Users/mabelhernandez/repos/learning-together/src/components/auth/userRoute/index.js","statementMap":{},"fnMap":{},"branchMap":{},"s":{},"f":{},"b":{},"_coverageSchema":"332fd63041d2c1bcb487cc26dd0d5f7d97098a6c","hash":"82cdccf38f77e9908e52d0b078e608228750c043"}
,"/Users/mabelhernandez/repos/learning-together/src/components/auth/userRoute/userRoute.js": {"path":"/Users/mabelhernandez/repos/learning-together/src/components/auth/userRoute/userRoute.js","statementMap":{"0":{"start":{"line":4,"column":18},"end":{"line":13,"column":1}},"1":{"start":{"line":5,"column":16},"end":{"line":5,"column":47}},"2":{"start":{"line":6,"column":15},"end":{"line":6,"column":20}},"3":{"start":{"line":7,"column":2},"end":{"line":9,"column":3}},"4":{"start":{"line":8,"column":4},"end":{"line":8,"column":18}},"5":{"start":{"line":10,"column":2},"end":{"line":12,"column":4}},"6":{"start":{"line":11,"column":36},"end":{"line":11,"column":76}}},"fnMap":{"0":{"name":"(anonymous_0)","decl":{"start":{"line":4,"column":18},"end":{"line":4,"column":19}},"loc":{"start":{"line":4,"column":58},"end":{"line":13,"column":1}},"line":4},"1":{"name":"(anonymous_1)","decl":{"start":{"line":11,"column":30},"end":{"line":11,"column":31}},"loc":{"start":{"line":11,"column":36},"end":{"line":11,"column":76}},"line":11}},"branchMap":{"0":{"loc":{"start":{"line":7,"column":2},"end":{"line":9,"column":3}},"type":"if","locations":[{"start":{"line":7,"column":2},"end":{"line":9,"column":3}},{"start":{"line":7,"column":2},"end":{"line":9,"column":3}}],"line":7}},"s":{"0":1,"1":1,"2":1,"3":1,"4":0,"5":1,"6":1},"f":{"0":1,"1":1},"b":{"0":[0,1]},"_coverageSchema":"332fd63041d2c1bcb487cc26dd0d5f7d97098a6c","hash":"59d5a4b97085cc65f33ce6777c7324d4f3c7348f"}
,"/Users/mabelhernandez/repos/learning-together/src/components/categoryList/categoryList.js": {"path":"/Users/mabelhernandez/repos/learning-together/src/components/categoryList/categoryList.js","statementMap":{"0":{"start":{"line":9,"column":4},"end":{"line":9,"column":17}},"1":{"start":{"line":13,"column":29},"end":{"line":31,"column":6}},"2":{"start":{"line":14,"column":6},"end":{"line":30,"column":8}},"3":{"start":{"line":33,"column":4},"end":{"line":37,"column":6}},"4":{"start":{"line":43,"column":0},"end":{"line":45,"column":1}}},"fnMap":{"0":{"name":"(anonymous_0)","decl":{"start":{"line":8,"column":2},"end":{"line":8,"column":3}},"loc":{"start":{"line":8,"column":21},"end":{"line":10,"column":3}},"line":8},"1":{"name":"(anonymous_1)","decl":{"start":{"line":12,"column":2},"end":{"line":12,"column":3}},"loc":{"start":{"line":12,"column":11},"end":{"line":38,"column":3}},"line":12},"2":{"name":"(anonymous_2)","decl":{"start":{"line":13,"column":55},"end":{"line":13,"column":56}},"loc":{"start":{"line":13,"column":76},"end":{"line":31,"column":5}},"line":13}},"branchMap":{},"s":{"0":1,"1":1,"2":0,"3":1,"4":1},"f":{"0":1,"1":1,"2":0},"b":{},"_coverageSchema":"332fd63041d2c1bcb487cc26dd0d5f7d97098a6c","hash":"620b19148a313887d3603cab4718b6a0a4347a12"}
,"/Users/mabelhernandez/repos/learning-together/src/components/categoryList/index.js": {"path":"/Users/mabelhernandez/repos/learning-together/src/components/categoryList/index.js","statementMap":{},"fnMap":{},"branchMap":{},"s":{},"f":{},"b":{},"_coverageSchema":"332fd63041d2c1bcb487cc26dd0d5f7d97098a6c","hash":"52334d67ba95ff6acf3f78f4e8bc37ec53bb2884"}
,"/Users/mabelhernandez/repos/learning-together/src/components/confirmation/confirmation.js": {"path":"/Users/mabelhernandez/repos/learning-together/src/components/confirmation/confirmation.js","statementMap":{"0":{"start":{"line":7,"column":4},"end":{"line":7,"column":16}},"1":{"start":{"line":8,"column":4},"end":{"line":12,"column":5}},"2":{"start":{"line":16,"column":4},"end":{"line":18,"column":12}},"3":{"start":{"line":17,"column":6},"end":{"line":17,"column":39}},"4":{"start":{"line":22,"column":38},"end":{"line":22,"column":48}},"5":{"start":{"line":24,"column":4},"end":{"line":26,"column":5}},"6":{"start":{"line":25,"column":6},"end":{"line":25,"column":36}},"7":{"start":{"line":28,"column":4},"end":{"line":30,"column":5}}},"fnMap":{"0":{"name":"(anonymous_0)","decl":{"start":{"line":6,"column":2},"end":{"line":6,"column":3}},"loc":{"start":{"line":6,"column":21},"end":{"line":13,"column":3}},"line":6},"1":{"name":"(anonymous_1)","decl":{"start":{"line":15,"column":2},"end":{"line":15,"column":3}},"loc":{"start":{"line":15,"column":22},"end":{"line":19,"column":3}},"line":15},"2":{"name":"(anonymous_2)","decl":{"start":{"line":16,"column":15},"end":{"line":16,"column":16}},"loc":{"start":{"line":16,"column":21},"end":{"line":18,"column":5}},"line":16},"3":{"name":"(anonymous_3)","decl":{"start":{"line":21,"column":2},"end":{"line":21,"column":3}},"loc":{"start":{"line":21,"column":11},"end":{"line":31,"column":3}},"line":21}},"branchMap":{"0":{"loc":{"start":{"line":24,"column":4},"end":{"line":26,"column":5}},"type":"if","locations":[{"start":{"line":24,"column":4},"end":{"line":26,"column":5}},{"start":{"line":24,"column":4},"end":{"line":26,"column":5}}],"line":24}},"s":{"0":0,"1":0,"2":0,"3":0,"4":0,"5":0,"6":0,"7":0},"f":{"0":0,"1":0,"2":0,"3":0},"b":{"0":[0,0]},"_coverageSchema":"332fd63041d2c1bcb487cc26dd0d5f7d97098a6c","hash":"626941c27b13ef19be742cc4c8d102e982a14760"}
,"/Users/mabelhernandez/repos/learning-together/src/components/confirmation/index.js": {"path":"/Users/mabelhernandez/repos/learning-together/src/components/confirmation/index.js","statementMap":{},"fnMap":{},"branchMap":{},"s":{},"f":{},"b":{},"_coverageSchema":"332fd63041d2c1bcb487cc26dd0d5f7d97098a6c","hash":"34a04287505faa345993d46be4be323a28499870"}
,"/Users/mabelhernandez/repos/learning-together/src/components/footer/footer.js": {"path":"/Users/mabelhernandez/repos/learning-together/src/components/footer/footer.js","statementMap":{"0":{"start":{"line":6,"column":24},"end":{"line":41,"column":1}},"1":{"start":{"line":7,"column":2},"end":{"line":40,"column":4}}},"fnMap":{"0":{"name":"(anonymous_0)","decl":{"start":{"line":6,"column":24},"end":{"line":6,"column":25}},"loc":{"start":{"line":6,"column":48},"end":{"line":41,"column":1}},"line":6}},"branchMap":{"0":{"loc":{"start":{"line":10,"column":8},"end":{"line":20,"column":15}},"type":"binary-expr","locations":[{"start":{"line":10,"column":8},"end":{"line":10,"column":14}},{"start":{"line":11,"column":8},"end":{"line":20,"column":15}}],"line":10},"1":{"loc":{"start":{"line":23,"column":8},"end":{"line":30,"column":15}},"type":"binary-expr","locations":[{"start":{"line":23,"column":8},"end":{"line":23,"column":15}},{"start":{"line":24,"column":8},"end":{"line":30,"column":15}}],"line":23}},"s":{"0":1,"1":1},"f":{"0":1},"b":{"0":[1,0],"1":[1,1]},"_coverageSchema":"332fd63041d2c1bcb487cc26dd0d5f7d97098a6c","hash":"365630715de840505d63269acdb34ce76448d1d1"}
,"/Users/mabelhernandez/repos/learning-together/src/components/footer/index.js": {"path":"/Users/mabelhernandez/repos/learning-together/src/components/footer/index.js","statementMap":{},"fnMap":{},"branchMap":{},"s":{},"f":{},"b":{},"_coverageSchema":"332fd63041d2c1bcb487cc26dd0d5f7d97098a6c","hash":"175fc4aa35cff48c7a844ca3e81a51697b3e16ef"}
,"/Users/mabelhernandez/repos/learning-together/src/components/hero/hero.js": {"path":"/Users/mabelhernandez/repos/learning-together/src/components/hero/hero.js","statementMap":{"0":{"start":{"line":7,"column":13},"end":{"line":20,"column":1}},"1":{"start":{"line":9,"column":12},"end":{"line":9,"column":80}},"2":{"start":{"line":11,"column":14},"end":{"line":13,"column":1}},"3":{"start":{"line":15,"column":2},"end":{"line":19,"column":4}}},"fnMap":{"0":{"name":"(anonymous_0)","decl":{"start":{"line":7,"column":13},"end":{"line":7,"column":14}},"loc":{"start":{"line":7,"column":34},"end":{"line":20,"column":1}},"line":7}},"branchMap":{"0":{"loc":{"start":{"line":9,"column":12},"end":{"line":9,"column":80}},"type":"cond-expr","locations":[{"start":{"line":9,"column":20},"end":{"line":9,"column":25}},{"start":{"line":9,"column":28},"end":{"line":9,"column":80}}],"line":9}},"s":{"0":1,"1":1,"2":1,"3":1},"f":{"0":1},"b":{"0":[0,1]},"_coverageSchema":"332fd63041d2c1bcb487cc26dd0d5f7d97098a6c","hash":"90c7e724d0bfe743eabfbdbe853dcb2d33fc61f1"}
,"/Users/mabelhernandez/repos/learning-together/src/components/hero/index.js": {"path":"/Users/mabelhernandez/repos/learning-together/src/components/hero/index.js","statementMap":{},"fnMap":{},"branchMap":{},"s":{},"f":{},"b":{},"_coverageSchema":"332fd63041d2c1bcb487cc26dd0d5f7d97098a6c","hash":"12a07667ef311e40ff27358f84ee4a4735909d35"}
,"/Users/mabelhernandez/repos/learning-together/src/components/imageUploader/imageUploader.js": {"path":"/Users/mabelhernandez/repos/learning-together/src/components/imageUploader/imageUploader.js","statementMap":{"0":{"start":{"line":8,"column":4},"end":{"line":8,"column":16}},"1":{"start":{"line":9,"column":4},"end":{"line":9,"column":128}},"2":{"start":{"line":10,"column":4},"end":{"line":10,"column":64}},"3":{"start":{"line":14,"column":4},"end":{"line":14,"column":22}},"4":{"start":{"line":15,"column":4},"end":{"line":15,"column":106}},"5":{"start":{"line":18,"column":4},"end":{"line":18,"column":22}},"6":{"start":{"line":19,"column":15},"end":{"line":19,"column":29}},"7":{"start":{"line":20,"column":4},"end":{"line":20,"column":77}},"8":{"start":{"line":21,"column":4},"end":{"line":21,"column":44}},"9":{"start":{"line":25,"column":4},"end":{"line":31,"column":5}},"10":{"start":{"line":26,"column":6},"end":{"line":26,"column":41}},"11":{"start":{"line":27,"column":6},"end":{"line":27,"column":42}},"12":{"start":{"line":29,"column":6},"end":{"line":29,"column":61}},"13":{"start":{"line":30,"column":6},"end":{"line":30,"column":27}},"14":{"start":{"line":34,"column":52},"end":{"line":34,"column":62}},"15":{"start":{"line":35,"column":4},"end":{"line":70,"column":5}}},"fnMap":{"0":{"name":"(anonymous_0)","decl":{"start":{"line":7,"column":2},"end":{"line":7,"column":3}},"loc":{"start":{"line":7,"column":21},"end":{"line":11,"column":3}},"line":7},"1":{"name":"(anonymous_1)","decl":{"start":{"line":13,"column":2},"end":{"line":13,"column":3}},"loc":{"start":{"line":13,"column":23},"end":{"line":16,"column":3}},"line":13},"2":{"name":"(anonymous_2)","decl":{"start":{"line":17,"column":2},"end":{"line":17,"column":3}},"loc":{"start":{"line":17,"column":29},"end":{"line":22,"column":3}},"line":17},"3":{"name":"(anonymous_3)","decl":{"start":{"line":24,"column":2},"end":{"line":24,"column":3}},"loc":{"start":{"line":24,"column":31},"end":{"line":32,"column":3}},"line":24},"4":{"name":"(anonymous_4)","decl":{"start":{"line":33,"column":2},"end":{"line":33,"column":3}},"loc":{"start":{"line":33,"column":11},"end":{"line":71,"column":3}},"line":33}},"branchMap":{"0":{"loc":{"start":{"line":25,"column":4},"end":{"line":31,"column":5}},"type":"if","locations":[{"start":{"line":25,"column":4},"end":{"line":31,"column":5}},{"start":{"line":25,"column":4},"end":{"line":31,"column":5}}],"line":25},"1":{"loc":{"start":{"line":50,"column":15},"end":{"line":54,"column":15}},"type":"binary-expr","locations":[{"start":{"line":50,"column":15},"end":{"line":50,"column":25}},{"start":{"line":51,"column":16},"end":{"line":53,"column":22}}],"line":50},"2":{"loc":{"start":{"line":55,"column":15},"end":{"line":59,"column":15}},"type":"binary-expr","locations":[{"start":{"line":55,"column":15},"end":{"line":55,"column":26}},{"start":{"line":56,"column":16},"end":{"line":58,"column":22}}],"line":55},"3":{"loc":{"start":{"line":61,"column":13},"end":{"line":65,"column":13}},"type":"binary-expr","locations":[{"start":{"line":61,"column":13},"end":{"line":61,"column":24}},{"start":{"line":62,"column":14},"end":{"line":64,"column":22}}],"line":61}},"s":{"0":0,"1":0,"2":0,"3":0,"4":0,"5":0,"6":0,"7":0,"8":0,"9":0,"10":0,"11":0,"12":0,"13":0,"14":0,"15":0},"f":{"0":0,"1":0,"2":0,"3":0,"4":0},"b":{"0":[0,0],"1":[0,0],"2":[0,0],"3":[0,0]},"_coverageSchema":"332fd63041d2c1bcb487cc26dd0d5f7d97098a6c","hash":"d239131cf32979bebdd03e3d5c52ed371618e628"}
,"/Users/mabelhernandez/repos/learning-together/src/components/imageUploader/index.js": {"path":"/Users/mabelhernandez/repos/learning-together/src/components/imageUploader/index.js","statementMap":{},"fnMap":{},"branchMap":{},"s":{},"f":{},"b":{},"_coverageSchema":"332fd63041d2c1bcb487cc26dd0d5f7d97098a6c","hash":"217fbe0e7a7397fe5c2a3adac67b76beb73559d3"}
,"/Users/mabelhernandez/repos/learning-together/src/components/jumbotron/index.js": {"path":"/Users/mabelhernandez/repos/learning-together/src/components/jumbotron/index.js","statementMap":{},"fnMap":{},"branchMap":{},"s":{},"f":{},"b":{},"_coverageSchema":"332fd63041d2c1bcb487cc26dd0d5f7d97098a6c","hash":"9f238b926c107e6833d432c681795c63f43aaca5"}
,"/Users/mabelhernandez/repos/learning-together/src/components/jumbotron/jumbotron.js": {"path":"/Users/mabelhernandez/repos/learning-together/src/components/jumbotron/jumbotron.js","statementMap":{"0":{"start":{"line":4,"column":18},"end":{"line":17,"column":1}},"1":{"start":{"line":6,"column":12},"end":{"line":6,"column":80}},"2":{"start":{"line":8,"column":14},"end":{"line":10,"column":1}},"3":{"start":{"line":12,"column":2},"end":{"line":16,"column":4}}},"fnMap":{"0":{"name":"(anonymous_0)","decl":{"start":{"line":4,"column":18},"end":{"line":4,"column":19}},"loc":{"start":{"line":4,"column":39},"end":{"line":17,"column":1}},"line":4}},"branchMap":{"0":{"loc":{"start":{"line":6,"column":12},"end":{"line":6,"column":80}},"type":"cond-expr","locations":[{"start":{"line":6,"column":20},"end":{"line":6,"column":25}},{"start":{"line":6,"column":28},"end":{"line":6,"column":80}}],"line":6},"1":{"loc":{"start":{"line":14,"column":8},"end":{"line":14,"column":64}},"type":"cond-expr","locations":[{"start":{"line":14,"column":16},"end":{"line":14,"column":59}},{"start":{"line":14,"column":62},"end":{"line":14,"column":64}}],"line":14}},"s":{"0":1,"1":0,"2":0,"3":0},"f":{"0":0},"b":{"0":[0,0],"1":[0,0]},"_coverageSchema":"332fd63041d2c1bcb487cc26dd0d5f7d97098a6c","hash":"45c530453dd3d7bb0541ae3fe28a1240fc7b91f5"}
,"/Users/mabelhernandez/repos/learning-together/src/components/landing/index.js": {"path":"/Users/mabelhernandez/repos/learning-together/src/components/landing/index.js","statementMap":{},"fnMap":{},"branchMap":{},"s":{},"f":{},"b":{},"_coverageSchema":"332fd63041d2c1bcb487cc26dd0d5f7d97098a6c","hash":"480c7118c08b7603fdac2c6f4981449c93588438"}
,"/Users/mabelhernandez/repos/learning-together/src/components/landing/landing.js": {"path":"/Users/mabelhernandez/repos/learning-together/src/components/landing/landing.js","statementMap":{"0":{"start":{"line":16,"column":4},"end":{"line":16,"column":17}},"1":{"start":{"line":17,"column":4},"end":{"line":20,"column":6}},"2":{"start":{"line":24,"column":4},"end":{"line":29,"column":73}},"3":{"start":{"line":26,"column":24},"end":{"line":26,"column":37}},"4":{"start":{"line":27,"column":8},"end":{"line":27,"column":36}},"5":{"start":{"line":29,"column":22},"end":{"line":29,"column":72}},"6":{"start":{"line":31,"column":4},"end":{"line":37,"column":8}},"7":{"start":{"line":34,"column":8},"end":{"line":36,"column":10}},"8":{"start":{"line":41,"column":27},"end":{"line":43,"column":6}},"9":{"start":{"line":42,"column":6},"end":{"line":42,"column":139}},"10":{"start":{"line":44,"column":33},"end":{"line":44,"column":43}},"11":{"start":{"line":45,"column":4},"end":{"line":61,"column":6}}},"fnMap":{"0":{"name":"(anonymous_0)","decl":{"start":{"line":15,"column":2},"end":{"line":15,"column":3}},"loc":{"start":{"line":15,"column":21},"end":{"line":21,"column":3}},"line":15},"1":{"name":"(anonymous_1)","decl":{"start":{"line":23,"column":2},"end":{"line":23,"column":3}},"loc":{"start":{"line":23,"column":22},"end":{"line":38,"column":3}},"line":23},"2":{"name":"(anonymous_2)","decl":{"start":{"line":25,"column":12},"end":{"line":25,"column":13}},"loc":{"start":{"line":25,"column":24},"end":{"line":28,"column":7}},"line":25},"3":{"name":"(anonymous_3)","decl":{"start":{"line":29,"column":13},"end":{"line":29,"column":14}},"loc":{"start":{"line":29,"column":22},"end":{"line":29,"column":72}},"line":29},"4":{"name":"(anonymous_4)","decl":{"start":{"line":32,"column":12},"end":{"line":32,"column":13}},"loc":{"start":{"line":32,"column":22},"end":{"line":37,"column":7}},"line":32},"5":{"name":"(anonymous_5)","decl":{"start":{"line":40,"column":2},"end":{"line":40,"column":3}},"loc":{"start":{"line":40,"column":11},"end":{"line":62,"column":3}},"line":40},"6":{"name":"(anonymous_6)","decl":{"start":{"line":41,"column":52},"end":{"line":41,"column":53}},"loc":{"start":{"line":41,"column":71},"end":{"line":43,"column":5}},"line":41}},"branchMap":{"0":{"loc":{"start":{"line":52,"column":13},"end":{"line":52,"column":74}},"type":"cond-expr","locations":[{"start":{"line":52,"column":32},"end":{"line":52,"column":57}},{"start":{"line":52,"column":60},"end":{"line":52,"column":74}}],"line":52}},"s":{"0":1,"1":1,"2":1,"3":0,"4":0,"5":0,"6":1,"7":0,"8":1,"9":0,"10":1,"11":1},"f":{"0":1,"1":1,"2":0,"3":0,"4":0,"5":1,"6":0},"b":{"0":[0,1]},"_coverageSchema":"332fd63041d2c1bcb487cc26dd0d5f7d97098a6c","hash":"87170602d098bf78a51728956a6927b72e7033ec"}
,"/Users/mabelhernandez/repos/learning-together/src/components/loading/index.js": {"path":"/Users/mabelhernandez/repos/learning-together/src/components/loading/index.js","statementMap":{},"fnMap":{},"branchMap":{},"s":{},"f":{},"b":{},"_coverageSchema":"332fd63041d2c1bcb487cc26dd0d5f7d97098a6c","hash":"e11fcca667edbf350da6d41054bf7c3e3c6ef8be"}
,"/Users/mabelhernandez/repos/learning-together/src/components/loading/loading.js": {"path":"/Users/mabelhernandez/repos/learning-together/src/components/loading/loading.js","statementMap":{"0":{"start":{"line":5,"column":25},"end":{"line":11,"column":1}},"1":{"start":{"line":6,"column":2},"end":{"line":10,"column":3}}},"fnMap":{"0":{"name":"(anonymous_0)","decl":{"start":{"line":5,"column":25},"end":{"line":5,"column":26}},"loc":{"start":{"line":5,"column":31},"end":{"line":11,"column":1}},"line":5}},"branchMap":{},"s":{"0":3,"1":0},"f":{"0":0},"b":{},"_coverageSchema":"332fd63041d2c1bcb487cc26dd0d5f7d97098a6c","hash":"2e52ab1691c6113c752172a3f0341c47f3a9b787"}
,"/Users/mabelhernandez/repos/learning-together/src/components/login/index.js": {"path":"/Users/mabelhernandez/repos/learning-together/src/components/login/index.js","statementMap":{},"fnMap":{},"branchMap":{},"s":{},"f":{},"b":{},"_coverageSchema":"332fd63041d2c1bcb487cc26dd0d5f7d97098a6c","hash":"24dbfe79aae23bc2b1d3f369293ca2384989ba96"}
,"/Users/mabelhernandez/repos/learning-together/src/components/login/login.js": {"path":"/Users/mabelhernandez/repos/learning-together/src/components/login/login.js","statementMap":{"0":{"start":{"line":10,"column":4},"end":{"line":10,"column":11}},"1":{"start":{"line":11,"column":4},"end":{"line":17,"column":5}},"2":{"start":{"line":18,"column":4},"end":{"line":18,"column":56}},"3":{"start":{"line":22,"column":4},"end":{"line":22,"column":54}},"4":{"start":{"line":25,"column":4},"end":{"line":25,"column":23}},"5":{"start":{"line":28,"column":4},"end":{"line":28,"column":22}},"6":{"start":{"line":29,"column":32},"end":{"line":29,"column":42}},"7":{"start":{"line":30,"column":27},"end":{"line":30,"column":50}},"8":{"start":{"line":32,"column":4},"end":{"line":32,"column":81}},"9":{"start":{"line":35,"column":4},"end":{"line":45,"column":5}},"10":{"start":{"line":36,"column":6},"end":{"line":36,"column":58}},"11":{"start":{"line":37,"column":6},"end":{"line":37,"column":54}},"12":{"start":{"line":38,"column":6},"end":{"line":41,"column":8}},"13":{"start":{"line":44,"column":6},"end":{"line":44,"column":41}},"14":{"start":{"line":49,"column":66},"end":{"line":49,"column":76}},"15":{"start":{"line":50,"column":4},"end":{"line":100,"column":5}},"16":{"start":{"line":104,"column":0},"end":{"line":104,"column":40}}},"fnMap":{"0":{"name":"(anonymous_0)","decl":{"start":{"line":9,"column":2},"end":{"line":9,"column":3}},"loc":{"start":{"line":9,"column":16},"end":{"line":19,"column":3}},"line":9},"1":{"name":"(anonymous_1)","decl":{"start":{"line":21,"column":2},"end":{"line":21,"column":3}},"loc":{"start":{"line":21,"column":18},"end":{"line":23,"column":3}},"line":21},"2":{"name":"(anonymous_2)","decl":{"start":{"line":24,"column":2},"end":{"line":24,"column":3}},"loc":{"start":{"line":24,"column":21},"end":{"line":26,"column":3}},"line":24},"3":{"name":"(anonymous_3)","decl":{"start":{"line":27,"column":2},"end":{"line":27,"column":3}},"loc":{"start":{"line":27,"column":19},"end":{"line":33,"column":3}},"line":27},"4":{"name":"(anonymous_4)","decl":{"start":{"line":34,"column":2},"end":{"line":34,"column":3}},"loc":{"start":{"line":34,"column":27},"end":{"line":46,"column":3}},"line":34},"5":{"name":"(anonymous_5)","decl":{"start":{"line":48,"column":2},"end":{"line":48,"column":3}},"loc":{"start":{"line":48,"column":11},"end":{"line":101,"column":3}},"line":48}},"branchMap":{"0":{"loc":{"start":{"line":35,"column":4},"end":{"line":45,"column":5}},"type":"if","locations":[{"start":{"line":35,"column":4},"end":{"line":45,"column":5}},{"start":{"line":35,"column":4},"end":{"line":45,"column":5}}],"line":35},"1":{"loc":{"start":{"line":70,"column":22},"end":{"line":72,"column":23}},"type":"binary-expr","locations":[{"start":{"line":70,"column":22},"end":{"line":70,"column":32}},{"start":{"line":71,"column":24},"end":{"line":71,"column":108}}],"line":70},"2":{"loc":{"start":{"line":94,"column":10},"end":{"line":96,"column":11}},"type":"binary-expr","locations":[{"start":{"line":94,"column":10},"end":{"line":94,"column":22}},{"start":{"line":95,"column":12},"end":{"line":95,"column":66}}],"line":94}},"s":{"0":3,"1":3,"2":3,"3":2,"4":1,"5":1,"6":1,"7":1,"8":1,"9":0,"10":0,"11":0,"12":0,"13":0,"14":6,"15":6,"16":2},"f":{"0":3,"1":2,"2":1,"3":1,"4":0,"5":6},"b":{"0":[0,0],"1":[6,0],"2":[6,0]},"_coverageSchema":"332fd63041d2c1bcb487cc26dd0d5f7d97098a6c","hash":"8c29707c520f3f4cef812380ffc1f15611f93307"}
,"/Users/mabelhernandez/repos/learning-together/src/components/message/index.js": {"path":"/Users/mabelhernandez/repos/learning-together/src/components/message/index.js","statementMap":{},"fnMap":{},"branchMap":{},"s":{},"f":{},"b":{},"_coverageSchema":"332fd63041d2c1bcb487cc26dd0d5f7d97098a6c","hash":"0ef540d98aa2da115095ea2adadf405ca3656af9"}
,"/Users/mabelhernandez/repos/learning-together/src/components/message/message.js": {"path":"/Users/mabelhernandez/repos/learning-together/src/components/message/message.js","statementMap":{"0":{"start":{"line":8,"column":4},"end":{"line":8,"column":25}},"1":{"start":{"line":12,"column":4},"end":{"line":21,"column":5}}},"fnMap":{"0":{"name":"(anonymous_0)","decl":{"start":{"line":7,"column":2},"end":{"line":7,"column":3}},"loc":{"start":{"line":7,"column":20},"end":{"line":9,"column":3}},"line":7},"1":{"name":"(anonymous_1)","decl":{"start":{"line":11,"column":2},"end":{"line":11,"column":3}},"loc":{"start":{"line":11,"column":11},"end":{"line":22,"column":3}},"line":11}},"branchMap":{},"s":{"0":0,"1":0},"f":{"0":0,"1":0},"b":{},"_coverageSchema":"332fd63041d2c1bcb487cc26dd0d5f7d97098a6c","hash":"7cdf1325ea441303dddc86d857b5913c990c2267"}
,"/Users/mabelhernandez/repos/learning-together/src/components/navbar/index.js": {"path":"/Users/mabelhernandez/repos/learning-together/src/components/navbar/index.js","statementMap":{},"fnMap":{},"branchMap":{},"s":{},"f":{},"b":{},"_coverageSchema":"332fd63041d2c1bcb487cc26dd0d5f7d97098a6c","hash":"e2fb20e8be7b3480c3ed8660f4647ff6c906bd73"}
,"/Users/mabelhernandez/repos/learning-together/src/components/navbar/navbar.js": {"path":"/Users/mabelhernandez/repos/learning-together/src/components/navbar/navbar.js","statementMap":{"0":{"start":{"line":10,"column":4},"end":{"line":10,"column":25}},"1":{"start":{"line":11,"column":4},"end":{"line":15,"column":5}},"2":{"start":{"line":19,"column":4},"end":{"line":19,"column":54}},"3":{"start":{"line":24,"column":4},"end":{"line":24,"column":49}},"4":{"start":{"line":28,"column":4},"end":{"line":28,"column":38}},"5":{"start":{"line":29,"column":4},"end":{"line":29,"column":37}},"6":{"start":{"line":33,"column":23},"end":{"line":33,"column":33}},"7":{"start":{"line":34,"column":19},"end":{"line":34,"column":49}},"8":{"start":{"line":35,"column":4},"end":{"line":78,"column":6}}},"fnMap":{"0":{"name":"(anonymous_0)","decl":{"start":{"line":9,"column":2},"end":{"line":9,"column":3}},"loc":{"start":{"line":9,"column":30},"end":{"line":16,"column":3}},"line":9},"1":{"name":"(anonymous_1)","decl":{"start":{"line":18,"column":2},"end":{"line":18,"column":3}},"loc":{"start":{"line":18,"column":19},"end":{"line":22,"column":3}},"line":18},"2":{"name":"(anonymous_2)","decl":{"start":{"line":23,"column":2},"end":{"line":23,"column":3}},"loc":{"start":{"line":23,"column":27},"end":{"line":26,"column":3}},"line":23},"3":{"name":"(anonymous_3)","decl":{"start":{"line":27,"column":2},"end":{"line":27,"column":3}},"loc":{"start":{"line":27,"column":18},"end":{"line":30,"column":3}},"line":27},"4":{"name":"(anonymous_4)","decl":{"start":{"line":32,"column":2},"end":{"line":32,"column":3}},"loc":{"start":{"line":32,"column":11},"end":{"line":79,"column":3}},"line":32}},"branchMap":{"0":{"loc":{"start":{"line":56,"column":20},"end":{"line":58,"column":21}},"type":"binary-expr","locations":[{"start":{"line":56,"column":20},"end":{"line":56,"column":26}},{"start":{"line":57,"column":22},"end":{"line":57,"column":106}}],"line":56},"1":{"loc":{"start":{"line":63,"column":20},"end":{"line":65,"column":54}},"type":"cond-expr","locations":[{"start":{"line":64,"column":24},"end":{"line":64,"column":95}},{"start":{"line":65,"column":24},"end":{"line":65,"column":54}}],"line":63},"2":{"loc":{"start":{"line":74,"column":12},"end":{"line":74,"column":58}},"type":"binary-expr","locations":[{"start":{"line":74,"column":12},"end":{"line":74,"column":32}},{"start":{"line":74,"column":37},"end":{"line":74,"column":57}}],"line":74}},"s":{"0":1,"1":1,"2":0,"3":0,"4":0,"5":0,"6":1,"7":1,"8":1},"f":{"0":1,"1":0,"2":0,"3":0,"4":1},"b":{"0":[1,0],"1":[0,1],"2":[1,0]},"_coverageSchema":"332fd63041d2c1bcb487cc26dd0d5f7d97098a6c","hash":"f598562840fc6384d51bd61f77c643eded9073ca"}
,"/Users/mabelhernandez/repos/learning-together/src/components/page404/index.js": {"path":"/Users/mabelhernandez/repos/learning-together/src/components/page404/index.js","statementMap":{},"fnMap":{},"branchMap":{},"s":{},"f":{},"b":{},"_coverageSchema":"332fd63041d2c1bcb487cc26dd0d5f7d97098a6c","hash":"64be3415d25050d53f0d754c8883cc65ff25d5e2"}
,"/Users/mabelhernandez/repos/learning-together/src/components/page404/page404.js": {"path":"/Users/mabelhernandez/repos/learning-together/src/components/page404/page404.js","statementMap":{"0":{"start":{"line":7,"column":4},"end":{"line":12,"column":5}}},"fnMap":{"0":{"name":"(anonymous_0)","decl":{"start":{"line":6,"column":2},"end":{"line":6,"column":3}},"loc":{"start":{"line":6,"column":11},"end":{"line":13,"column":3}},"line":6}},"branchMap":{},"s":{"0":0},"f":{"0":0},"b":{},"_coverageSchema":"332fd63041d2c1bcb487cc26dd0d5f7d97098a6c","hash":"e868b2a65612797f339e5b591e914f78c46b806a"}
,"/Users/mabelhernandez/repos/learning-together/src/components/preview/index.js": {"path":"/Users/mabelhernandez/repos/learning-together/src/components/preview/index.js","statementMap":{},"fnMap":{},"branchMap":{},"s":{},"f":{},"b":{},"_coverageSchema":"332fd63041d2c1bcb487cc26dd0d5f7d97098a6c","hash":"878215f1135e3292d945f2036c7629a5a16be711"}
,"/Users/mabelhernandez/repos/learning-together/src/components/preview/preview.js": {"path":"/Users/mabelhernandez/repos/learning-together/src/components/preview/preview.js","statementMap":{"0":{"start":{"line":7,"column":16},"end":{"line":33,"column":1}},"1":{"start":{"line":8,"column":14},"end":{"line":12,"column":33}},"2":{"start":{"line":13,"column":26},"end":{"line":13,"column":34}},"3":{"start":{"line":14,"column":34},"end":{"line":14,"column":51}},"4":{"start":{"line":15,"column":2},"end":{"line":32,"column":4}},"5":{"start":{"line":36,"column":0},"end":{"line":45,"column":2}}},"fnMap":{"0":{"name":"(anonymous_0)","decl":{"start":{"line":7,"column":16},"end":{"line":7,"column":17}},"loc":{"start":{"line":7,"column":34},"end":{"line":33,"column":1}},"line":7}},"branchMap":{"0":{"loc":{"start":{"line":8,"column":14},"end":{"line":12,"column":33}},"type":"cond-expr","locations":[{"start":{"line":9,"column":6},"end":{"line":11,"column":8}},{"start":{"line":12,"column":6},"end":{"line":12,"column":33}}],"line":8}},"s":{"0":1,"1":0,"2":0,"3":0,"4":0,"5":1},"f":{"0":0},"b":{"0":[0,0]},"_coverageSchema":"332fd63041d2c1bcb487cc26dd0d5f7d97098a6c","hash":"6f752d17e07a6ca3b6e17007629b96b8b92d6339"}
,"/Users/mabelhernandez/repos/learning-together/src/components/register/index.js": {"path":"/Users/mabelhernandez/repos/learning-together/src/components/register/index.js","statementMap":{},"fnMap":{},"branchMap":{},"s":{},"f":{},"b":{},"_coverageSchema":"332fd63041d2c1bcb487cc26dd0d5f7d97098a6c","hash":"8291777242894dbca7de677035f57cc0378e1b44"}
,"/Users/mabelhernandez/repos/learning-together/src/components/register/register.js": {"path":"/Users/mabelhernandez/repos/learning-together/src/components/register/register.js","statementMap":{"0":{"start":{"line":14,"column":4},"end":{"line":14,"column":11}},"1":{"start":{"line":15,"column":4},"end":{"line":40,"column":5}},"2":{"start":{"line":41,"column":4},"end":{"line":43,"column":68}},"3":{"start":{"line":44,"column":4},"end":{"line":44,"column":154}},"4":{"start":{"line":45,"column":4},"end":{"line":45,"column":116}},"5":{"start":{"line":46,"column":4},"end":{"line":46,"column":58}},"6":{"start":{"line":47,"column":4},"end":{"line":47,"column":60}},"7":{"start":{"line":48,"column":4},"end":{"line":48,"column":62}},"8":{"start":{"line":49,"column":4},"end":{"line":49,"column":66}},"9":{"start":{"line":50,"column":4},"end":{"line":50,"column":60}},"10":{"start":{"line":54,"column":4},"end":{"line":54,"column":45}},"11":{"start":{"line":55,"column":4},"end":{"line":55,"column":39}},"12":{"start":{"line":59,"column":4},"end":{"line":74,"column":5}},"13":{"start":{"line":60,"column":27},"end":{"line":60,"column":29}},"14":{"start":{"line":61,"column":6},"end":{"line":63,"column":8}},"15":{"start":{"line":62,"column":8},"end":{"line":62,"column":73}},"16":{"start":{"line":64,"column":6},"end":{"line":64,"column":50}},"17":{"start":{"line":66,"column":28},"end":{"line":72,"column":7}},"18":{"start":{"line":73,"column":6},"end":{"line":73,"column":75}},"19":{"start":{"line":77,"column":4},"end":{"line":94,"column":5}},"20":{"start":{"line":78,"column":23},"end":{"line":78,"column":25}},"21":{"start":{"line":79,"column":6},"end":{"line":81,"column":8}},"22":{"start":{"line":80,"column":8},"end":{"line":80,"column":69}},"23":{"start":{"line":82,"column":6},"end":{"line":82,"column":42}},"24":{"start":{"line":84,"column":25},"end":{"line":92,"column":7}},"25":{"start":{"line":93,"column":6},"end":{"line":93,"column":65}},"26":{"start":{"line":97,"column":4},"end":{"line":97,"column":73}},"27":{"start":{"line":100,"column":4},"end":{"line":100,"column":67}},"28":{"start":{"line":103,"column":4},"end":{"line":105,"column":5}},"29":{"start":{"line":104,"column":6},"end":{"line":104,"column":18}},"30":{"start":{"line":106,"column":4},"end":{"line":106,"column":15}},"31":{"start":{"line":109,"column":18},"end":{"line":109,"column":186}},"32":{"start":{"line":110,"column":4},"end":{"line":110,"column":31}},"33":{"start":{"line":113,"column":4},"end":{"line":113,"column":33}},"34":{"start":{"line":116,"column":25},"end":{"line":116,"column":37}},"35":{"start":{"line":117,"column":4},"end":{"line":117,"column":40}},"36":{"start":{"line":120,"column":4},"end":{"line":122,"column":5}},"37":{"start":{"line":121,"column":6},"end":{"line":121,"column":18}},"38":{"start":{"line":123,"column":4},"end":{"line":123,"column":15}},"39":{"start":{"line":126,"column":4},"end":{"line":128,"column":5}},"40":{"start":{"line":127,"column":6},"end":{"line":127,"column":18}},"41":{"start":{"line":129,"column":4},"end":{"line":129,"column":15}},"42":{"start":{"line":133,"column":4},"end":{"line":133,"column":37}},"43":{"start":{"line":136,"column":4},"end":{"line":136,"column":59}},"44":{"start":{"line":139,"column":4},"end":{"line":143,"column":5}},"45":{"start":{"line":140,"column":6},"end":{"line":140,"column":64}},"46":{"start":{"line":142,"column":6},"end":{"line":142,"column":64}},"47":{"start":{"line":147,"column":4},"end":{"line":147,"column":54}},"48":{"start":{"line":150,"column":4},"end":{"line":150,"column":39}},"49":{"start":{"line":153,"column":4},"end":{"line":153,"column":35}},"50":{"start":{"line":156,"column":4},"end":{"line":156,"column":50}},"51":{"start":{"line":159,"column":4},"end":{"line":159,"column":30}},"52":{"start":{"line":162,"column":4},"end":{"line":162,"column":50}},"53":{"start":{"line":166,"column":4},"end":{"line":166,"column":22}},"54":{"start":{"line":167,"column":140},"end":{"line":167,"column":150}},"55":{"start":{"line":168,"column":18},"end":{"line":168,"column":47}},"56":{"start":{"line":169,"column":31},"end":{"line":169,"column":59}},"57":{"start":{"line":170,"column":30},"end":{"line":170,"column":57}},"58":{"start":{"line":171,"column":27},"end":{"line":171,"column":60}},"59":{"start":{"line":172,"column":30},"end":{"line":172,"column":61}},"60":{"start":{"line":173,"column":37},"end":{"line":173,"column":89}},"61":{"start":{"line":174,"column":30},"end":{"line":174,"column":69}},"62":{"start":{"line":175,"column":26},"end":{"line":175,"column":57}},"63":{"start":{"line":176,"column":4},"end":{"line":179,"column":5}},"64":{"start":{"line":177,"column":6},"end":{"line":177,"column":289}},"65":{"start":{"line":178,"column":6},"end":{"line":178,"column":12}},"66":{"start":{"line":180,"column":4},"end":{"line":180,"column":205}},"67":{"start":{"line":184,"column":254},"end":{"line":184,"column":264}},"68":{"start":{"line":186,"column":4},"end":{"line":319,"column":5}}},"fnMap":{"0":{"name":"(anonymous_0)","decl":{"start":{"line":13,"column":2},"end":{"line":13,"column":3}},"loc":{"start":{"line":13,"column":16},"end":{"line":51,"column":3}},"line":13},"1":{"name":"(anonymous_1)","decl":{"start":{"line":53,"column":2},"end":{"line":53,"column":3}},"loc":{"start":{"line":53,"column":22},"end":{"line":56,"column":3}},"line":53},"2":{"name":"(anonymous_2)","decl":{"start":{"line":58,"column":2},"end":{"line":58,"column":3}},"loc":{"start":{"line":58,"column":32},"end":{"line":75,"column":3}},"line":58},"3":{"name":"(anonymous_3)","decl":{"start":{"line":61,"column":28},"end":{"line":61,"column":29}},"loc":{"start":{"line":61,"column":40},"end":{"line":63,"column":7}},"line":61},"4":{"name":"(anonymous_4)","decl":{"start":{"line":76,"column":2},"end":{"line":76,"column":3}},"loc":{"start":{"line":76,"column":29},"end":{"line":95,"column":3}},"line":76},"5":{"name":"(anonymous_5)","decl":{"start":{"line":79,"column":28},"end":{"line":79,"column":29}},"loc":{"start":{"line":79,"column":40},"end":{"line":81,"column":7}},"line":79},"6":{"name":"(anonymous_6)","decl":{"start":{"line":96,"column":2},"end":{"line":96,"column":3}},"loc":{"start":{"line":96,"column":24},"end":{"line":98,"column":3}},"line":96},"7":{"name":"(anonymous_7)","decl":{"start":{"line":99,"column":2},"end":{"line":99,"column":3}},"loc":{"start":{"line":99,"column":21},"end":{"line":101,"column":3}},"line":99},"8":{"name":"(anonymous_8)","decl":{"start":{"line":102,"column":2},"end":{"line":102,"column":3}},"loc":{"start":{"line":102,"column":21},"end":{"line":107,"column":3}},"line":102},"9":{"name":"(anonymous_9)","decl":{"start":{"line":108,"column":2},"end":{"line":108,"column":3}},"loc":{"start":{"line":108,"column":29},"end":{"line":111,"column":3}},"line":108},"10":{"name":"(anonymous_10)","decl":{"start":{"line":112,"column":2},"end":{"line":112,"column":3}},"loc":{"start":{"line":112,"column":39},"end":{"line":114,"column":3}},"line":112},"11":{"name":"(anonymous_11)","decl":{"start":{"line":115,"column":2},"end":{"line":115,"column":3}},"loc":{"start":{"line":115,"column":23},"end":{"line":118,"column":3}},"line":115},"12":{"name":"(anonymous_12)","decl":{"start":{"line":119,"column":2},"end":{"line":119,"column":3}},"loc":{"start":{"line":119,"column":29},"end":{"line":124,"column":3}},"line":119},"13":{"name":"(anonymous_13)","decl":{"start":{"line":125,"column":2},"end":{"line":125,"column":3}},"loc":{"start":{"line":125,"column":21},"end":{"line":130,"column":3}},"line":125},"14":{"name":"(anonymous_14)","decl":{"start":{"line":132,"column":2},"end":{"line":132,"column":3}},"loc":{"start":{"line":132,"column":21},"end":{"line":134,"column":3}},"line":132},"15":{"name":"(anonymous_15)","decl":{"start":{"line":135,"column":2},"end":{"line":135,"column":3}},"loc":{"start":{"line":135,"column":16},"end":{"line":137,"column":3}},"line":135},"16":{"name":"(anonymous_16)","decl":{"start":{"line":138,"column":2},"end":{"line":138,"column":3}},"loc":{"start":{"line":138,"column":24},"end":{"line":144,"column":3}},"line":138},"17":{"name":"(anonymous_17)","decl":{"start":{"line":146,"column":2},"end":{"line":146,"column":3}},"loc":{"start":{"line":146,"column":21},"end":{"line":148,"column":3}},"line":146},"18":{"name":"(anonymous_18)","decl":{"start":{"line":149,"column":2},"end":{"line":149,"column":3}},"loc":{"start":{"line":149,"column":43},"end":{"line":151,"column":3}},"line":149},"19":{"name":"(anonymous_19)","decl":{"start":{"line":152,"column":2},"end":{"line":152,"column":3}},"loc":{"start":{"line":152,"column":35},"end":{"line":154,"column":3}},"line":152},"20":{"name":"(anonymous_20)","decl":{"start":{"line":155,"column":2},"end":{"line":155,"column":3}},"loc":{"start":{"line":155,"column":44},"end":{"line":157,"column":3}},"line":155},"21":{"name":"(anonymous_21)","decl":{"start":{"line":158,"column":2},"end":{"line":158,"column":3}},"loc":{"start":{"line":158,"column":32},"end":{"line":160,"column":3}},"line":158},"22":{"name":"(anonymous_22)","decl":{"start":{"line":161,"column":2},"end":{"line":161,"column":3}},"loc":{"start":{"line":161,"column":33},"end":{"line":163,"column":3}},"line":161},"23":{"name":"(anonymous_23)","decl":{"start":{"line":165,"column":2},"end":{"line":165,"column":3}},"loc":{"start":{"line":165,"column":19},"end":{"line":181,"column":3}},"line":165},"24":{"name":"(anonymous_24)","decl":{"start":{"line":183,"column":2},"end":{"line":183,"column":3}},"loc":{"start":{"line":183,"column":11},"end":{"line":320,"column":3}},"line":183}},"branchMap":{"0":{"loc":{"start":{"line":59,"column":4},"end":{"line":74,"column":5}},"type":"if","locations":[{"start":{"line":59,"column":4},"end":{"line":74,"column":5}},{"start":{"line":59,"column":4},"end":{"line":74,"column":5}}],"line":59},"1":{"loc":{"start":{"line":77,"column":4},"end":{"line":94,"column":5}},"type":"if","locations":[{"start":{"line":77,"column":4},"end":{"line":94,"column":5}},{"start":{"line":77,"column":4},"end":{"line":94,"column":5}}],"line":77},"2":{"loc":{"start":{"line":103,"column":4},"end":{"line":105,"column":5}},"type":"if","locations":[{"start":{"line":103,"column":4},"end":{"line":105,"column":5}},{"start":{"line":103,"column":4},"end":{"line":105,"column":5}}],"line":103},"3":{"loc":{"start":{"line":120,"column":4},"end":{"line":122,"column":5}},"type":"if","locations":[{"start":{"line":120,"column":4},"end":{"line":122,"column":5}},{"start":{"line":120,"column":4},"end":{"line":122,"column":5}}],"line":120},"4":{"loc":{"start":{"line":126,"column":4},"end":{"line":128,"column":5}},"type":"if","locations":[{"start":{"line":126,"column":4},"end":{"line":128,"column":5}},{"start":{"line":126,"column":4},"end":{"line":128,"column":5}}],"line":126},"5":{"loc":{"start":{"line":139,"column":4},"end":{"line":143,"column":5}},"type":"if","locations":[{"start":{"line":139,"column":4},"end":{"line":143,"column":5}},{"start":{"line":139,"column":4},"end":{"line":143,"column":5}}],"line":139},"6":{"loc":{"start":{"line":176,"column":4},"end":{"line":179,"column":5}},"type":"if","locations":[{"start":{"line":176,"column":4},"end":{"line":179,"column":5}},{"start":{"line":176,"column":4},"end":{"line":179,"column":5}}],"line":176},"7":{"loc":{"start":{"line":176,"column":8},"end":{"line":176,"column":173}},"type":"binary-expr","locations":[{"start":{"line":176,"column":8},"end":{"line":176,"column":29}},{"start":{"line":176,"column":33},"end":{"line":176,"column":53}},{"start":{"line":176,"column":57},"end":{"line":176,"column":74}},{"start":{"line":176,"column":78},"end":{"line":176,"column":98}},{"start":{"line":176,"column":102},"end":{"line":176,"column":129}},{"start":{"line":176,"column":133},"end":{"line":176,"column":153}},{"start":{"line":176,"column":157},"end":{"line":176,"column":173}}],"line":176},"8":{"loc":{"start":{"line":197,"column":21},"end":{"line":199,"column":21}},"type":"binary-expr","locations":[{"start":{"line":197,"column":21},"end":{"line":197,"column":35}},{"start":{"line":198,"column":22},"end":{"line":198,"column":90}}],"line":197},"9":{"loc":{"start":{"line":206,"column":21},"end":{"line":208,"column":21}},"type":"binary-expr","locations":[{"start":{"line":206,"column":21},"end":{"line":206,"column":34}},{"start":{"line":207,"column":22},"end":{"line":207,"column":90}}],"line":206},"10":{"loc":{"start":{"line":224,"column":21},"end":{"line":226,"column":21}},"type":"binary-expr","locations":[{"start":{"line":224,"column":21},"end":{"line":224,"column":31}},{"start":{"line":225,"column":22},"end":{"line":225,"column":116}}],"line":224},"11":{"loc":{"start":{"line":233,"column":21},"end":{"line":235,"column":21}},"type":"binary-expr","locations":[{"start":{"line":233,"column":21},"end":{"line":233,"column":34}},{"start":{"line":234,"column":22},"end":{"line":234,"column":169}}],"line":233},"12":{"loc":{"start":{"line":242,"column":21},"end":{"line":244,"column":21}},"type":"binary-expr","locations":[{"start":{"line":242,"column":21},"end":{"line":242,"column":46}},{"start":{"line":243,"column":22},"end":{"line":243,"column":88}}],"line":242},"13":{"loc":{"start":{"line":257,"column":21},"end":{"line":259,"column":21}},"type":"binary-expr","locations":[{"start":{"line":257,"column":21},"end":{"line":257,"column":34}},{"start":{"line":258,"column":22},"end":{"line":258,"column":87}}],"line":257},"14":{"loc":{"start":{"line":272,"column":21},"end":{"line":274,"column":21}},"type":"binary-expr","locations":[{"start":{"line":272,"column":21},"end":{"line":272,"column":30}},{"start":{"line":273,"column":22},"end":{"line":273,"column":83}}],"line":272},"15":{"loc":{"start":{"line":313,"column":9},"end":{"line":313,"column":130}},"type":"binary-expr","locations":[{"start":{"line":313,"column":9},"end":{"line":313,"column":22}},{"start":{"line":313,"column":27},"end":{"line":313,"column":129}}],"line":313},"16":{"loc":{"start":{"line":314,"column":9},"end":{"line":314,"column":152}},"type":"binary-expr","locations":[{"start":{"line":314,"column":9},"end":{"line":314,"column":20}},{"start":{"line":314,"column":25},"end":{"line":314,"column":151}}],"line":314},"17":{"loc":{"start":{"line":315,"column":9},"end":{"line":315,"column":160}},"type":"binary-expr","locations":[{"start":{"line":315,"column":9},"end":{"line":315,"column":27}},{"start":{"line":315,"column":32},"end":{"line":315,"column":159}}],"line":315},"18":{"loc":{"start":{"line":316,"column":9},"end":{"line":316,"column":150}},"type":"binary-expr","locations":[{"start":{"line":316,"column":9},"end":{"line":316,"column":24}},{"start":{"line":316,"column":29},"end":{"line":316,"column":149}}],"line":316},"19":{"loc":{"start":{"line":317,"column":9},"end":{"line":317,"column":47}},"type":"binary-expr","locations":[{"start":{"line":317,"column":9},"end":{"line":317,"column":17}},{"start":{"line":317,"column":22},"end":{"line":317,"column":46}}],"line":317}},"s":{"0":4,"1":4,"2":4,"3":4,"4":4,"5":4,"6":4,"7":4,"8":4,"9":4,"10":4,"11":4,"12":0,"13":0,"14":0,"15":0,"16":0,"17":0,"18":0,"19":0,"20":0,"21":0,"22":0,"23":0,"24":0,"25":0,"26":0,"27":0,"28":3,"29":1,"30":2,"31":0,"32":0,"33":0,"34":2,"35":2,"36":0,"37":0,"38":0,"39":0,"40":0,"41":0,"42":0,"43":0,"44":0,"45":0,"46":0,"47":0,"48":0,"49":0,"50":0,"51":0,"52":0,"53":0,"54":0,"55":0,"56":0,"57":0,"58":0,"59":0,"60":0,"61":0,"62":0,"63":0,"64":0,"65":0,"66":0,"67":4,"68":4},"f":{"0":4,"1":4,"2":0,"3":0,"4":0,"5":0,"6":0,"7":0,"8":3,"9":0,"10":0,"11":2,"12":0,"13":0,"14":0,"15":0,"16":0,"17":0,"18":0,"19":0,"20":0,"21":0,"22":0,"23":0,"24":4},"b":{"0":[0,0],"1":[0,0],"2":[1,2],"3":[0,0],"4":[0,0],"5":[0,0],"6":[0,0],"7":[0,0,0,0,0,0,0],"8":[4,0],"9":[4,0],"10":[4,0],"11":[4,0],"12":[4,0],"13":[4,0],"14":[4,0],"15":[4,0],"16":[4,0],"17":[4,0],"18":[4,0],"19":[4,0]},"_coverageSchema":"332fd63041d2c1bcb487cc26dd0d5f7d97098a6c","hash":"68b111e59d9eb6d896f8164ecaf46c5247f07357"}
,"/Users/mabelhernandez/repos/learning-together/src/components/routes/index.js": {"path":"/Users/mabelhernandez/repos/learning-together/src/components/routes/index.js","statementMap":{},"fnMap":{},"branchMap":{},"s":{},"f":{},"b":{},"_coverageSchema":"332fd63041d2c1bcb487cc26dd0d5f7d97098a6c","hash":"b897616b3f06f2344cc74ad1b39ab4025559bcfc"}
,"/Users/mabelhernandez/repos/learning-together/src/components/routes/routes.js": {"path":"/Users/mabelhernandez/repos/learning-together/src/components/routes/routes.js","statementMap":{"0":{"start":{"line":18,"column":4},"end":{"line":37,"column":6}}},"fnMap":{"0":{"name":"(anonymous_0)","decl":{"start":{"line":17,"column":2},"end":{"line":17,"column":3}},"loc":{"start":{"line":17,"column":11},"end":{"line":38,"column":3}},"line":17}},"branchMap":{},"s":{"0":1},"f":{"0":1},"b":{},"_coverageSchema":"332fd63041d2c1bcb487cc26dd0d5f7d97098a6c","hash":"dbd65457276cadd639ff1d8bb0eeb6b187cc9233"}
,"/Users/mabelhernandez/repos/learning-together/src/components/user-profile/index.js": {"path":"/Users/mabelhernandez/repos/learning-together/src/components/user-profile/index.js","statementMap":{},"fnMap":{},"branchMap":{},"s":{},"f":{},"b":{},"_coverageSchema":"332fd63041d2c1bcb487cc26dd0d5f7d97098a6c","hash":"5841c88657eefffde0bc63b3ccb36f5ef70a4bcf"}
,"/Users/mabelhernandez/repos/learning-together/src/components/user-profile/userProfile.js": {"path":"/Users/mabelhernandez/repos/learning-together/src/components/user-profile/userProfile.js","statementMap":{"0":{"start":{"line":15,"column":8},"end":{"line":15,"column":21}},"1":{"start":{"line":16,"column":8},"end":{"line":20,"column":10}},"2":{"start":{"line":25,"column":8},"end":{"line":46,"column":14}},"3":{"start":{"line":28,"column":32},"end":{"line":31,"column":18}},"4":{"start":{"line":29,"column":20},"end":{"line":29,"column":49}},"5":{"start":{"line":30,"column":20},"end":{"line":30,"column":35}},"6":{"start":{"line":33,"column":31},"end":{"line":36,"column":18}},"7":{"start":{"line":34,"column":20},"end":{"line":34,"column":48}},"8":{"start":{"line":35,"column":20},"end":{"line":35,"column":35}},"9":{"start":{"line":38,"column":28},"end":{"line":38,"column":54}},"10":{"start":{"line":40,"column":16},"end":{"line":44,"column":18}},"11":{"start":{"line":53,"column":8},"end":{"line":66,"column":9}},"12":{"start":{"line":54,"column":29},"end":{"line":56,"column":14}},"13":{"start":{"line":55,"column":16},"end":{"line":55,"column":61}},"14":{"start":{"line":58,"column":12},"end":{"line":60,"column":14}},"15":{"start":{"line":63,"column":12},"end":{"line":65,"column":14}},"16":{"start":{"line":70,"column":27},"end":{"line":70,"column":37}},"17":{"start":{"line":71,"column":21},"end":{"line":71,"column":36}},"18":{"start":{"line":72,"column":24},"end":{"line":72,"column":82}},"19":{"start":{"line":73,"column":24},"end":{"line":73,"column":82}},"20":{"start":{"line":74,"column":8},"end":{"line":121,"column":9}},"21":{"start":{"line":111,"column":36},"end":{"line":111,"column":94}},"22":{"start":{"line":125,"column":0},"end":{"line":125,"column":46}}},"fnMap":{"0":{"name":"(anonymous_0)","decl":{"start":{"line":14,"column":4},"end":{"line":14,"column":5}},"loc":{"start":{"line":14,"column":23},"end":{"line":21,"column":5}},"line":14},"1":{"name":"(anonymous_1)","decl":{"start":{"line":23,"column":4},"end":{"line":23,"column":5}},"loc":{"start":{"line":23,"column":24},"end":{"line":49,"column":5}},"line":23},"2":{"name":"(anonymous_2)","decl":{"start":{"line":26,"column":18},"end":{"line":26,"column":19}},"loc":{"start":{"line":26,"column":28},"end":{"line":46,"column":13}},"line":26},"3":{"name":"(anonymous_3)","decl":{"start":{"line":28,"column":65},"end":{"line":28,"column":66}},"loc":{"start":{"line":28,"column":79},"end":{"line":31,"column":17}},"line":28},"4":{"name":"(anonymous_4)","decl":{"start":{"line":33,"column":63},"end":{"line":33,"column":64}},"loc":{"start":{"line":33,"column":77},"end":{"line":36,"column":17}},"line":33},"5":{"name":"(anonymous_5)","decl":{"start":{"line":51,"column":4},"end":{"line":51,"column":5}},"loc":{"start":{"line":51,"column":30},"end":{"line":67,"column":5}},"line":51},"6":{"name":"(anonymous_6)","decl":{"start":{"line":54,"column":51},"end":{"line":54,"column":52}},"loc":{"start":{"line":54,"column":65},"end":{"line":56,"column":13}},"line":54},"7":{"name":"(anonymous_7)","decl":{"start":{"line":69,"column":4},"end":{"line":69,"column":5}},"loc":{"start":{"line":69,"column":13},"end":{"line":122,"column":5}},"line":69},"8":{"name":"(anonymous_8)","decl":{"start":{"line":110,"column":56},"end":{"line":110,"column":57}},"loc":{"start":{"line":111,"column":36},"end":{"line":111,"column":94}},"line":111}},"branchMap":{"0":{"loc":{"start":{"line":53,"column":8},"end":{"line":66,"column":9}},"type":"if","locations":[{"start":{"line":53,"column":8},"end":{"line":66,"column":9}},{"start":{"line":53,"column":8},"end":{"line":66,"column":9}}],"line":53},"1":{"loc":{"start":{"line":53,"column":12},"end":{"line":53,"column":83}},"type":"binary-expr","locations":[{"start":{"line":53,"column":12},"end":{"line":53,"column":46}},{"start":{"line":53,"column":50},"end":{"line":53,"column":83}}],"line":53},"2":{"loc":{"start":{"line":73,"column":24},"end":{"line":73,"column":82}},"type":"cond-expr","locations":[{"start":{"line":73,"column":49},"end":{"line":73,"column":77}},{"start":{"line":73,"column":80},"end":{"line":73,"column":82}}],"line":73},"3":{"loc":{"start":{"line":89,"column":36},"end":{"line":89,"column":141}},"type":"cond-expr","locations":[{"start":{"line":89,"column":52},"end":{"line":89,"column":136}},{"start":{"line":89,"column":139},"end":{"line":89,"column":141}}],"line":89},"4":{"loc":{"start":{"line":92,"column":37},"end":{"line":92,"column":68}},"type":"cond-expr","locations":[{"start":{"line":92,"column":49},"end":{"line":92,"column":63}},{"start":{"line":92,"column":66},"end":{"line":92,"column":68}}],"line":92}},"s":{"0":0,"1":0,"2":0,"3":0,"4":0,"5":0,"6":0,"7":0,"8":0,"9":0,"10":0,"11":0,"12":0,"13":0,"14":0,"15":0,"16":0,"17":0,"18":0,"19":0,"20":0,"21":0,"22":1},"f":{"0":0,"1":0,"2":0,"3":0,"4":0,"5":0,"6":0,"7":0,"8":0},"b":{"0":[0,0],"1":[0,0],"2":[0,0],"3":[0,0],"4":[0,0]},"_coverageSchema":"332fd63041d2c1bcb487cc26dd0d5f7d97098a6c","hash":"fd21089950f8da34139cf143488149d12a0d17c7"}
[...]
:{"loc":{"start":{"line":70,"column":4},"end":{"line":82,"column":5}},"type":"if","locations":[{"start":{"line":70,"column":4},"end":{"line":82,"column":5}},{"start":{"line":70,"column":4},"end":{"line":82,"column":5}}],"line":70},"3":{"loc":{"start":{"line":112,"column":22},"end":{"line":112,"column":66}},"type":"cond-expr","locations":[{"start":{"line":112,"column":43},"end":{"line":112,"column":61}},{"start":{"line":112,"column":64},"end":{"line":112,"column":66}}],"line":112},"4":{"loc":{"start":{"line":114,"column":18},"end":{"line":116,"column":35}},"type":"cond-expr","locations":[{"start":{"line":115,"column":8},"end":{"line":115,"column":40}},{"start":{"line":116,"column":8},"end":{"line":116,"column":35}}],"line":114},"5":{"loc":{"start":{"line":117,"column":21},"end":{"line":117,"column":63}},"type":"cond-expr","locations":[{"start":{"line":117,"column":41},"end":{"line":117,"column":58}},{"start":{"line":117,"column":61},"end":{"line":117,"column":63}}],"line":117},"6":{"loc":{"start":{"line":118,"column":23},"end":{"line":120,"column":39}},"type":"cond-expr","locations":[{"start":{"line":119,"column":8},"end":{"line":119,"column":25}},{"start":{"line":120,"column":8},"end":{"line":120,"column":39}}],"line":118},"7":{"loc":{"start":{"line":123,"column":24},"end":{"line":123,"column":69}},"type":"binary-expr","locations":[{"start":{"line":123,"column":24},"end":{"line":123,"column":32}},{"start":{"line":123,"column":36},"end":{"line":123,"column":69}}],"line":123},"8":{"loc":{"start":{"line":127,"column":9},"end":{"line":129,"column":9}},"type":"binary-expr","locations":[{"start":{"line":127,"column":9},"end":{"line":127,"column":20}},{"start":{"line":128,"column":10},"end":{"line":128,"column":80}}],"line":127},"9":{"loc":{"start":{"line":157,"column":13},"end":{"line":188,"column":13}},"type":"cond-expr","locations":[{"start":{"line":158,"column":14},"end":{"line":178,"column":15}},{"start":{"line":180,"column":14},"end":{"line":187,"column":21}}],"line":157},"10":{"loc":{"start":{"line":158,"column":14},"end":{"line":178,"column":15}},"type":"cond-expr","locations":[{"start":{"line":159,"column":16},"end":{"line":161,"column":25}},{"start":{"line":162,"column":18},"end":{"line":178,"column":15}}],"line":158},"11":{"loc":{"start":{"line":162,"column":18},"end":{"line":178,"column":15}},"type":"cond-expr","locations":[{"start":{"line":163,"column":16},"end":{"line":169,"column":25}},{"start":{"line":171,"column":16},"end":{"line":177,"column":25}}],"line":162},"12":{"loc":{"start":{"line":218,"column":17},"end":{"line":220,"column":17}},"type":"cond-expr","locations":[{"start":{"line":218,"column":41},"end":{"line":218,"column":45}},{"start":{"line":219,"column":18},"end":{"line":219,"column":52}}],"line":218},"13":{"loc":{"start":{"line":240,"column":9},"end":{"line":245,"column":9}},"type":"binary-expr","locations":[{"start":{"line":240,"column":9},"end":{"line":240,"column":27}},{"start":{"line":241,"column":10},"end":{"line":244,"column":12}}],"line":240},"14":{"loc":{"start":{"line":246,"column":9},"end":{"line":251,"column":9}},"type":"binary-expr","locations":[{"start":{"line":246,"column":9},"end":{"line":246,"column":20}},{"start":{"line":247,"column":10},"end":{"line":250,"column":12}}],"line":246}},"s":{"0":0,"1":0,"2":0,"3":0,"4":0,"5":0,"6":0,"7":0,"8":0,"9":0,"10":0,"11":0,"12":0,"13":0,"14":0,"15":0,"16":0,"17":0,"18":0,"19":0,"20":0,"21":0,"22":0,"23":0,"24":0,"25":0,"26":0,"27":0,"28":0,"29":0,"30":0,"31":0,"32":0,"33":0,"34":0,"35":0,"36":0,"37":0,"38":0,"39":0,"40":1},"f":{"0":0,"1":0,"2":0,"3":0,"4":0,"5":0,"6":0,"7":0,"8":0,"9":0,"10":0,"11":0,"12":0},"b":{"0":[0,0],"1":[0,0],"2":[0,0],"3":[0,0],"4":[0,0],"5":[0,0],"6":[0,0],"7":[0,0],"8":[0,0],"9":[0,0],"10":[0,0],"11":[0,0],"12":[0,0],"13":[0,0],"14":[0,0]},"_coverageSchema":"332fd63041d2c1bcb487cc26dd0d5f7d97098a6c","hash":"f4945f9bc682dedd350865ff73c9b95a7ae24ec1"}
,"/Users/mabelhernandez/repos/learning-together/src/components/workshopForm/index.js": {"path":"/Users/mabelhernandez/repos/learning-together/src/components/workshopForm/index.js","statementMap":{},"fnMap":{},"branchMap":{},"s":{},"f":{},"b":{},"_coverageSchema":"332fd63041d2c1bcb487cc26dd0d5f7d97098a6c","hash":"9c3adf226b3f2d8b7cdd87c58bfdeee6103ef572"}
,"/Users/mabelhernandez/repos/learning-together/src/components/workshopForm/workshopForm.js": {"path":"/Users/mabelhernandez/repos/learning-together/src/components/workshopForm/workshopForm.js","statementMap":{"0":{"start":{"line":14,"column":4},"end":{"line":14,"column":17}},"1":{"start":{"line":15,"column":4},"end":{"line":34,"column":6}},"2":{"start":{"line":35,"column":4},"end":{"line":35,"column":53}},"3":{"start":{"line":36,"column":4},"end":{"line":36,"column":53}},"4":{"start":{"line":37,"column":4},"end":{"line":37,"column":55}},"5":{"start":{"line":38,"column":4},"end":{"line":38,"column":53}},"6":{"start":{"line":39,"column":4},"end":{"line":39,"column":53}},"7":{"start":{"line":40,"column":4},"end":{"line":40,"column":61}},"8":{"start":{"line":41,"column":4},"end":{"line":41,"column":65}},"9":{"start":{"line":42,"column":4},"end":{"line":42,"column":67}},"10":{"start":{"line":47,"column":4},"end":{"line":51,"column":9}},"11":{"start":{"line":48,"column":24},"end":{"line":48,"column":70}},"12":{"start":{"line":50,"column":8},"end":{"line":50,"column":27}},"13":{"start":{"line":53,"column":4},"end":{"line":53,"column":46}},"14":{"start":{"line":58,"column":4},"end":{"line":58,"column":31}},"15":{"start":{"line":59,"column":4},"end":{"line":59,"column":32}},"16":{"start":{"line":60,"column":4},"end":{"line":60,"column":39}},"17":{"start":{"line":61,"column":4},"end":{"line":61,"column":55}},"18":{"start":{"line":62,"column":4},"end":{"line":74,"column":5}},"19":{"start":{"line":63,"column":6},"end":{"line":66,"column":7}},"20":{"start":{"line":64,"column":8},"end":{"line":64,"column":68}},"21":{"start":{"line":65,"column":8},"end":{"line":65,"column":68}},"22":{"start":{"line":68,"column":6},"end":{"line":73,"column":7}},"23":{"start":{"line":69,"column":24},"end":{"line":69,"column":52}},"24":{"start":{"line":70,"column":8},"end":{"line":70,"column":55}},"25":{"start":{"line":71,"column":8},"end":{"line":71,"column":55}},"26":{"start":{"line":72,"column":8},"end":{"line":72,"column":35}},"27":{"start":{"line":78,"column":4},"end":{"line":78,"column":26}},"28":{"start":{"line":79,"column":4},"end":{"line":81,"column":5}},"29":{"start":{"line":80,"column":6},"end":{"line":80,"column":53}},"30":{"start":{"line":85,"column":4},"end":{"line":90,"column":7}},"31":{"start":{"line":94,"column":4},"end":{"line":94,"column":48}},"32":{"start":{"line":98,"column":18},"end":{"line":98,"column":23}},"33":{"start":{"line":99,"column":17},"end":{"line":99,"column":19}},"34":{"start":{"line":101,"column":4},"end":{"line":104,"column":5}},"35":{"start":{"line":102,"column":6},"end":{"line":102,"column":47}},"36":{"start":{"line":103,"column":6},"end":{"line":103,"column":21}},"37":{"start":{"line":106,"column":4},"end":{"line":109,"column":5}},"38":{"start":{"line":107,"column":6},"end":{"line":107,"column":41}},"39":{"start":{"line":108,"column":6},"end":{"line":108,"column":21}},"40":{"start":{"line":111,"column":4},"end":{"line":118,"column":5}},"41":{"start":{"line":116,"column":6},"end":{"line":116,"column":41}},"42":{"start":{"line":117,"column":6},"end":{"line":117,"column":21}},"43":{"start":{"line":120,"column":4},"end":{"line":123,"column":5}},"44":{"start":{"line":121,"column":6},"end":{"line":121,"column":61}},"45":{"start":{"line":122,"column":6},"end":{"line":122,"column":21}},"46":{"start":{"line":125,"column":4},"end":{"line":125,"column":37}},"47":{"start":{"line":126,"column":4},"end":{"line":126,"column":19}},"48":{"start":{"line":130,"column":4},"end":{"line":130,"column":23}},"49":{"start":{"line":132,"column":18},"end":{"line":132,"column":37}},"50":{"start":{"line":134,"column":4},"end":{"line":154,"column":5}},"51":{"start":{"line":135,"column":6},"end":{"line":135,"column":28}},"52":{"start":{"line":137,"column":19},"end":{"line":147,"column":7}},"53":{"start":{"line":148,"column":6},"end":{"line":148,"column":32}},"54":{"start":{"line":149,"column":6},"end":{"line":153,"column":9}},"55":{"start":{"line":150,"column":8},"end":{"line":152,"column":9}},"56":{"start":{"line":151,"column":10},"end":{"line":151,"column":70}},"57":{"start":{"line":158,"column":4},"end":{"line":158,"column":38}},"58":{"start":{"line":162,"column":4},"end":{"line":162,"column":52}},"59":{"start":{"line":166,"column":23},"end":{"line":172,"column":6}},"60":{"start":{"line":167,"column":6},"end":{"line":171,"column":8}},"61":{"start":{"line":174,"column":22},"end":{"line":180,"column":6}},"62":{"start":{"line":175,"column":6},"end":{"line":179,"column":8}},"63":{"start":{"line":182,"column":4},"end":{"line":322,"column":6}}},"fnMap":{"0":{"name":"(anonymous_0)","decl":{"start":{"line":13,"column":2},"end":{"line":13,"column":3}},"loc":{"start":{"line":13,"column":21},"end":{"line":43,"column":3}},"line":13},"1":{"name":"(anonymous_1)","decl":{"start":{"line":46,"column":2},"end":{"line":46,"column":3}},"loc":{"start":{"line":46,"column":22},"end":{"line":54,"column":3}},"line":46},"2":{"name":"(anonymous_2)","decl":{"start":{"line":48,"column":12},"end":{"line":48,"column":13}},"loc":{"start":{"line":48,"column":24},"end":{"line":48,"column":70}},"line":48},"3":{"name":"(anonymous_3)","decl":{"start":{"line":49,"column":13},"end":{"line":49,"column":14}},"loc":{"start":{"line":49,"column":22},"end":{"line":51,"column":7}},"line":49},"4":{"name":"(anonymous_4)","decl":{"start":{"line":57,"column":2},"end":{"line":57,"column":3}},"loc":{"start":{"line":57,"column":18},"end":{"line":75,"column":3}},"line":57},"5":{"name":"(anonymous_5)","decl":{"start":{"line":77,"column":2},"end":{"line":77,"column":3}},"loc":{"start":{"line":77,"column":32},"end":{"line":82,"column":3}},"line":77},"6":{"name":"(anonymous_6)","decl":{"start":{"line":84,"column":2},"end":{"line":84,"column":3}},"loc":{"start":{"line":84,"column":21},"end":{"line":91,"column":3}},"line":84},"7":{"name":"(anonymous_7)","decl":{"start":{"line":93,"column":2},"end":{"line":93,"column":3}},"loc":{"start":{"line":93,"column":29},"end":{"line":95,"column":3}},"line":93},"8":{"name":"(anonymous_8)","decl":{"start":{"line":97,"column":2},"end":{"line":97,"column":3}},"loc":{"start":{"line":97,"column":17},"end":{"line":127,"column":3}},"line":97},"9":{"name":"(anonymous_9)","decl":{"start":{"line":129,"column":2},"end":{"line":129,"column":3}},"loc":{"start":{"line":129,"column":18},"end":{"line":155,"column":3}},"line":129},"10":{"name":"(anonymous_10)","decl":{"start":{"line":149,"column":32},"end":{"line":149,"column":33}},"loc":{"start":{"line":149,"column":44},"end":{"line":153,"column":7}},"line":149},"11":{"name":"(anonymous_11)","decl":{"start":{"line":157,"column":2},"end":{"line":157,"column":3}},"loc":{"start":{"line":157,"column":21},"end":{"line":159,"column":3}},"line":157},"12":{"name":"(anonymous_12)","decl":{"start":{"line":161,"column":2},"end":{"line":161,"column":3}},"loc":{"start":{"line":161,"column":34},"end":{"line":163,"column":3}},"line":161},"13":{"name":"(anonymous_13)","decl":{"start":{"line":165,"column":2},"end":{"line":165,"column":3}},"loc":{"start":{"line":165,"column":11},"end":{"line":323,"column":3}},"line":165},"14":{"name":"(anonymous_14)","decl":{"start":{"line":166,"column":51},"end":{"line":166,"column":52}},"loc":{"start":{"line":166,"column":63},"end":{"line":172,"column":5}},"line":166},"15":{"name":"(anonymous_15)","decl":{"start":{"line":174,"column":50},"end":{"line":174,"column":51}},"loc":{"start":{"line":174,"column":62},"end":{"line":180,"column":5}},"line":174}},"branchMap":{"0":{"loc":{"start":{"line":62,"column":4},"end":{"line":74,"column":5}},"type":"if","locations":[{"start":{"line":62,"column":4},"end":{"line":74,"column":5}},{"start":{"line":62,"column":4},"end":{"line":74,"column":5}}],"line":62},"1":{"loc":{"start":{"line":62,"column":8},"end":{"line":62,"column":68}},"type":"binary-expr","locations":[{"start":{"line":62,"column":8},"end":{"line":62,"column":37}},{"start":{"line":62,"column":41},"end":{"line":62,"column":68}}],"line":62},"2":{"loc":{"start":{"line":63,"column":6},"end":{"line":66,"column":7}},"type":"if","locations":[{"start":{"line":63,"column":6},"end":{"line":66,"column":7}},{"start":{"line":63,"column":6},"end":{"line":66,"column":7}}],"line":63},"3":{"loc":{"start":{"line":63,"column":10},"end":{"line":63,"column":63}},"type":"binary-expr","locations":[{"start":{"line":63,"column":10},"end":{"line":63,"column":39}},{"start":{"line":63,"column":43},"end":{"line":63,"column":63}}],"line":63},"4":{"loc":{"start":{"line":68,"column":6},"end":{"line":73,"column":7}},"type":"if","locations":[{"start":{"line":68,"column":6},"end":{"line":73,"column":7}},{"start":{"line":68,"column":6},"end":{"line":73,"column":7}}],"line":68},"5":{"loc":{"start":{"line":68,"column":10},"end":{"line":68,"column":61}},"type":"binary-expr","locations":[{"start":{"line":68,"column":10},"end":{"line":68,"column":37}},{"start":{"line":68,"column":41},"end":{"line":68,"column":61}}],"line":68},"6":{"loc":{"start":{"line":79,"column":4},"end":{"line":81,"column":5}},"type":"if","locations":[{"start":{"line":79,"column":4},"end":{"line":81,"column":5}},{"start":{"line":79,"column":4},"end":{"line":81,"column":5}}],"line":79},"7":{"loc":{"start":{"line":101,"column":4},"end":{"line":104,"column":5}},"type":"if","locations":[{"start":{"line":101,"column":4},"end":{"line":104,"column":5}},{"start":{"line":101,"column":4},"end":{"line":104,"column":5}}],"line":101},"8":{"loc":{"start":{"line":106,"column":4},"end":{"line":109,"column":5}},"type":"if","locations":[{"start":{"line":106,"column":4},"end":{"line":109,"column":5}},{"start":{"line":106,"column":4},"end":{"line":109,"column":5}}],"line":106},"9":{"loc":{"start":{"line":111,"column":4},"end":{"line":118,"column":5}},"type":"if","locations":[{"start":{"line":111,"column":4},"end":{"line":118,"column":5}},{"start":{"line":111,"column":4},"end":{"line":118,"column":5}}],"line":111},"10":{"loc":{"start":{"line":112,"column":6},"end":{"line":114,"column":47}},"type":"binary-expr","locations":[{"start":{"line":112,"column":6},"end":{"line":112,"column":33}},{"start":{"line":113,"column":6},"end":{"line":113,"column":31}},{"start":{"line":114,"column":6},"end":{"line":114,"column":47}}],"line":112},"11":{"loc":{"start":{"line":120,"column":4},"end":{"line":123,"column":5}},"type":"if","locations":[{"start":{"line":120,"column":4},"end":{"line":123,"column":5}},{"start":{"line":120,"column":4},"end":{"line":123,"column":5}}],"line":120},"12":{"loc":{"start":{"line":134,"column":4},"end":{"line":154,"column":5}},"type":"if","locations":[{"start":{"line":134,"column":4},"end":{"line":154,"column":5}},{"start":{"line":134,"column":4},"end":{"line":154,"column":5}}],"line":134},"13":{"loc":{"start":{"line":150,"column":8},"end":{"line":152,"column":9}},"type":"if","locations":[{"start":{"line":150,"column":8},"end":{"line":152,"column":9}},{"start":{"line":150,"column":8},"end":{"line":152,"column":9}}],"line":150},"14":{"loc":{"start":{"line":312,"column":9},"end":{"line":317,"column":9}},"type":"binary-expr","locations":[{"start":{"line":312,"column":9},"end":{"line":312,"column":27}},{"start":{"line":313,"column":10},"end":{"line":316,"column":12}}],"line":312},"15":{"loc":{"start":{"line":318,"column":9},"end":{"line":320,"column":9}},"type":"binary-expr","locations":[{"start":{"line":318,"column":9},"end":{"line":318,"column":28}},{"start":{"line":319,"column":10},"end":{"line":319,"column":64}}],"line":318}},"s":{"0":1,"1":1,"2":1,"3":1,"4":1,"5":1,"6":1,"7":1,"8":1,"9":1,"10":1,"11":0,"12":0,"13":1,"14":8,"15":8,"16":8,"17":8,"18":8,"19":2,"20":1,"21":1,"22":2,"23":1,"24":1,"25":1,"26":1,"27":0,"28":0,"29":0,"30":0,"31":0,"32":0,"33":0,"34":0,"35":0,"36":0,"37":0,"38":0,"39":0,"40":0,"41":0,"42":0,"43":0,"44":0,"45":0,"46":0,"47":0,"48":0,"49":0,"50":0,"51":0,"52":0,"53":0,"54":0,"55":0,"56":0,"57":0,"58":0,"59":10,"60":0,"61":10,"62":0,"63":10},"f":{"0":1,"1":1,"2":0,"3":0,"4":8,"5":0,"6":0,"7":0,"8":0,"9":0,"10":0,"11":0,"12":0,"13":10,"14":0,"15":0},"b":{"0":[2,6],"1":[8,7],"2":[1,1],"3":[2,1],"4":[1,1],"5":[2,1],"6":[0,0],"7":[0,0],"8":[0,0],"9":[0,0],"10":[0,0,0],"11":[0,0],"12":[0,0],"13":[0,0],"14":[10,0],"15":[10,0]},"_coverageSchema":"332fd63041d2c1bcb487cc26dd0d5f7d97098a6c","hash":"618eadcdded573aca7b9cc980622d6db3aa9937d"}
,"/Users/mabelhernandez/repos/learning-together/src/components/workshopList/index.js": {"path":"/Users/mabelhernandez/repos/learning-together/src/components/workshopList/index.js","statementMap":{},"fnMap":{},"branchMap":{},"s":{},"f":{},"b":{},"_coverageSchema":"332fd63041d2c1bcb487cc26dd0d5f7d97098a6c","hash":"f811030e6bf34ff77ddb58ba029ca34cbdfaf98b"}
,"/Users/mabelhernandez/repos/learning-together/src/components/workshopList/workshopList.js": {"path":"/Users/mabelhernandez/repos/learning-together/src/components/workshopList/workshopList.js","statementMap":{"0":{"start":{"line":11,"column":4},"end":{"line":11,"column":17}},"1":{"start":{"line":12,"column":4},"end":{"line":15,"column":5}},"2":{"start":{"line":19,"column":4},"end":{"line":25,"column":6}},"3":{"start":{"line":21,"column":6},"end":{"line":24,"column":8}},"4":{"start":{"line":29,"column":4},"end":{"line":47,"column":6}},"5":{"start":{"line":38,"column":10},"end":{"line":38,"column":76}}},"fnMap":{"0":{"name":"(anonymous_0)","decl":{"start":{"line":10,"column":2},"end":{"line":10,"column":3}},"loc":{"start":{"line":10,"column":21},"end":{"line":16,"column":3}},"line":10},"1":{"name":"(anonymous_1)","decl":{"start":{"line":18,"column":2},"end":{"line":18,"column":3}},"loc":{"start":{"line":18,"column":21},"end":{"line":26,"column":3}},"line":18},"2":{"name":"(anonymous_2)","decl":{"start":{"line":20,"column":10},"end":{"line":20,"column":11}},"loc":{"start":{"line":20,"column":20},"end":{"line":25,"column":5}},"line":20},"3":{"name":"(anonymous_3)","decl":{"start":{"line":28,"column":2},"end":{"line":28,"column":3}},"loc":{"start":{"line":28,"column":11},"end":{"line":48,"column":3}},"line":28},"4":{"name":"(anonymous_4)","decl":{"start":{"line":37,"column":34},"end":{"line":37,"column":35}},"loc":{"start":{"line":38,"column":10},"end":{"line":38,"column":76}},"line":38}},"branchMap":{},"s":{"0":0,"1":0,"2":0,"3":0,"4":0,"5":0},"f":{"0":0,"1":0,"2":0,"3":0,"4":0},"b":{},"_coverageSchema":"332fd63041d2c1bcb487cc26dd0d5f7d97098a6c","hash":"0a86d100e38d6aed584c572b9284b9603428a23f"}
,"/Users/mabelhernandez/repos/learning-together/src/components/workshopPreview/index.js": {"path":"/Users/mabelhernandez/repos/learning-together/src/components/workshopPreview/index.js","statementMap":{},"fnMap":{},"branchMap":{},"s":{},"f":{},"b":{},"_coverageSchema":"332fd63041d2c1bcb487cc26dd0d5f7d97098a6c","hash":"ec30210ba3d381143063a6dc2ca843551b82c1e7"}
,"/Users/mabelhernandez/repos/learning-together/src/components/workshopPreview/workshopPreview.js": {"path":"/Users/mabelhernandez/repos/learning-together/src/components/workshopPreview/workshopPreview.js","statementMap":{"0":{"start":{"line":7,"column":24},"end":{"line":24,"column":1}},"1":{"start":{"line":8,"column":2},"end":{"line":23,"column":4}}},"fnMap":{"0":{"name":"(anonymous_0)","decl":{"start":{"line":7,"column":24},"end":{"line":7,"column":25}},"loc":{"start":{"line":7,"column":42},"end":{"line":24,"column":1}},"line":7}},"branchMap":{"0":{"loc":{"start":{"line":11,"column":29},"end":{"line":11,"column":84}},"type":"cond-expr","locations":[{"start":{"line":11,"column":51},"end":{"line":11,"column":70}},{"start":{"line":11,"column":73},"end":{"line":11,"column":84}}],"line":11}},"s":{"0":1,"1":0},"f":{"0":0},"b":{"0":[0,0]},"_coverageSchema":"332fd63041d2c1bcb487cc26dd0d5f7d97098a6c","hash":"a126f564bbb20fe4086a46a63f6132939add835d"}
}
