{"/Users/mabelhernandez/repos/learning-together/src/App.js": {"path":"/Users/mabelhernandez/repos/learning-together/src/App.js","statementMap":{"0":{"start":{"line":1,"column":0},"end":{"line":null,"column":-1}},"1":{"start":{"line":2,"column":0},"end":{"line":null,"column":-1}},"2":{"start":{"line":3,"column":0},"end":{"line":null,"column":-1}},"3":{"start":{"line":4,"column":0},"end":{"line":null,"column":-1}},"4":{"start":{"line":5,"column":0},"end":{"line":null,"column":-1}},"5":{"start":{"line":6,"column":0},"end":{"line":null,"column":-1}},"6":{"start":{"line":7,"column":0},"end":{"line":null,"column":-1}},"7":{"start":{"line":9,"column":0},"end":{"line":null,"column":-1}},"8":{"start":{"line":12,"column":4},"end":{"line":null,"column":-1}},"9":{"start":{"line":13,"column":4},"end":{"line":null,"column":-1}},"10":{"start":{"line":16,"column":4},"end":{"line":null,"column":-1}}},"fnMap":{"0":{"name":"(anonymous_0)","decl":{"start":{"line":11,"column":2},"end":{"line":11,"column":12}},"loc":{"start":{"line":11,"column":16},"end":{"line":14,"column":3}}},"1":{"name":"(anonymous_1)","decl":{"start":{"line":15,"column":2},"end":{"line":15,"column":7}},"loc":{"start":{"line":15,"column":11},"end":{"line":19,"column":3}}}},"branchMap":{},"s":{"0":0,"1":0,"2":0,"3":0,"4":0,"5":0,"6":0,"7":0,"8":0,"9":0,"10":0},"f":{"0":0,"1":0},"b":{}}
,"/Users/mabelhernandez/repos/learning-together/src/UserProvider.js": {"path":"/Users/mabelhernandez/repos/learning-together/src/UserProvider.js","statementMap":{"0":{"start":{"line":3,"column":27},"end":{"line":3,"column":48}},"1":{"start":{"line":5,"column":28},"end":{"line":5,"column":48}},"2":{"start":{"line":9,"column":4},"end":{"line":9,"column":11}},"3":{"start":{"line":10,"column":4},"end":{"line":15,"column":5}},"4":{"start":{"line":13,"column":8},"end":{"line":13,"column":37}},"5":{"start":{"line":19,"column":4},"end":{"line":24,"column":5}}},"fnMap":{"0":{"name":"(anonymous_0)","decl":{"start":{"line":8,"column":2},"end":{"line":8,"column":3}},"loc":{"start":{"line":8,"column":16},"end":{"line":16,"column":3}},"line":8},"1":{"name":"(anonymous_1)","decl":{"start":{"line":12,"column":18},"end":{"line":12,"column":19}},"loc":{"start":{"line":12,"column":24},"end":{"line":14,"column":7}},"line":12},"2":{"name":"(anonymous_2)","decl":{"start":{"line":18,"column":2},"end":{"line":18,"column":3}},"loc":{"start":{"line":18,"column":11},"end":{"line":25,"column":3}},"line":18}},"branchMap":{},"s":{"0":3,"1":3,"2":0,"3":0,"4":0,"5":0},"f":{"0":0,"1":0,"2":0},"b":{},"_coverageSchema":"332fd63041d2c1bcb487cc26dd0d5f7d97098a6c","hash":"2a251d596c58ad735f71f9a7a6d6958bb59df23a"}
,"/Users/mabelhernandez/repos/learning-together/src/api.js": {"path":"/Users/mabelhernandez/repos/learning-together/src/api.js","statementMap":{"0":{"start":{"line":6,"column":16},"end":{"line":6,"column":56}},"1":{"start":{"line":8,"column":16},"end":{"line":13,"column":1}},"2":{"start":{"line":9,"column":2},"end":{"line":12,"column":4}},"3":{"start":{"line":15,"column":2},"end":{"line":25,"column":7}},"4":{"start":{"line":18,"column":6},"end":{"line":20,"column":7}},"5":{"start":{"line":19,"column":8},"end":{"line":19,"column":24}},"6":{"start":{"line":23,"column":6},"end":{"line":23,"column":23}},"7":{"start":{"line":24,"column":6},"end":{"line":24,"column":14}},"8":{"start":{"line":29,"column":14},"end":{"line":29,"column":49}},"9":{"start":{"line":30,"column":2},"end":{"line":46,"column":5}},"10":{"start":{"line":31,"column":17},"end":{"line":31,"column":39}},"11":{"start":{"line":32,"column":20},"end":{"line":32,"column":31}},"12":{"start":{"line":33,"column":4},"end":{"line":45,"column":9}},"13":{"start":{"line":41,"column":8},"end":{"line":41,"column":27}},"14":{"start":{"line":44,"column":8},"end":{"line":44,"column":24}},"15":{"start":{"line":50,"column":2},"end":{"line":50,"column":15}},"16":{"start":{"line":51,"column":14},"end":{"line":51,"column":45}},"17":{"start":{"line":52,"column":2},"end":{"line":61,"column":5}},"18":{"start":{"line":53,"column":4},"end":{"line":60,"column":9}},"19":{"start":{"line":56,"column":8},"end":{"line":56,"column":27}},"20":{"start":{"line":59,"column":8},"end":{"line":59,"column":24}},"21":{"start":{"line":65,"column":2},"end":{"line":65,"column":15}},"22":{"start":{"line":66,"column":14},"end":{"line":66,"column":53}},"23":{"start":{"line":67,"column":2},"end":{"line":79,"column":7}},"24":{"start":{"line":70,"column":6},"end":{"line":70,"column":30}},"25":{"start":{"line":73,"column":6},"end":{"line":77,"column":7}},"26":{"start":{"line":74,"column":8},"end":{"line":74,"column":29}},"27":{"start":{"line":75,"column":8},"end":{"line":75,"column":31}},"28":{"start":{"line":76,"column":8},"end":{"line":76,"column":33}},"29":{"start":{"line":78,"column":6},"end":{"line":78,"column":19}},"30":{"start":{"line":82,"column":31},"end":{"line":97,"column":1}},"31":{"start":{"line":83,"column":2},"end":{"line":83,"column":15}},"32":{"start":{"line":84,"column":19},"end":{"line":84,"column":54}},"33":{"start":{"line":85,"column":2},"end":{"line":96,"column":7}},"34":{"start":{"line":92,"column":6},"end":{"line":92,"column":25}},"35":{"start":{"line":95,"column":6},"end":{"line":95,"column":22}},"36":{"start":{"line":99,"column":35},"end":{"line":121,"column":1}},"37":{"start":{"line":100,"column":2},"end":{"line":100,"column":15}},"38":{"start":{"line":101,"column":15},"end":{"line":103,"column":8}},"39":{"start":{"line":104,"column":18},"end":{"line":104,"column":29}},"40":{"start":{"line":105,"column":2},"end":{"line":120,"column":7}},"41":{"start":{"line":112,"column":6},"end":{"line":112,"column":25}},"42":{"start":{"line":115,"column":6},"end":{"line":119,"column":7}},"43":{"start":{"line":116,"column":8},"end":{"line":116,"column":29}},"44":{"start":{"line":117,"column":8},"end":{"line":117,"column":31}},"45":{"start":{"line":118,"column":8},"end":{"line":118,"column":33}},"46":{"start":{"line":123,"column":35},"end":{"line":138,"column":1}},"47":{"start":{"line":124,"column":16},"end":{"line":124,"column":33}},"48":{"start":{"line":125,"column":15},"end":{"line":125,"column":93}},"49":{"start":{"line":126,"column":2},"end":{"line":137,"column":7}},"50":{"start":{"line":133,"column":6},"end":{"line":133,"column":25}},"51":{"start":{"line":136,"column":6},"end":{"line":136,"column":22}},"52":{"start":{"line":140,"column":27},"end":{"line":156,"column":1}},"53":{"start":{"line":141,"column":2},"end":{"line":141,"column":15}},"54":{"start":{"line":142,"column":14},"end":{"line":142,"column":46}},"55":{"start":{"line":143,"column":2},"end":{"line":155,"column":7}},"56":{"start":{"line":146,"column":6},"end":{"line":146,"column":25}},"57":{"start":{"line":149,"column":6},"end":{"line":153,"column":7}},"58":{"start":{"line":150,"column":8},"end":{"line":150,"column":29}},"59":{"start":{"line":151,"column":8},"end":{"line":151,"column":31}},"60":{"start":{"line":152,"column":8},"end":{"line":152,"column":33}},"61":{"start":{"line":154,"column":6},"end":{"line":154,"column":22}},"62":{"start":{"line":158,"column":30},"end":{"line":178,"column":1}},"63":{"start":{"line":159,"column":2},"end":{"line":159,"column":15}},"64":{"start":{"line":160,"column":14},"end":{"line":160,"column":53}},"65":{"start":{"line":161,"column":2},"end":{"line":177,"column":7}},"66":{"start":{"line":168,"column":6},"end":{"line":168,"column":25}},"67":{"start":{"line":171,"column":6},"end":{"line":175,"column":7}},"68":{"start":{"line":172,"column":8},"end":{"line":172,"column":29}},"69":{"start":{"line":173,"column":8},"end":{"line":173,"column":31}},"70":{"start":{"line":174,"column":8},"end":{"line":174,"column":33}},"71":{"start":{"line":176,"column":6},"end":{"line":176,"column":22}},"72":{"start":{"line":180,"column":32},"end":{"line":200,"column":1}},"73":{"start":{"line":181,"column":2},"end":{"line":181,"column":15}},"74":{"start":{"line":182,"column":14},"end":{"line":182,"column":53}},"75":{"start":{"line":183,"column":2},"end":{"line":199,"column":7}},"76":{"start":{"line":190,"column":6},"end":{"line":190,"column":25}},"77":{"start":{"line":193,"column":6},"end":{"line":197,"column":7}},"78":{"start":{"line":194,"column":8},"end":{"line":194,"column":29}},"79":{"start":{"line":195,"column":8},"end":{"line":195,"column":31}},"80":{"start":{"line":196,"column":8},"end":{"line":196,"column":33}},"81":{"start":{"line":198,"column":6},"end":{"line":198,"column":22}},"82":{"start":{"line":202,"column":23},"end":{"line":224,"column":1}},"83":{"start":{"line":203,"column":2},"end":{"line":203,"column":15}},"84":{"start":{"line":204,"column":14},"end":{"line":204,"column":42}},"85":{"start":{"line":205,"column":2},"end":{"line":223,"column":5}},"86":{"start":{"line":206,"column":4},"end":{"line":222,"column":9}},"87":{"start":{"line":213,"column":8},"end":{"line":213,"column":27}},"88":{"start":{"line":216,"column":8},"end":{"line":220,"column":9}},"89":{"start":{"line":217,"column":10},"end":{"line":217,"column":31}},"90":{"start":{"line":218,"column":10},"end":{"line":218,"column":33}},"91":{"start":{"line":219,"column":10},"end":{"line":219,"column":35}},"92":{"start":{"line":221,"column":8},"end":{"line":221,"column":24}},"93":{"start":{"line":226,"column":24},"end":{"line":271,"column":1}},"94":{"start":{"line":240,"column":2},"end":{"line":240,"column":15}},"95":{"start":{"line":241,"column":15},"end":{"line":250,"column":3}},"96":{"start":{"line":251,"column":2},"end":{"line":270,"column":7}},"97":{"start":{"line":260,"column":6},"end":{"line":260,"column":32}},"98":{"start":{"line":264,"column":6},"end":{"line":268,"column":7}},"99":{"start":{"line":265,"column":8},"end":{"line":265,"column":29}},"100":{"start":{"line":266,"column":8},"end":{"line":266,"column":31}},"101":{"start":{"line":267,"column":8},"end":{"line":267,"column":33}},"102":{"start":{"line":269,"column":6},"end":{"line":269,"column":22}},"103":{"start":{"line":273,"column":30},"end":{"line":301,"column":1}},"104":{"start":{"line":274,"column":2},"end":{"line":300,"column":3}},"105":{"start":{"line":275,"column":4},"end":{"line":275,"column":17}},"106":{"start":{"line":276,"column":4},"end":{"line":295,"column":9}},"107":{"start":{"line":285,"column":8},"end":{"line":285,"column":24}},"108":{"start":{"line":289,"column":8},"end":{"line":293,"column":9}},"109":{"start":{"line":290,"column":10},"end":{"line":290,"column":31}},"110":{"start":{"line":291,"column":10},"end":{"line":291,"column":33}},"111":{"start":{"line":292,"column":10},"end":{"line":292,"column":35}},"112":{"start":{"line":294,"column":8},"end":{"line":294,"column":27}},"113":{"start":{"line":298,"column":4},"end":{"line":298,"column":23}},"114":{"start":{"line":299,"column":4},"end":{"line":299,"column":17}},"115":{"start":{"line":303,"column":30},"end":{"line":305,"column":1}},"116":{"start":{"line":304,"column":2},"end":{"line":304,"column":66}},"117":{"start":{"line":308,"column":2},"end":{"line":308,"column":15}},"118":{"start":{"line":309,"column":14},"end":{"line":309,"column":43}},"119":{"start":{"line":310,"column":2},"end":{"line":322,"column":7}},"120":{"start":{"line":313,"column":6},"end":{"line":313,"column":25}},"121":{"start":{"line":316,"column":6},"end":{"line":320,"column":7}},"122":{"start":{"line":317,"column":8},"end":{"line":317,"column":29}},"123":{"start":{"line":318,"column":8},"end":{"line":318,"column":31}},"124":{"start":{"line":319,"column":8},"end":{"line":319,"column":33}},"125":{"start":{"line":321,"column":6},"end":{"line":321,"column":22}},"126":{"start":{"line":325,"column":33},"end":{"line":344,"column":1}},"127":{"start":{"line":326,"column":2},"end":{"line":326,"column":15}},"128":{"start":{"line":327,"column":2},"end":{"line":343,"column":7}},"129":{"start":{"line":334,"column":6},"end":{"line":334,"column":25}},"130":{"start":{"line":337,"column":6},"end":{"line":341,"column":7}},"131":{"start":{"line":338,"column":8},"end":{"line":338,"column":29}},"132":{"start":{"line":339,"column":8},"end":{"line":339,"column":31}},"133":{"start":{"line":340,"column":8},"end":{"line":340,"column":33}},"134":{"start":{"line":342,"column":6},"end":{"line":342,"column":22}},"135":{"start":{"line":346,"column":31},"end":{"line":360,"column":1}},"136":{"start":{"line":347,"column":2},"end":{"line":347,"column":15}},"137":{"start":{"line":348,"column":2},"end":{"line":359,"column":7}},"138":{"start":{"line":355,"column":6},"end":{"line":355,"column":25}},"139":{"start":{"line":358,"column":6},"end":{"line":358,"column":20}},"140":{"start":{"line":362,"column":31},"end":{"line":378,"column":1}},"141":{"start":{"line":363,"column":2},"end":{"line":363,"column":15}},"142":{"start":{"line":364,"column":14},"end":{"line":364,"column":40}},"143":{"start":{"line":365,"column":2},"end":{"line":377,"column":7}},"144":{"start":{"line":368,"column":6},"end":{"line":368,"column":25}},"145":{"start":{"line":371,"column":6},"end":{"line":375,"column":7}},"146":{"start":{"line":372,"column":8},"end":{"line":372,"column":29}},"147":{"start":{"line":373,"column":8},"end":{"line":373,"column":31}},"148":{"start":{"line":374,"column":8},"end":{"line":374,"column":33}},"149":{"start":{"line":376,"column":6},"end":{"line":376,"column":22}},"150":{"start":{"line":380,"column":28},"end":{"line":396,"column":1}},"151":{"start":{"line":381,"column":2},"end":{"line":381,"column":15}},"152":{"start":{"line":382,"column":14},"end":{"line":382,"column":36}},"153":{"start":{"line":383,"column":2},"end":{"line":395,"column":7}},"154":{"start":{"line":386,"column":6},"end":{"line":386,"column":25}},"155":{"start":{"line":389,"column":6},"end":{"line":393,"column":7}},"156":{"start":{"line":390,"column":8},"end":{"line":390,"column":29}},"157":{"start":{"line":391,"column":8},"end":{"line":391,"column":31}},"158":{"start":{"line":392,"column":8},"end":{"line":392,"column":33}},"159":{"start":{"line":394,"column":6},"end":{"line":394,"column":22}},"160":{"start":{"line":398,"column":32},"end":{"line":414,"column":1}},"161":{"start":{"line":399,"column":2},"end":{"line":399,"column":15}},"162":{"start":{"line":400,"column":14},"end":{"line":400,"column":66}},"163":{"start":{"line":401,"column":2},"end":{"line":413,"column":7}},"164":{"start":{"line":404,"column":6},"end":{"line":404,"column":25}},"165":{"start":{"line":407,"column":6},"end":{"line":411,"column":7}},"166":{"start":{"line":408,"column":8},"end":{"line":408,"column":29}},"167":{"start":{"line":409,"column":8},"end":{"line":409,"column":31}},"168":{"start":{"line":410,"column":8},"end":{"line":410,"column":33}},"169":{"start":{"line":412,"column":6},"end":{"line":412,"column":22}},"170":{"start":{"line":416,"column":30},"end":{"line":442,"column":1}},"171":{"start":{"line":417,"column":2},"end":{"line":441,"column":3}},"172":{"start":{"line":418,"column":4},"end":{"line":418,"column":17}},"173":{"start":{"line":419,"column":4},"end":{"line":433,"column":9}},"174":{"start":{"line":428,"column":8},"end":{"line":428,"column":24}},"175":{"start":{"line":432,"column":8},"end":{"line":432,"column":27}},"176":{"start":{"line":435,"column":4},"end":{"line":435,"column":23}},"177":{"start":{"line":436,"column":4},"end":{"line":440,"column":5}},"178":{"start":{"line":437,"column":6},"end":{"line":437,"column":27}},"179":{"start":{"line":438,"column":6},"end":{"line":438,"column":29}},"180":{"start":{"line":439,"column":6},"end":{"line":439,"column":31}},"181":{"start":{"line":444,"column":30},"end":{"line":467,"column":1}},"182":{"start":{"line":445,"column":2},"end":{"line":445,"column":15}},"183":{"start":{"line":446,"column":2},"end":{"line":466,"column":7}},"184":{"start":{"line":454,"column":6},"end":{"line":456,"column":7}},"185":{"start":{"line":455,"column":8},"end":{"line":455,"column":29}},"186":{"start":{"line":460,"column":6},"end":{"line":464,"column":7}},"187":{"start":{"line":461,"column":8},"end":{"line":461,"column":29}},"188":{"start":{"line":462,"column":8},"end":{"line":462,"column":31}},"189":{"start":{"line":463,"column":8},"end":{"line":463,"column":33}},"190":{"start":{"line":465,"column":6},"end":{"line":465,"column":25}},"191":{"start":{"line":469,"column":30},"end":{"line":488,"column":1}},"192":{"start":{"line":470,"column":2},"end":{"line":470,"column":15}},"193":{"start":{"line":471,"column":2},"end":{"line":487,"column":7}},"194":{"start":{"line":478,"column":6},"end":{"line":478,"column":25}},"195":{"start":{"line":481,"column":6},"end":{"line":485,"column":7}},"196":{"start":{"line":482,"column":8},"end":{"line":482,"column":29}},"197":{"start":{"line":483,"column":8},"end":{"line":483,"column":31}},"198":{"start":{"line":484,"column":8},"end":{"line":484,"column":33}},"199":{"start":{"line":486,"column":6},"end":{"line":486,"column":22}},"200":{"start":{"line":490,"column":25},"end":{"line":498,"column":1}},"201":{"start":{"line":491,"column":2},"end":{"line":497,"column":5}},"202":{"start":{"line":500,"column":31},"end":{"line":521,"column":1}},"203":{"start":{"line":502,"column":4},"end":{"line":506,"column":26}},"204":{"start":{"line":509,"column":4},"end":{"line":512,"column":26}},"205":{"start":{"line":514,"column":2},"end":{"line":520,"column":5}},"206":{"start":{"line":523,"column":27},"end":{"line":535,"column":1}},"207":{"start":{"line":524,"column":2},"end":{"line":534,"column":3}},"208":{"start":{"line":525,"column":4},"end":{"line":531,"column":7}},"209":{"start":{"line":533,"column":4},"end":{"line":533,"column":23}},"210":{"start":{"line":537,"column":24},"end":{"line":566,"column":1}},"211":{"start":{"line":538,"column":2},"end":{"line":565,"column":3}},"212":{"start":{"line":539,"column":25},"end":{"line":539,"column":47}},"213":{"start":{"line":540,"column":23},"end":{"line":540,"column":43}},"214":{"start":{"line":542,"column":4},"end":{"line":560,"column":7}},"215":{"start":{"line":562,"column":4},"end":{"line":562,"column":23}},"216":{"start":{"line":563,"column":4},"end":{"line":563,"column":17}},"217":{"start":{"line":568,"column":24},"end":{"line":604,"column":1}},"218":{"start":{"line":570,"column":4},"end":{"line":573,"column":26}},"219":{"start":{"line":576,"column":4},"end":{"line":579,"column":26}},"220":{"start":{"line":580,"column":2},"end":{"line":603,"column":3}},"221":{"start":{"line":581,"column":4},"end":{"line":599,"column":7}},"222":{"start":{"line":601,"column":4},"end":{"line":601,"column":32}},"223":{"start":{"line":602,"column":4},"end":{"line":602,"column":17}},"224":{"start":{"line":606,"column":34},"end":{"line":678,"column":1}},"225":{"start":{"line":608,"column":4},"end":{"line":612,"column":26}},"226":{"start":{"line":615,"column":4},"end":{"line":619,"column":26}},"227":{"start":{"line":620,"column":2},"end":{"line":677,"column":3}},"228":{"start":{"line":621,"column":27},"end":{"line":621,"column":29}},"229":{"start":{"line":623,"column":4},"end":{"line":672,"column":7}},"230":{"start":{"line":624,"column":6},"end":{"line":670,"column":7}},"231":{"start":{"line":625,"column":8},"end":{"line":628,"column":11}},"232":{"start":{"line":630,"column":23},"end":{"line":630,"column":28}},"233":{"start":{"line":632,"column":8},"end":{"line":666,"column":11}},"234":{"start":{"line":634,"column":12},"end":{"line":637,"column":34}},"235":{"start":{"line":640,"column":12},"end":{"line":644,"column":34}},"236":{"start":{"line":646,"column":10},"end":{"line":664,"column":11}},"237":{"start":{"line":650,"column":12},"end":{"line":650,"column":28}},"238":{"start":{"line":651,"column":12},"end":{"line":651,"column":19}},"239":{"start":{"line":652,"column":17},"end":{"line":664,"column":11}},"240":{"start":{"line":656,"column":12},"end":{"line":656,"column":28}},"241":{"start":{"line":657,"column":12},"end":{"line":657,"column":19}},"242":{"start":{"line":658,"column":17},"end":{"line":664,"column":11}},"243":{"start":{"line":662,"column":12},"end":{"line":662,"column":28}},"244":{"start":{"line":663,"column":12},"end":{"line":663,"column":19}},"245":{"start":{"line":665,"column":10},"end":{"line":665,"column":17}},"246":{"start":{"line":667,"column":8},"end":{"line":669,"column":9}},"247":{"start":{"line":668,"column":10},"end":{"line":668,"column":76}},"248":{"start":{"line":671,"column":6},"end":{"line":671,"column":13}},"249":{"start":{"line":673,"column":4},"end":{"line":673,"column":26}},"250":{"start":{"line":675,"column":4},"end":{"line":675,"column":23}},"251":{"start":{"line":676,"column":4},"end":{"line":676,"column":17}},"252":{"start":{"line":680,"column":24},"end":{"line":689,"column":1}},"253":{"start":{"line":681,"column":2},"end":{"line":688,"column":3}},"254":{"start":{"line":682,"column":21},"end":{"line":682,"column":42}},"255":{"start":{"line":683,"column":27},"end":{"line":683,"column":73}},"256":{"start":{"line":684,"column":4},"end":{"line":684,"column":26}},"257":{"start":{"line":686,"column":4},"end":{"line":686,"column":32}},"258":{"start":{"line":687,"column":4},"end":{"line":687,"column":17}},"259":{"start":{"line":691,"column":25},"end":{"line":711,"column":1}},"260":{"start":{"line":692,"column":2},"end":{"line":692,"column":15}},"261":{"start":{"line":693,"column":2},"end":{"line":710,"column":7}},"262":{"start":{"line":701,"column":6},"end":{"line":701,"column":25}},"263":{"start":{"line":704,"column":6},"end":{"line":708,"column":7}},"264":{"start":{"line":705,"column":8},"end":{"line":705,"column":29}},"265":{"start":{"line":706,"column":8},"end":{"line":706,"column":31}},"266":{"start":{"line":707,"column":8},"end":{"line":707,"column":34}},"267":{"start":{"line":709,"column":6},"end":{"line":709,"column":22}}},"fnMap":{"0":{"name":"(anonymous_0)","decl":{"start":{"line":8,"column":16},"end":{"line":8,"column":17}},"loc":{"start":{"line":8,"column":27},"end":{"line":13,"column":1}},"line":8},"1":{"name":"tokenCheck","decl":{"start":{"line":14,"column":16},"end":{"line":14,"column":26}},"loc":{"start":{"line":14,"column":29},"end":{"line":26,"column":1}},"line":14},"2":{"name":"(anonymous_2)","decl":{"start":{"line":17,"column":10},"end":{"line":17,"column":11}},"loc":{"start":{"line":17,"column":22},"end":{"line":21,"column":5}},"line":17},"3":{"name":"(anonymous_3)","decl":{"start":{"line":22,"column":11},"end":{"line":22,"column":12}},"loc":{"start":{"line":22,"column":18},"end":{"line":25,"column":5}},"line":22},"4":{"name":"signIn","decl":{"start":{"line":28,"column":16},"end":{"line":28,"column":22}},"loc":{"start":{"line":28,"column":43},"end":{"line":47,"column":1}},"line":28},"5":{"name":"(anonymous_5)","decl":{"start":{"line":30,"column":21},"end":{"line":30,"column":22}},"loc":{"start":{"line":30,"column":42},"end":{"line":46,"column":3}},"line":30},"6":{"name":"(anonymous_6)","decl":{"start":{"line":40,"column":12},"end":{"line":40,"column":13}},"loc":{"start":{"line":40,"column":24},"end":{"line":42,"column":7}},"line":40},"7":{"name":"(anonymous_7)","decl":{"start":{"line":43,"column":13},"end":{"line":43,"column":14}},"loc":{"start":{"line":43,"column":22},"end":{"line":45,"column":7}},"line":43},"8":{"name":"signUp","decl":{"start":{"line":49,"column":16},"end":{"line":49,"column":22}},"loc":{"start":{"line":49,"column":39},"end":{"line":62,"column":1}},"line":49},"9":{"name":"(anonymous_9)","decl":{"start":{"line":52,"column":21},"end":{"line":52,"column":22}},"loc":{"start":{"line":52,"column":42},"end":{"line":61,"column":3}},"line":52},"10":{"name":"(anonymous_10)","decl":{"start":{"line":55,"column":12},"end":{"line":55,"column":13}},"loc":{"start":{"line":55,"column":24},"end":{"line":57,"column":7}},"line":55},"11":{"name":"(anonymous_11)","decl":{"start":{"line":58,"column":13},"end":{"line":58,"column":14}},"loc":{"start":{"line":58,"column":22},"end":{"line":60,"column":7}},"line":58},"12":{"name":"loadCategories","decl":{"start":{"line":64,"column":22},"end":{"line":64,"column":36}},"loc":{"start":{"line":64,"column":47},"end":{"line":80,"column":1}},"line":64},"13":{"name":"(anonymous_13)","decl":{"start":{"line":69,"column":10},"end":{"line":69,"column":11}},"loc":{"start":{"line":69,"column":22},"end":{"line":71,"column":5}},"line":69},"14":{"name":"(anonymous_14)","decl":{"start":{"line":72,"column":11},"end":{"line":72,"column":12}},"loc":{"start":{"line":72,"column":20},"end":{"line":79,"column":5}},"line":72},"15":{"name":"(anonymous_15)","decl":{"start":{"line":82,"column":31},"end":{"line":82,"column":32}},"loc":{"start":{"line":82,"column":49},"end":{"line":97,"column":1}},"line":82},"16":{"name":"(anonymous_16)","decl":{"start":{"line":91,"column":10},"end":{"line":91,"column":11}},"loc":{"start":{"line":91,"column":22},"end":{"line":93,"column":5}},"line":91},"17":{"name":"(anonymous_17)","decl":{"start":{"line":94,"column":11},"end":{"line":94,"column":12}},"loc":{"start":{"line":94,"column":20},"end":{"line":96,"column":5}},"line":94},"18":{"name":"(anonymous_18)","decl":{"start":{"line":99,"column":35},"end":{"line":99,"column":36}},"loc":{"start":{"line":99,"column":56},"end":{"line":121,"column":1}},"line":99},"19":{"name":"(anonymous_19)","decl":{"start":{"line":111,"column":10},"end":{"line":111,"column":11}},"loc":{"start":{"line":111,"column":22},"end":{"line":113,"column":5}},"line":111},"20":{"name":"(anonymous_20)","decl":{"start":{"line":114,"column":11},"end":{"line":114,"column":12}},"loc":{"start":{"line":114,"column":20},"end":{"line":120,"column":5}},"line":114},"21":{"name":"(anonymous_21)","decl":{"start":{"line":123,"column":35},"end":{"line":123,"column":36}},"loc":{"start":{"line":123,"column":59},"end":{"line":138,"column":1}},"line":123},"22":{"name":"(anonymous_22)","decl":{"start":{"line":132,"column":10},"end":{"line":132,"column":11}},"loc":{"start":{"line":132,"column":22},"end":{"line":134,"column":5}},"line":132},"23":{"name":"(anonymous_23)","decl":{"start":{"line":135,"column":11},"end":{"line":135,"column":12}},"loc":{"start":{"line":135,"column":20},"end":{"line":137,"column":5}},"line":135},"24":{"name":"(anonymous_24)","decl":{"start":{"line":140,"column":27},"end":{"line":140,"column":28}},"loc":{"start":{"line":140,"column":45},"end":{"line":156,"column":1}},"line":140},"25":{"name":"(anonymous_25)","decl":{"start":{"line":145,"column":10},"end":{"line":145,"column":11}},"loc":{"start":{"line":145,"column":22},"end":{"line":147,"column":5}},"line":145},"26":{"name":"(anonymous_26)","decl":{"start":{"line":148,"column":11},"end":{"line":148,"column":12}},"loc":{"start":{"line":148,"column":20},"end":{"line":155,"column":5}},"line":148},"27":{"name":"(anonymous_27)","decl":{"start":{"line":158,"column":30},"end":{"line":158,"column":31}},"loc":{"start":{"line":158,"column":48},"end":{"line":178,"column":1}},"line":158},"28":{"name":"(anonymous_28)","decl":{"start":{"line":167,"column":10},"end":{"line":167,"column":11}},"loc":{"start":{"line":167,"column":22},"end":{"line":169,"column":5}},"line":167},"29":{"name":"(anonymous_29)","decl":{"start":{"line":170,"column":11},"end":{"line":170,"column":12}},"loc":{"start":{"line":170,"column":20},"end":{"line":177,"column":5}},"line":170},"30":{"name":"(anonymous_30)","decl":{"start":{"line":180,"column":32},"end":{"line":180,"column":33}},"loc":{"start":{"line":180,"column":50},"end":{"line":200,"column":1}},"line":180},"31":{"name":"(anonymous_31)","decl":{"start":{"line":189,"column":10},"end":{"line":189,"column":11}},"loc":{"start":{"line":189,"column":22},"end":{"line":191,"column":5}},"line":189},"32":{"name":"(anonymous_32)","decl":{"start":{"line":192,"column":11},"end":{"line":192,"column":12}},"loc":{"start":{"line":192,"column":20},"end":{"line":199,"column":5}},"line":192},"33":{"name":"(anonymous_33)","decl":{"start":{"line":202,"column":23},"end":{"line":202,"column":24}},"loc":{"start":{"line":202,"column":41},"end":{"line":224,"column":1}},"line":202},"34":{"name":"(anonymous_34)","decl":{"start":{"line":205,"column":21},"end":{"line":205,"column":22}},"loc":{"start":{"line":205,"column":42},"end":{"line":223,"column":3}},"line":205},"35":{"name":"(anonymous_35)","decl":{"start":{"line":212,"column":12},"end":{"line":212,"column":13}},"loc":{"start":{"line":212,"column":24},"end":{"line":214,"column":7}},"line":212},"36":{"name":"(anonymous_36)","decl":{"start":{"line":215,"column":13},"end":{"line":215,"column":14}},"loc":{"start":{"line":215,"column":22},"end":{"line":222,"column":7}},"line":215},"37":{"name":"(anonymous_37)","decl":{"start":{"line":226,"column":24},"end":{"line":226,"column":25}},"loc":{"start":{"line":239,"column":5},"end":{"line":271,"column":1}},"line":239},"38":{"name":"(anonymous_38)","decl":{"start":{"line":258,"column":10},"end":{"line":258,"column":11}},"loc":{"start":{"line":258,"column":29},"end":{"line":261,"column":5}},"line":258},"39":{"name":"(anonymous_39)","decl":{"start":{"line":262,"column":11},"end":{"line":262,"column":12}},"loc":{"start":{"line":262,"column":27},"end":{"line":270,"column":5}},"line":262},"40":{"name":"(anonymous_40)","decl":{"start":{"line":273,"column":30},"end":{"line":273,"column":31}},"loc":{"start":{"line":273,"column":44},"end":{"line":301,"column":1}},"line":273},"41":{"name":"(anonymous_41)","decl":{"start":{"line":283,"column":12},"end":{"line":283,"column":13}},"loc":{"start":{"line":283,"column":31},"end":{"line":286,"column":7}},"line":283},"42":{"name":"(anonymous_42)","decl":{"start":{"line":287,"column":13},"end":{"line":287,"column":14}},"loc":{"start":{"line":287,"column":29},"end":{"line":295,"column":7}},"line":287},"43":{"name":"(anonymous_43)","decl":{"start":{"line":303,"column":30},"end":{"line":303,"column":31}},"loc":{"start":{"line":303,"column":36},"end":{"line":305,"column":1}},"line":303},"44":{"name":"uploadImage","decl":{"start":{"line":307,"column":16},"end":{"line":307,"column":27}},"loc":{"start":{"line":307,"column":44},"end":{"line":323,"column":1}},"line":307},"45":{"name":"(anonymous_45)","decl":{"start":{"line":312,"column":10},"end":{"line":312,"column":11}},"loc":{"start":{"line":312,"column":22},"end":{"line":314,"column":5}},"line":312},"46":{"name":"(anonymous_46)","decl":{"start":{"line":315,"column":11},"end":{"line":315,"column":12}},"loc":{"start":{"line":315,"column":20},"end":{"line":322,"column":5}},"line":315},"47":{"name":"(anonymous_47)","decl":{"start":{"line":325,"column":33},"end":{"line":325,"column":34}},"loc":{"start":{"line":325,"column":45},"end":{"line":344,"column":1}},"line":325},"48":{"name":"(anonymous_48)","decl":{"start":{"line":333,"column":10},"end":{"line":333,"column":11}},"loc":{"start":{"line":333,"column":22},"end":{"line":335,"column":5}},"line":333},"49":{"name":"(anonymous_49)","decl":{"start":{"line":336,"column":11},"end":{"line":336,"column":12}},"loc":{"start":{"line":336,"column":20},"end":{"line":343,"column":5}},"line":336},"50":{"name":"(anonymous_50)","decl":{"start":{"line":346,"column":31},"end":{"line":346,"column":32}},"loc":{"start":{"line":346,"column":43},"end":{"line":360,"column":1}},"line":346},"51":{"name":"(anonymous_51)","decl":{"start":{"line":354,"column":10},"end":{"line":354,"column":11}},"loc":{"start":{"line":354,"column":22},"end":{"line":356,"column":5}},"line":354},"52":{"name":"(anonymous_52)","decl":{"start":{"line":357,"column":11},"end":{"line":357,"column":12}},"loc":{"start":{"line":357,"column":18},"end":{"line":359,"column":5}},"line":357},"53":{"name":"(anonymous_53)","decl":{"start":{"line":362,"column":31},"end":{"line":362,"column":32}},"loc":{"start":{"line":362,"column":43},"end":{"line":378,"column":1}},"line":362},"54":{"name":"(anonymous_54)","decl":{"start":{"line":367,"column":10},"end":{"line":367,"column":11}},"loc":{"start":{"line":367,"column":22},"end":{"line":369,"column":5}},"line":367},"55":{"name":"(anonymous_55)","decl":{"start":{"line":370,"column":11},"end":{"line":370,"column":12}},"loc":{"start":{"line":370,"column":20},"end":{"line":377,"column":5}},"line":370},"56":{"name":"(anonymous_56)","decl":{"start":{"line":380,"column":28},"end":{"line":380,"column":29}},"loc":{"start":{"line":380,"column":40},"end":{"line":396,"column":1}},"line":380},"57":{"name":"(anonymous_57)","decl":{"start":{"line":385,"column":10},"end":{"line":385,"column":11}},"loc":{"start":{"line":385,"column":22},"end":{"line":387,"column":5}},"line":385},"58":{"name":"(anonymous_58)","decl":{"start":{"line":388,"column":11},"end":{"line":388,"column":12}},"loc":{"start":{"line":388,"column":20},"end":{"line":395,"column":5}},"line":388},"59":{"name":"(anonymous_59)","decl":{"start":{"line":398,"column":32},"end":{"line":398,"column":33}},"loc":{"start":{"line":398,"column":53},"end":{"line":414,"column":1}},"line":398},"60":{"name":"(anonymous_60)","decl":{"start":{"line":403,"column":10},"end":{"line":403,"column":11}},"loc":{"start":{"line":403,"column":22},"end":{"line":405,"column":5}},"line":403},"61":{"name":"(anonymous_61)","decl":{"start":{"line":406,"column":11},"end":{"line":406,"column":12}},"loc":{"start":{"line":406,"column":20},"end":{"line":413,"column":5}},"line":406},"62":{"name":"(anonymous_62)","decl":{"start":{"line":416,"column":30},"end":{"line":416,"column":31}},"loc":{"start":{"line":416,"column":50},"end":{"line":442,"column":1}},"line":416},"63":{"name":"(anonymous_63)","decl":{"start":{"line":426,"column":12},"end":{"line":426,"column":13}},"loc":{"start":{"line":426,"column":31},"end":{"line":429,"column":7}},"line":426},"64":{"name":"(anonymous_64)","decl":{"start":{"line":430,"column":13},"end":{"line":430,"column":14}},"loc":{"start":{"line":430,"column":29},"end":{"line":433,"column":7}},"line":430},"65":{"name":"(anonymous_65)","decl":{"start":{"line":444,"column":30},"end":{"line":444,"column":31}},"loc":{"start":{"line":444,"column":36},"end":{"line":467,"column":1}},"line":444},"66":{"name":"(anonymous_66)","decl":{"start":{"line":452,"column":10},"end":{"line":452,"column":11}},"loc":{"start":{"line":452,"column":29},"end":{"line":457,"column":5}},"line":452},"67":{"name":"(anonymous_67)","decl":{"start":{"line":458,"column":11},"end":{"line":458,"column":12}},"loc":{"start":{"line":458,"column":27},"end":{"line":466,"column":5}},"line":458},"68":{"name":"(anonymous_68)","decl":{"start":{"line":469,"column":30},"end":{"line":469,"column":31}},"loc":{"start":{"line":469,"column":48},"end":{"line":488,"column":1}},"line":469},"69":{"name":"(anonymous_69)","decl":{"start":{"line":477,"column":10},"end":{"line":477,"column":11}},"loc":{"start":{"line":477,"column":29},"end":{"line":479,"column":5}},"line":477},"70":{"name":"(anonymous_70)","decl":{"start":{"line":480,"column":11},"end":{"line":480,"column":12}},"loc":{"start":{"line":480,"column":27},"end":{"line":487,"column":5}},"line":480},"71":{"name":"(anonymous_71)","decl":{"start":{"line":490,"column":25},"end":{"line":490,"column":26}},"loc":{"start":{"line":490,"column":31},"end":{"line":498,"column":1}},"line":490},"72":{"name":"(anonymous_72)","decl":{"start":{"line":500,"column":31},"end":{"line":500,"column":32}},"loc":{"start":{"line":500,"column":50},"end":{"line":521,"column":1}},"line":500},"73":{"name":"(anonymous_73)","decl":{"start":{"line":523,"column":27},"end":{"line":523,"column":28}},"loc":{"start":{"line":523,"column":39},"end":{"line":535,"column":1}},"line":523},"74":{"name":"(anonymous_74)","decl":{"start":{"line":537,"column":24},"end":{"line":537,"column":25}},"loc":{"start":{"line":537,"column":59},"end":{"line":566,"column":1}},"line":537},"75":{"name":"(anonymous_75)","decl":{"start":{"line":568,"column":24},"end":{"line":568,"column":25}},"loc":{"start":{"line":568,"column":39},"end":{"line":604,"column":1}},"line":568},"76":{"name":"(anonymous_76)","decl":{"start":{"line":606,"column":34},"end":{"line":606,"column":35}},"loc":{"start":{"line":606,"column":66},"end":{"line":678,"column":1}},"line":606},"77":{"name":"(anonymous_77)","decl":{"start":{"line":623,"column":31},"end":{"line":623,"column":32}},"loc":{"start":{"line":623,"column":39},"end":{"line":672,"column":5}},"line":623},"78":{"name":"(anonymous_78)","decl":{"start":{"line":632,"column":26},"end":{"line":632,"column":27}},"loc":{"start":{"line":632,"column":35},"end":{"line":666,"column":9}},"line":632},"79":{"name":"(anonymous_79)","decl":{"start":{"line":680,"column":24},"end":{"line":680,"column":25}},"loc":{"start":{"line":680,"column":46},"end":{"line":689,"column":1}},"line":680},"80":{"name":"(anonymous_80)","decl":{"start":{"line":691,"column":25},"end":{"line":691,"column":26}},"loc":{"start":{"line":691,"column":65},"end":{"line":711,"column":1}},"line":691},"81":{"name":"(anonymous_81)","decl":{"start":{"line":700,"column":10},"end":{"line":700,"column":11}},"loc":{"start":{"line":700,"column":22},"end":{"line":702,"column":5}},"line":700},"82":{"name":"(anonymous_82)","decl":{"start":{"line":703,"column":11},"end":{"line":703,"column":12}},"loc":{"start":{"line":703,"column":20},"end":{"line":710,"column":5}},"line":703}},"branchMap":{"0":{"loc":{"start":{"line":18,"column":6},"end":{"line":20,"column":7}},"type":"if","locations":[{"start":{"line":18,"column":6},"end":{"line":20,"column":7}},{"start":{"line":18,"column":6},"end":{"line":20,"column":7}}],"line":18},"1":{"loc":{"start":{"line":73,"column":6},"end":{"line":77,"column":7}},"type":"if","locations":[{"start":{"line":73,"column":6},"end":{"line":77,"column":7}},{"start":{"line":73,"column":6},"end":{"line":77,"column":7}}],"line":73},"2":{"loc":{"start":{"line":84,"column":19},"end":{"line":84,"column":54}},"type":"cond-expr","locations":[{"start":{"line":84,"column":24},"end":{"line":84,"column":49}},{"start":{"line":84,"column":52},"end":{"line":84,"column":54}}],"line":84},"3":{"loc":{"start":{"line":101,"column":15},"end":{"line":103,"column":8}},"type":"cond-expr","locations":[{"start":{"line":102,"column":6},"end":{"line":102,"column":61}},{"start":{"line":103,"column":6},"end":{"line":103,"column":8}}],"line":101},"4":{"loc":{"start":{"line":115,"column":6},"end":{"line":119,"column":7}},"type":"if","locations":[{"start":{"line":115,"column":6},"end":{"line":119,"column":7}},{"start":{"line":115,"column":6},"end":{"line":119,"column":7}}],"line":115},"5":{"loc":{"start":{"line":149,"column":6},"end":{"line":153,"column":7}},"type":"if","locations":[{"start":{"line":149,"column":6},"end":{"line":153,"column":7}},{"start":{"line":149,"column":6},"end":{"line":153,"column":7}}],"line":149},"6":{"loc":{"start":{"line":171,"column":6},"end":{"line":175,"column":7}},"type":"if","locations":[{"start":{"line":171,"column":6},"end":{"line":175,"column":7}},{"start":{"line":171,"column":6},"end":{"line":175,"column":7}}],"line":171},"7":{"loc":{"start":{"line":193,"column":6},"end":{"line":197,"column":7}},"type":"if","locations":[{"start":{"line":193,"column":6},"end":{"line":197,"column":7}},{"start":{"line":193,"column":6},"end":{"line":197,"column":7}}],"line":193},"8":{"loc":{"start":{"line":216,"column":8},"end":{"line":220,"column":9}},"type":"if","locations":[{"start":{"line":216,"column":8},"end":{"line":220,"column":9}},{"start":{"line":216,"column":8},"end":{"line":220,"column":9}}],"line":216},"9":{"loc":{"start":{"line":264,"column":6},"end":{"line":268,"column":7}},"type":"if","locations":[{"start":{"line":264,"column":6},"end":{"line":268,"column":7}},{"start":{"line":264,"column":6},"end":{"line":268,"column":7}}],"line":264},"10":{"loc":{"start":{"line":289,"column":8},"end":{"line":293,"column":9}},"type":"if","locations":[{"start":{"line":289,"column":8},"end":{"line":293,"column":9}},{"start":{"line":289,"column":8},"end":{"line":293,"column":9}}],"line":289},"11":{"loc":{"start":{"line":316,"column":6},"end":{"line":320,"column":7}},"type":"if","locations":[{"start":{"line":316,"column":6},"end":{"line":320,"column":7}},{"start":{"line":316,"column":6},"end":{"line":320,"column":7}}],"line":316},"12":{"loc":{"start":{"line":337,"column":6},"end":{"line":341,"column":7}},"type":"if","locations":[{"start":{"line":337,"column":6},"end":{"line":341,"column":7}},{"start":{"line":337,"column":6},"end":{"line":341,"column":7}}],"line":337},"13":{"loc":{"start":{"line":371,"column":6},"end":{"line":375,"column":7}},"type":"if","locations":[{"start":{"line":371,"column":6},"end":{"line":375,"column":7}},{"start":{"line":371,"column":6},"end":{"line":375,"column":7}}],"line":371},"14":{"loc":{"start":{"line":389,"column":6},"end":{"line":393,"column":7}},"type":"if","locations":[{"start":{"line":389,"column":6},"end":{"line":393,"column":7}},{"start":{"line":389,"column":6},"end":{"line":393,"column":7}}],"line":389},"15":{"loc":{"start":{"line":407,"column":6},"end":{"line":411,"column":7}},"type":"if","locations":[{"start":{"line":407,"column":6},"end":{"line":411,"column":7}},{"start":{"line":407,"column":6},"end":{"line":411,"column":7}}],"line":407},"16":{"loc":{"start":{"line":436,"column":4},"end":{"line":440,"column":5}},"type":"if","locations":[{"start":{"line":436,"column":4},"end":{"line":440,"column":5}},{"start":{"line":436,"column":4},"end":{"line":440,"column":5}}],"line":436},"17":{"loc":{"start":{"line":454,"column":6},"end":{"line":456,"column":7}},"type":"if","locations":[{"start":{"line":454,"column":6},"end":{"line":456,"column":7}},{"start":{"line":454,"column":6},"end":{"line":456,"column":7}}],"line":454},"18":{"loc":{"start":{"line":454,"column":10},"end":{"line":454,"column":50}},"type":"binary-expr","locations":[{"start":{"line":454,"column":10},"end":{"line":454,"column":23}},{"start":{"line":454,"column":27},"end":{"line":454,"column":50}}],"line":454},"19":{"loc":{"start":{"line":460,"column":6},"end":{"line":464,"column":7}},"type":"if","locations":[{"start":{"line":460,"column":6},"end":{"line":464,"column":7}},{"start":{"line":460,"column":6},"end":{"line":464,"column":7}}],"line":460},"20":{"loc":{"start":{"line":481,"column":6},"end":{"line":485,"column":7}},"type":"if","locations":[{"start":{"line":481,"column":6},"end":{"line":485,"column":7}},{"start":{"line":481,"column":6},"end":{"line":485,"column":7}}],"line":481},"21":{"loc":{"start":{"line":624,"column":6},"end":{"line":670,"column":7}},"type":"if","locations":[{"start":{"line":624,"column":6},"end":{"line":670,"column":7}},{"start":{"line":624,"column":6},"end":{"line":670,"column":7}}],"line":624},"22":{"loc":{"start":{"line":646,"column":10},"end":{"line":664,"column":11}},"type":"if","locations":[{"start":{"line":646,"column":10},"end":{"line":664,"column":11}},{"start":{"line":646,"column":10},"end":{"line":664,"column":11}}],"line":646},"23":{"loc":{"start":{"line":647,"column":12},"end":{"line":648,"column":56}},"type":"binary-expr","locations":[{"start":{"line":647,"column":12},"end":{"line":647,"column":57}},{"start":{"line":648,"column":12},"end":{"line":648,"column":56}}],"line":647},"24":{"loc":{"start":{"line":652,"column":17},"end":{"line":664,"column":11}},"type":"if","locations":[{"start":{"line":652,"column":17},"end":{"line":664,"column":11}},{"start":{"line":652,"column":17},"end":{"line":664,"column":11}}],"line":652},"25":{"loc":{"start":{"line":653,"column":12},"end":{"line":654,"column":46}},"type":"binary-expr","locations":[{"start":{"line":653,"column":12},"end":{"line":653,"column":47}},{"start":{"line":654,"column":12},"end":{"line":654,"column":46}}],"line":653},"26":{"loc":{"start":{"line":658,"column":17},"end":{"line":664,"column":11}},"type":"if","locations":[{"start":{"line":658,"column":17},"end":{"line":664,"column":11}},{"start":{"line":658,"column":17},"end":{"line":664,"column":11}}],"line":658},"27":{"loc":{"start":{"line":659,"column":12},"end":{"line":660,"column":59}},"type":"binary-expr","locations":[{"start":{"line":659,"column":12},"end":{"line":659,"column":64}},{"start":{"line":660,"column":12},"end":{"line":660,"column":59}}],"line":659},"28":{"loc":{"start":{"line":667,"column":8},"end":{"line":669,"column":9}},"type":"if","locations":[{"start":{"line":667,"column":8},"end":{"line":669,"column":9}},{"start":{"line":667,"column":8},"end":{"line":669,"column":9}}],"line":667},"29":{"loc":{"start":{"line":704,"column":6},"end":{"line":708,"column":7}},"type":"if","locations":[{"start":{"line":704,"column":6},"end":{"line":708,"column":7}},{"start":{"line":704,"column":6},"end":{"line":708,"column":7}}],"line":704}},"s":{"0":14,"1":14,"2":0,"3":1,"4":0,"5":0,"6":0,"7":0,"8":0,"9":0,"10":0,"11":0,"12":0,"13":0,"14":0,"15":0,"16":0,"17":0,"18":0,"19":0,"20":0,"21":1,"22":0,"23":0,"24":0,"25":0,"26":0,"27":0,"28":0,"29":0,"30":14,"31":0,"32":0,"33":0,"34":0,"35":0,"36":14,"37":0,"38":0,"39":0,"40":0,"41":0,"42":0,"43":0,"44":0,"45":0,"46":14,"47":0,"48":0,"49":0,"50":0,"51":0,"52":14,"53":0,"54":0,"55":0,"56":0,"57":0,"58":0,"59":0,"60":0,"61":0,"62":14,"63":0,"64":0,"65":0,"66":0,"67":0,"68":0,"69":0,"70":0,"71":0,"72":14,"73":0,"74":0,"75":0,"76":0,"77":0,"78":0,"79":0,"80":0,"81":0,"82":14,"83":0,"84":0,"85":0,"86":0,"87":0,"88":0,"89":0,"90":0,"91":0,"92":0,"93":14,"94":0,"95":0,"96":0,"97":0,"98":0,"99":0,"100":0,"101":0,"102":0,"103":14,"104":0,"105":0,"106":0,"107":0,"108":0,"109":0,"110":0,"111":0,"112":0,"113":0,"114":0,"115":14,"116":0,"117":0,"118":0,"119":0,"120":0,"121":0,"122":0,"123":0,"124":0,"125":0,"126":14,"127":0,"128":0,"129":0,"130":0,"131":0,"132":0,"133":0,"134":0,"135":14,"136":0,"137":0,"138":0,"139":0,"140":14,"141":0,"142":0,"143":0,"144":0,"145":0,"146":0,"147":0,"148":0,"149":0,"150":14,"151":0,"152":0,"153":0,"154":0,"155":0,"156":0,"157":0,"158":0,"159":0,"160":14,"161":0,"162":0,"163":0,"164":0,"165":0,"166":0,"167":0,"168":0,"169":0,"170":14,"171":0,"172":0,"173":0,"174":0,"175":0,"176":0,"177":0,"178":0,"179":0,"180":0,"181":14,"182":0,"183":0,"184":0,"185":0,"186":0,"187":0,"188":0,"189":0,"190":0,"191":14,"192":0,"193":0,"194":0,"195":0,"196":0,"197":0,"198":0,"199":0,"200":14,"201":0,"202":14,"203":0,"204":0,"205":0,"206":14,"207":0,"208":0,"209":0,"210":14,"211":0,"212":0,"213":0,"214":0,"215":0,"216":0,"217":14,"218":0,"219":0,"220":0,"221":0,"222":0,"223":0,"224":14,"225":0,"226":0,"227":0,"228":0,"229":0,"230":0,"231":0,"232":0,"233":0,"234":0,"235":0,"236":0,"237":0,"238":0,"239":0,"240":0,"241":0,"242":0,"243":0,"244":0,"245":0,"246":0,"247":0,"248":0,"249":0,"250":0,"251":0,"252":14,"253":0,"254":0,"255":0,"256":0,"257":0,"258":0,"259":14,"260":0,"261":0,"262":0,"263":0,"264":0,"265":0,"266":0,"267":0},"f":{"0":0,"1":1,"2":0,"3":0,"4":0,"5":0,"6":0,"7":0,"8":0,"9":0,"10":0,"11":0,"12":1,"13":0,"14":0,"15":0,"16":0,"17":0,"18":0,"19":0,"20":0,"21":0,"22":0,"23":0,"24":0,"25":0,"26":0,"27":0,"28":0,"29":0,"30":0,"31":0,"32":0,"33":0,"34":0,"35":0,"36":0,"37":0,"38":0,"39":0,"40":0,"41":0,"42":0,"43":0,"44":0,"45":0,"46":0,"47":0,"48":0,"49":0,"50":0,"51":0,"52":0,"53":0,"54":0,"55":0,"56":0,"57":0,"58":0,"59":0,"60":0,"61":0,"62":0,"63":0,"64":0,"65":0,"66":0,"67":0,"68":0,"69":0,"70":0,"71":0,"72":0,"73":0,"74":0,"75":0,"76":0,"77":0,"78":0,"79":0,"80":0,"81":0,"82":0},"b":{"0":[0,0],"1":[0,0],"2":[0,0],"3":[0,0],"4":[0,0],"5":[0,0],"6":[0,0],"7":[0,0],"8":[0,0],"9":[0,0],"10":[0,0],"11":[0,0],"12":[0,0],"13":[0,0],"14":[0,0],"15":[0,0],"16":[0,0],"17":[0,0],"18":[0,0],"19":[0,0],"20":[0,0],"21":[0,0],"22":[0,0],"23":[0,0],"24":[0,0],"25":[0,0],"26":[0,0],"27":[0,0],"28":[0,0],"29":[0,0]},"_coverageSchema":"332fd63041d2c1bcb487cc26dd0d5f7d97098a6c","hash":"a1dbfbff4535ae79aac101fe786e754b2655d5d1"}
,"/Users/mabelhernandez/repos/learning-together/src/index.js": {"path":"/Users/mabelhernandez/repos/learning-together/src/index.js","statementMap":{"0":{"start":{"line":1,"column":0},"end":{"line":null,"column":-1}},"1":{"start":{"line":2,"column":0},"end":{"line":null,"column":-1}},"2":{"start":{"line":3,"column":0},"end":{"line":null,"column":-1}},"3":{"start":{"line":4,"column":0},"end":{"line":null,"column":-1}},"4":{"start":{"line":6,"column":0},"end":{"line":null,"column":-1}},"5":{"start":{"line":9,"column":0},"end":{"line":null,"column":-1}}},"fnMap":{},"branchMap":{},"s":{"0":0,"1":0,"2":0,"3":0,"4":0,"5":0},"f":{},"b":{}}
,"/Users/mabelhernandez/repos/learning-together/src/selectors.js": {"path":"/Users/mabelhernandez/repos/learning-together/src/selectors.js","statementMap":{"0":{"start":{"line":2,"column":20},"end":{"line":2,"column":25}},"1":{"start":{"line":3,"column":18},"end":{"line":3,"column":50}},"2":{"start":{"line":4,"column":2},"end":{"line":8,"column":3}},"3":{"start":{"line":5,"column":4},"end":{"line":7,"column":5}},"4":{"start":{"line":6,"column":6},"end":{"line":6,"column":24}},"5":{"start":{"line":9,"column":2},"end":{"line":9,"column":20}}},"fnMap":{"0":{"name":"filterAttendees","decl":{"start":{"line":1,"column":16},"end":{"line":1,"column":31}},"loc":{"start":{"line":1,"column":50},"end":{"line":10,"column":1}},"line":1}},"branchMap":{"0":{"loc":{"start":{"line":3,"column":18},"end":{"line":3,"column":50}},"type":"binary-expr","locations":[{"start":{"line":3,"column":18},"end":{"line":3,"column":44}},{"start":{"line":3,"column":48},"end":{"line":3,"column":50}}],"line":3},"1":{"loc":{"start":{"line":5,"column":4},"end":{"line":7,"column":5}},"type":"if","locations":[{"start":{"line":5,"column":4},"end":{"line":7,"column":5}},{"start":{"line":5,"column":4},"end":{"line":7,"column":5}}],"line":5}},"s":{"0":0,"1":0,"2":0,"3":0,"4":0,"5":0},"f":{"0":0},"b":{"0":[0,0],"1":[0,0]},"_coverageSchema":"332fd63041d2c1bcb487cc26dd0d5f7d97098a6c","hash":"acdc035fdad86d4038d72eb0c4310718bf6e4600"}
,"/Users/mabelhernandez/repos/learning-together/src/serviceWorker.js": {"path":"/Users/mabelhernandez/repos/learning-together/src/serviceWorker.js","statementMap":{"0":{"start":{"line":13,"column":20},"end":{"line":13,"column":0}},"1":{"start":{"line":24,"column":2},"end":{"line":54,"column":3}},"2":{"start":{"line":26,"column":22},"end":{"line":26,"column":4}},"3":{"start":{"line":27,"column":4},"end":{"line":32,"column":5}},"4":{"start":{"line":31,"column":6},"end":{"line":null,"column":-1}},"5":{"start":{"line":34,"column":4},"end":{"line":null,"column":-1}},"6":{"start":{"line":35,"column":21},"end":{"line":35,"column":6}},"7":{"start":{"line":37,"column":6},"end":{"line":52,"column":7}},"8":{"start":{"line":39,"column":8},"end":{"line":37,"column":23}},"9":{"start":{"line":43,"column":8},"end":{"line":null,"column":-1}},"10":{"start":{"line":44,"column":10},"end":{"line":null,"column":-1}},"11":{"start":{"line":51,"column":8},"end":{"line":null,"column":-1}},"12":{"start":{"line":58,"column":2},"end":{"line":null,"column":-1}},"13":{"start":{"line":61,"column":6},"end":{"line":null,"column":-1}},"14":{"start":{"line":62,"column":33},"end":{"line":62,"column":8}},"15":{"start":{"line":63,"column":8},"end":{"line":65,"column":9}},"16":{"start":{"line":64,"column":10},"end":{"line":null,"column":-1}},"17":{"start":{"line":66,"column":8},"end":{"line":null,"column":-1}},"18":{"start":{"line":67,"column":10},"end":{"line":92,"column":11}},"19":{"start":{"line":68,"column":12},"end":{"line":91,"column":13}},"20":{"start":{"line":72,"column":14},"end":{"line":68,"column":52}},"21":{"start":{"line":78,"column":14},"end":{"line":80,"column":15}},"22":{"start":{"line":79,"column":16},"end":{"line":null,"column":-1}},"23":{"start":{"line":85,"column":14},"end":{"line":81,"column":19}},"24":{"start":{"line":88,"column":14},"end":{"line":90,"column":15}},"25":{"start":{"line":89,"column":16},"end":{"line":null,"column":-1}},"26":{"start":{"line":97,"column":6},"end":{"line":null,"column":-1}},"27":{"start":{"line":103,"column":2},"end":{"line":null,"column":-1}},"28":{"start":{"line":106,"column":26},"end":{"line":106,"column":6}},"29":{"start":{"line":107,"column":6},"end":{"line":120,"column":7}},"30":{"start":{"line":112,"column":8},"end":{"line":null,"column":-1}},"31":{"start":{"line":113,"column":10},"end":{"line":null,"column":-1}},"32":{"start":{"line":114,"column":12},"end":{"line":null,"column":-1}},"33":{"start":{"line":119,"column":8},"end":{"line":null,"column":-1}},"34":{"start":{"line":123,"column":6},"end":{"line":null,"column":-1}},"35":{"start":{"line":130,"column":2},"end":{"line":134,"column":3}},"36":{"start":{"line":131,"column":4},"end":{"line":null,"column":-1}},"37":{"start":{"line":132,"column":6},"end":{"line":null,"column":-1}}},"fnMap":{"0":{"name":"register","decl":{"start":{"line":23,"column":16},"end":{"line":23,"column":7}},"loc":{"start":{"line":23,"column":33},"end":{"line":55,"column":1}}},"1":{"name":"(anonymous_1)","decl":{"start":{"line":34,"column":36},"end":{"line":34,"column":41}},"loc":{"start":{"line":34,"column":42},"end":{"line":34,"column":4}}},"2":{"name":"(anonymous_2)","decl":{"start":{"line":43,"column":43},"end":{"line":43,"column":48}},"loc":{"start":{"line":43,"column":49},"end":{"line":43,"column":8}}},"3":{"name":"registerValidSW","decl":{"start":{"line":57,"column":9},"end":{"line":57,"column":0}},"loc":{"start":{"line":57,"column":40},"end":{"line":99,"column":1}}},"4":{"name":"(anonymous_4)","decl":{"start":{"line":60,"column":10},"end":{"line":60,"column":21}},"loc":{"start":{"line":60,"column":26},"end":{"line":58,"column":2}}},"5":{"name":"(anonymous_5)","decl":{"start":{"line":61,"column":35},"end":{"line":61,"column":40}},"loc":{"start":{"line":61,"column":41},"end":{"line":61,"column":6}}},"6":{"name":"(anonymous_6)","decl":{"start":{"line":66,"column":41},"end":{"line":66,"column":46}},"loc":{"start":{"line":66,"column":47},"end":{"line":66,"column":8}}},"7":{"name":"(anonymous_7)","decl":{"start":{"line":96,"column":11},"end":{"line":96,"column":15}},"loc":{"start":{"line":96,"column":20},"end":{"line":58,"column":2}}},"8":{"name":"checkValidServiceWorker","decl":{"start":{"line":101,"column":9},"end":{"line":101,"column":0}},"loc":{"start":{"line":101,"column":48},"end":{"line":127,"column":1}}},"9":{"name":"(anonymous_9)","decl":{"start":{"line":104,"column":10},"end":{"line":104,"column":17}},"loc":{"start":{"line":104,"column":22},"end":{"line":103,"column":2}}},"10":{"name":"(anonymous_10)","decl":{"start":{"line":112,"column":43},"end":{"line":112,"column":54}},"loc":{"start":{"line":112,"column":59},"end":{"line":112,"column":8}}},"11":{"name":"(anonymous_11)","decl":{"start":{"line":113,"column":41},"end":{"line":113,"column":46}},"loc":{"start":{"line":113,"column":47},"end":{"line":113,"column":10}}},"12":{"name":"(anonymous_12)","decl":{"start":{"line":122,"column":11},"end":{"line":122,"column":16}},"loc":{"start":{"line":122,"column":17},"end":{"line":103,"column":2}}},"13":{"name":"unregister","decl":{"start":{"line":129,"column":16},"end":{"line":129,"column":7}},"loc":{"start":{"line":129,"column":29},"end":{"line":135,"column":1}}},"14":{"name":"(anonymous_14)","decl":{"start":{"line":131,"column":39},"end":{"line":131,"column":50}},"loc":{"start":{"line":131,"column":55},"end":{"line":131,"column":4}}}},"branchMap":{"0":{"loc":{"start":{"line":14,"column":2},"end":{"line":14,"column":1}},"type":"binary-expr","locations":[{"start":{"line":14,"column":2},"end":{"line":14,"column":1}},{"start":{"line":16,"column":4},"end":{"line":14,"column":2}},{"start":{"line":18,"column":4},"end":{"line":13,"column":27}}]},"1":{"loc":{"start":{"line":24,"column":2},"end":{"line":54,"column":3}},"type":"if","locations":[{"start":{"line":24,"column":2},"end":{"line":54,"column":3}},{"start":{"line":24,"column":2},"end":{"line":54,"column":3}}]},"2":{"loc":{"start":{"line":24,"column":6},"end":{"line":24,"column":5}},"type":"binary-expr","locations":[{"start":{"line":24,"column":6},"end":{"line":24,"column":5}},{"start":{"line":24,"column":47},"end":{"line":24,"column":2}}]},"3":{"loc":{"start":{"line":27,"column":4},"end":{"line":32,"column":5}},"type":"if","locations":[{"start":{"line":27,"column":4},"end":{"line":32,"column":5}},{"start":{"line":27,"column":4},"end":{"line":32,"column":5}}]},"4":{"loc":{"start":{"line":37,"column":6},"end":{"line":52,"column":7}},"type":"if","locations":[{"start":{"line":37,"column":6},"end":{"line":52,"column":7}},{"start":{"line":37,"column":6},"end":{"line":52,"column":7}}]},"5":{"loc":{"start":{"line":63,"column":8},"end":{"line":65,"column":9}},"type":"if","locations":[{"start":{"line":63,"column":8},"end":{"line":65,"column":9}},{"start":{"line":63,"column":8},"end":{"line":65,"column":9}}]},"6":{"loc":{"start":{"line":67,"column":10},"end":{"line":92,"column":11}},"type":"if","locations":[{"start":{"line":67,"column":10},"end":{"line":92,"column":11}},{"start":{"line":67,"column":10},"end":{"line":92,"column":11}}]},"7":{"loc":{"start":{"line":68,"column":12},"end":{"line":91,"column":13}},"type":"if","locations":[{"start":{"line":68,"column":12},"end":{"line":91,"column":13}},{"start":{"line":68,"column":12},"end":{"line":91,"column":13}}]},"8":{"loc":{"start":{"line":78,"column":14},"end":{"line":80,"column":15}},"type":"if","locations":[{"start":{"line":78,"column":14},"end":{"line":80,"column":15}},{"start":{"line":78,"column":14},"end":{"line":80,"column":15}}]},"9":{"loc":{"start":{"line":78,"column":18},"end":{"line":78,"column":24}},"type":"binary-expr","locations":[{"start":{"line":78,"column":18},"end":{"line":78,"column":24}},{"start":{"line":78,"column":28},"end":{"line":78,"column":14}}]},"10":{"loc":{"start":{"line":88,"column":14},"end":{"line":90,"column":15}},"type":"if","locations":[{"start":{"line":88,"column":14},"end":{"line":90,"column":15}},{"start":{"line":88,"column":14},"end":{"line":90,"column":15}}]},"11":{"loc":{"start":{"line":88,"column":18},"end":{"line":88,"column":24}},"type":"binary-expr","locations":[{"start":{"line":88,"column":18},"end":{"line":88,"column":24}},{"start":{"line":88,"column":28},"end":{"line":88,"column":14}}]},"12":{"loc":{"start":{"line":107,"column":6},"end":{"line":120,"column":7}},"type":"if","locations":[{"start":{"line":107,"column":6},"end":{"line":120,"column":7}},{"start":{"line":107,"column":6},"end":{"line":120,"column":7}}]},"13":{"loc":{"start":{"line":108,"column":8},"end":{"line":108,"column":7}},"type":"binary-expr","locations":[{"start":{"line":108,"column":8},"end":{"line":108,"column":7}},{"start":{"line":109,"column":9},"end":{"line":109,"column":8}},{"start":{"line":109,"column":32},"end":{"line":107,"column":6}}]},"14":{"loc":{"start":{"line":130,"column":2},"end":{"line":134,"column":3}},"type":"if","locations":[{"start":{"line":130,"column":2},"end":{"line":134,"column":3}},{"start":{"line":130,"column":2},"end":{"line":134,"column":3}}]}},"s":{"0":0,"1":0,"2":0,"3":0,"4":0,"5":0,"6":0,"7":0,"8":0,"9":0,"10":0,"11":0,"12":0,"13":0,"14":0,"15":0,"16":0,"17":0,"18":0,"19":0,"20":0,"21":0,"22":0,"23":0,"24":0,"25":0,"26":0,"27":0,"28":0,"29":0,"30":0,"31":0,"32":0,"33":0,"34":0,"35":0,"36":0,"37":0},"f":{"0":0,"1":0,"2":0,"3":0,"4":0,"5":0,"6":0,"7":0,"8":0,"9":0,"10":0,"11":0,"12":0,"13":0,"14":0},"b":{"0":[0,0,0],"1":[0,0],"2":[0,0],"3":[0,0],"4":[0,0],"5":[0,0],"6":[0,0],"7":[0,0],"8":[0,0],"9":[0,0],"10":[0,0],"11":[0,0],"12":[0,0],"13":[0,0,0],"14":[0,0]}}
,"/Users/mabelhernandez/repos/learning-together/src/setupTests.js": {"path":"/Users/mabelhernandez/repos/learning-together/src/setupTests.js","statementMap":{"0":{"start":{"line":4,"column":0},"end":{"line":4,"column":45}}},"fnMap":{},"branchMap":{},"s":{"0":15},"f":{},"b":{},"_coverageSchema":"332fd63041d2c1bcb487cc26dd0d5f7d97098a6c","hash":"507377b553473f74a292f4a740f6fd364d4b462b"}
,"/Users/mabelhernandez/repos/learning-together/src/components/index.js": {"path":"/Users/mabelhernandez/repos/learning-together/src/components/index.js","statementMap":{},"fnMap":{},"branchMap":{},"s":{},"f":{},"b":{},"_coverageSchema":"332fd63041d2c1bcb487cc26dd0d5f7d97098a6c","hash":"cf0931cd1001bc3cfba7fe0047ab2fa11c92d7bd"}
,"/Users/mabelhernandez/repos/learning-together/src/components/authModule/index.js": {"path":"/Users/mabelhernandez/repos/learning-together/src/components/authModule/index.js","statementMap":{},"fnMap":{},"branchMap":{},"s":{},"f":{},"b":{},"_coverageSchema":"332fd63041d2c1bcb487cc26dd0d5f7d97098a6c","hash":"5174cb9ca8061bd675821408ba4e5c0d89a52e40"}
,"/Users/mabelhernandez/repos/learning-together/src/components/authModule/login/index.js": {"path":"/Users/mabelhernandez/repos/learning-together/src/components/authModule/login/index.js","statementMap":{},"fnMap":{},"branchMap":{},"s":{},"f":{},"b":{},"_coverageSchema":"332fd63041d2c1bcb487cc26dd0d5f7d97098a6c","hash":"9c9cd3867cc4121c2d6c1a2ead2cb1ca0ae9ba1c"}
,"/Users/mabelhernandez/repos/learning-together/src/components/authModule/login/login.js": {"path":"/Users/mabelhernandez/repos/learning-together/src/components/authModule/login/login.js","statementMap":{"0":{"start":{"line":7,"column":0},"end":{"line":7,"column":121}},"1":{"start":{"line":10,"column":4},"end":{"line":10,"column":11}},"2":{"start":{"line":11,"column":4},"end":{"line":18,"column":5}},"3":{"start":{"line":21,"column":4},"end":{"line":21,"column":38}},"4":{"start":{"line":22,"column":4},"end":{"line":22,"column":29}},"5":{"start":{"line":27,"column":16},"end":{"line":27,"column":68}},"6":{"start":{"line":28,"column":18},"end":{"line":30,"column":5}},"7":{"start":{"line":31,"column":42},"end":{"line":31,"column":52}},"8":{"start":{"line":32,"column":4},"end":{"line":34,"column":5}},"9":{"start":{"line":33,"column":6},"end":{"line":33,"column":92}},"10":{"start":{"line":35,"column":4},"end":{"line":49,"column":5}}},"fnMap":{"0":{"name":"(anonymous_0)","decl":{"start":{"line":9,"column":2},"end":{"line":9,"column":3}},"loc":{"start":{"line":9,"column":16},"end":{"line":19,"column":3}},"line":9},"1":{"name":"(anonymous_1)","decl":{"start":{"line":20,"column":2},"end":{"line":20,"column":3}},"loc":{"start":{"line":20,"column":25},"end":{"line":23,"column":3}},"line":20},"2":{"name":"(anonymous_2)","decl":{"start":{"line":26,"column":2},"end":{"line":26,"column":3}},"loc":{"start":{"line":26,"column":11},"end":{"line":50,"column":3}},"line":26}},"branchMap":{"0":{"loc":{"start":{"line":32,"column":4},"end":{"line":34,"column":5}},"type":"if","locations":[{"start":{"line":32,"column":4},"end":{"line":34,"column":5}},{"start":{"line":32,"column":4},"end":{"line":34,"column":5}}],"line":32},"1":{"loc":{"start":{"line":46,"column":10},"end":{"line":46,"column":45}},"type":"binary-expr","locations":[{"start":{"line":46,"column":10},"end":{"line":46,"column":19}},{"start":{"line":46,"column":24},"end":{"line":46,"column":44}}],"line":46}},"s":{"0":3,"1":1,"2":1,"3":1,"4":1,"5":2,"6":2,"7":2,"8":2,"9":0,"10":2},"f":{"0":1,"1":1,"2":2},"b":{"0":[0,2],"1":[2,1]},"_coverageSchema":"332fd63041d2c1bcb487cc26dd0d5f7d97098a6c","hash":"9a509bf45a904e43b163edf238487f0351281bf3"}
,"/Users/mabelhernandez/repos/learning-together/src/components/authModule/unauthenticatedUserRoute/index.js": {"path":"/Users/mabelhernandez/repos/learning-together/src/components/authModule/unauthenticatedUserRoute/index.js","statementMap":{},"fnMap":{},"branchMap":{},"s":{},"f":{},"b":{},"_coverageSchema":"332fd63041d2c1bcb487cc26dd0d5f7d97098a6c","hash":"d0b663674017f48d8477a8848f31a4676f40d563"}
,"/Users/mabelhernandez/repos/learning-together/src/components/authModule/unauthenticatedUserRoute/unauthenticatedUserRoute.js": {"path":"/Users/mabelhernandez/repos/learning-together/src/components/authModule/unauthenticatedUserRoute/unauthenticatedUserRoute.js","statementMap":{"0":{"start":{"line":4,"column":18},"end":{"line":11,"column":1}},"1":{"start":{"line":5,"column":2},"end":{"line":9,"column":3}},"2":{"start":{"line":6,"column":4},"end":{"line":8,"column":6}},"3":{"start":{"line":7,"column":38},"end":{"line":7,"column":57}},"4":{"start":{"line":10,"column":2},"end":{"line":10,"column":60}},"5":{"start":{"line":10,"column":31},"end":{"line":10,"column":55}}},"fnMap":{"0":{"name":"(anonymous_0)","decl":{"start":{"line":4,"column":18},"end":{"line":4,"column":19}},"loc":{"start":{"line":4,"column":58},"end":{"line":11,"column":1}},"line":4},"1":{"name":"(anonymous_1)","decl":{"start":{"line":7,"column":32},"end":{"line":7,"column":33}},"loc":{"start":{"line":7,"column":38},"end":{"line":7,"column":57}},"line":7},"2":{"name":"(anonymous_2)","decl":{"start":{"line":10,"column":25},"end":{"line":10,"column":26}},"loc":{"start":{"line":10,"column":31},"end":{"line":10,"column":55}},"line":10}},"branchMap":{"0":{"loc":{"start":{"line":5,"column":2},"end":{"line":9,"column":3}},"type":"if","locations":[{"start":{"line":5,"column":2},"end":{"line":9,"column":3}},{"start":{"line":5,"column":2},"end":{"line":9,"column":3}}],"line":5}},"s":{"0":2,"1":0,"2":0,"3":0,"4":0,"5":0},"f":{"0":0,"1":0,"2":0},"b":{"0":[0,0]},"_coverageSchema":"332fd63041d2c1bcb487cc26dd0d5f7d97098a6c","hash":"0c0d9bc01c08f72438fde9a79669d5dd14b9b66d"}
,"/Users/mabelhernandez/repos/learning-together/src/components/authModule/userRoute/index.js": {"path":"/Users/mabelhernandez/repos/learning-together/src/components/authModule/userRoute/index.js","statementMap":{},"fnMap":{},"branchMap":{},"s":{},"f":{},"b":{},"_coverageSchema":"332fd63041d2c1bcb487cc26dd0d5f7d97098a6c","hash":"6157c87b2a77eef02c119d1ac1922fcd097d539b"}
,"/Users/mabelhernandez/repos/learning-together/src/components/authModule/userRoute/userRoute.js": {"path":"/Users/mabelhernandez/repos/learning-together/src/components/authModule/userRoute/userRoute.js","statementMap":{"0":{"start":{"line":4,"column":18},"end":{"line":11,"column":1}},"1":{"start":{"line":5,"column":2},"end":{"line":9,"column":3}},"2":{"start":{"line":6,"column":4},"end":{"line":8,"column":6}},"3":{"start":{"line":7,"column":38},"end":{"line":7,"column":62}},"4":{"start":{"line":10,"column":2},"end":{"line":10,"column":60}},"5":{"start":{"line":10,"column":31},"end":{"line":10,"column":55}}},"fnMap":{"0":{"name":"(anonymous_0)","decl":{"start":{"line":4,"column":18},"end":{"line":4,"column":19}},"loc":{"start":{"line":4,"column":58},"end":{"line":11,"column":1}},"line":4},"1":{"name":"(anonymous_1)","decl":{"start":{"line":7,"column":32},"end":{"line":7,"column":33}},"loc":{"start":{"line":7,"column":38},"end":{"line":7,"column":62}},"line":7},"2":{"name":"(anonymous_2)","decl":{"start":{"line":10,"column":25},"end":{"line":10,"column":26}},"loc":{"start":{"line":10,"column":31},"end":{"line":10,"column":55}},"line":10}},"branchMap":{"0":{"loc":{"start":{"line":5,"column":2},"end":{"line":9,"column":3}},"type":"if","locations":[{"start":{"line":5,"column":2},"end":{"line":9,"column":3}},{"start":{"line":5,"column":2},"end":{"line":9,"column":3}}],"line":5}},"s":{"0":2,"1":0,"2":0,"3":0,"4":0,"5":0},"f":{"0":0,"1":0,"2":0},"b":{"0":[0,0]},"_coverageSchema":"332fd63041d2c1bcb487cc26dd0d5f7d97098a6c","hash":"65fd4d705491a5951a8b5890cab27759ba0b8af6"}
,"/Users/mabelhernandez/repos/learning-together/src/components/categoryModule/index.js": {"path":"/Users/mabelhernandez/repos/learning-together/src/components/categoryModule/index.js","statementMap":{},"fnMap":{},"branchMap":{},"s":{},"f":{},"b":{},"_coverageSchema":"332fd63041d2c1bcb487cc26dd0d5f7d97098a6c","hash":"d08d3e8d90535396b9ba39c5715432c93104c7ac"}
,"/Users/mabelhernandez/repos/learning-together/src/components/categoryModule/categoryList/categoryList.js": {"path":"/Users/mabelhernandez/repos/learning-together/src/components/categoryModule/categoryList/categoryList.js","statementMap":{"0":{"start":{"line":7,"column":29},"end":{"line":22,"column":6}},"1":{"start":{"line":8,"column":6},"end":{"line":21,"column":8}},"2":{"start":{"line":24,"column":4},"end":{"line":28,"column":6}},"3":{"start":{"line":34,"column":0},"end":{"line":36,"column":2}}},"fnMap":{"0":{"name":"(anonymous_0)","decl":{"start":{"line":6,"column":2},"end":{"line":6,"column":3}},"loc":{"start":{"line":6,"column":11},"end":{"line":29,"column":3}},"line":6},"1":{"name":"(anonymous_1)","decl":{"start":{"line":7,"column":55},"end":{"line":7,"column":56}},"loc":{"start":{"line":7,"column":76},"end":{"line":22,"column":5}},"line":7}},"branchMap":{},"s":{"0":1,"1":2,"2":1,"3":11},"f":{"0":1,"1":2},"b":{},"_coverageSchema":"332fd63041d2c1bcb487cc26dd0d5f7d97098a6c","hash":"19fbf74606b0c74df1ae09cb578a43fad33206f3"}
,"/Users/mabelhernandez/repos/learning-together/src/components/categoryModule/categoryList/index.js": {"path":"/Users/mabelhernandez/repos/learning-together/src/components/categoryModule/categoryList/index.js","statementMap":{},"fnMap":{},"branchMap":{},"s":{},"f":{},"b":{},"_coverageSchema":"332fd63041d2c1bcb487cc26dd0d5f7d97098a6c","hash":"506ed53d7b6e513390ff3fcd3c7494b36b3db337"}
,"/Users/mabelhernandez/repos/learning-together/src/components/landingModule/index.js": {"path":"/Users/mabelhernandez/repos/learning-together/src/components/landingModule/index.js","statementMap":{},"fnMap":{},"branchMap":{},"s":{},"f":{},"b":{},"_coverageSchema":"332fd63041d2c1bcb487cc26dd0d5f7d97098a6c","hash":"09e961a5240f001ddc3143009e62249af56e1076"}
,"/Users/mabelhernandez/repos/learning-together/src/components/landingModule/hero/hero.js": {"path":"/Users/mabelhernandez/repos/learning-together/src/components/landingModule/hero/hero.js","statementMap":{"0":{"start":{"line":5,"column":13},"end":{"line":37,"column":1}},"1":{"start":{"line":6,"column":14},"end":{"line":6,"column":82}},"2":{"start":{"line":7,"column":16},"end":{"line":9,"column":3}},"3":{"start":{"line":10,"column":2},"end":{"line":36,"column":3}}},"fnMap":{"0":{"name":"(anonymous_0)","decl":{"start":{"line":5,"column":13},"end":{"line":5,"column":14}},"loc":{"start":{"line":5,"column":28},"end":{"line":37,"column":1}},"line":5}},"branchMap":{"0":{"loc":{"start":{"line":6,"column":14},"end":{"line":6,"column":82}},"type":"cond-expr","locations":[{"start":{"line":6,"column":22},"end":{"line":6,"column":27}},{"start":{"line":6,"column":30},"end":{"line":6,"column":82}}],"line":6}},"s":{"0":3,"1":0,"2":0,"3":0},"f":{"0":0},"b":{"0":[0,0]},"_coverageSchema":"332fd63041d2c1bcb487cc26dd0d5f7d97098a6c","hash":"07ebda3fe959b56d1495c8682c7cb9154a91be2e"}
,"/Users/mabelhernandez/repos/learning-together/src/components/landingModule/hero/index.js": {"path":"/Users/mabelhernandez/repos/learning-together/src/components/landingModule/hero/index.js","statementMap":{},"fnMap":{},"branchMap":{},"s":{},"f":{},"b":{},"_coverageSchema":"332fd63041d2c1bcb487cc26dd0d5f7d97098a6c","hash":"37edfeea0f919f45e44b8f836d104cdb2bfa121c"}
,"/Users/mabelhernandez/repos/learning-together/src/components/landingModule/jumbotron/index.js": {"path":"/Users/mabelhernandez/repos/learning-together/src/components/landingModule/jumbotron/index.js","statementMap":{},"fnMap":{},"branchMap":{},"s":{},"f":{},"b":{},"_coverageSchema":"332fd63041d2c1bcb487cc26dd0d5f7d97098a6c","hash":"de24df5297137244400bd0264c8c510ec8814828"}
,"/Users/mabelhernandez/repos/learning-together/src/components/landingModule/jumbotron/jumbotron.js": {"path":"/Users/mabelhernandez/repos/learning-together/src/components/landingModule/jumbotron/jumbotron.js","statementMap":{"0":{"start":{"line":4,"column":18},"end":{"line":17,"column":1}},"1":{"start":{"line":6,"column":12},"end":{"line":6,"column":80}},"2":{"start":{"line":8,"column":14},"end":{"line":10,"column":1}},"3":{"start":{"line":12,"column":2},"end":{"line":16,"column":4}}},"fnMap":{"0":{"name":"(anonymous_0)","decl":{"start":{"line":4,"column":18},"end":{"line":4,"column":19}},"loc":{"start":{"line":4,"column":39},"end":{"line":17,"column":1}},"line":4}},"branchMap":{"0":{"loc":{"start":{"line":6,"column":12},"end":{"line":6,"column":80}},"type":"cond-expr","locations":[{"start":{"line":6,"column":20},"end":{"line":6,"column":25}},{"start":{"line":6,"column":28},"end":{"line":6,"column":80}}],"line":6},"1":{"loc":{"start":{"line":14,"column":8},"end":{"line":14,"column":64}},"type":"cond-expr","locations":[{"start":{"line":14,"column":16},"end":{"line":14,"column":59}},{"start":{"line":14,"column":62},"end":{"line":14,"column":64}}],"line":14}},"s":{"0":3,"1":0,"2":0,"3":0},"f":{"0":0},"b":{"0":[0,0],"1":[0,0]},"_coverageSchema":"332fd63041d2c1bcb487cc26dd0d5f7d97098a6c","hash":"fdc63ebd301bc3fa3a4c313eb7fce76f393e4d58"}
,"/Users/mabelhernandez/repos/learning-together/src/components/landingModule/landing/index.js": {"path":"/Users/mabelhernandez/repos/learning-together/src/components/landingModule/landing/index.js","statementMap":{},"fnMap":{},"branchMap":{},"s":{},"f":{},"b":{},"_coverageSchema":"332fd63041d2c1bcb487cc26dd0d5f7d97098a6c","hash":"5b6f7640f83563a0f942f0b9742c269855b76435"}
,"/Users/mabelhernandez/repos/learning-together/src/components/landingModule/landing/landing.js": {"path":"/Users/mabelhernandez/repos/learning-together/src/components/landingModule/landing/landing.js","statementMap":{"0":{"start":{"line":11,"column":4},"end":{"line":11,"column":17}},"1":{"start":{"line":12,"column":4},"end":{"line":20,"column":6}},"2":{"start":{"line":21,"column":4},"end":{"line":21,"column":58}},"3":{"start":{"line":22,"column":4},"end":{"line":22,"column":82}},"4":{"start":{"line":26,"column":4},"end":{"line":26,"column":102}},"5":{"start":{"line":27,"column":4},"end":{"line":27,"column":76}},"6":{"start":{"line":28,"column":19},"end":{"line":28,"column":49}},"7":{"start":{"line":29,"column":4},"end":{"line":29,"column":41}},"8":{"start":{"line":33,"column":4},"end":{"line":33,"column":43}},"9":{"start":{"line":34,"column":4},"end":{"line":40,"column":5}},"10":{"start":{"line":35,"column":6},"end":{"line":37,"column":8}},"11":{"start":{"line":39,"column":6},"end":{"line":39,"column":94}},"12":{"start":{"line":44,"column":4},"end":{"line":44,"column":55}},"13":{"start":{"line":45,"column":4},"end":{"line":52,"column":5}},"14":{"start":{"line":46,"column":19},"end":{"line":46,"column":49}},"15":{"start":{"line":47,"column":22},"end":{"line":47,"column":28}},"16":{"start":{"line":48,"column":6},"end":{"line":48,"column":34}},"17":{"start":{"line":51,"column":6},"end":{"line":51,"column":87}},"18":{"start":{"line":56,"column":4},"end":{"line":56,"column":34}},"19":{"start":{"line":60,"column":4},"end":{"line":62,"column":7}},"20":{"start":{"line":61,"column":6},"end":{"line":61,"column":51}},"21":{"start":{"line":66,"column":4},"end":{"line":71,"column":14}},"22":{"start":{"line":67,"column":6},"end":{"line":67,"column":14}},"23":{"start":{"line":68,"column":11},"end":{"line":71,"column":14}},"24":{"start":{"line":69,"column":6},"end":{"line":69,"column":14}},"25":{"start":{"line":71,"column":6},"end":{"line":71,"column":14}},"26":{"start":{"line":76,"column":25},"end":{"line":76,"column":35}},"27":{"start":{"line":77,"column":64},"end":{"line":77,"column":74}},"28":{"start":{"line":78,"column":22},"end":{"line":78,"column":64}},"29":{"start":{"line":79,"column":4},"end":{"line":92,"column":6}}},"fnMap":{"0":{"name":"(anonymous_0)","decl":{"start":{"line":10,"column":2},"end":{"line":10,"column":3}},"loc":{"start":{"line":10,"column":21},"end":{"line":23,"column":3}},"line":10},"1":{"name":"(anonymous_1)","decl":{"start":{"line":25,"column":2},"end":{"line":25,"column":3}},"loc":{"start":{"line":25,"column":22},"end":{"line":30,"column":3}},"line":25},"2":{"name":"(anonymous_2)","decl":{"start":{"line":32,"column":2},"end":{"line":32,"column":3}},"loc":{"start":{"line":32,"column":28},"end":{"line":41,"column":3}},"line":32},"3":{"name":"(anonymous_3)","decl":{"start":{"line":43,"column":2},"end":{"line":43,"column":3}},"loc":{"start":{"line":43,"column":40},"end":{"line":53,"column":3}},"line":43},"4":{"name":"(anonymous_4)","decl":{"start":{"line":55,"column":2},"end":{"line":55,"column":3}},"loc":{"start":{"line":55,"column":20},"end":{"line":57,"column":3}},"line":55},"5":{"name":"(anonymous_5)","decl":{"start":{"line":59,"column":15},"end":{"line":59,"column":16}},"loc":{"start":{"line":59,"column":30},"end":{"line":63,"column":3}},"line":59},"6":{"name":"(anonymous_6)","decl":{"start":{"line":60,"column":26},"end":{"line":60,"column":27}},"loc":{"start":{"line":60,"column":42},"end":{"line":62,"column":5}},"line":60},"7":{"name":"(anonymous_7)","decl":{"start":{"line":65,"column":2},"end":{"line":65,"column":3}},"loc":{"start":{"line":65,"column":22},"end":{"line":72,"column":3}},"line":65},"8":{"name":"(anonymous_8)","decl":{"start":{"line":74,"column":2},"end":{"line":74,"column":3}},"loc":{"start":{"line":74,"column":11},"end":{"line":93,"column":3}},"line":74}},"branchMap":{"0":{"loc":{"start":{"line":34,"column":4},"end":{"line":40,"column":5}},"type":"if","locations":[{"start":{"line":34,"column":4},"end":{"line":40,"column":5}},{"start":{"line":34,"column":4},"end":{"line":40,"column":5}}],"line":34},"1":{"loc":{"start":{"line":45,"column":4},"end":{"line":52,"column":5}},"type":"if","locations":[{"start":{"line":45,"column":4},"end":{"line":52,"column":5}},{"start":{"line":45,"column":4},"end":{"line":52,"column":5}}],"line":45},"2":{"loc":{"start":{"line":66,"column":4},"end":{"line":71,"column":14}},"type":"if","locations":[{"start":{"line":66,"column":4},"end":{"line":71,"column":14}},{"start":{"line":66,"column":4},"end":{"line":71,"column":14}}],"line":66},"3":{"loc":{"start":{"line":68,"column":11},"end":{"line":71,"column":14}},"type":"if","locations":[{"start":{"line":68,"column":11},"end":{"line":71,"column":14}},{"start":{"line":68,"column":11},"end":{"line":71,"column":14}}],"line":68},"4":{"loc":{"start":{"line":78,"column":22},"end":{"line":78,"column":64}},"type":"binary-expr","locations":[{"start":{"line":78,"column":22},"end":{"line":78,"column":35}},{"start":{"line":78,"column":39},"end":{"line":78,"column":64}}],"line":78},"5":{"loc":{"start":{"line":88,"column":11},"end":{"line":88,"column":81}},"type":"binary-expr","locations":[{"start":{"line":88,"column":12},"end":{"line":88,"column":37}},{"start":{"line":88,"column":41},"end":{"line":88,"column":54}},{"start":{"line":88,"column":60},"end":{"line":88,"column":80}}],"line":88},"6":{"loc":{"start":{"line":90,"column":9},"end":{"line":90,"column":99}},"type":"binary-expr","locations":[{"start":{"line":90,"column":9},"end":{"line":90,"column":14}},{"start":{"line":90,"column":19},"end":{"line":90,"column":98}}],"line":90}},"s":{"0":0,"1":0,"2":0,"3":0,"4":0,"5":0,"6":0,"7":0,"8":0,"9":0,"10":0,"11":0,"12":0,"13":0,"14":0,"15":0,"16":0,"17":0,"18":0,"19":0,"20":0,"21":0,"22":0,"23":0,"24":0,"25":0,"26":0,"27":0,"28":0,"29":0},"f":{"0":0,"1":0,"2":0,"3":0,"4":0,"5":0,"6":0,"7":0,"8":0},"b":{"0":[0,0],"1":[0,0],"2":[0,0],"3":[0,0],"4":[0,0],"5":[0,0,0],"6":[0,0]},"_coverageSchema":"332fd63041d2c1bcb487cc26dd0d5f7d97098a6c","hash":"6dbad72abd9750cdbce562177d3474806731782e"}
,"/Users/mabelhernandez/repos/learning-together/src/components/landingModule/onboarding/index.js": {"path":"/Users/mabelhernandez/repos/learning-together/src/components/landingModule/onboarding/index.js","statementMap":{},"fnMap":{},"branchMap":{},"s":{},"f":{},"b":{},"_coverageSchema":"332fd63041d2c1bcb487cc26dd0d5f7d97098a6c","hash":"9f1c180af08e091b1e6c5a83124e75c78148fc95"}
[...]
t":{"line":435,"column":15},"end":{"line":435,"column":30}},{"start":{"line":435,"column":34},"end":{"line":435,"column":62}},{"start":{"line":436,"column":16},"end":{"line":443,"column":22}}],"line":435},"54":{"loc":{"start":{"line":489,"column":15},"end":{"line":489,"column":52}},"type":"cond-expr","locations":[{"start":{"line":489,"column":33},"end":{"line":489,"column":41}},{"start":{"line":489,"column":44},"end":{"line":489,"column":52}}],"line":489},"55":{"loc":{"start":{"line":496,"column":9},"end":{"line":501,"column":9}},"type":"binary-expr","locations":[{"start":{"line":496,"column":9},"end":{"line":496,"column":27}},{"start":{"line":497,"column":10},"end":{"line":500,"column":12}}],"line":496},"56":{"loc":{"start":{"line":503,"column":9},"end":{"line":503,"column":78}},"type":"binary-expr","locations":[{"start":{"line":503,"column":9},"end":{"line":503,"column":28}},{"start":{"line":503,"column":32},"end":{"line":503,"column":78}}],"line":503}},"s":{"0":1,"1":1,"2":1,"3":1,"4":1,"5":1,"6":1,"7":1,"8":1,"9":1,"10":1,"11":1,"12":1,"13":0,"14":0,"15":0,"16":0,"17":0,"18":0,"19":0,"20":0,"21":0,"22":0,"23":0,"24":0,"25":0,"26":0,"27":0,"28":0,"29":0,"30":0,"31":0,"32":0,"33":0,"34":0,"35":0,"36":6,"37":0,"38":0,"39":0,"40":0,"41":0,"42":6,"43":0,"44":0,"45":0,"46":6,"47":0,"48":0,"49":0,"50":0,"51":0,"52":0,"53":0,"54":0,"55":0,"56":0,"57":0,"58":0,"59":0,"60":0,"61":0,"62":0,"63":0,"64":0,"65":0,"66":0,"67":0,"68":0,"69":0,"70":0,"71":0,"72":0,"73":0,"74":0,"75":0,"76":0,"77":0,"78":0,"79":0,"80":0,"81":0,"82":0,"83":0,"84":7,"85":7,"86":0,"87":7,"88":0,"89":7,"90":0,"91":7,"92":0,"93":0,"94":0,"95":0,"96":7,"97":0,"98":0},"f":{"0":1,"1":1,"2":0,"3":6,"4":0,"5":0,"6":0,"7":0,"8":0,"9":0,"10":0,"11":0,"12":7,"13":0,"14":0,"15":0,"16":0,"17":0,"18":0},"b":{"0":[0,1],"1":[0,1],"2":[0,1],"3":[0,1],"4":[0,1],"5":[0,1],"6":[0,1],"7":[0,1],"8":[0,1],"9":[0,1],"10":[0,1],"11":[0,1],"12":[0,1],"13":[0,1],"14":[0,1],"15":[0,0],"16":[0,0],"17":[0,0],"18":[0,0],"19":[0,0],"20":[0,0],"21":[0,0],"22":[0,0],"23":[0,0],"24":[0,0],"25":[0,0],"26":[0,0],"27":[0,6],"28":[6,0,0],"29":[0,6],"30":[0,0],"31":[0,0],"32":[0,0],"33":[0,0],"34":[0,0],"35":[0,0],"36":[0,0],"37":[0,0,0],"38":[0,0],"39":[0,0],"40":[0,7],"41":[7,3,0,0],"42":[0,0],"43":[0],"44":[0],"45":[7,3,4],"46":[0,4],"47":[4,0],"48":[4,0],"49":[0,7],"50":[7,0,0,0],"51":[0,7],"52":[7,7,3,0],"53":[7,0,0],"54":[0,7],"55":[7,0],"56":[7,0]},"_coverageSchema":"332fd63041d2c1bcb487cc26dd0d5f7d97098a6c","hash":"31058ebc8b8b59865362aa89a6e4f4cd03037d24"}
,"/Users/mabelhernandez/repos/learning-together/src/components/workshopModule/workshopList/index.js": {"path":"/Users/mabelhernandez/repos/learning-together/src/components/workshopModule/workshopList/index.js","statementMap":{},"fnMap":{},"branchMap":{},"s":{},"f":{},"b":{},"_coverageSchema":"332fd63041d2c1bcb487cc26dd0d5f7d97098a6c","hash":"413923e9a7099e8dcb65d291ad053fe389420417"}
,"/Users/mabelhernandez/repos/learning-together/src/components/workshopModule/workshopList/workshopList.js": {"path":"/Users/mabelhernandez/repos/learning-together/src/components/workshopModule/workshopList/workshopList.js","statementMap":{"0":{"start":{"line":14,"column":4},"end":{"line":14,"column":17}},"1":{"start":{"line":15,"column":4},"end":{"line":22,"column":6}},"2":{"start":{"line":23,"column":4},"end":{"line":23,"column":75}},"3":{"start":{"line":24,"column":4},"end":{"line":26,"column":6}},"4":{"start":{"line":30,"column":4},"end":{"line":33,"column":7}},"5":{"start":{"line":34,"column":4},"end":{"line":37,"column":6}},"6":{"start":{"line":38,"column":4},"end":{"line":41,"column":6}},"7":{"start":{"line":44,"column":4},"end":{"line":56,"column":5}},"8":{"start":{"line":47,"column":6},"end":{"line":47,"column":53}},"9":{"start":{"line":48,"column":6},"end":{"line":51,"column":8}},"10":{"start":{"line":52,"column":6},"end":{"line":55,"column":8}},"11":{"start":{"line":60,"column":4},"end":{"line":60,"column":52}},"12":{"start":{"line":61,"column":4},"end":{"line":71,"column":5}},"13":{"start":{"line":62,"column":6},"end":{"line":65,"column":9}},"14":{"start":{"line":67,"column":6},"end":{"line":70,"column":9}},"15":{"start":{"line":75,"column":4},"end":{"line":75,"column":56}},"16":{"start":{"line":76,"column":4},"end":{"line":85,"column":5}},"17":{"start":{"line":77,"column":6},"end":{"line":79,"column":9}},"18":{"start":{"line":81,"column":6},"end":{"line":84,"column":9}},"19":{"start":{"line":88,"column":21},"end":{"line":88,"column":23}},"20":{"start":{"line":89,"column":18},"end":{"line":92,"column":6}},"21":{"start":{"line":90,"column":20},"end":{"line":90,"column":72}},"22":{"start":{"line":91,"column":6},"end":{"line":91,"column":51}},"23":{"start":{"line":94,"column":4},"end":{"line":99,"column":7}},"24":{"start":{"line":95,"column":16},"end":{"line":95,"column":18}},"25":{"start":{"line":96,"column":6},"end":{"line":96,"column":22}},"26":{"start":{"line":98,"column":6},"end":{"line":98,"column":27}},"27":{"start":{"line":101,"column":4},"end":{"line":101,"column":22}},"28":{"start":{"line":105,"column":33},"end":{"line":105,"column":43}},"29":{"start":{"line":106,"column":4},"end":{"line":162,"column":6}},"30":{"start":{"line":125,"column":16},"end":{"line":141,"column":19}},"31":{"start":{"line":126,"column":18},"end":{"line":140,"column":20}},"32":{"start":{"line":131,"column":26},"end":{"line":136,"column":28}},"33":{"start":{"line":146,"column":32},"end":{"line":155,"column":17}},"34":{"start":{"line":156,"column":16},"end":{"line":156,"column":31}}},"fnMap":{"0":{"name":"(anonymous_0)","decl":{"start":{"line":13,"column":2},"end":{"line":13,"column":3}},"loc":{"start":{"line":13,"column":21},"end":{"line":27,"column":3}},"line":13},"1":{"name":"(anonymous_1)","decl":{"start":{"line":29,"column":2},"end":{"line":29,"column":3}},"loc":{"start":{"line":29,"column":22},"end":{"line":42,"column":3}},"line":29},"2":{"name":"(anonymous_2)","decl":{"start":{"line":43,"column":2},"end":{"line":43,"column":3}},"loc":{"start":{"line":43,"column":32},"end":{"line":57,"column":3}},"line":43},"3":{"name":"(anonymous_3)","decl":{"start":{"line":59,"column":2},"end":{"line":59,"column":3}},"loc":{"start":{"line":59,"column":36},"end":{"line":72,"column":3}},"line":59},"4":{"name":"(anonymous_4)","decl":{"start":{"line":74,"column":2},"end":{"line":74,"column":3}},"loc":{"start":{"line":74,"column":40},"end":{"line":86,"column":3}},"line":74},"5":{"name":"(anonymous_5)","decl":{"start":{"line":87,"column":16},"end":{"line":87,"column":17}},"loc":{"start":{"line":87,"column":29},"end":{"line":102,"column":3}},"line":87},"6":{"name":"(anonymous_6)","decl":{"start":{"line":89,"column":37},"end":{"line":89,"column":38}},"loc":{"start":{"line":89,"column":56},"end":{"line":92,"column":5}},"line":89},"7":{"name":"(anonymous_7)","decl":{"start":{"line":94,"column":19},"end":{"line":94,"column":20}},"loc":{"start":{"line":94,"column":39},"end":{"line":99,"column":5}},"line":94},"8":{"name":"(anonymous_8)","decl":{"start":{"line":104,"column":2},"end":{"line":104,"column":3}},"loc":{"start":{"line":104,"column":11},"end":{"line":163,"column":3}},"line":104},"9":{"name":"(anonymous_9)","decl":{"start":{"line":124,"column":25},"end":{"line":124,"column":26}},"loc":{"start":{"line":124,"column":42},"end":{"line":142,"column":15}},"line":124},"10":{"name":"(anonymous_10)","decl":{"start":{"line":125,"column":45},"end":{"line":125,"column":46}},"loc":{"start":{"line":125,"column":61},"end":{"line":141,"column":17}},"line":125},"11":{"name":"(anonymous_11)","decl":{"start":{"line":130,"column":39},"end":{"line":130,"column":40}},"loc":{"start":{"line":130,"column":60},"end":{"line":137,"column":25}},"line":130},"12":{"name":"(anonymous_12)","decl":{"start":{"line":145,"column":29},"end":{"line":145,"column":30}},"loc":{"start":{"line":145,"column":50},"end":{"line":157,"column":15}},"line":145}},"branchMap":{"0":{"loc":{"start":{"line":44,"column":4},"end":{"line":56,"column":5}},"type":"if","locations":[{"start":{"line":44,"column":4},"end":{"line":56,"column":5}},{"start":{"line":44,"column":4},"end":{"line":56,"column":5}}],"line":44},"1":{"loc":{"start":{"line":61,"column":4},"end":{"line":71,"column":5}},"type":"if","locations":[{"start":{"line":61,"column":4},"end":{"line":71,"column":5}},{"start":{"line":61,"column":4},"end":{"line":71,"column":5}}],"line":61},"2":{"loc":{"start":{"line":76,"column":4},"end":{"line":85,"column":5}},"type":"if","locations":[{"start":{"line":76,"column":4},"end":{"line":85,"column":5}},{"start":{"line":76,"column":4},"end":{"line":85,"column":5}}],"line":76},"3":{"loc":{"start":{"line":90,"column":20},"end":{"line":90,"column":72}},"type":"cond-expr","locations":[{"start":{"line":90,"column":37},"end":{"line":90,"column":51}},{"start":{"line":90,"column":54},"end":{"line":90,"column":72}}],"line":90},"4":{"loc":{"start":{"line":146,"column":32},"end":{"line":155,"column":17}},"type":"cond-expr","locations":[{"start":{"line":147,"column":18},"end":{"line":152,"column":28}},{"start":{"line":154,"column":18},"end":{"line":154,"column":20}}],"line":146}},"s":{"0":3,"1":3,"2":3,"3":3,"4":3,"5":3,"6":3,"7":9,"8":0,"9":0,"10":0,"11":2,"12":2,"13":1,"14":1,"15":1,"16":1,"17":1,"18":0,"19":1,"20":1,"21":0,"22":0,"23":1,"24":0,"25":0,"26":0,"27":1,"28":12,"29":12,"30":0,"31":0,"32":0,"33":1,"34":1},"f":{"0":3,"1":3,"2":9,"3":2,"4":1,"5":1,"6":0,"7":0,"8":12,"9":0,"10":0,"11":0,"12":1},"b":{"0":[0,9],"1":[1,1],"2":[1,0],"3":[0,0],"4":[0,1]},"_coverageSchema":"332fd63041d2c1bcb487cc26dd0d5f7d97098a6c","hash":"9a95a5d350b2bf93c81919a8afc52bc4f30ba1d4"}
,"/Users/mabelhernandez/repos/learning-together/src/components/workshopModule/workshopPreview/index.js": {"path":"/Users/mabelhernandez/repos/learning-together/src/components/workshopModule/workshopPreview/index.js","statementMap":{},"fnMap":{},"branchMap":{},"s":{},"f":{},"b":{},"_coverageSchema":"332fd63041d2c1bcb487cc26dd0d5f7d97098a6c","hash":"c9dd79e8473b5f02d9eaa5a57d0639d12555f32a"}
,"/Users/mabelhernandez/repos/learning-together/src/components/workshopModule/workshopPreview/workshopPreview.js": {"path":"/Users/mabelhernandez/repos/learning-together/src/components/workshopModule/workshopPreview/workshopPreview.js","statementMap":{"0":{"start":{"line":6,"column":24},"end":{"line":36,"column":1}},"1":{"start":{"line":7,"column":16},"end":{"line":7,"column":68}},"2":{"start":{"line":8,"column":20},"end":{"line":8,"column":67}},"3":{"start":{"line":9,"column":18},"end":{"line":9,"column":53}},"4":{"start":{"line":11,"column":2},"end":{"line":35,"column":4}}},"fnMap":{"0":{"name":"(anonymous_0)","decl":{"start":{"line":6,"column":24},"end":{"line":6,"column":25}},"loc":{"start":{"line":6,"column":42},"end":{"line":36,"column":1}},"line":6}},"branchMap":{"0":{"loc":{"start":{"line":7,"column":16},"end":{"line":7,"column":68}},"type":"cond-expr","locations":[{"start":{"line":7,"column":33},"end":{"line":7,"column":47}},{"start":{"line":7,"column":50},"end":{"line":7,"column":68}}],"line":7},"1":{"loc":{"start":{"line":8,"column":20},"end":{"line":8,"column":67}},"type":"cond-expr","locations":[{"start":{"line":8,"column":34},"end":{"line":8,"column":45}},{"start":{"line":8,"column":48},"end":{"line":8,"column":67}}],"line":8},"2":{"loc":{"start":{"line":9,"column":18},"end":{"line":9,"column":53}},"type":"cond-expr","locations":[{"start":{"line":9,"column":41},"end":{"line":9,"column":45}},{"start":{"line":9,"column":48},"end":{"line":9,"column":53}}],"line":9},"3":{"loc":{"start":{"line":22,"column":11},"end":{"line":22,"column":63}},"type":"cond-expr","locations":[{"start":{"line":22,"column":22},"end":{"line":22,"column":24}},{"start":{"line":22,"column":27},"end":{"line":22,"column":63}}],"line":22}},"s":{"0":4,"1":0,"2":0,"3":0,"4":0},"f":{"0":0},"b":{"0":[0,0],"1":[0,0],"2":[0,0],"3":[0,0]},"_coverageSchema":"332fd63041d2c1bcb487cc26dd0d5f7d97098a6c","hash":"a28191ec86918adf038b1c1522231c88f5ba15ba"}
,"/Users/mabelhernandez/repos/learning-together/src/services/config.js": {"path":"/Users/mabelhernandez/repos/learning-together/src/services/config.js","statementMap":{"0":{"start":{"line":1,"column":0},"end":{"line":10,"column":1}}},"fnMap":{},"branchMap":{},"s":{"0":16},"f":{},"b":{},"_coverageSchema":"332fd63041d2c1bcb487cc26dd0d5f7d97098a6c","hash":"21d34a2ce6101ef065009ae33afc1cebf9ea129d"}
,"/Users/mabelhernandez/repos/learning-together/src/services/graph.service.js": {"path":"/Users/mabelhernandez/repos/learning-together/src/services/graph.service.js","statementMap":{"0":{"start":{"line":2,"column":12},"end":{"line":2,"column":56}},"1":{"start":{"line":6,"column":17},"end":{"line":11,"column":4}},"2":{"start":{"line":9,"column":6},"end":{"line":9,"column":29}},"3":{"start":{"line":12,"column":2},"end":{"line":12,"column":15}},"4":{"start":{"line":16,"column":17},"end":{"line":16,"column":52}},"5":{"start":{"line":17,"column":15},"end":{"line":17,"column":45}},"6":{"start":{"line":18,"column":2},"end":{"line":18,"column":14}},"7":{"start":{"line":22,"column":17},"end":{"line":22,"column":52}},"8":{"start":{"line":23,"column":17},"end":{"line":27,"column":10}},"9":{"start":{"line":29,"column":2},"end":{"line":29,"column":15}},"10":{"start":{"line":33,"column":17},"end":{"line":33,"column":52}},"11":{"start":{"line":34,"column":19},"end":{"line":36,"column":15}},"12":{"start":{"line":38,"column":2},"end":{"line":38,"column":17}},"13":{"start":{"line":42,"column":17},"end":{"line":42,"column":52}},"14":{"start":{"line":43,"column":19},"end":{"line":45,"column":35}},"15":{"start":{"line":46,"column":2},"end":{"line":46,"column":17}}},"fnMap":{"0":{"name":"getAuthenticatedClient","decl":{"start":{"line":4,"column":9},"end":{"line":4,"column":31}},"loc":{"start":{"line":4,"column":45},"end":{"line":13,"column":1}},"line":4},"1":{"name":"(anonymous_1)","decl":{"start":{"line":8,"column":18},"end":{"line":8,"column":19}},"loc":{"start":{"line":8,"column":28},"end":{"line":10,"column":5}},"line":8},"2":{"name":"getUserDetails","decl":{"start":{"line":15,"column":22},"end":{"line":15,"column":36}},"loc":{"start":{"line":15,"column":50},"end":{"line":19,"column":1}},"line":15},"3":{"name":"getEvents","decl":{"start":{"line":21,"column":22},"end":{"line":21,"column":31}},"loc":{"start":{"line":21,"column":45},"end":{"line":30,"column":1}},"line":21},"4":{"name":"addEvent","decl":{"start":{"line":32,"column":22},"end":{"line":32,"column":30}},"loc":{"start":{"line":32,"column":50},"end":{"line":39,"column":1}},"line":32},"5":{"name":"sendEmail","decl":{"start":{"line":41,"column":22},"end":{"line":41,"column":31}},"loc":{"start":{"line":41,"column":75},"end":{"line":47,"column":1}},"line":41}},"branchMap":{},"s":{"0":3,"1":0,"2":0,"3":0,"4":0,"5":0,"6":0,"7":0,"8":0,"9":0,"10":0,"11":0,"12":0,"13":0,"14":0,"15":0},"f":{"0":0,"1":0,"2":0,"3":0,"4":0,"5":0},"b":{},"_coverageSchema":"332fd63041d2c1bcb487cc26dd0d5f7d97098a6c","hash":"5f3250d0f02a09379c0ec6c5e1197b04f5e21b6b"}
,"/Users/mabelhernandez/repos/learning-together/src/services/msalUtils.js": {"path":"/Users/mabelhernandez/repos/learning-together/src/services/msalUtils.js","statementMap":{"0":{"start":{"line":5,"column":2},"end":{"line":11,"column":6}},"1":{"start":{"line":7,"column":6},"end":{"line":7,"column":29}},"2":{"start":{"line":10,"column":6},"end":{"line":10,"column":22}},"3":{"start":{"line":15,"column":2},"end":{"line":15,"column":22}},"4":{"start":{"line":16,"column":2},"end":{"line":16,"column":22}},"5":{"start":{"line":20,"column":2},"end":{"line":20,"column":61}},"6":{"start":{"line":24,"column":2},"end":{"line":31,"column":3}},"7":{"start":{"line":25,"column":4},"end":{"line":25,"column":60}},"8":{"start":{"line":26,"column":4},"end":{"line":26,"column":52}},"9":{"start":{"line":27,"column":4},"end":{"line":27,"column":28}},"10":{"start":{"line":30,"column":4},"end":{"line":30,"column":25}}},"fnMap":{"0":{"name":"login","decl":{"start":{"line":4,"column":16},"end":{"line":4,"column":21}},"loc":{"start":{"line":4,"column":24},"end":{"line":12,"column":1}},"line":4},"1":{"name":"(anonymous_1)","decl":{"start":{"line":6,"column":10},"end":{"line":6,"column":11}},"loc":{"start":{"line":6,"column":22},"end":{"line":8,"column":5}},"line":6},"2":{"name":"(anonymous_2)","decl":{"start":{"line":9,"column":11},"end":{"line":9,"column":12}},"loc":{"start":{"line":9,"column":18},"end":{"line":11,"column":5}},"line":9},"3":{"name":"logout","decl":{"start":{"line":14,"column":16},"end":{"line":14,"column":22}},"loc":{"start":{"line":14,"column":34},"end":{"line":17,"column":1}},"line":14},"4":{"name":"loginCallback","decl":{"start":{"line":19,"column":16},"end":{"line":19,"column":29}},"loc":{"start":{"line":19,"column":32},"end":{"line":21,"column":1}},"line":19},"5":{"name":"signInCallback","decl":{"start":{"line":23,"column":16},"end":{"line":23,"column":30}},"loc":{"start":{"line":23,"column":41},"end":{"line":32,"column":1}},"line":23}},"branchMap":{"0":{"loc":{"start":{"line":24,"column":2},"end":{"line":31,"column":3}},"type":"if","locations":[{"start":{"line":24,"column":2},"end":{"line":31,"column":3}},{"start":{"line":24,"column":2},"end":{"line":31,"column":3}}],"line":24}},"s":{"0":0,"1":0,"2":0,"3":0,"4":0,"5":0,"6":0,"7":0,"8":0,"9":0,"10":0},"f":{"0":0,"1":0,"2":0,"3":0,"4":0,"5":0},"b":{"0":[0,0]},"_coverageSchema":"332fd63041d2c1bcb487cc26dd0d5f7d97098a6c","hash":"c4bfcdab2f8f12b54edf660957370ede70103120"}
,"/Users/mabelhernandez/repos/learning-together/src/services/outlookUtils.js": {"path":"/Users/mabelhernandez/repos/learning-together/src/services/outlookUtils.js","statementMap":{"0":{"start":{"line":6,"column":2},"end":{"line":6,"column":32}},"1":{"start":{"line":10,"column":2},"end":{"line":35,"column":3}},"2":{"start":{"line":11,"column":24},"end":{"line":11,"column":75}},"3":{"start":{"line":12,"column":17},"end":{"line":30,"column":5}},"4":{"start":{"line":31,"column":4},"end":{"line":31,"column":37}},"5":{"start":{"line":34,"column":4},"end":{"line":34,"column":27}},"6":{"start":{"line":39,"column":2},"end":{"line":65,"column":3}},"7":{"start":{"line":40,"column":20},"end":{"line":40,"column":35}},"8":{"start":{"line":41,"column":28},"end":{"line":41,"column":30}},"9":{"start":{"line":42,"column":24},"end":{"line":42,"column":75}},"10":{"start":{"line":43,"column":4},"end":{"line":43,"column":37}},"11":{"start":{"line":44,"column":4},"end":{"line":47,"column":5}},"12":{"start":{"line":48,"column":4},"end":{"line":51,"column":6}},"13":{"start":{"line":49,"column":23},"end":{"line":49,"column":76}},"14":{"start":{"line":50,"column":6},"end":{"line":50,"column":36}},"15":{"start":{"line":52,"column":4},"end":{"line":52,"column":50}},"16":{"start":{"line":53,"column":4},"end":{"line":59,"column":5}},"17":{"start":{"line":60,"column":28},"end":{"line":60,"column":32}},"18":{"start":{"line":61,"column":4},"end":{"line":61,"column":63}},"19":{"start":{"line":64,"column":4},"end":{"line":64,"column":20}}},"fnMap":{"0":{"name":"getTimezoneName","decl":{"start":{"line":5,"column":9},"end":{"line":5,"column":24}},"loc":{"start":{"line":5,"column":27},"end":{"line":7,"column":1}},"line":5},"1":{"name":"addCalEvent","decl":{"start":{"line":9,"column":22},"end":{"line":9,"column":33}},"loc":{"start":{"line":9,"column":41},"end":{"line":36,"column":1}},"line":9},"2":{"name":"createAndSendEmail","decl":{"start":{"line":38,"column":22},"end":{"line":38,"column":40}},"loc":{"start":{"line":38,"column":75},"end":{"line":66,"column":1}},"line":38},"3":{"name":"(anonymous_3)","decl":{"start":{"line":48,"column":23},"end":{"line":48,"column":24}},"loc":{"start":{"line":48,"column":36},"end":{"line":51,"column":5}},"line":48}},"branchMap":{},"s":{"0":0,"1":0,"2":0,"3":0,"4":0,"5":0,"6":0,"7":0,"8":0,"9":0,"10":0,"11":0,"12":0,"13":0,"14":0,"15":0,"16":0,"17":0,"18":0,"19":0},"f":{"0":0,"1":0,"2":0,"3":0},"b":{},"_coverageSchema":"332fd63041d2c1bcb487cc26dd0d5f7d97098a6c","hash":"ef09e167642c31c2b4140488c38dca1dbdd7bced"}
}
