TN:
SF:/Users/mabelhernandez/repos/learning-together/src/App.js
FN:11,(anonymous_0)
FN:15,(anonymous_1)
FNF:2
FNH:0
FNDA:0,(anonymous_0)
FNDA:0,(anonymous_1)
DA:1,0
DA:2,0
DA:3,0
DA:4,0
DA:5,0
DA:6,0
DA:7,0
DA:9,0
DA:12,0
DA:13,0
DA:16,0
LF:11
LH:0
BRF:0
BRH:0
end_of_record
TN:
SF:/Users/mabelhernandez/repos/learning-together/src/UserProvider.js
FN:8,(anonymous_0)
FN:12,(anonymous_1)
FN:18,(anonymous_2)
FNF:3
FNH:0
FNDA:0,(anonymous_0)
FNDA:0,(anonymous_1)
FNDA:0,(anonymous_2)
DA:3,3
DA:5,3
DA:9,0
DA:10,0
DA:13,0
DA:19,0
LF:6
LH:2
BRF:0
BRH:0
end_of_record
TN:
SF:/Users/mabelhernandez/repos/learning-together/src/api.js
FN:8,(anonymous_0)
FN:14,tokenCheck
FN:17,(anonymous_2)
FN:22,(anonymous_3)
FN:28,signIn
FN:30,(anonymous_5)
FN:40,(anonymous_6)
FN:43,(anonymous_7)
FN:49,signUp
FN:52,(anonymous_9)
FN:55,(anonymous_10)
FN:58,(anonymous_11)
FN:64,loadCategories
FN:69,(anonymous_13)
FN:72,(anonymous_14)
FN:82,(anonymous_15)
FN:91,(anonymous_16)
FN:94,(anonymous_17)
FN:99,(anonymous_18)
FN:111,(anonymous_19)
FN:114,(anonymous_20)
FN:123,(anonymous_21)
FN:132,(anonymous_22)
FN:135,(anonymous_23)
FN:140,(anonymous_24)
FN:145,(anonymous_25)
FN:148,(anonymous_26)
FN:158,(anonymous_27)
FN:167,(anonymous_28)
FN:170,(anonymous_29)
FN:180,(anonymous_30)
FN:189,(anonymous_31)
FN:192,(anonymous_32)
FN:202,(anonymous_33)
FN:205,(anonymous_34)
FN:212,(anonymous_35)
FN:215,(anonymous_36)
FN:226,(anonymous_37)
FN:258,(anonymous_38)
FN:262,(anonymous_39)
FN:273,(anonymous_40)
FN:283,(anonymous_41)
FN:287,(anonymous_42)
FN:303,(anonymous_43)
FN:307,uploadImage
FN:312,(anonymous_45)
FN:315,(anonymous_46)
FN:325,(anonymous_47)
FN:333,(anonymous_48)
FN:336,(anonymous_49)
FN:346,(anonymous_50)
FN:354,(anonymous_51)
FN:357,(anonymous_52)
FN:362,(anonymous_53)
FN:367,(anonymous_54)
FN:370,(anonymous_55)
FN:380,(anonymous_56)
FN:385,(anonymous_57)
FN:388,(anonymous_58)
FN:398,(anonymous_59)
FN:403,(anonymous_60)
FN:406,(anonymous_61)
FN:416,(anonymous_62)
FN:426,(anonymous_63)
FN:430,(anonymous_64)
FN:444,(anonymous_65)
FN:452,(anonymous_66)
FN:458,(anonymous_67)
FN:469,(anonymous_68)
FN:477,(anonymous_69)
FN:480,(anonymous_70)
FN:490,(anonymous_71)
FN:500,(anonymous_72)
FN:523,(anonymous_73)
FN:537,(anonymous_74)
FN:568,(anonymous_75)
FN:606,(anonymous_76)
FN:623,(anonymous_77)
FN:632,(anonymous_78)
FN:680,(anonymous_79)
FN:691,(anonymous_80)
FN:700,(anonymous_81)
FN:703,(anonymous_82)
FNF:83
FNH:2
FNDA:0,(anonymous_0)
FNDA:1,tokenCheck
FNDA:0,(anonymous_2)
FNDA:0,(anonymous_3)
FNDA:0,signIn
FNDA:0,(anonymous_5)
FNDA:0,(anonymous_6)
FNDA:0,(anonymous_7)
FNDA:0,signUp
FNDA:0,(anonymous_9)
FNDA:0,(anonymous_10)
FNDA:0,(anonymous_11)
FNDA:1,loadCategories
FNDA:0,(anonymous_13)
FNDA:0,(anonymous_14)
FNDA:0,(anonymous_15)
FNDA:0,(anonymous_16)
FNDA:0,(anonymous_17)
FNDA:0,(anonymous_18)
FNDA:0,(anonymous_19)
FNDA:0,(anonymous_20)
FNDA:0,(anonymous_21)
FNDA:0,(anonymous_22)
FNDA:0,(anonymous_23)
FNDA:0,(anonymous_24)
FNDA:0,(anonymous_25)
FNDA:0,(anonymous_26)
FNDA:0,(anonymous_27)
FNDA:0,(anonymous_28)
FNDA:0,(anonymous_29)
FNDA:0,(anonymous_30)
FNDA:0,(anonymous_31)
FNDA:0,(anonymous_32)
FNDA:0,(anonymous_33)
FNDA:0,(anonymous_34)
FNDA:0,(anonymous_35)
FNDA:0,(anonymous_36)
FNDA:0,(anonymous_37)
FNDA:0,(anonymous_38)
FNDA:0,(anonymous_39)
FNDA:0,(anonymous_40)
FNDA:0,(anonymous_41)
FNDA:0,(anonymous_42)
FNDA:0,(anonymous_43)
FNDA:0,uploadImage
FNDA:0,(anonymous_45)
FNDA:0,(anonymous_46)
FNDA:0,(anonymous_47)
FNDA:0,(anonymous_48)
FNDA:0,(anonymous_49)
FNDA:0,(anonymous_50)
FNDA:0,(anonymous_51)
FNDA:0,(anonymous_52)
FNDA:0,(anonymous_53)
FNDA:0,(anonymous_54)
FNDA:0,(anonymous_55)
FNDA:0,(anonymous_56)
FNDA:0,(anonymous_57)
FNDA:0,(anonymous_58)
FNDA:0,(anonymous_59)
FNDA:0,(anonymous_60)
FNDA:0,(anonymous_61)
FNDA:0,(anonymous_62)
FNDA:0,(anonymous_63)
FNDA:0,(anonymous_64)
FNDA:0,(anonymous_65)
FNDA:0,(anonymous_66)
FNDA:0,(anonymous_67)
FNDA:0,(anonymous_68)
FNDA:0,(anonymous_69)
FNDA:0,(anonymous_70)
FNDA:0,(anonymous_71)
FNDA:0,(anonymous_72)
FNDA:0,(anonymous_73)
FNDA:0,(anonymous_74)
FNDA:0,(anonymous_75)
FNDA:0,(anonymous_76)
FNDA:0,(anonymous_77)
FNDA:0,(anonymous_78)
FNDA:0,(anonymous_79)
FNDA:0,(anonymous_80)
FNDA:0,(anonymous_81)
FNDA:0,(anonymous_82)
DA:6,14
DA:8,14
DA:9,0
DA:15,1
DA:18,0
DA:19,0
DA:23,0
DA:24,0
DA:29,0
DA:30,0
DA:31,0
DA:32,0
DA:33,0
DA:41,0
DA:44,0
DA:50,0
DA:51,0
DA:52,0
DA:53,0
DA:56,0
DA:59,0
DA:65,1
DA:66,0
DA:67,0
DA:70,0
DA:73,0
DA:74,0
DA:75,0
DA:76,0
DA:78,0
DA:82,14
DA:83,0
DA:84,0
DA:85,0
DA:92,0
DA:95,0
DA:99,14
DA:100,0
DA:101,0
DA:104,0
DA:105,0
DA:112,0
DA:115,0
DA:116,0
DA:117,0
DA:118,0
DA:123,14
DA:124,0
DA:125,0
DA:126,0
DA:133,0
DA:136,0
DA:140,14
DA:141,0
DA:142,0
DA:143,0
DA:146,0
DA:149,0
DA:150,0
DA:151,0
DA:152,0
DA:154,0
DA:158,14
DA:159,0
DA:160,0
DA:161,0
DA:168,0
DA:171,0
DA:172,0
DA:173,0
DA:174,0
DA:176,0
DA:180,14
DA:181,0
DA:182,0
DA:183,0
DA:190,0
DA:193,0
DA:194,0
DA:195,0
DA:196,0
DA:198,0
DA:202,14
DA:203,0
DA:204,0
DA:205,0
DA:206,0
DA:213,0
DA:216,0
DA:217,0
DA:218,0
DA:219,0
DA:221,0
DA:226,14
DA:240,0
DA:241,0
DA:251,0
DA:260,0
DA:264,0
DA:265,0
DA:266,0
DA:267,0
DA:269,0
DA:273,14
DA:274,0
DA:275,0
DA:276,0
DA:285,0
DA:289,0
DA:290,0
DA:291,0
DA:292,0
DA:294,0
DA:298,0
DA:299,0
DA:303,14
DA:304,0
DA:308,0
DA:309,0
DA:310,0
DA:313,0
DA:316,0
DA:317,0
DA:318,0
DA:319,0
DA:321,0
DA:325,14
DA:326,0
DA:327,0
DA:334,0
DA:337,0
DA:338,0
DA:339,0
DA:340,0
DA:342,0
DA:346,14
DA:347,0
DA:348,0
DA:355,0
DA:358,0
DA:362,14
DA:363,0
DA:364,0
DA:365,0
DA:368,0
DA:371,0
DA:372,0
DA:373,0
DA:374,0
DA:376,0
DA:380,14
DA:381,0
DA:382,0
DA:383,0
DA:386,0
DA:389,0
DA:390,0
DA:391,0
DA:392,0
DA:394,0
DA:398,14
DA:399,0
DA:400,0
DA:401,0
DA:404,0
DA:407,0
DA:408,0
DA:409,0
DA:410,0
DA:412,0
DA:416,14
DA:417,0
DA:418,0
DA:419,0
DA:428,0
DA:432,0
DA:435,0
DA:436,0
DA:437,0
DA:438,0
DA:439,0
DA:444,14
DA:445,0
DA:446,0
DA:454,0
DA:455,0
DA:460,0
DA:461,0
DA:462,0
DA:463,0
DA:465,0
DA:469,14
DA:470,0
DA:471,0
DA:478,0
DA:481,0
DA:482,0
DA:483,0
DA:484,0
DA:486,0
DA:490,14
DA:491,0
DA:500,14
DA:502,0
DA:509,0
DA:514,0
DA:523,14
DA:524,0
DA:525,0
DA:533,0
DA:537,14
DA:538,0
DA:539,0
DA:540,0
DA:542,0
DA:562,0
DA:563,0
DA:568,14
DA:570,0
DA:576,0
DA:580,0
DA:581,0
DA:601,0
DA:602,0
DA:606,14
DA:608,0
DA:615,0
DA:620,0
DA:621,0
DA:623,0
DA:624,0
DA:625,0
DA:630,0
DA:632,0
DA:634,0
DA:640,0
DA:646,0
DA:650,0
DA:651,0
DA:652,0
DA:656,0
DA:657,0
DA:658,0
DA:662,0
DA:663,0
DA:665,0
DA:667,0
DA:668,0
DA:671,0
DA:673,0
DA:675,0
DA:676,0
DA:680,14
DA:681,0
DA:682,0
DA:683,0
DA:684,0
DA:686,0
DA:687,0
DA:691,14
DA:692,0
DA:693,0
DA:701,0
DA:704,0
DA:705,0
DA:706,0
DA:707,0
DA:709,0
LF:268
LH:30
BRDA:18,0,0,0
BRDA:18,0,1,0
BRDA:73,1,0,0
BRDA:73,1,1,0
BRDA:84,2,0,0
BRDA:84,2,1,0
BRDA:101,3,0,0
BRDA:101,3,1,0
BRDA:115,4,0,0
BRDA:115,4,1,0
BRDA:149,5,0,0
BRDA:149,5,1,0
BRDA:171,6,0,0
BRDA:171,6,1,0
BRDA:193,7,0,0
BRDA:193,7,1,0
BRDA:216,8,0,0
BRDA:216,8,1,0
BRDA:264,9,0,0
BRDA:264,9,1,0
BRDA:289,10,0,0
BRDA:289,10,1,0
BRDA:316,11,0,0
BRDA:316,11,1,0
BRDA:337,12,0,0
BRDA:337,12,1,0
BRDA:371,13,0,0
BRDA:371,13,1,0
BRDA:389,14,0,0
BRDA:389,14,1,0
BRDA:407,15,0,0
BRDA:407,15,1,0
BRDA:436,16,0,0
BRDA:436,16,1,0
BRDA:454,17,0,0
BRDA:454,17,1,0
BRDA:454,18,0,0
BRDA:454,18,1,0
BRDA:460,19,0,0
BRDA:460,19,1,0
BRDA:481,20,0,0
BRDA:481,20,1,0
BRDA:624,21,0,0
BRDA:624,21,1,0
BRDA:646,22,0,0
BRDA:646,22,1,0
BRDA:647,23,0,0
BRDA:647,23,1,0
BRDA:652,24,0,0
BRDA:652,24,1,0
BRDA:653,25,0,0
BRDA:653,25,1,0
BRDA:658,26,0,0
BRDA:658,26,1,0
BRDA:659,27,0,0
BRDA:659,27,1,0
BRDA:667,28,0,0
BRDA:667,28,1,0
BRDA:704,29,0,0
BRDA:704,29,1,0
BRF:60
BRH:0
end_of_record
TN:
SF:/Users/mabelhernandez/repos/learning-together/src/index.js
FNF:0
FNH:0
DA:1,0
DA:2,0
DA:3,0
DA:4,0
DA:6,0
DA:9,0
LF:6
LH:0
BRF:0
BRH:0
end_of_record
TN:
SF:/Users/mabelhernandez/repos/learning-together/src/selectors.js
FN:1,filterAttendees
FNF:1
FNH:0
FNDA:0,filterAttendees
DA:2,0
DA:3,0
DA:4,0
DA:5,0
DA:6,0
DA:9,0
LF:6
LH:0
BRDA:3,0,0,0
BRDA:3,0,1,0
BRDA:5,1,0,0
BRDA:5,1,1,0
BRF:4
BRH:0
end_of_record
TN:
SF:/Users/mabelhernandez/repos/learning-together/src/serviceWorker.js
FN:23,register
FN:34,(anonymous_1)
FN:43,(anonymous_2)
FN:57,registerValidSW
FN:60,(anonymous_4)
FN:61,(anonymous_5)
FN:66,(anonymous_6)
FN:96,(anonymous_7)
FN:101,checkValidServiceWorker
FN:104,(anonymous_9)
FN:112,(anonymous_10)
FN:113,(anonymous_11)
FN:122,(anonymous_12)
FN:129,unregister
FN:131,(anonymous_14)
FNF:15
FNH:0
FNDA:0,register
FNDA:0,(anonymous_1)
FNDA:0,(anonymous_2)
FNDA:0,registerValidSW
FNDA:0,(anonymous_4)
FNDA:0,(anonymous_5)
FNDA:0,(anonymous_6)
FNDA:0,(anonymous_7)
FNDA:0,checkValidServiceWorker
FNDA:0,(anonymous_9)
FNDA:0,(anonymous_10)
FNDA:0,(anonymous_11)
FNDA:0,(anonymous_12)
FNDA:0,unregister
FNDA:0,(anonymous_14)
DA:13,0
DA:24,0
DA:26,0
DA:27,0
DA:31,0
DA:34,0
DA:35,0
DA:37,0
DA:39,0
DA:43,0
DA:44,0
DA:51,0
DA:58,0
DA:61,0
DA:62,0
DA:63,0
DA:64,0
DA:66,0
DA:67,0
DA:68,0
DA:72,0
DA:78,0
DA:79,0
DA:85,0
DA:88,0
DA:89,0
DA:97,0
DA:103,0
DA:106,0
DA:107,0
DA:112,0
DA:113,0
DA:114,0
DA:119,0
DA:123,0
DA:130,0
DA:131,0
DA:132,0
LF:38
LH:0
BRDA:14,0,0,0
BRDA:14,0,1,0
BRDA:14,0,2,0
BRDA:24,1,0,0
BRDA:24,1,1,0
BRDA:24,2,0,0
BRDA:24,2,1,0
BRDA:27,3,0,0
BRDA:27,3,1,0
BRDA:37,4,0,0
BRDA:37,4,1,0
BRDA:63,5,0,0
BRDA:63,5,1,0
BRDA:67,6,0,0
BRDA:67,6,1,0
BRDA:68,7,0,0
BRDA:68,7,1,0
BRDA:78,8,0,0
BRDA:78,8,1,0
BRDA:78,9,0,0
BRDA:78,9,1,0
BRDA:88,10,0,0
BRDA:88,10,1,0
BRDA:88,11,0,0
BRDA:88,11,1,0
BRDA:107,12,0,0
BRDA:107,12,1,0
BRDA:108,13,0,0
BRDA:108,13,1,0
BRDA:108,13,2,0
BRDA:130,14,0,0
BRDA:130,14,1,0
BRF:32
BRH:0
end_of_record
TN:
SF:/Users/mabelhernandez/repos/learning-together/src/setupTests.js
FNF:0
FNH:0
DA:4,15
LF:1
LH:1
BRF:0
BRH:0
end_of_record
TN:
SF:/Users/mabelhernandez/repos/learning-together/src/components/index.js
FNF:0
FNH:0
LF:0
LH:0
BRF:0
BRH:0
end_of_record
TN:
SF:/Users/mabelhernandez/repos/learning-together/src/components/authModule/index.js
FNF:0
FNH:0
LF:0
LH:0
BRF:0
BRH:0
end_of_record
TN:
SF:/Users/mabelhernandez/repos/learning-together/src/components/authModule/login/index.js
FNF:0
FNH:0
LF:0
LH:0
BRF:0
BRH:0
end_of_record
TN:
SF:/Users/mabelhernandez/repos/learning-together/src/components/authModule/login/login.js
FN:9,(anonymous_0)
FN:20,(anonymous_1)
FN:26,(anonymous_2)
FNF:3
FNH:3
FNDA:1,(anonymous_0)
FNDA:1,(anonymous_1)
FNDA:2,(anonymous_2)
DA:7,3
DA:10,1
DA:11,1
DA:21,1
DA:22,1
DA:27,2
DA:28,2
DA:31,2
DA:32,2
DA:33,0
DA:35,2
LF:11
LH:10
BRDA:32,0,0,0
BRDA:32,0,1,2
BRDA:46,1,0,2
BRDA:46,1,1,1
BRF:4
BRH:3
end_of_record
TN:
SF:/Users/mabelhernandez/repos/learning-together/src/components/authModule/unauthenticatedUserRoute/index.js
FNF:0
FNH:0
LF:0
LH:0
BRF:0
BRH:0
end_of_record
TN:
SF:/Users/mabelhernandez/repos/learning-together/src/components/authModule/unauthenticatedUserRoute/unauthenticatedUserRoute.js
FN:4,(anonymous_0)
FN:7,(anonymous_1)
FN:10,(anonymous_2)
FNF:3
FNH:0
FNDA:0,(anonymous_0)
FNDA:0,(anonymous_1)
FNDA:0,(anonymous_2)
DA:4,2
DA:5,0
DA:6,0
DA:7,0
DA:10,0
LF:5
LH:1
BRDA:5,0,0,0
BRDA:5,0,1,0
BRF:2
BRH:0
end_of_record
TN:
SF:/Users/mabelhernandez/repos/learning-together/src/components/authModule/userRoute/index.js
FNF:0
FNH:0
LF:0
LH:0
BRF:0
BRH:0
end_of_record
TN:
SF:/Users/mabelhernandez/repos/learning-together/src/components/authModule/userRoute/userRoute.js
FN:4,(anonymous_0)
FN:7,(anonymous_1)
FN:10,(anonymous_2)
FNF:3
FNH:0
FNDA:0,(anonymous_0)
FNDA:0,(anonymous_1)
FNDA:0,(anonymous_2)
DA:4,2
DA:5,0
DA:6,0
DA:7,0
DA:10,0
LF:5
LH:1
BRDA:5,0,0,0
BRDA:5,0,1,0
BRF:2
BRH:0
end_of_record
TN:
SF:/Users/mabelhernandez/repos/learning-together/src/components/categoryModule/index.js
FNF:0
FNH:0
LF:0
LH:0
BRF:0
BRH:0
end_of_record
TN:
SF:/Users/mabelhernandez/repos/learning-together/src/components/categoryModule/categoryList/categoryList.js
FN:6,(anonymous_0)
FN:7,(anonymous_1)
FNF:2
FNH:2
FNDA:1,(anonymous_0)
FNDA:2,(anonymous_1)
DA:7,1
DA:8,2
DA:24,1
DA:34,11
LF:4
LH:4
BRF:0
BRH:0
end_of_record
TN:
SF:/Users/mabelhernandez/repos/learning-together/src/components/categoryModule/categoryList/index.js
FNF:0
FNH:0
LF:0
LH:0
BRF:0
BRH:0
end_of_record
TN:
SF:/Users/mabelhernandez/repos/learning-together/src/components/landingModule/index.js
FNF:0
FNH:0
LF:0
LH:0
BRF:0
BRH:0
end_of_record
TN:
SF:/Users/mabelhernandez/repos/learning-together/src/components/landingModule/hero/hero.js
FN:5,(anonymous_0)
FNF:1
FNH:0
FNDA:0,(anonymous_0)
DA:5,3
DA:6,0
DA:7,0
DA:10,0
LF:4
LH:1
BRDA:6,0,0,0
BRDA:6,0,1,0
BRF:2
BRH:0
end_of_record
TN:
SF:/Users/mabelhernandez/repos/learning-together/src/components/landingModule/hero/index.js
FNF:0
FNH:0
LF:0
LH:0
BRF:0
BRH:0
end_of_record
TN:
SF:/Users/mabelhernandez/repos/learning-together/src/components/landingModule/jumbotron/index.js
FNF:0
FNH:0
LF:0
LH:0
BRF:0
BRH:0
end_of_record
TN:
SF:/Users/mabelhernandez/repos/learning-together/src/components/landingModule/jumbotron/jumbotron.js
FN:4,(anonymous_0)
FNF:1
FNH:0
FNDA:0,(anonymous_0)
DA:4,3
DA:6,0
DA:8,0
DA:12,0
LF:4
LH:1
BRDA:6,0,0,0
BRDA:6,0,1,0
BRDA:14,1,0,0
BRDA:14,1,1,0
BRF:4
BRH:0
end_of_record
TN:
SF:/Users/mabelhernandez/repos/learning-together/src/components/landingModule/landing/index.js
FNF:0
FNH:0
LF:0
LH:0
BRF:0
BRH:0
end_of_record
TN:
SF:/Users/mabelhernandez/repos/learning-together/src/components/landingModule/landing/landing.js
FN:10,(anonymous_0)
FN:25,(anonymous_1)
FN:32,(anonymous_2)
FN:43,(anonymous_3)
FN:55,(anonymous_4)
FN:59,(anonymous_5)
FN:60,(anonymous_6)
FN:65,(anonymous_7)
FN:74,(anonymous_8)
FNF:9
FNH:0
FNDA:0,(anonymous_0)
FNDA:0,(anonymous_1)
FNDA:0,(anonymous_2)
FNDA:0,(anonymous_3)
FNDA:0,(anonymous_4)
FNDA:0,(anonymous_5)
FNDA:0,(anonymous_6)
FNDA:0,(anonymous_7)
FNDA:0,(anonymous_8)
DA:11,0
DA:12,0
DA:21,0
DA:22,0
DA:26,0
DA:27,0
DA:28,0
DA:29,0
DA:33,0
DA:34,0
DA:35,0
DA:39,0
DA:44,0
DA:45,0
DA:46,0
DA:47,0
DA:48,0
DA:51,0
DA:56,0
DA:60,0
DA:61,0
DA:66,0
DA:67,0
DA:68,0
DA:69,0
DA:71,0
DA:76,0
DA:77,0
DA:78,0
DA:79,0
LF:30
LH:0
BRDA:34,0,0,0
BRDA:34,0,1,0
BRDA:45,1,0,0
BRDA:45,1,1,0
BRDA:66,2,0,0
BRDA:66,2,1,0
BRDA:68,3,0,0
BRDA:68,3,1,0
BRDA:78,4,0,0
BRDA:78,4,1,0
BRDA:88,5,0,0
BRDA:88,5,1,0
BRDA:88,5,2,0
BRDA:90,6,0,0
BRDA:90,6,1,0
BRF:15
BRH:0
end_of_record
TN:
SF:/Users/mabelhernandez/repos/learning-together/src/components/landingModule/onboarding/index.js
FNF:0
FNH:0
LF:0
LH:0
BRF:0
BRH:0
end_of_record
TN:
SF:/Users/mabelhernandez/repos/learning-together/src/components/landingModule/onboarding/onboarding.js
FN:5,(anonymous_0)
FN:7,(anonymous_1)
FNF:2
FNH:0
FNDA:0,(anonymous_0)
FNDA:0,(anonymous_1)
DA:5,3
DA:7,0
DA:8,0
DA:34,0
DA:47,3
LF:5
LH:2
BRDA:11,0,0,0
BRDA:11,0,1,0
BRDA:37,1,0,0
BRDA:37,1,1,0
BRF:4
BRH:0
end_of_record
TN:
SF:/Users/mabelhernandez/repos/learning-together/src/components/messageModule/index.js
FNF:0
FNH:0
LF:0
LH:0
BRF:0
BRH:0
end_of_record
TN:
SF:/Users/mabelhernandez/repos/learning-together/src/components/messageModule/loading/index.js
FNF:0
FNH:0
LF:0
LH:0
BRF:0
BRH:0
end_of_record
TN:
SF:/Users/mabelhernandez/repos/learning-together/src/components/messageModule/loading/loading.js
FN:5,(anonymous_0)
FNF:1
FNH:1
FNDA:1,(anonymous_0)
DA:5,9
DA:6,1
LF:2
LH:2
BRF:0
BRH:0
end_of_record
TN:
SF:/Users/mabelhernandez/repos/learning-together/src/components/messageModule/message/index.js
FNF:0
FNH:0
LF:0
LH:0
BRF:0
BRH:0
end_of_record
TN:
SF:/Users/mabelhernandez/repos/learning-together/src/components/messageModule/message/message.js
FN:7,(anonymous_0)
FN:11,(anonymous_1)
FNF:2
FNH:2
FNDA:1,(anonymous_0)
FNDA:1,(anonymous_1)
DA:8,1
DA:12,1
LF:2
LH:2
BRF:0
BRH:0
end_of_record
TN:
SF:/Users/mabelhernandez/repos/learning-together/src/components/messageModule/messageConfirm/index.js
FNF:0
FNH:0
LF:0
LH:0
BRF:0
BRH:0
end_of_record
TN:
SF:/Users/mabelhernandez/repos/learning-together/src/components/messageModule/messageConfirm/messageConfirm.js
FN:7,(anonymous_0)
FN:11,(anonymous_1)
FN:15,(anonymous_2)
FNF:3
FNH:3
FNDA:1,(anonymous_0)
FNDA:1,(anonymous_1)
FNDA:2,(anonymous_2)
DA:8,1
DA:12,1
DA:16,2
LF:3
LH:3
BRF:0
BRH:0
end_of_record
TN:
SF:/Users/mabelhernandez/repos/learning-together/src/components/navbarModule/index.js
FNF:0
FNH:0
LF:0
LH:0
BRF:0
BRH:0
end_of_record
TN:
SF:/Users/mabelhernandez/repos/learning-together/src/components/navbarModule/browse/browse.js
FN:9,(anonymous_0)
FN:21,(anonymous_1)
FN:26,(anonymous_2)
FN:38,(anonymous_3)
FN:41,(anonymous_4)
FN:45,(anonymous_5)
FNF:6
FNH:3
FNDA:1,(anonymous_0)
FNDA:1,(anonymous_1)
FNDA:0,(anonymous_2)
FNDA:0,(anonymous_3)
FNDA:0,(anonymous_4)
FNDA:2,(anonymous_5)
DA:10,1
DA:11,1
DA:17,1
DA:18,1
DA:22,1
DA:23,1
DA:27,0
DA:28,0
DA:29,0
DA:34,0
DA:39,0
DA:42,0
DA:46,2
LF:13
LH:7
BRDA:28,0,0,0
BRDA:28,0,1,0
BRDA:60,1,0,2
BRDA:60,1,1,1
BRDA:62,2,0,2
BRDA:62,2,1,0
BRF:6
BRH:3
end_of_record
TN:
SF:/Users/mabelhernandez/repos/learning-together/src/components/navbarModule/browse/index.js
FNF:0
FNH:0
LF:0
LH:0
BRF:0
BRH:0
end_of_record
TN:
SF:/Users/mabelhernandez/repos/learning-together/src/components/navbarModule/navbar/index.js
FNF:0
FNH:0
LF:0
LH:0
BRF:0
BRH:0
end_of_record
TN:
SF:/Users/mabelhernandez/repos/learning-together/src/components/navbarModule/navbar/navbar.js
FN:11,(anonymous_0)
FN:23,(anonymous_1)
FN:28,(anonymous_2)
FN:31,(anonymous_3)
FN:34,(anonymous_4)
FN:39,(anonymous_5)
FN:44,(anonymous_6)
FNF:7
FNH:0
FNDA:0,(anonymous_0)
FNDA:0,(anonymous_1)
FNDA:0,(anonymous_2)
FNDA:0,(anonymous_3)
FNDA:0,(anonymous_4)
FNDA:0,(anonymous_5)
FNDA:0,(anonymous_6)
DA:12,0
DA:13,0
DA:19,0
DA:20,0
DA:21,0
DA:24,0
DA:25,0
DA:29,0
DA:32,0
DA:35,0
DA:36,0
DA:41,0
DA:45,0
DA:47,0
DA:63,0
LF:15
LH:0
BRDA:24,0,0,0
BRDA:24,0,1,0
BRDA:89,1,0,0
BRDA:89,1,1,0
BRDA:94,2,0,0
BRDA:94,2,1,0
BRDA:100,3,0,0
BRDA:100,3,1,0
BRF:8
BRH:0
end_of_record
TN:
SF:/Users/mabelhernandez/repos/learning-together/src/components/navbarModule/search/index.js
FNF:0
FNH:0
LF:0
LH:0
BRF:0
BRH:0
end_of_record
TN:
SF:/Users/mabelhernandez/repos/learning-together/src/components/navbarModule/search/search.js
FN:8,(anonymous_0)
FN:22,(anonymous_1)
FN:25,(anonymous_2)
FN:41,(anonymous_3)
FN:49,(anonymous_4)
FN:69,(anonymous_5)
FN:92,(anonymous_6)
FN:109,(anonymous_7)
FN:126,(anonymous_8)
FNF:9
FNH:8
FNDA:3,(anonymous_0)
FNDA:0,(anonymous_1)
FNDA:1,(anonymous_2)
FNDA:1,(anonymous_3)
FNDA:2,(anonymous_4)
FNDA:13,(anonymous_5)
FNDA:4,(anonymous_6)
FNDA:8,(anonymous_7)
FNDA:2,(anonymous_8)
DA:9,3
DA:10,3
DA:19,3
DA:23,0
DA:26,1
DA:27,1
DA:35,1
DA:36,0
DA:37,0
DA:39,1
DA:42,1
DA:43,1
DA:44,1
DA:46,0
DA:55,2
DA:56,2
DA:57,2
DA:59,2
DA:60,2
DA:62,2
DA:63,2
DA:65,2
DA:66,2
DA:76,13
DA:77,13
DA:93,4
DA:110,8
DA:127,2
LF:28
LH:24
BRDA:35,0,0,0
BRDA:35,0,1,1
BRDA:43,1,0,1
BRDA:43,1,1,0
BRDA:56,2,0,2
BRDA:56,2,1,0
BRDA:59,3,0,2
BRDA:59,3,1,0
BRDA:62,4,0,2
BRDA:62,4,1,0
BRDA:65,5,0,2
BRDA:65,5,1,0
BRDA:89,6,0,13
BRDA:89,6,1,4
BRDA:106,7,0,13
BRDA:106,7,1,8
BRDA:123,8,0,13
BRDA:123,8,1,2
BRDA:130,9,0,0
BRDA:130,9,1,2
BRDA:141,10,0,13
BRDA:141,10,1,1
BRDA:144,11,0,13
BRDA:144,11,1,0
BRF:24
BRH:16
end_of_record
TN:
SF:/Users/mabelhernandez/repos/learning-together/src/components/routesModule/index.js
FNF:0
FNH:0
LF:0
LH:0
BRF:0
BRH:0
end_of_record
TN:
SF:/Users/mabelhernandez/repos/learning-together/src/components/routesModule/page404/index.js
FNF:0
FNH:0
LF:0
LH:0
BRF:0
BRH:0
end_of_record
TN:
SF:/Users/mabelhernandez/repos/learning-together/src/components/routesModule/page404/page404.js
FN:6,(anonymous_0)
FNF:1
FNH:1
FNDA:1,(anonymous_0)
DA:7,1
LF:1
LH:1
BRF:0
BRH:0
end_of_record
TN:
SF:/Users/mabelhernandez/repos/learning-together/src/components/routesModule/routes/index.js
FNF:0
FNH:0
LF:0
LH:0
BRF:0
BRH:0
end_of_record
TN:
SF:/Users/mabelhernandez/repos/learning-together/src/components/routesModule/routes/routes.js
FN:13,(anonymous_0)
FNF:1
FNH:1
FNDA:1,(anonymous_0)
DA:14,1
LF:1
LH:1
BRF:0
BRH:0
end_of_record
TN:
SF:/Users/mabelhernandez/repos/learning-together/src/components/userModule/index.js
FNF:0
FNH:0
LF:0
LH:0
BRF:0
BRH:0
end_of_record
TN:
SF:/Users/mabelhernandez/repos/learning-together/src/components/userModule/editUserProfile/editUserProfile.js
FN:12,(anonymous_0)
FN:43,(anonymous_1)
FN:50,(anonymous_2)
FN:57,(anonymous_3)
FN:67,(anonymous_4)
FN:70,(anonymous_5)
FN:80,(anonymous_6)
FN:83,(anonymous_7)
FN:100,(anonymous_8)
FN:103,(anonymous_9)
FN:122,(anonymous_10)
FN:125,(anonymous_11)
FN:128,(anonymous_12)
FN:131,(anonymous_13)
FN:134,(anonymous_14)
FN:140,(anonymous_15)
FN:147,(anonymous_16)
FN:151,(anonymous_17)
FN:159,(anonymous_18)
FN:162,(anonymous_19)
FN:165,(anonymous_20)
FN:168,(anonymous_21)
FN:171,(anonymous_22)
FN:174,(anonymous_23)
FN:176,(anonymous_24)
FN:181,(anonymous_25)
FN:207,(anonymous_26)
FNF:27
FNH:0
FNDA:0,(anonymous_0)
FNDA:0,(anonymous_1)
FNDA:0,(anonymous_2)
FNDA:0,(anonymous_3)
FNDA:0,(anonymous_4)
FNDA:0,(anonymous_5)
FNDA:0,(anonymous_6)
FNDA:0,(anonymous_7)
FNDA:0,(anonymous_8)
FNDA:0,(anonymous_9)
FNDA:0,(anonymous_10)
FNDA:0,(anonymous_11)
FNDA:0,(anonymous_12)
FNDA:0,(anonymous_13)
FNDA:0,(anonymous_14)
FNDA:0,(anonymous_15)
FNDA:0,(anonymous_16)
FNDA:0,(anonymous_17)
FNDA:0,(anonymous_18)
FNDA:0,(anonymous_19)
FNDA:0,(anonymous_20)
FNDA:0,(anonymous_21)
FNDA:0,(anonymous_22)
FNDA:0,(anonymous_23)
FNDA:0,(anonymous_24)
FNDA:0,(anonymous_25)
FNDA:0,(anonymous_26)
DA:13,0
DA:14,0
DA:34,0
DA:35,0
DA:36,0
DA:37,0
DA:38,0
DA:39,0
DA:40,0
DA:44,0
DA:45,0
DA:46,0
DA:47,0
DA:51,0
DA:54,0
DA:58,0
DA:59,0
DA:64,0
DA:68,0
DA:69,0
DA:70,0
DA:71,0
DA:73,0
DA:76,0
DA:77,0
DA:81,0
DA:82,0
DA:83,0
DA:84,0
DA:86,0
DA:88,0
DA:97,0
DA:101,0
DA:102,0
DA:103,0
DA:104,0
DA:106,0
DA:108,0
DA:119,0
DA:123,0
DA:126,0
DA:129,0
DA:132,0
DA:135,0
DA:136,0
DA:138,0
DA:141,0
DA:142,0
DA:144,0
DA:148,0
DA:152,0
DA:153,0
DA:155,0
DA:160,0
DA:163,0
DA:166,0
DA:169,0
DA:172,0
DA:175,0
DA:176,0
DA:177,0
DA:179,0
DA:182,0
DA:183,0
DA:184,0
DA:185,0
DA:186,0
DA:187,0
DA:188,0
DA:189,0
DA:190,0
DA:191,0
DA:193,0
DA:194,0
DA:208,0
DA:209,0
DA:210,0
DA:211,0
LF:78
LH:0
BRDA:51,0,0,0
BRDA:51,0,1,0
BRDA:58,1,0,0
BRDA:58,1,1,0
BRDA:68,2,0,0
BRDA:68,2,1,0
BRDA:81,3,0,0
BRDA:81,3,1,0
BRDA:101,4,0,0
BRDA:101,4,1,0
BRDA:135,5,0,0
BRDA:135,5,1,0
BRDA:141,6,0,0
BRDA:141,6,1,0
BRDA:152,7,0,0
BRDA:152,7,1,0
BRDA:189,8,0,0
BRDA:189,8,1,0
BRDA:189,9,0,0
BRDA:189,9,1,0
BRDA:189,9,2,0
BRDA:189,9,3,0
BRDA:189,9,4,0
BRDA:210,10,0,0
BRDA:210,10,1,0
BRDA:229,11,0,0
BRDA:229,11,1,0
BRDA:238,12,0,0
BRDA:238,12,1,0
BRDA:253,13,0,0
BRDA:253,13,1,0
BRDA:268,14,0,0
BRDA:268,14,1,0
BRDA:286,15,0,0
BRDA:286,15,1,0
BRDA:300,16,0,0
BRDA:300,16,1,0
BRDA:301,17,0,0
BRDA:301,17,1,0
BRDA:302,18,0,0
BRDA:302,18,1,0
BRDA:303,19,0,0
BRDA:303,19,1,0
BRDA:304,20,0,0
BRDA:304,20,1,0
BRDA:305,21,0,0
BRDA:305,21,1,0
BRF:47
BRH:0
end_of_record
TN:
SF:/Users/mabelhernandez/repos/learning-together/src/components/userModule/editUserProfile/index.js
FNF:0
FNH:0
LF:0
LH:0
BRF:0
BRH:0
end_of_record
TN:
SF:/Users/mabelhernandez/repos/learning-together/src/components/userModule/imageUploader/imageUploader.js
FN:7,(anonymous_0)
FN:12,(anonymous_1)
FN:17,(anonymous_2)
FN:25,(anonymous_3)
FN:33,(anonymous_4)
FNF:5
FNH:4
FNDA:2,(anonymous_0)
FNDA:2,(anonymous_1)
FNDA:0,(anonymous_2)
FNDA:2,(anonymous_3)
FNDA:4,(anonymous_4)
DA:8,2
DA:9,2
DA:10,2
DA:13,2
DA:14,0
DA:18,0
DA:19,0
DA:20,0
DA:21,0
DA:22,0
DA:26,2
DA:27,1
DA:28,1
DA:30,1
DA:34,4
DA:35,4
LF:16
LH:10
BRDA:13,0,0,0
BRDA:13,0,1,2
BRDA:26,1,0,1
BRDA:26,1,1,1
BRDA:49,2,0,4
BRDA:49,2,1,1
BRDA:54,3,0,4
BRDA:54,3,1,3
BRDA:60,4,0,4
BRDA:60,4,1,1
BRF:10
BRH:9
end_of_record
TN:
SF:/Users/mabelhernandez/repos/learning-together/src/components/userModule/imageUploader/index.js
FNF:0
FNH:0
LF:0
LH:0
BRF:0
BRH:0
end_of_record
TN:
SF:/Users/mabelhernandez/repos/learning-together/src/components/userModule/schedule/index.js
FNF:0
FNH:0
LF:0
LH:0
BRF:0
BRH:0
end_of_record
TN:
SF:/Users/mabelhernandez/repos/learning-together/src/components/userModule/schedule/schedule.js
FN:9,(anonymous_0)
FN:24,(anonymous_1)
FN:28,(anonymous_2)
FN:30,(anonymous_3)
FN:35,(anonymous_4)
FN:45,(anonymous_5)
FN:52,(anonymous_6)
FN:53,(anonymous_7)
FN:55,(anonymous_8)
FN:73,(anonymous_9)
FN:74,(anonymous_10)
FN:76,(anonymous_11)
FN:94,(anonymous_12)
FN:95,(anonymous_13)
FN:97,(anonymous_14)
FN:116,(anonymous_15)
FN:125,(anonymous_16)
FN:137,(anonymous_17)
FN:140,(anonymous_18)
FN:146,(anonymous_19)
FNF:20
FNH:0
FNDA:0,(anonymous_0)
FNDA:0,(anonymous_1)
FNDA:0,(anonymous_2)
FNDA:0,(anonymous_3)
FNDA:0,(anonymous_4)
FNDA:0,(anonymous_5)
FNDA:0,(anonymous_6)
FNDA:0,(anonymous_7)
FNDA:0,(anonymous_8)
FNDA:0,(anonymous_9)
FNDA:0,(anonymous_10)
FNDA:0,(anonymous_11)
FNDA:0,(anonymous_12)
FNDA:0,(anonymous_13)
FNDA:0,(anonymous_14)
FNDA:0,(anonymous_15)
FNDA:0,(anonymous_16)
FNDA:0,(anonymous_17)
FNDA:0,(anonymous_18)
FNDA:0,(anonymous_19)
DA:10,0
DA:11,0
DA:18,0
DA:19,0
DA:20,0
DA:21,0
DA:29,0
DA:30,0
DA:31,0
DA:32,0
DA:35,0
DA:36,0
DA:37,0
DA:39,0
DA:42,0
DA:46,0
DA:53,0
DA:54,0
DA:57,0
DA:66,0
DA:67,0
DA:74,0
DA:75,0
DA:78,0
DA:87,0
DA:88,0
DA:95,0
DA:96,0
DA:99,0
DA:108,0
DA:109,0
DA:117,0
DA:118,0
DA:126,0
DA:127,0
DA:128,0
DA:138,0
DA:142,0
DA:147,0
LF:39
LH:0
BRDA:31,0,0,0
BRDA:31,0,1,0
BRDA:117,1,0,0
BRDA:117,1,1,0
BRDA:164,2,0,0
BRDA:164,2,1,0
BRDA:169,3,0,0
BRDA:169,3,1,0
BRDA:174,4,0,0
BRDA:174,4,1,0
BRDA:179,5,0,0
BRDA:179,5,1,0
BRF:12
BRH:0
end_of_record
TN:
SF:/Users/mabelhernandez/repos/learning-together/src/components/userModule/user-profile/index.js
FNF:0
FNH:0
LF:0
LH:0
BRF:0
BRH:0
end_of_record
TN:
SF:/Users/mabelhernandez/repos/learning-together/src/components/userModule/user-profile/userProfile.js
FN:12,(anonymous_0)
FN:26,(anonymous_1)
FN:31,(anonymous_2)
FN:39,(anonymous_3)
FN:41,(anonymous_4)
FN:46,(anonymous_5)
FN:56,(anonymous_6)
FN:63,(anonymous_7)
FN:66,(anonymous_8)
FN:68,(anonymous_9)
FN:76,(anonymous_10)
FN:78,(anonymous_11)
FN:96,(anonymous_12)
FN:101,(anonymous_13)
FN:115,(anonymous_14)
FN:139,(anonymous_15)
FN:169,(anonymous_16)
FN:172,(anonymous_17)
FN:178,(anonymous_18)
FN:198,(anonymous_19)
FN:201,(anonymous_20)
FN:207,(anonymous_21)
FNF:22
FNH:0
FNDA:0,(anonymous_0)
FNDA:0,(anonymous_1)
FNDA:0,(anonymous_2)
FNDA:0,(anonymous_3)
FNDA:0,(anonymous_4)
FNDA:0,(anonymous_5)
FNDA:0,(anonymous_6)
FNDA:0,(anonymous_7)
FNDA:0,(anonymous_8)
FNDA:0,(anonymous_9)
FNDA:0,(anonymous_10)
FNDA:0,(anonymous_11)
FNDA:0,(anonymous_12)
FNDA:0,(anonymous_13)
FNDA:0,(anonymous_14)
FNDA:0,(anonymous_15)
FNDA:0,(anonymous_16)
FNDA:0,(anonymous_17)
FNDA:0,(anonymous_18)
FNDA:0,(anonymous_19)
FNDA:0,(anonymous_20)
FNDA:0,(anonymous_21)
DA:13,0
DA:14,0
DA:21,0
DA:22,0
DA:23,0
DA:28,0
DA:32,0
DA:35,0
DA:40,0
DA:41,0
DA:42,0
DA:43,0
DA:46,0
DA:47,0
DA:48,0
DA:50,0
DA:53,0
DA:57,0
DA:60,0
DA:64,0
DA:65,0
DA:66,0
DA:67,0
DA:69,0
DA:76,0
DA:77,0
DA:79,0
DA:86,0
DA:92,0
DA:97,0
DA:101,0
DA:102,0
DA:105,0
DA:109,0
DA:116,0
DA:117,0
DA:119,0
DA:140,0
DA:141,0
DA:170,0
DA:174,0
DA:179,0
DA:199,0
DA:203,0
DA:208,0
DA:230,3
LF:46
LH:1
BRDA:32,0,0,0
BRDA:32,0,1,0
BRDA:42,1,0,0
BRDA:42,1,1,0
BRDA:64,2,0,0
BRDA:64,2,1,0
BRDA:97,3,0,0
BRDA:97,3,1,0
BRDA:98,4,0,0
BRDA:98,4,1,0
BRDA:129,5,0,0
BRDA:129,5,1,0
BRDA:137,6,0,0
BRDA:137,6,1,0
BRDA:138,7,0,0
BRDA:138,7,1,0
BRDA:140,8,0,0
BRDA:140,8,1,0
BRDA:149,9,0,0
BRDA:149,9,1,0
BRF:20
BRH:0
end_of_record
TN:
SF:/Users/mabelhernandez/repos/learning-together/src/components/userModule/userpreview/index.js
FNF:0
FNH:0
LF:0
LH:0
BRF:0
BRH:0
end_of_record
TN:
SF:/Users/mabelhernandez/repos/learning-together/src/components/userModule/userpreview/userPreview.js
FN:5,(anonymous_0)
FN:7,(anonymous_1)
FNF:2
FNH:0
FNDA:0,(anonymous_0)
FNDA:0,(anonymous_1)
DA:5,3
DA:6,0
DA:7,0
DA:8,0
DA:10,0
DA:11,0
DA:13,0
LF:7
LH:1
BRDA:8,0,0,0
BRDA:8,0,1,0
BRDA:10,1,0,0
BRDA:10,1,1,0
BRF:4
BRH:0
end_of_record
TN:
SF:/Users/mabelhernandez/repos/learning-together/src/components/workshopModule/index.js
FNF:0
FNH:0
LF:0
LH:0
BRF:0
BRH:0
end_of_record
TN:
SF:/Users/mabelhernandez/repos/learning-together/src/components/workshopModule/preview/index.js
FNF:0
FNH:0
LF:0
LH:0
BRF:0
BRH:0
end_of_record
TN:
SF:/Users/mabelhernandez/repos/learning-together/src/components/workshopModule/preview/preview.js
FN:8,(anonymous_0)
FNF:1
FNH:0
FNDA:0,(anonymous_0)
DA:8,3
DA:9,0
DA:14,0
DA:15,0
DA:16,0
DA:18,0
DA:42,3
LF:7
LH:2
BRDA:9,0,0,0
BRDA:9,0,1,0
BRDA:16,1,0,0
BRDA:16,1,1,0
BRDA:22,2,0,0
BRDA:22,2,1,0
BRDA:27,3,0,0
BRDA:27,3,1,0
BRF:8
BRH:0
end_of_record
TN:
SF:/Users/mabelhernandez/repos/learning-together/src/components/workshopModule/sort/index.js
FNF:0
FNH:0
LF:0
LH:0
BRF:0
BRH:0
end_of_record
TN:
SF:/Users/mabelhernandez/repos/learning-together/src/components/workshopModule/sort/sort.js
FN:9,(anonymous_0)
FN:15,(anonymous_1)
FNF:2
FNH:2
FNDA:1,(anonymous_0)
FNDA:2,(anonymous_1)
DA:10,1
DA:11,1
DA:12,1
DA:16,2
LF:4
LH:4
BRF:0
BRH:0
end_of_record
TN:
SF:/Users/mabelhernandez/repos/learning-together/src/components/workshopModule/workshop/index.js
FNF:0
FNH:0
LF:0
LH:0
BRF:0
BRH:0
end_of_record
TN:
SF:/Users/mabelhernandez/repos/learning-together/src/components/workshopModule/workshop/workshop.js
FN:25,(anonymous_0)
FN:47,(anonymous_1)
FN:56,(anonymous_2)
FN:63,(anonymous_3)
FN:82,(anonymous_4)
FN:104,(anonymous_5)
FN:119,(anonymous_6)
FN:127,(anonymous_7)
FN:148,(anonymous_8)
FN:154,(anonymous_9)
FN:158,(anonymous_10)
FN:163,(anonymous_11)
FN:177,(anonymous_12)
FN:181,(anonymous_13)
FN:187,(anonymous_14)
FN:193,(anonymous_15)
FN:199,(anonymous_16)
FN:206,(anonymous_17)
FN:327,(anonymous_18)
FNF:19
FNH:0
FNDA:0,(anonymous_0)
FNDA:0,(anonymous_1)
FNDA:0,(anonymous_2)
FNDA:0,(anonymous_3)
FNDA:0,(anonymous_4)
FNDA:0,(anonymous_5)
FNDA:0,(anonymous_6)
FNDA:0,(anonymous_7)
FNDA:0,(anonymous_8)
FNDA:0,(anonymous_9)
FNDA:0,(anonymous_10)
FNDA:0,(anonymous_11)
FNDA:0,(anonymous_12)
FNDA:0,(anonymous_13)
FNDA:0,(anonymous_14)
FNDA:0,(anonymous_15)
FNDA:0,(anonymous_16)
FNDA:0,(anonymous_17)
FNDA:0,(anonymous_18)
DA:26,0
DA:27,0
DA:39,0
DA:40,0
DA:41,0
DA:42,0
DA:43,0
DA:48,0
DA:49,0
DA:50,0
DA:53,0
DA:57,0
DA:60,0
DA:64,0
DA:65,0
DA:66,0
DA:79,0
DA:83,0
DA:84,0
DA:85,0
DA:86,0
DA:87,0
DA:88,0
DA:89,0
DA:90,0
DA:95,0
DA:98,0
DA:105,0
DA:106,0
DA:110,0
DA:113,0
DA:120,0
DA:128,0
DA:129,0
DA:134,0
DA:135,0
DA:136,0
DA:137,0
DA:140,0
DA:149,0
DA:150,0
DA:155,0
DA:156,0
DA:159,0
DA:160,0
DA:164,0
DA:166,0
DA:171,0
DA:178,0
DA:179,0
DA:181,0
DA:182,0
DA:188,0
DA:194,0
DA:195,0
DA:196,0
DA:200,0
DA:203,0
DA:207,0
DA:208,0
DA:211,0
DA:212,0
DA:215,0
DA:216,0
DA:219,0
DA:220,0
DA:221,0
DA:223,0
DA:328,0
DA:382,3
LF:70
LH:1
BRDA:57,0,0,0
BRDA:57,0,1,0
BRDA:65,1,0,0
BRDA:65,1,1,0
BRDA:70,2,0,0
BRDA:70,2,1,0
BRDA:71,3,0,0
BRDA:71,3,1,0
BRDA:72,4,0,0
BRDA:72,4,1,0
BRDA:73,5,0,0
BRDA:73,5,1,0
BRDA:74,6,0,0
BRDA:74,6,1,0
BRDA:84,7,0,0
BRDA:84,7,1,0
BRDA:105,8,0,0
BRDA:105,8,1,0
BRDA:128,9,0,0
BRDA:128,9,1,0
BRDA:149,10,0,0
BRDA:149,10,1,0
BRDA:166,11,0,0
BRDA:166,11,1,0
BRDA:178,12,0,0
BRDA:178,12,1,0
BRDA:208,13,0,0
BRDA:208,13,1,0
BRDA:212,14,0,0
BRDA:212,14,1,0
BRDA:215,15,0,0
BRDA:215,15,1,0
BRDA:216,16,0,0
BRDA:216,16,1,0
BRDA:220,17,0,0
BRDA:220,17,1,0
BRDA:221,18,0,0
BRDA:221,18,1,0
BRDA:225,19,0,0
BRDA:225,19,1,0
BRDA:228,20,0,0
BRDA:228,20,1,0
BRDA:248,21,0,0
BRDA:248,21,1,0
BRDA:273,22,0,0
BRDA:273,22,1,0
BRDA:293,23,0,0
BRDA:293,23,1,0
BRDA:316,24,0,0
BRDA:316,24,1,0
BRDA:353,25,0,0
BRDA:353,25,1,0
BRDA:368,26,0,0
BRDA:368,26,1,0
BRF:54
BRH:0
end_of_record
TN:
SF:/Users/mabelhernandez/repos/learning-together/src/components/workshopModule/workshopCreate/index.js
FNF:0
FNH:0
LF:0
LH:0
BRF:0
BRH:0
end_of_record
TN:
SF:/Users/mabelhernandez/repos/learning-together/src/components/workshopModule/workshopCreate/workshopCreate.js
FN:8,(anonymous_0)
FN:23,(anonymous_1)
FN:27,(anonymous_2)
FN:38,(anonymous_3)
FN:49,(anonymous_4)
FN:71,(anonymous_5)
FNF:6
FNH:0
FNDA:0,(anonymous_0)
FNDA:0,(anonymous_1)
FNDA:0,(anonymous_2)
FNDA:0,(anonymous_3)
FNDA:0,(anonymous_4)
FNDA:0,(anonymous_5)
DA:9,0
DA:11,0
DA:17,0
DA:18,0
DA:19,0
DA:20,0
DA:24,0
DA:28,0
DA:29,0
DA:30,0
DA:31,0
DA:34,0
DA:39,0
DA:40,0
DA:41,0
DA:42,0
DA:45,0
DA:50,0
DA:51,0
DA:52,0
DA:53,0
DA:54,0
DA:55,0
DA:58,0
DA:61,0
DA:62,0
DA:63,0
DA:66,0
DA:72,0
LF:29
LH:0
BRDA:30,0,0,0
BRDA:30,0,1,0
BRDA:40,1,0,0
BRDA:40,1,1,0
BRDA:50,2,0,0
BRDA:50,2,1,0
BRDA:50,3,0,0
BRDA:50,3,1,0
BRDA:79,4,0,0
BRDA:79,4,1,0
BRDA:85,5,0,0
BRDA:85,5,1,0
BRF:12
BRH:0
end_of_record
TN:
SF:/Users/mabelhernandez/repos/learning-together/src/components/workshopModule/workshopEdit/index.js
FNF:0
FNH:0
LF:0
LH:0
BRF:0
BRH:0
end_of_record
TN:
SF:/Users/mabelhernandez/repos/learning-together/src/components/workshopModule/workshopEdit/workshopEdit.js
FN:13,(anonymous_0)
FN:32,(anonymous_1)
FN:36,(anonymous_2)
FN:72,(anonymous_3)
FN:81,(anonymous_4)
FN:85,(anonymous_5)
FN:99,(anonymous_6)
FN:111,(anonymous_7)
FN:124,(anonymous_8)
FN:150,(anonymous_9)
FNF:10
FNH:0
FNDA:0,(anonymous_0)
FNDA:0,(anonymous_1)
FNDA:0,(anonymous_2)
FNDA:0,(anonymous_3)
FNDA:0,(anonymous_4)
FNDA:0,(anonymous_5)
FNDA:0,(anonymous_6)
FNDA:0,(anonymous_7)
FNDA:0,(anonymous_8)
FNDA:0,(anonymous_9)
DA:14,0
DA:16,0
DA:24,0
DA:25,0
DA:26,0
DA:27,0
DA:28,0
DA:29,0
DA:33,0
DA:48,0
DA:50,0
DA:51,0
DA:66,0
DA:73,0
DA:75,0
DA:82,0
DA:86,0
DA:87,0
DA:88,0
DA:89,0
DA:92,0
DA:93,0
DA:96,0
DA:100,0
DA:101,0
DA:102,0
DA:103,0
DA:106,0
DA:107,0
DA:112,0
DA:113,0
DA:114,0
DA:115,0
DA:116,0
DA:119,0
DA:120,0
DA:125,0
DA:126,0
DA:127,0
DA:128,0
DA:129,0
DA:130,0
DA:131,0
DA:137,0
DA:138,0
DA:141,0
DA:144,0
DA:145,0
DA:151,0
DA:152,0
LF:50
LH:0
BRDA:50,0,0,0
BRDA:50,0,1,0
BRDA:62,1,0,0
BRDA:62,1,1,0
BRDA:88,2,0,0
BRDA:88,2,1,0
BRDA:102,3,0,0
BRDA:102,3,1,0
BRDA:114,4,0,0
BRDA:114,4,1,0
BRDA:126,5,0,0
BRDA:126,5,1,0
BRDA:126,6,0,0
BRDA:126,6,1,0
BRDA:163,7,0,0
BRDA:163,7,1,0
BRDA:169,8,0,0
BRDA:169,8,1,0
BRF:18
BRH:0
end_of_record
TN:
SF:/Users/mabelhernandez/repos/learning-together/src/components/workshopModule/workshopForm/index.js
FNF:0
FNH:0
LF:0
LH:0
BRF:0
BRH:0
end_of_record
TN:
SF:/Users/mabelhernandez/repos/learning-together/src/components/workshopModule/workshopForm/workshopForm.js
FN:15,(anonymous_0)
FN:51,(anonymous_1)
FN:56,(anonymous_2)
FN:116,(anonymous_3)
FN:135,(anonymous_4)
FN:140,(anonymous_5)
FN:148,(anonymous_6)
FN:176,(anonymous_7)
FN:180,(anonymous_8)
FN:207,(anonymous_9)
FN:233,(anonymous_10)
FN:237,(anonymous_11)
FN:241,(anonymous_12)
FN:251,(anonymous_13)
FN:259,(anonymous_14)
FN:267,(anonymous_15)
FN:285,(anonymous_16)
FN:351,(anonymous_17)
FN:371,(anonymous_18)
FNF:19
FNH:4
FNDA:1,(anonymous_0)
FNDA:1,(anonymous_1)
FNDA:0,(anonymous_2)
FNDA:6,(anonymous_3)
FNDA:0,(anonymous_4)
FNDA:0,(anonymous_5)
FNDA:0,(anonymous_6)
FNDA:0,(anonymous_7)
FNDA:0,(anonymous_8)
FNDA:0,(anonymous_9)
FNDA:0,(anonymous_10)
FNDA:0,(anonymous_11)
FNDA:7,(anonymous_12)
FNDA:0,(anonymous_13)
FNDA:0,(anonymous_14)
FNDA:0,(anonymous_15)
FNDA:0,(anonymous_16)
FNDA:0,(anonymous_17)
FNDA:0,(anonymous_18)
DA:16,1
DA:17,1
DA:39,1
DA:40,1
DA:41,1
DA:42,1
DA:43,1
DA:44,1
DA:45,1
DA:46,1
DA:47,1
DA:52,1
DA:53,1
DA:57,0
DA:58,0
DA:59,0
DA:62,0
DA:63,0
DA:68,0
DA:69,0
DA:74,0
DA:75,0
DA:82,0
DA:83,0
DA:88,0
DA:89,0
DA:94,0
DA:95,0
DA:98,0
DA:99,0
DA:102,0
DA:103,0
DA:106,0
DA:107,0
DA:110,0
DA:111,0
DA:117,6
DA:118,0
DA:119,0
DA:120,0
DA:121,0
DA:125,0
DA:126,6
DA:127,0
DA:128,0
DA:129,0
DA:131,6
DA:136,0
DA:137,0
DA:141,0
DA:142,0
DA:144,0
DA:149,0
DA:150,0
DA:151,0
DA:152,0
DA:157,0
DA:158,0
DA:162,0
DA:167,0
DA:168,0
DA:172,0
DA:177,0
DA:181,0
DA:182,0
DA:184,0
DA:185,0
DA:186,0
DA:189,0
DA:190,0
DA:191,0
DA:194,0
DA:199,0
DA:200,0
DA:203,0
DA:204,0
DA:208,0
DA:210,0
DA:212,0
DA:213,0
DA:215,0
DA:229,0
DA:234,0
DA:238,0
DA:249,7
DA:251,7
DA:252,0
DA:259,7
DA:260,0
DA:267,7
DA:268,0
DA:279,7
DA:285,0
DA:286,0
DA:287,0
DA:289,0
DA:294,7
DA:352,0
DA:372,0
LF:99
LH:22
BRDA:18,0,0,0
BRDA:18,0,1,1
BRDA:19,1,0,0
BRDA:19,1,1,1
BRDA:21,2,0,0
BRDA:21,2,1,1
BRDA:22,3,0,0
BRDA:22,3,1,1
BRDA:23,4,0,0
BRDA:23,4,1,1
BRDA:24,5,0,0
BRDA:24,5,1,1
BRDA:25,6,0,0
BRDA:25,6,1,1
BRDA:28,7,0,0
BRDA:28,7,1,1
BRDA:29,8,0,0
BRDA:29,8,1,1
BRDA:30,9,0,0
BRDA:30,9,1,1
BRDA:33,10,0,0
BRDA:33,10,1,1
BRDA:34,11,0,0
BRDA:34,11,1,1
BRDA:35,12,0,0
BRDA:35,12,1,1
BRDA:36,13,0,0
BRDA:36,13,1,1
BRDA:37,14,0,0
BRDA:37,14,1,1
BRDA:57,15,0,0
BRDA:57,15,1,0
BRDA:58,16,0,0
BRDA:58,16,1,0
BRDA:62,17,0,0
BRDA:62,17,1,0
BRDA:68,18,0,0
BRDA:68,18,1,0
BRDA:74,19,0,0
BRDA:74,19,1,0
BRDA:82,20,0,0
BRDA:82,20,1,0
BRDA:88,21,0,0
BRDA:88,21,1,0
BRDA:94,22,0,0
BRDA:94,22,1,0
BRDA:98,23,0,0
BRDA:98,23,1,0
BRDA:102,24,0,0
BRDA:102,24,1,0
BRDA:106,25,0,0
BRDA:106,25,1,0
BRDA:110,26,0,0
BRDA:110,26,1,0
BRDA:117,27,0,0
BRDA:117,27,1,6
BRDA:117,28,0,6
BRDA:117,28,1,0
BRDA:117,28,2,0
BRDA:126,29,0,0
BRDA:126,29,1,6
BRDA:136,30,0,0
BRDA:136,30,1,0
BRDA:141,31,0,0
BRDA:141,31,1,0
BRDA:157,32,0,0
BRDA:157,32,1,0
BRDA:167,33,0,0
BRDA:167,33,1,0
BRDA:184,34,0,0
BRDA:184,34,1,0
BRDA:189,35,0,0
BRDA:189,35,1,0
BRDA:194,36,0,0
BRDA:194,36,1,0
BRDA:195,37,0,0
BRDA:195,37,1,0
BRDA:195,37,2,0
BRDA:212,38,0,0
BRDA:212,38,1,0
BRDA:272,39,0,0
BRDA:272,39,1,0
BRDA:279,40,0,0
BRDA:279,40,1,7
BRDA:280,41,0,7
BRDA:280,41,1,3
BRDA:280,41,2,0
BRDA:280,41,3,0
BRDA:286,42,0,0
BRDA:286,42,1,0
BRDA:351,43,0,0
BRDA:371,44,0,0
BRDA:390,45,0,7
BRDA:390,45,1,3
BRDA:390,45,2,4
BRDA:393,46,0,0
BRDA:393,46,1,4
BRDA:393,47,0,4
BRDA:393,47,1,0
BRDA:397,48,0,4
BRDA:397,48,1,0
BRDA:409,49,0,0
BRDA:409,49,1,7
BRDA:409,50,0,7
BRDA:409,50,1,0
BRDA:409,50,2,0
BRDA:409,50,3,0
BRDA:426,51,0,0
BRDA:426,51,1,7
BRDA:426,52,0,7
BRDA:426,52,1,7
BRDA:426,52,2,3
BRDA:426,52,3,0
BRDA:435,53,0,7
BRDA:435,53,1,0
BRDA:435,53,2,0
BRDA:489,54,0,0
BRDA:489,54,1,7
BRDA:496,55,0,7
BRDA:496,55,1,0
BRDA:503,56,0,7
BRDA:503,56,1,0
BRF:122
BRH:37
end_of_record
TN:
SF:/Users/mabelhernandez/repos/learning-together/src/components/workshopModule/workshopList/index.js
FNF:0
FNH:0
LF:0
LH:0
BRF:0
BRH:0
end_of_record
TN:
SF:/Users/mabelhernandez/repos/learning-together/src/components/workshopModule/workshopList/workshopList.js
FN:13,(anonymous_0)
FN:29,(anonymous_1)
FN:43,(anonymous_2)
FN:59,(anonymous_3)
FN:74,(anonymous_4)
FN:87,(anonymous_5)
FN:89,(anonymous_6)
FN:94,(anonymous_7)
FN:104,(anonymous_8)
FN:124,(anonymous_9)
FN:125,(anonymous_10)
FN:130,(anonymous_11)
FN:145,(anonymous_12)
FNF:13
FNH:8
FNDA:3,(anonymous_0)
FNDA:3,(anonymous_1)
FNDA:9,(anonymous_2)
FNDA:2,(anonymous_3)
FNDA:1,(anonymous_4)
FNDA:1,(anonymous_5)
FNDA:0,(anonymous_6)
FNDA:0,(anonymous_7)
FNDA:12,(anonymous_8)
FNDA:0,(anonymous_9)
FNDA:0,(anonymous_10)
FNDA:0,(anonymous_11)
FNDA:1,(anonymous_12)
DA:14,3
DA:15,3
DA:23,3
DA:24,3
DA:30,3
DA:34,3
DA:38,3
DA:44,9
DA:47,0
DA:48,0
DA:52,0
DA:60,2
DA:61,2
DA:62,1
DA:67,1
DA:75,1
DA:76,1
DA:77,1
DA:81,0
DA:88,1
DA:89,1
DA:90,0
DA:91,0
DA:94,1
DA:95,0
DA:96,0
DA:98,0
DA:101,1
DA:105,12
DA:106,12
DA:125,0
DA:126,0
DA:131,0
DA:146,1
DA:156,1
LF:35
LH:23
BRDA:44,0,0,0
BRDA:44,0,1,9
BRDA:61,1,0,1
BRDA:61,1,1,1
BRDA:76,2,0,1
BRDA:76,2,1,0
BRDA:90,3,0,0
BRDA:90,3,1,0
BRDA:146,4,0,0
BRDA:146,4,1,1
BRF:10
BRH:5
end_of_record
TN:
SF:/Users/mabelhernandez/repos/learning-together/src/components/workshopModule/workshopPreview/index.js
FNF:0
FNH:0
LF:0
LH:0
BRF:0
BRH:0
end_of_record
TN:
SF:/Users/mabelhernandez/repos/learning-together/src/components/workshopModule/workshopPreview/workshopPreview.js
FN:6,(anonymous_0)
FNF:1
FNH:0
FNDA:0,(anonymous_0)
DA:6,4
DA:7,0
DA:8,0
DA:9,0
DA:11,0
LF:5
LH:1
BRDA:7,0,0,0
BRDA:7,0,1,0
BRDA:8,1,0,0
BRDA:8,1,1,0
BRDA:9,2,0,0
BRDA:9,2,1,0
BRDA:22,3,0,0
BRDA:22,3,1,0
BRF:8
BRH:0
end_of_record
TN:
SF:/Users/mabelhernandez/repos/learning-together/src/services/config.js
FNF:0
FNH:0
DA:1,16
LF:1
LH:1
BRF:0
BRH:0
end_of_record
TN:
SF:/Users/mabelhernandez/repos/learning-together/src/services/graph.service.js
FN:4,getAuthenticatedClient
FN:8,(anonymous_1)
FN:15,getUserDetails
FN:21,getEvents
FN:32,addEvent
FN:41,sendEmail
FNF:6
FNH:0
FNDA:0,getAuthenticatedClient
FNDA:0,(anonymous_1)
FNDA:0,getUserDetails
FNDA:0,getEvents
FNDA:0,addEvent
FNDA:0,sendEmail
DA:2,3
DA:6,0
DA:9,0
DA:12,0
DA:16,0
DA:17,0
DA:18,0
DA:22,0
DA:23,0
DA:29,0
DA:33,0
DA:34,0
DA:38,0
DA:42,0
DA:43,0
DA:46,0
LF:16
LH:1
BRF:0
BRH:0
end_of_record
TN:
SF:/Users/mabelhernandez/repos/learning-together/src/services/msalUtils.js
FN:4,login
FN:6,(anonymous_1)
FN:9,(anonymous_2)
FN:14,logout
FN:19,loginCallback
FN:23,signInCallback
FNF:6
FNH:0
FNDA:0,login
FNDA:0,(anonymous_1)
FNDA:0,(anonymous_2)
FNDA:0,logout
FNDA:0,loginCallback
FNDA:0,signInCallback
DA:5,0
DA:7,0
DA:10,0
DA:15,0
DA:16,0
DA:20,0
DA:24,0
DA:25,0
DA:26,0
DA:27,0
DA:30,0
LF:11
LH:0
BRDA:24,0,0,0
BRDA:24,0,1,0
BRF:2
BRH:0
end_of_record
TN:
SF:/Users/mabelhernandez/repos/learning-together/src/services/outlookUtils.js
FN:5,getTimezoneName
FN:9,addCalEvent
FN:38,createAndSendEmail
FN:48,(anonymous_3)
FNF:4
FNH:0
FNDA:0,getTimezoneName
FNDA:0,addCalEvent
FNDA:0,createAndSendEmail
FNDA:0,(anonymous_3)
DA:6,0
DA:10,0
DA:11,0
DA:12,0
DA:31,0
DA:34,0
DA:39,0
DA:40,0
DA:41,0
DA:42,0
DA:43,0
DA:44,0
DA:48,0
DA:49,0
DA:50,0
DA:52,0
DA:53,0
DA:60,0
DA:61,0
DA:64,0
LF:20
LH:0
BRF:0
BRH:0
end_of_record
