TN:
SF:/Users/mabelhernandez/repos/learning-together/src/App.js
FN:9,(anonymous_0)
FNF:1
FNH:1
FNDA:1,(anonymous_0)
DA:7,1
DA:10,1
LF:2
LH:2
BRF:0
BRH:0
end_of_record
TN:
SF:/Users/mabelhernandez/repos/learning-together/src/UserProvider.js
FN:8,(anonymous_0)
FN:12,(anonymous_1)
FN:18,(anonymous_2)
FNF:3
FNH:2
FNDA:1,(anonymous_0)
FNDA:0,(anonymous_1)
FNDA:1,(anonymous_2)
DA:3,2
DA:5,2
DA:9,1
DA:10,1
DA:13,0
DA:19,1
LF:6
LH:5
BRF:0
BRH:0
end_of_record
TN:
SF:/Users/mabelhernandez/repos/learning-together/src/api.js
FN:2,signIn
FN:5,(anonymous_1)
FN:8,(anonymous_2)
FN:11,(anonymous_3)
FN:17,signUp
FN:20,(anonymous_5)
FN:23,(anonymous_6)
FN:26,(anonymous_7)
FN:32,loadCategories
FN:37,(anonymous_9)
FN:40,(anonymous_10)
FN:44,(anonymous_11)
FN:52,(anonymous_12)
FN:56,(anonymous_13)
FN:59,(anonymous_14)
FN:64,(anonymous_15)
FN:75,(anonymous_16)
FN:78,(anonymous_17)
FN:83,(anonymous_18)
FN:94,(anonymous_19)
FN:97,(anonymous_20)
FN:102,(anonymous_21)
FN:110,(anonymous_22)
FN:122,(anonymous_23)
FN:127,(anonymous_24)
FN:133,(anonymous_25)
FN:136,uploadImage
FN:141,(anonymous_27)
FN:144,(anonymous_28)
FN:149,(anonymous_29)
FN:156,(anonymous_30)
FN:159,(anonymous_31)
FN:162,(anonymous_32)
FN:167,(anonymous_33)
FN:170,(anonymous_34)
FN:173,(anonymous_35)
FNF:36
FNH:5
FNDA:0,signIn
FNDA:0,(anonymous_1)
FNDA:0,(anonymous_2)
FNDA:0,(anonymous_3)
FNDA:0,signUp
FNDA:0,(anonymous_5)
FNDA:0,(anonymous_6)
FNDA:0,(anonymous_7)
FNDA:1,loadCategories
FNDA:0,(anonymous_9)
FNDA:0,(anonymous_10)
FNDA:1,(anonymous_11)
FNDA:0,(anonymous_12)
FNDA:0,(anonymous_13)
FNDA:0,(anonymous_14)
FNDA:0,(anonymous_15)
FNDA:0,(anonymous_16)
FNDA:0,(anonymous_17)
FNDA:0,(anonymous_18)
FNDA:0,(anonymous_19)
FNDA:0,(anonymous_20)
FNDA:0,(anonymous_21)
FNDA:0,(anonymous_22)
FNDA:0,(anonymous_23)
FNDA:0,(anonymous_24)
FNDA:0,(anonymous_25)
FNDA:0,uploadImage
FNDA:0,(anonymous_27)
FNDA:0,(anonymous_28)
FNDA:1,(anonymous_29)
FNDA:5,(anonymous_30)
FNDA:0,(anonymous_31)
FNDA:0,(anonymous_32)
FNDA:4,(anonymous_33)
FNDA:0,(anonymous_34)
FNDA:0,(anonymous_35)
DA:4,0
DA:5,0
DA:6,0
DA:9,0
DA:12,0
DA:19,0
DA:20,0
DA:21,0
DA:24,0
DA:27,0
DA:34,1
DA:35,1
DA:38,0
DA:41,0
DA:44,4
DA:45,1
DA:46,1
DA:52,4
DA:53,0
DA:54,0
DA:57,0
DA:60,0
DA:64,4
DA:65,0
DA:66,0
DA:67,0
DA:76,0
DA:79,0
DA:83,4
DA:84,0
DA:85,0
DA:86,0
DA:95,0
DA:98,0
DA:102,4
DA:103,0
DA:110,4
DA:111,0
DA:112,0
DA:124,0
DA:125,0
DA:129,0
DA:133,4
DA:134,0
DA:138,0
DA:139,0
DA:142,0
DA:145,0
DA:149,4
DA:150,1
DA:156,4
DA:157,5
DA:158,5
DA:160,0
DA:163,0
DA:167,4
DA:168,4
DA:169,4
DA:171,0
DA:174,0
LF:60
LH:19
BRDA:45,0,0,0
BRDA:45,0,1,1
BRF:2
BRH:1
end_of_record
TN:
SF:/Users/mabelhernandez/repos/learning-together/src/index.js
FNF:0
FNH:0
DA:1,0
DA:2,0
DA:3,0
DA:4,0
DA:6,0
DA:9,0
LF:6
LH:0
BRF:0
BRH:0
end_of_record
TN:
SF:/Users/mabelhernandez/repos/learning-together/src/selectors.js
FN:1,filterAttendees
FNF:1
FNH:0
FNDA:0,filterAttendees
DA:2,0
DA:3,0
DA:4,0
DA:5,0
DA:6,0
DA:9,0
LF:6
LH:0
BRDA:3,0,0,0
BRDA:3,0,1,0
BRDA:5,1,0,0
BRDA:5,1,1,0
BRF:4
BRH:0
end_of_record
TN:
SF:/Users/mabelhernandez/repos/learning-together/src/serviceWorker.js
FN:23,register
FN:34,(anonymous_1)
FN:43,(anonymous_2)
FN:57,registerValidSW
FN:60,(anonymous_4)
FN:61,(anonymous_5)
FN:66,(anonymous_6)
FN:96,(anonymous_7)
FN:101,checkValidServiceWorker
FN:104,(anonymous_9)
FN:112,(anonymous_10)
FN:113,(anonymous_11)
FN:122,(anonymous_12)
FN:129,unregister
FN:131,(anonymous_14)
FNF:15
FNH:0
FNDA:0,register
FNDA:0,(anonymous_1)
FNDA:0,(anonymous_2)
FNDA:0,registerValidSW
FNDA:0,(anonymous_4)
FNDA:0,(anonymous_5)
FNDA:0,(anonymous_6)
FNDA:0,(anonymous_7)
FNDA:0,checkValidServiceWorker
FNDA:0,(anonymous_9)
FNDA:0,(anonymous_10)
FNDA:0,(anonymous_11)
FNDA:0,(anonymous_12)
FNDA:0,unregister
FNDA:0,(anonymous_14)
DA:13,0
DA:24,0
DA:26,0
DA:27,0
DA:31,0
DA:34,0
DA:35,0
DA:37,0
DA:39,0
DA:43,0
DA:44,0
DA:51,0
DA:58,0
DA:61,0
DA:62,0
DA:63,0
DA:64,0
DA:66,0
DA:67,0
DA:68,0
DA:72,0
DA:78,0
DA:79,0
DA:85,0
DA:88,0
DA:89,0
DA:97,0
DA:103,0
DA:106,0
DA:107,0
DA:112,0
DA:113,0
DA:114,0
DA:119,0
DA:123,0
DA:130,0
DA:131,0
DA:132,0
LF:38
LH:0
BRDA:14,0,0,0
BRDA:14,0,1,0
BRDA:14,0,2,0
BRDA:24,1,0,0
BRDA:24,1,1,0
BRDA:24,2,0,0
BRDA:24,2,1,0
BRDA:27,3,0,0
BRDA:27,3,1,0
BRDA:37,4,0,0
BRDA:37,4,1,0
BRDA:63,5,0,0
BRDA:63,5,1,0
BRDA:67,6,0,0
BRDA:67,6,1,0
BRDA:68,7,0,0
BRDA:68,7,1,0
BRDA:78,8,0,0
BRDA:78,8,1,0
BRDA:78,9,0,0
BRDA:78,9,1,0
BRDA:88,10,0,0
BRDA:88,10,1,0
BRDA:88,11,0,0
BRDA:88,11,1,0
BRDA:107,12,0,0
BRDA:107,12,1,0
BRDA:108,13,0,0
BRDA:108,13,1,0
BRDA:108,13,2,0
BRDA:130,14,0,0
BRDA:130,14,1,0
BRF:32
BRH:0
end_of_record
TN:
SF:/Users/mabelhernandez/repos/learning-together/src/setupTests.js
FNF:0
FNH:0
DA:4,4
LF:1
LH:1
BRF:0
BRH:0
end_of_record
TN:
SF:/Users/mabelhernandez/repos/learning-together/src/components/index.js
FNF:0
FNH:0
LF:0
LH:0
BRF:0
BRH:0
end_of_record
TN:
SF:/Users/mabelhernandez/repos/learning-together/src/components/auth/index.js
FNF:0
FNH:0
LF:0
LH:0
BRF:0
BRH:0
end_of_record
TN:
SF:/Users/mabelhernandez/repos/learning-together/src/components/auth/unauthenticatedUserRoute/index.js
FNF:0
FNH:0
LF:0
LH:0
BRF:0
BRH:0
end_of_record
TN:
SF:/Users/mabelhernandez/repos/learning-together/src/components/auth/unauthenticatedUserRoute/unauthenticatedUserRoute.js
FN:4,(anonymous_0)
FN:12,(anonymous_1)
FNF:2
FNH:0
FNDA:0,(anonymous_0)
FNDA:0,(anonymous_1)
DA:4,1
DA:6,0
DA:7,0
DA:8,0
DA:9,0
DA:11,0
DA:13,0
LF:7
LH:1
BRDA:8,0,0,0
BRDA:8,0,1,0
BRDA:13,1,0,0
BRDA:13,1,1,0
BRF:4
BRH:0
end_of_record
TN:
SF:/Users/mabelhernandez/repos/learning-together/src/components/auth/userRoute/index.js
FNF:0
FNH:0
LF:0
LH:0
BRF:0
BRH:0
end_of_record
TN:
SF:/Users/mabelhernandez/repos/learning-together/src/components/auth/userRoute/userRoute.js
FN:4,(anonymous_0)
FN:11,(anonymous_1)
FNF:2
FNH:2
FNDA:1,(anonymous_0)
FNDA:1,(anonymous_1)
DA:4,1
DA:5,1
DA:6,1
DA:7,1
DA:8,0
DA:10,1
DA:11,1
LF:7
LH:6
BRDA:7,0,0,0
BRDA:7,0,1,1
BRF:2
BRH:1
end_of_record
TN:
SF:/Users/mabelhernandez/repos/learning-together/src/components/categoryList/categoryList.js
FN:8,(anonymous_0)
FN:12,(anonymous_1)
FN:13,(anonymous_2)
FNF:3
FNH:2
FNDA:1,(anonymous_0)
FNDA:1,(anonymous_1)
FNDA:0,(anonymous_2)
DA:9,1
DA:13,1
DA:14,0
DA:33,1
DA:43,1
LF:5
LH:4
BRF:0
BRH:0
end_of_record
TN:
SF:/Users/mabelhernandez/repos/learning-together/src/components/categoryList/index.js
FNF:0
FNH:0
LF:0
LH:0
BRF:0
BRH:0
end_of_record
TN:
SF:/Users/mabelhernandez/repos/learning-together/src/components/confirmation/confirmation.js
FN:6,(anonymous_0)
FN:15,(anonymous_1)
FN:16,(anonymous_2)
FN:21,(anonymous_3)
FNF:4
FNH:0
FNDA:0,(anonymous_0)
FNDA:0,(anonymous_1)
FNDA:0,(anonymous_2)
FNDA:0,(anonymous_3)
DA:7,0
DA:8,0
DA:16,0
DA:17,0
DA:22,0
DA:24,0
DA:25,0
DA:28,0
LF:8
LH:0
BRDA:24,0,0,0
BRDA:24,0,1,0
BRF:2
BRH:0
end_of_record
TN:
SF:/Users/mabelhernandez/repos/learning-together/src/components/confirmation/index.js
FNF:0
FNH:0
LF:0
LH:0
BRF:0
BRH:0
end_of_record
TN:
SF:/Users/mabelhernandez/repos/learning-together/src/components/footer/footer.js
FN:6,(anonymous_0)
FNF:1
FNH:1
FNDA:1,(anonymous_0)
DA:6,1
DA:7,1
LF:2
LH:2
BRDA:10,0,0,1
BRDA:10,0,1,0
BRDA:23,1,0,1
BRDA:23,1,1,1
BRF:4
BRH:3
end_of_record
TN:
SF:/Users/mabelhernandez/repos/learning-together/src/components/footer/index.js
FNF:0
FNH:0
LF:0
LH:0
BRF:0
BRH:0
end_of_record
TN:
SF:/Users/mabelhernandez/repos/learning-together/src/components/hero/hero.js
FN:7,(anonymous_0)
FNF:1
FNH:1
FNDA:1,(anonymous_0)
DA:7,1
DA:9,1
DA:11,1
DA:15,1
LF:4
LH:4
BRDA:9,0,0,0
BRDA:9,0,1,1
BRF:2
BRH:1
end_of_record
TN:
SF:/Users/mabelhernandez/repos/learning-together/src/components/hero/index.js
FNF:0
FNH:0
LF:0
LH:0
BRF:0
BRH:0
end_of_record
TN:
SF:/Users/mabelhernandez/repos/learning-together/src/components/imageUploader/imageUploader.js
FN:7,(anonymous_0)
FN:13,(anonymous_1)
FN:17,(anonymous_2)
FN:24,(anonymous_3)
FN:33,(anonymous_4)
FNF:5
FNH:0
FNDA:0,(anonymous_0)
FNDA:0,(anonymous_1)
FNDA:0,(anonymous_2)
FNDA:0,(anonymous_3)
FNDA:0,(anonymous_4)
DA:8,0
DA:9,0
DA:10,0
DA:14,0
DA:15,0
DA:18,0
DA:19,0
DA:20,0
DA:21,0
DA:25,0
DA:26,0
DA:27,0
DA:29,0
DA:30,0
DA:34,0
DA:35,0
LF:16
LH:0
BRDA:25,0,0,0
BRDA:25,0,1,0
BRDA:50,1,0,0
BRDA:50,1,1,0
BRDA:55,2,0,0
BRDA:55,2,1,0
BRDA:61,3,0,0
BRDA:61,3,1,0
BRF:8
BRH:0
end_of_record
TN:
SF:/Users/mabelhernandez/repos/learning-together/src/components/imageUploader/index.js
FNF:0
FNH:0
LF:0
LH:0
BRF:0
BRH:0
end_of_record
TN:
SF:/Users/mabelhernandez/repos/learning-together/src/components/jumbotron/index.js
FNF:0
FNH:0
LF:0
LH:0
BRF:0
BRH:0
end_of_record
TN:
SF:/Users/mabelhernandez/repos/learning-together/src/components/jumbotron/jumbotron.js
FN:4,(anonymous_0)
FNF:1
FNH:0
FNDA:0,(anonymous_0)
DA:4,1
DA:6,0
DA:8,0
DA:12,0
LF:4
LH:1
BRDA:6,0,0,0
BRDA:6,0,1,0
BRDA:14,1,0,0
BRDA:14,1,1,0
BRF:4
BRH:0
end_of_record
TN:
SF:/Users/mabelhernandez/repos/learning-together/src/components/landing/index.js
FNF:0
FNH:0
LF:0
LH:0
BRF:0
BRH:0
end_of_record
TN:
SF:/Users/mabelhernandez/repos/learning-together/src/components/landing/landing.js
FN:15,(anonymous_0)
FN:23,(anonymous_1)
FN:25,(anonymous_2)
FN:29,(anonymous_3)
FN:32,(anonymous_4)
FN:40,(anonymous_5)
FN:41,(anonymous_6)
FNF:7
FNH:3
FNDA:1,(anonymous_0)
FNDA:1,(anonymous_1)
FNDA:0,(anonymous_2)
FNDA:0,(anonymous_3)
FNDA:0,(anonymous_4)
FNDA:1,(anonymous_5)
FNDA:0,(anonymous_6)
DA:16,1
DA:17,1
DA:24,1
DA:26,0
DA:27,0
DA:29,0
DA:31,1
DA:34,0
DA:41,1
DA:42,0
DA:44,1
DA:45,1
LF:12
LH:7
BRDA:52,0,0,0
BRDA:52,0,1,1
BRF:2
BRH:1
end_of_record
TN:
SF:/Users/mabelhernandez/repos/learning-together/src/components/loading/index.js
FNF:0
FNH:0
LF:0
LH:0
BRF:0
BRH:0
end_of_record
TN:
SF:/Users/mabelhernandez/repos/learning-together/src/components/loading/loading.js
FN:5,(anonymous_0)
FNF:1
FNH:0
FNDA:0,(anonymous_0)
DA:5,3
DA:6,0
LF:2
LH:1
BRF:0
BRH:0
end_of_record
TN:
SF:/Users/mabelhernandez/repos/learning-together/src/components/login/index.js
FNF:0
FNH:0
LF:0
LH:0
BRF:0
BRH:0
end_of_record
TN:
SF:/Users/mabelhernandez/repos/learning-together/src/components/login/login.js
FN:9,(anonymous_0)
FN:21,(anonymous_1)
FN:24,(anonymous_2)
FN:27,(anonymous_3)
FN:34,(anonymous_4)
FN:48,(anonymous_5)
FNF:6
FNH:5
FNDA:3,(anonymous_0)
FNDA:2,(anonymous_1)
FNDA:1,(anonymous_2)
FNDA:1,(anonymous_3)
FNDA:0,(anonymous_4)
FNDA:6,(anonymous_5)
DA:10,3
DA:11,3
DA:18,3
DA:22,2
DA:25,1
DA:28,1
DA:29,1
DA:30,1
DA:32,1
DA:35,0
DA:36,0
DA:37,0
DA:38,0
DA:44,0
DA:49,6
DA:50,6
DA:104,2
LF:17
LH:12
BRDA:35,0,0,0
BRDA:35,0,1,0
BRDA:70,1,0,6
BRDA:70,1,1,0
BRDA:94,2,0,6
BRDA:94,2,1,0
BRF:6
BRH:2
end_of_record
TN:
SF:/Users/mabelhernandez/repos/learning-together/src/components/message/index.js
FNF:0
FNH:0
LF:0
LH:0
BRF:0
BRH:0
end_of_record
TN:
SF:/Users/mabelhernandez/repos/learning-together/src/components/message/message.js
FN:7,(anonymous_0)
FN:11,(anonymous_1)
FNF:2
FNH:0
FNDA:0,(anonymous_0)
FNDA:0,(anonymous_1)
DA:8,0
DA:12,0
LF:2
LH:0
BRF:0
BRH:0
end_of_record
TN:
SF:/Users/mabelhernandez/repos/learning-together/src/components/navbar/index.js
FNF:0
FNH:0
LF:0
LH:0
BRF:0
BRH:0
end_of_record
TN:
SF:/Users/mabelhernandez/repos/learning-together/src/components/navbar/navbar.js
FN:9,(anonymous_0)
FN:18,(anonymous_1)
FN:23,(anonymous_2)
FN:27,(anonymous_3)
FN:32,(anonymous_4)
FNF:5
FNH:2
FNDA:1,(anonymous_0)
FNDA:0,(anonymous_1)
FNDA:0,(anonymous_2)
FNDA:0,(anonymous_3)
FNDA:1,(anonymous_4)
DA:10,1
DA:11,1
DA:19,0
DA:24,0
DA:28,0
DA:29,0
DA:33,1
DA:34,1
DA:35,1
LF:9
LH:5
BRDA:56,0,0,1
BRDA:56,0,1,0
BRDA:63,1,0,0
BRDA:63,1,1,1
BRDA:74,2,0,1
BRDA:74,2,1,0
BRF:6
BRH:3
end_of_record
TN:
SF:/Users/mabelhernandez/repos/learning-together/src/components/page404/index.js
FNF:0
FNH:0
LF:0
LH:0
BRF:0
BRH:0
end_of_record
TN:
SF:/Users/mabelhernandez/repos/learning-together/src/components/page404/page404.js
FN:6,(anonymous_0)
FNF:1
FNH:0
FNDA:0,(anonymous_0)
DA:7,0
LF:1
LH:0
BRF:0
BRH:0
end_of_record
TN:
SF:/Users/mabelhernandez/repos/learning-together/src/components/preview/index.js
FNF:0
FNH:0
LF:0
LH:0
BRF:0
BRH:0
end_of_record
TN:
SF:/Users/mabelhernandez/repos/learning-together/src/components/preview/preview.js
FN:7,(anonymous_0)
FNF:1
FNH:0
FNDA:0,(anonymous_0)
DA:7,1
DA:8,0
DA:13,0
DA:14,0
DA:15,0
DA:36,1
LF:6
LH:2
BRDA:8,0,0,0
BRDA:8,0,1,0
BRF:2
BRH:0
end_of_record
TN:
SF:/Users/mabelhernandez/repos/learning-together/src/components/register/index.js
FNF:0
FNH:0
LF:0
LH:0
BRF:0
BRH:0
end_of_record
TN:
SF:/Users/mabelhernandez/repos/learning-together/src/components/register/register.js
FN:13,(anonymous_0)
FN:53,(anonymous_1)
FN:58,(anonymous_2)
FN:61,(anonymous_3)
FN:76,(anonymous_4)
FN:79,(anonymous_5)
FN:96,(anonymous_6)
FN:99,(anonymous_7)
FN:102,(anonymous_8)
FN:108,(anonymous_9)
FN:112,(anonymous_10)
FN:115,(anonymous_11)
FN:119,(anonymous_12)
FN:125,(anonymous_13)
FN:132,(anonymous_14)
FN:135,(anonymous_15)
FN:138,(anonymous_16)
FN:146,(anonymous_17)
FN:149,(anonymous_18)
FN:152,(anonymous_19)
FN:155,(anonymous_20)
FN:158,(anonymous_21)
FN:161,(anonymous_22)
FN:165,(anonymous_23)
FN:183,(anonymous_24)
FNF:25
FNH:5
FNDA:4,(anonymous_0)
FNDA:4,(anonymous_1)
FNDA:0,(anonymous_2)
FNDA:0,(anonymous_3)
FNDA:0,(anonymous_4)
FNDA:0,(anonymous_5)
FNDA:0,(anonymous_6)
FNDA:0,(anonymous_7)
FNDA:3,(anonymous_8)
FNDA:0,(anonymous_9)
FNDA:0,(anonymous_10)
FNDA:2,(anonymous_11)
FNDA:0,(anonymous_12)
FNDA:0,(anonymous_13)
FNDA:0,(anonymous_14)
FNDA:0,(anonymous_15)
FNDA:0,(anonymous_16)
FNDA:0,(anonymous_17)
FNDA:0,(anonymous_18)
FNDA:0,(anonymous_19)
FNDA:0,(anonymous_20)
FNDA:0,(anonymous_21)
FNDA:0,(anonymous_22)
FNDA:0,(anonymous_23)
FNDA:4,(anonymous_24)
DA:14,4
DA:15,4
DA:41,4
DA:44,4
DA:45,4
DA:46,4
DA:47,4
DA:48,4
DA:49,4
DA:50,4
DA:54,4
DA:55,4
DA:59,0
DA:60,0
DA:61,0
DA:62,0
DA:64,0
DA:66,0
DA:73,0
DA:77,0
DA:78,0
DA:79,0
DA:80,0
DA:82,0
DA:84,0
DA:93,0
DA:97,0
DA:100,0
DA:103,3
DA:104,1
DA:106,2
DA:109,0
DA:110,0
DA:113,0
DA:116,2
DA:117,2
DA:120,0
DA:121,0
DA:123,0
DA:126,0
DA:127,0
DA:129,0
DA:133,0
DA:136,0
DA:139,0
DA:140,0
DA:142,0
DA:147,0
DA:150,0
DA:153,0
DA:156,0
DA:159,0
DA:162,0
DA:166,0
DA:167,0
DA:168,0
DA:169,0
DA:170,0
DA:171,0
DA:172,0
DA:173,0
DA:174,0
DA:175,0
DA:176,0
DA:177,0
DA:178,0
DA:180,0
DA:184,4
DA:186,4
LF:69
LH:19
BRDA:59,0,0,0
BRDA:59,0,1,0
BRDA:77,1,0,0
BRDA:77,1,1,0
BRDA:103,2,0,1
BRDA:103,2,1,2
BRDA:120,3,0,0
BRDA:120,3,1,0
BRDA:126,4,0,0
BRDA:126,4,1,0
BRDA:139,5,0,0
BRDA:139,5,1,0
BRDA:176,6,0,0
BRDA:176,6,1,0
BRDA:176,7,0,0
BRDA:176,7,1,0
BRDA:176,7,2,0
BRDA:176,7,3,0
BRDA:176,7,4,0
BRDA:176,7,5,0
BRDA:176,7,6,0
BRDA:197,8,0,4
BRDA:197,8,1,0
BRDA:206,9,0,4
BRDA:206,9,1,0
BRDA:224,10,0,4
BRDA:224,10,1,0
BRDA:233,11,0,4
BRDA:233,11,1,0
BRDA:242,12,0,4
BRDA:242,12,1,0
BRDA:257,13,0,4
BRDA:257,13,1,0
BRDA:272,14,0,4
BRDA:272,14,1,0
BRDA:313,15,0,4
BRDA:313,15,1,0
BRDA:314,16,0,4
BRDA:314,16,1,0
BRDA:315,17,0,4
BRDA:315,17,1,0
BRDA:316,18,0,4
BRDA:316,18,1,0
BRDA:317,19,0,4
BRDA:317,19,1,0
BRF:45
BRH:14
end_of_record
TN:
SF:/Users/mabelhernandez/repos/learning-together/src/components/routes/index.js
FNF:0
FNH:0
LF:0
LH:0
BRF:0
BRH:0
end_of_record
TN:
SF:/Users/mabelhernandez/repos/learning-together/src/components/routes/routes.js
FN:17,(anonymous_0)
FNF:1
FNH:1
FNDA:1,(anonymous_0)
DA:18,1
LF:1
LH:1
BRF:0
BRH:0
end_of_record
TN:
SF:/Users/mabelhernandez/repos/learning-together/src/components/user-profile/index.js
FNF:0
FNH:0
LF:0
LH:0
BRF:0
BRH:0
end_of_record
TN:
SF:/Users/mabelhernandez/repos/learning-together/src/components/user-profile/userProfile.js
FN:14,(anonymous_0)
FN:23,(anonymous_1)
FN:26,(anonymous_2)
FN:28,(anonymous_3)
FN:33,(anonymous_4)
FN:51,(anonymous_5)
FN:54,(anonymous_6)
FN:69,(anonymous_7)
FN:110,(anonymous_8)
FNF:9
FNH:0
FNDA:0,(anonymous_0)
FNDA:0,(anonymous_1)
FNDA:0,(anonymous_2)
FNDA:0,(anonymous_3)
FNDA:0,(anonymous_4)
FNDA:0,(anonymous_5)
FNDA:0,(anonymous_6)
FNDA:0,(anonymous_7)
FNDA:0,(anonymous_8)
DA:15,0
DA:16,0
DA:25,0
DA:28,0
DA:29,0
DA:30,0
DA:33,0
DA:34,0
DA:35,0
DA:38,0
DA:40,0
DA:53,0
DA:54,0
DA:55,0
DA:58,0
DA:63,0
DA:70,0
DA:71,0
DA:72,0
DA:73,0
DA:74,0
DA:111,0
DA:125,1
LF:23
LH:1
BRDA:53,0,0,0
BRDA:53,0,1,0
BRDA:53,1,0,0
BRDA:53,1,1,0
BRDA:73,2,0,0
BRDA:73,2,1,0
BRDA:89,3,0,0
BRDA:89,3,1,0
BRDA:92,4,0,0
BRDA:92,4,1,0
BRF:10
BRH:0
end_of_record
TN:
SF:/Users/mabelhernandez/repos/learning-together/src/components/userpreview/index.js
FNF:0
FNH:0
LF:0
LH:0
BRF:0
BRH:0
end_of_record
TN:
SF:/Users/mabelhernandez/repos/learning-together/src/components/userpreview/userPreview.js
FN:5,(anonymous_0)
FN:7,(anonymous_1)
FNF:2
FNH:0
FNDA:0,(anonymous_0)
FNDA:0,(anonymous_1)
DA:5,1
DA:7,0
DA:8,0
DA:11,0
DA:13,0
LF:5
LH:1
BRDA:8,0,0,0
BRDA:8,0,1,0
BRF:2
BRH:0
end_of_record
TN:
SF:/Users/mabelhernandez/repos/learning-together/src/components/workshop/index.js
FNF:0
FNH:0
LF:0
LH:0
BRF:0
BRH:0
end_of_record
TN:
SF:/Users/mabelhernandez/repos/learning-together/src/components/workshop/workshop.js
FN:20,(anonymous_0)
FN:36,(anonymous_1)
FN:42,(anonymous_2)
FN:54,(anonymous_3)
FN:69,(anonymous_4)
FN:84,(anonymous_5)
FN:88,(anonymous_6)
FN:92,(anonymous_7)
FN:96,(anonymous_8)
FN:102,(anonymous_9)
FN:159,(anonymous_10)
FN:184,(anonymous_11)
FN:234,(anonymous_12)
FNF:13
FNH:0
FNDA:0,(anonymous_0)
FNDA:0,(anonymous_1)
FNDA:0,(anonymous_2)
FNDA:0,(anonymous_3)
FNDA:0,(anonymous_4)
FNDA:0,(anonymous_5)
FNDA:0,(anonymous_6)
FNDA:0,(anonymous_7)
FNDA:0,(anonymous_8)
FNDA:0,(anonymous_9)
FNDA:0,(anonymous_10)
FNDA:0,(anonymous_11)
FNDA:0,(anonymous_12)
DA:21,0
DA:22,0
DA:30,0
DA:31,0
DA:32,0
DA:33,0
DA:37,0
DA:38,0
DA:39,0
DA:43,0
DA:44,0
DA:45,0
DA:51,0
DA:55,0
DA:56,0
DA:60,0
DA:63,0
DA:70,0
DA:71,0
DA:75,0
DA:78,0
DA:85,0
DA:89,0
DA:90,0
DA:93,0
DA:94,0
DA:97,0
DA:98,0
DA:99,0
DA:111,0
DA:112,0
DA:113,0
DA:114,0
DA:117,0
DA:118,0
DA:121,0
DA:122,0
DA:123,0
DA:125,0
DA:235,0
DA:257,1
LF:41
LH:1
BRDA:44,0,0,0
BRDA:44,0,1,0
BRDA:55,1,0,0
BRDA:55,1,1,0
BRDA:70,2,0,0
BRDA:70,2,1,0
BRDA:112,3,0,0
BRDA:112,3,1,0
BRDA:114,4,0,0
BRDA:114,4,1,0
BRDA:117,5,0,0
BRDA:117,5,1,0
BRDA:118,6,0,0
BRDA:118,6,1,0
BRDA:123,7,0,0
BRDA:123,7,1,0
BRDA:127,8,0,0
BRDA:127,8,1,0
BRDA:157,9,0,0
BRDA:157,9,1,0
BRDA:158,10,0,0
BRDA:158,10,1,0
BRDA:162,11,0,0
BRDA:162,11,1,0
BRDA:218,12,0,0
BRDA:218,12,1,0
BRDA:240,13,0,0
BRDA:240,13,1,0
BRDA:246,14,0,0
BRDA:246,14,1,0
BRF:30
BRH:0
end_of_record
TN:
SF:/Users/mabelhernandez/repos/learning-together/src/components/workshopForm/index.js
FNF:0
FNH:0
LF:0
LH:0
BRF:0
BRH:0
end_of_record
TN:
SF:/Users/mabelhernandez/repos/learning-together/src/components/workshopForm/workshopForm.js
FN:13,(anonymous_0)
FN:46,(anonymous_1)
FN:48,(anonymous_2)
FN:49,(anonymous_3)
FN:57,(anonymous_4)
FN:77,(anonymous_5)
FN:84,(anonymous_6)
FN:93,(anonymous_7)
FN:97,(anonymous_8)
FN:129,(anonymous_9)
FN:149,(anonymous_10)
FN:157,(anonymous_11)
FN:161,(anonymous_12)
FN:165,(anonymous_13)
FN:166,(anonymous_14)
FN:174,(anonymous_15)
FNF:16
FNH:4
FNDA:1,(anonymous_0)
FNDA:1,(anonymous_1)
FNDA:0,(anonymous_2)
FNDA:0,(anonymous_3)
FNDA:8,(anonymous_4)
FNDA:0,(anonymous_5)
FNDA:0,(anonymous_6)
FNDA:0,(anonymous_7)
FNDA:0,(anonymous_8)
FNDA:0,(anonymous_9)
FNDA:0,(anonymous_10)
FNDA:0,(anonymous_11)
FNDA:0,(anonymous_12)
FNDA:10,(anonymous_13)
FNDA:0,(anonymous_14)
FNDA:0,(anonymous_15)
DA:14,1
DA:15,1
DA:35,1
DA:36,1
DA:37,1
DA:38,1
DA:39,1
DA:40,1
DA:41,1
DA:42,1
DA:47,1
DA:48,0
DA:50,0
DA:53,1
DA:58,8
DA:59,8
DA:60,8
DA:61,8
DA:62,8
DA:63,2
DA:64,1
DA:65,1
DA:68,2
DA:69,1
DA:70,1
DA:71,1
DA:72,1
DA:78,0
DA:79,0
DA:80,0
DA:85,0
DA:94,0
DA:98,0
DA:99,0
DA:101,0
DA:102,0
DA:103,0
DA:106,0
DA:107,0
DA:108,0
DA:111,0
DA:116,0
DA:117,0
DA:120,0
DA:121,0
DA:122,0
DA:125,0
DA:126,0
DA:130,0
DA:132,0
DA:134,0
DA:135,0
DA:137,0
DA:148,0
DA:149,0
DA:150,0
DA:151,0
DA:158,0
DA:162,0
DA:166,10
DA:167,0
DA:174,10
DA:175,0
DA:182,10
LF:64
LH:28
BRDA:62,0,0,2
BRDA:62,0,1,6
BRDA:62,1,0,8
BRDA:62,1,1,7
BRDA:63,2,0,1
BRDA:63,2,1,1
BRDA:63,3,0,2
BRDA:63,3,1,1
BRDA:68,4,0,1
BRDA:68,4,1,1
BRDA:68,5,0,2
BRDA:68,5,1,1
BRDA:79,6,0,0
BRDA:79,6,1,0
BRDA:101,7,0,0
BRDA:101,7,1,0
BRDA:106,8,0,0
BRDA:106,8,1,0
BRDA:111,9,0,0
BRDA:111,9,1,0
BRDA:112,10,0,0
BRDA:112,10,1,0
BRDA:112,10,2,0
BRDA:120,11,0,0
BRDA:120,11,1,0
BRDA:134,12,0,0
BRDA:134,12,1,0
BRDA:150,13,0,0
BRDA:150,13,1,0
BRDA:312,14,0,10
BRDA:312,14,1,0
BRDA:318,15,0,10
BRDA:318,15,1,0
BRF:33
BRH:14
end_of_record
TN:
SF:/Users/mabelhernandez/repos/learning-together/src/components/workshopList/index.js
FNF:0
FNH:0
LF:0
LH:0
BRF:0
BRH:0
end_of_record
TN:
SF:/Users/mabelhernandez/repos/learning-together/src/components/workshopList/workshopList.js
FN:10,(anonymous_0)
FN:18,(anonymous_1)
FN:20,(anonymous_2)
FN:28,(anonymous_3)
FN:37,(anonymous_4)
FNF:5
FNH:0
FNDA:0,(anonymous_0)
FNDA:0,(anonymous_1)
FNDA:0,(anonymous_2)
FNDA:0,(anonymous_3)
FNDA:0,(anonymous_4)
DA:11,0
DA:12,0
DA:19,0
DA:21,0
DA:29,0
DA:38,0
LF:6
LH:0
BRF:0
BRH:0
end_of_record
TN:
SF:/Users/mabelhernandez/repos/learning-together/src/components/workshopPreview/index.js
FNF:0
FNH:0
LF:0
LH:0
BRF:0
BRH:0
end_of_record
TN:
SF:/Users/mabelhernandez/repos/learning-together/src/components/workshopPreview/workshopPreview.js
FN:7,(anonymous_0)
FNF:1
FNH:0
FNDA:0,(anonymous_0)
DA:7,1
DA:8,0
LF:2
LH:1
BRDA:11,0,0,0
BRDA:11,0,1,0
BRF:2
BRH:0
end_of_record
